{"/workspaces/love-rank-pulse/src/App.tsx": {"path":"/workspaces/love-rank-pulse/src/App.tsx","statementMap":{"0":{"start":{"line":1,"column":0},"end":{"line":1,"column":50}},"1":{"start":{"line":2,"column":0},"end":{"line":2,"column":59}},"2":{"start":{"line":3,"column":0},"end":{"line":3,"column":58}},"3":{"start":{"line":4,"column":0},"end":{"line":4,"column":73}},"4":{"start":{"line":5,"column":0},"end":{"line":5,"column":64}},"5":{"start":{"line":6,"column":0},"end":{"line":6,"column":54}},"6":{"start":{"line":7,"column":0},"end":{"line":7,"column":64}},"7":{"start":{"line":9,"column":0},"end":{"line":9,"column":34}},"8":{"start":{"line":10,"column":0},"end":{"line":10,"column":48}},"9":{"start":{"line":11,"column":0},"end":{"line":11,"column":40}},"10":{"start":{"line":14,"column":20},"end":{"line":30,"column":2}},"11":{"start":{"line":20,"column":36},"end":{"line":20,"column":77}},"12":{"start":{"line":32,"column":12},"end":{"line":56,"column":null}},"13":{"start":{"line":33,"column":2},"end":{"line":55,"column":null}},"14":{"start":{"line":59,"column":0},"end":{"line":59,"column":19}}},"fnMap":{"0":{"name":"(anonymous_1)","decl":{"start":{"line":20,"column":18},"end":{"line":20,"column":19}},"loc":{"start":{"line":20,"column":36},"end":{"line":20,"column":77}}},"1":{"name":"(anonymous_2)","decl":{"start":{"line":32,"column":12},"end":{"line":32,"column":15}},"loc":{"start":{"line":33,"column":2},"end":{"line":55,"column":null}}}},"branchMap":{},"s":{"0":0,"1":0,"2":0,"3":0,"4":0,"5":0,"6":0,"7":0,"8":0,"9":0,"10":0,"11":0,"12":0,"13":0,"14":0},"f":{"0":0,"1":0},"b":{}}
,"/workspaces/love-rank-pulse/src/server.ts": {"path":"/workspaces/love-rank-pulse/src/server.ts","statementMap":{"0":{"start":{"line":1,"column":0},"end":{"line":1,"column":47}},"1":{"start":{"line":2,"column":0},"end":{"line":2,"column":46}},"2":{"start":{"line":3,"column":0},"end":{"line":3,"column":36}},"3":{"start":{"line":6,"column":0},"end":{"line":6,"column":54}},"4":{"start":{"line":7,"column":0},"end":{"line":7,"column":64}},"5":{"start":{"line":8,"column":0},"end":{"line":8,"column":74}},"6":{"start":{"line":11,"column":0},"end":{"line":11,"column":30}},"7":{"start":{"line":14,"column":0},"end":{"line":14,"column":63}},"8":{"start":{"line":19,"column":13},"end":{"line":19,"column":53}},"9":{"start":{"line":20,"column":17},"end":{"line":20,"column":54}},"10":{"start":{"line":23,"column":24},"end":{"line":23,"column":38}},"11":{"start":{"line":24,"column":23},"end":{"line":24,"column":77}},"12":{"start":{"line":24,"column":56},"end":{"line":24,"column":76}},"13":{"start":{"line":26,"column":0},"end":{"line":29,"column":1}},"14":{"start":{"line":27,"column":2},"end":{"line":27,"column":86}},"15":{"start":{"line":28,"column":2},"end":{"line":28,"column":18}},"16":{"start":{"line":34,"column":25},"end":{"line":34,"column":34}},"17":{"start":{"line":160,"column":9},"end":{"line":160,"column":12}},"18":{"start":{"line":39,"column":15},"end":{"line":41,"column":2}},"19":{"start":{"line":160,"column":14},"end":{"line":160,"column":20}},"20":{"start":{"line":48,"column":0},"end":{"line":48,"column":23}},"21":{"start":{"line":51,"column":0},"end":{"line":51,"column":41}},"22":{"start":{"line":52,"column":0},"end":{"line":52,"column":63}},"23":{"start":{"line":55,"column":0},"end":{"line":55,"column":20}},"24":{"start":{"line":56,"column":0},"end":{"line":56,"column":23}},"25":{"start":{"line":59,"column":0},"end":{"line":59,"column":24}},"26":{"start":{"line":62,"column":0},"end":{"line":69,"column":3}},"27":{"start":{"line":63,"column":2},"end":{"line":68,"column":5}},"28":{"start":{"line":72,"column":0},"end":{"line":72,"column":25}},"29":{"start":{"line":75,"column":0},"end":{"line":75,"column":22}},"30":{"start":{"line":80,"column":20},"end":{"line":153,"column":2}},"31":{"start":{"line":80,"column":31},"end":{"line":153,"column":2}},"32":{"start":{"line":81,"column":2},"end":{"line":152,"column":3}},"33":{"start":{"line":83,"column":4},"end":{"line":83,"column":28}},"34":{"start":{"line":84,"column":4},"end":{"line":84,"column":53}},"35":{"start":{"line":87,"column":23},"end":{"line":87,"column":40}},"36":{"start":{"line":90,"column":15},"end":{"line":90,"column":52}},"37":{"start":{"line":91,"column":4},"end":{"line":91,"column":50}},"38":{"start":{"line":94,"column":4},"end":{"line":104,"column":7}},"39":{"start":{"line":95,"column":6},"end":{"line":95,"column":34}},"40":{"start":{"line":96,"column":6},"end":{"line":96,"column":51}},"41":{"start":{"line":97,"column":6},"end":{"line":97,"column":34}},"42":{"start":{"line":98,"column":6},"end":{"line":98,"column":46}},"43":{"start":{"line":99,"column":6},"end":{"line":99,"column":59}},"44":{"start":{"line":100,"column":6},"end":{"line":100,"column":62}},"45":{"start":{"line":101,"column":6},"end":{"line":101,"column":71}},"46":{"start":{"line":102,"column":6},"end":{"line":102,"column":64}},"47":{"start":{"line":103,"column":6},"end":{"line":103,"column":34}},"48":{"start":{"line":107,"column":29},"end":{"line":132,"column":6}},"49":{"start":{"line":107,"column":54},"end":{"line":132,"column":6}},"50":{"start":{"line":108,"column":6},"end":{"line":108,"column":73}},"51":{"start":{"line":111,"column":6},"end":{"line":125,"column":9}},"52":{"start":{"line":111,"column":34},"end":{"line":125,"column":8}},"53":{"start":{"line":112,"column":8},"end":{"line":112,"column":42}},"54":{"start":{"line":115,"column":39},"end":{"line":115,"column":73}},"55":{"start":{"line":116,"column":8},"end":{"line":116,"column":46}},"56":{"start":{"line":117,"column":8},"end":{"line":117,"column":47}},"57":{"start":{"line":120,"column":8},"end":{"line":120,"column":35}},"58":{"start":{"line":121,"column":8},"end":{"line":121,"column":45}},"59":{"start":{"line":123,"column":8},"end":{"line":123,"column":41}},"60":{"start":{"line":124,"column":8},"end":{"line":124,"column":24}},"61":{"start":{"line":128,"column":6},"end":{"line":131,"column":16}},"62":{"start":{"line":129,"column":8},"end":{"line":129,"column":55}},"63":{"start":{"line":130,"column":8},"end":{"line":130,"column":24}},"64":{"start":{"line":135,"column":4},"end":{"line":135,"column":61}},"65":{"start":{"line":135,"column":32},"end":{"line":135,"column":59}},"66":{"start":{"line":136,"column":4},"end":{"line":136,"column":59}},"67":{"start":{"line":136,"column":31},"end":{"line":136,"column":57}},"68":{"start":{"line":139,"column":4},"end":{"line":142,"column":7}},"69":{"start":{"line":140,"column":6},"end":{"line":140,"column":50}},"70":{"start":{"line":141,"column":6},"end":{"line":141,"column":44}},"71":{"start":{"line":144,"column":4},"end":{"line":147,"column":7}},"72":{"start":{"line":145,"column":6},"end":{"line":145,"column":75}},"73":{"start":{"line":146,"column":6},"end":{"line":146,"column":45}},"74":{"start":{"line":150,"column":4},"end":{"line":150,"column":52}},"75":{"start":{"line":151,"column":4},"end":{"line":151,"column":20}},"76":{"start":{"line":156,"column":0},"end":{"line":158,"column":1}},"77":{"start":{"line":157,"column":2},"end":{"line":157,"column":16}}},"fnMap":{"0":{"name":"(anonymous_17)","decl":{"start":{"line":24,"column":46},"end":{"line":24,"column":52}},"loc":{"start":{"line":24,"column":56},"end":{"line":24,"column":76}}},"1":{"name":"(anonymous_18)","decl":{"start":{"line":62,"column":13},"end":{"line":62,"column":14}},"loc":{"start":{"line":62,"column":26},"end":{"line":69,"column":1}}},"2":{"name":"(anonymous_19)","decl":{"start":{"line":80,"column":20},"end":{"line":80,"column":29}},"loc":{"start":{"line":80,"column":31},"end":{"line":153,"column":2}}},"3":{"name":"(anonymous_20)","decl":{"start":{"line":80,"column":31},"end":{"line":80,"column":null}},"loc":{"start":{"line":80,"column":31},"end":{"line":153,"column":1}}},"4":{"name":"(anonymous_21)","decl":{"start":{"line":94,"column":28},"end":{"line":94,"column":31}},"loc":{"start":{"line":94,"column":33},"end":{"line":104,"column":5}}},"5":{"name":"(anonymous_22)","decl":{"start":{"line":107,"column":29},"end":{"line":107,"column":36}},"loc":{"start":{"line":107,"column":54},"end":{"line":132,"column":6}}},"6":{"name":"(anonymous_23)","decl":{"start":{"line":107,"column":54},"end":{"line":107,"column":null}},"loc":{"start":{"line":107,"column":54},"end":{"line":132,"column":5}}},"7":{"name":"(anonymous_24)","decl":{"start":{"line":111,"column":23},"end":{"line":111,"column":32}},"loc":{"start":{"line":111,"column":34},"end":{"line":125,"column":8}}},"8":{"name":"(anonymous_25)","decl":{"start":{"line":111,"column":34},"end":{"line":111,"column":null}},"loc":{"start":{"line":111,"column":34},"end":{"line":125,"column":7}}},"9":{"name":"(anonymous_26)","decl":{"start":{"line":115,"column":39},"end":{"line":115,"column":52}},"loc":{"start":{"line":115,"column":39},"end":{"line":115,"column":73}}},"10":{"name":"(anonymous_27)","decl":{"start":{"line":128,"column":17},"end":{"line":128,"column":20}},"loc":{"start":{"line":128,"column":22},"end":{"line":131,"column":7}}},"11":{"name":"(anonymous_28)","decl":{"start":{"line":135,"column":26},"end":{"line":135,"column":29}},"loc":{"start":{"line":135,"column":32},"end":{"line":135,"column":59}}},"12":{"name":"(anonymous_29)","decl":{"start":{"line":136,"column":25},"end":{"line":136,"column":28}},"loc":{"start":{"line":136,"column":31},"end":{"line":136,"column":57}}},"13":{"name":"(anonymous_30)","decl":{"start":{"line":139,"column":36},"end":{"line":139,"column":37}},"loc":{"start":{"line":139,"column":46},"end":{"line":142,"column":5}}},"14":{"name":"(anonymous_31)","decl":{"start":{"line":144,"column":37},"end":{"line":144,"column":38}},"loc":{"start":{"line":144,"column":57},"end":{"line":147,"column":5}}}},"branchMap":{"0":{"loc":{"start":{"line":19,"column":22},"end":{"line":19,"column":48}},"type":"binary-expr","locations":[{"start":{"line":19,"column":22},"end":{"line":19,"column":38}},{"start":{"line":19,"column":42},"end":{"line":19,"column":48}}]},"1":{"loc":{"start":{"line":20,"column":17},"end":{"line":20,"column":54}},"type":"binary-expr","locations":[{"start":{"line":20,"column":17},"end":{"line":20,"column":37}},{"start":{"line":20,"column":41},"end":{"line":20,"column":54}}]},"2":{"loc":{"start":{"line":26,"column":0},"end":{"line":29,"column":1}},"type":"if","locations":[{"start":{"line":26,"column":0},"end":{"line":29,"column":1}},{"start":{},"end":{}}]},"3":{"loc":{"start":{"line":26,"column":4},"end":{"line":26,"column":58}},"type":"binary-expr","locations":[{"start":{"line":26,"column":4},"end":{"line":26,"column":29}},{"start":{"line":26,"column":33},"end":{"line":26,"column":58}}]},"4":{"loc":{"start":{"line":40,"column":7},"end":{"line":40,"column":74}},"type":"cond-expr","locations":[{"start":{"line":40,"column":36},"end":{"line":40,"column":62}},{"start":{"line":40,"column":65},"end":{"line":40,"column":74}}]},"5":{"loc":{"start":{"line":156,"column":0},"end":{"line":158,"column":1}},"type":"if","locations":[{"start":{"line":156,"column":0},"end":{"line":158,"column":1}},{"start":{},"end":{}}]}},"s":{"0":0,"1":0,"2":0,"3":0,"4":0,"5":0,"6":0,"7":0,"8":0,"9":0,"10":0,"11":0,"12":0,"13":0,"14":0,"15":0,"16":0,"17":0,"18":0,"19":0,"20":0,"21":0,"22":0,"23":0,"24":0,"25":0,"26":0,"27":0,"28":0,"29":0,"30":0,"31":0,"32":0,"33":0,"34":0,"35":0,"36":0,"37":0,"38":0,"39":0,"40":0,"41":0,"42":0,"43":0,"44":0,"45":0,"46":0,"47":0,"48":0,"49":0,"50":0,"51":0,"52":0,"53":0,"54":0,"55":0,"56":0,"57":0,"58":0,"59":0,"60":0,"61":0,"62":0,"63":0,"64":0,"65":0,"66":0,"67":0,"68":0,"69":0,"70":0,"71":0,"72":0,"73":0,"74":0,"75":0,"76":0,"77":0},"f":{"0":0,"1":0,"2":0,"3":0,"4":0,"5":0,"6":0,"7":0,"8":0,"9":0,"10":0,"11":0,"12":0,"13":0,"14":0},"b":{"0":[0,0],"1":[0,0],"2":[0,0],"3":[0,0],"4":[0,0],"5":[0,0]}}
,"/workspaces/love-rank-pulse/src/__tests__/fixtures/sampleData.ts": {"path":"/workspaces/love-rank-pulse/src/__tests__/fixtures/sampleData.ts","statementMap":{"0":{"start":{"line":6,"column":13},"end":{"line":107,"column":2}},"1":{"start":{"line":109,"column":13},"end":{"line":161,"column":2}},"2":{"start":{"line":163,"column":13},"end":{"line":200,"column":2}},"3":{"start":{"line":202,"column":13},"end":{"line":323,"column":2}},"4":{"start":{"line":325,"column":13},"end":{"line":329,"column":2}},"5":{"start":{"line":331,"column":13},"end":{"line":337,"column":2}}},"fnMap":{},"branchMap":{},"s":{"0":0,"1":0,"2":0,"3":0,"4":0,"5":0},"f":{},"b":{}}
,"/workspaces/love-rank-pulse/src/__tests__/utils/mockApiClient.ts": {"path":"/workspaces/love-rank-pulse/src/__tests__/utils/mockApiClient.ts","statementMap":{"0":{"start":{"line":347,"column":0},"end":{"line":347,"column":16}},"1":{"start":{"line":354,"column":0},"end":{"line":354,"column":16}},"2":{"start":{"line":370,"column":0},"end":{"line":370,"column":16}},"3":{"start":{"line":29,"column":10},"end":{"line":29,"column":87}},"4":{"start":{"line":32,"column":4},"end":{"line":37,"column":6}},"5":{"start":{"line":44,"column":4},"end":{"line":48,"column":7}},"6":{"start":{"line":55,"column":4},"end":{"line":55,"column":28}},"7":{"start":{"line":62,"column":4},"end":{"line":62,"column":26}},"8":{"start":{"line":69,"column":4},"end":{"line":71,"column":5}},"9":{"start":{"line":70,"column":6},"end":{"line":70,"column":75}},"10":{"start":{"line":70,"column":35},"end":{"line":70,"column":73}},"11":{"start":{"line":78,"column":4},"end":{"line":82,"column":6}},"12":{"start":{"line":89,"column":4},"end":{"line":93,"column":6}},"13":{"start":{"line":104,"column":4},"end":{"line":115,"column":6}},"14":{"start":{"line":125,"column":4},"end":{"line":125,"column":57}},"15":{"start":{"line":126,"column":4},"end":{"line":126,"column":31}},"16":{"start":{"line":128,"column":4},"end":{"line":130,"column":5}},"17":{"start":{"line":129,"column":6},"end":{"line":129,"column":48}},"18":{"start":{"line":132,"column":44},"end":{"line":196,"column":6}},"19":{"start":{"line":198,"column":59},"end":{"line":198,"column":78}},"20":{"start":{"line":200,"column":4},"end":{"line":209,"column":null}},"21":{"start":{"line":217,"column":4},"end":{"line":217,"column":51}},"22":{"start":{"line":218,"column":4},"end":{"line":218,"column":31}},"23":{"start":{"line":220,"column":4},"end":{"line":222,"column":5}},"24":{"start":{"line":221,"column":6},"end":{"line":221,"column":39}},"25":{"start":{"line":224,"column":35},"end":{"line":240,"column":6}},"26":{"start":{"line":242,"column":4},"end":{"line":242,"column":48}},"27":{"start":{"line":249,"column":4},"end":{"line":249,"column":46}},"28":{"start":{"line":250,"column":4},"end":{"line":250,"column":31}},"29":{"start":{"line":252,"column":4},"end":{"line":254,"column":5}},"30":{"start":{"line":253,"column":6},"end":{"line":253,"column":39}},"31":{"start":{"line":256,"column":31},"end":{"line":267,"column":6}},"32":{"start":{"line":269,"column":4},"end":{"line":269,"column":49}},"33":{"start":{"line":279,"column":4},"end":{"line":279,"column":58}},"34":{"start":{"line":280,"column":4},"end":{"line":280,"column":31}},"35":{"start":{"line":282,"column":4},"end":{"line":284,"column":5}},"36":{"start":{"line":283,"column":6},"end":{"line":283,"column":39}},"37":{"start":{"line":286,"column":31},"end":{"line":297,"column":6}},"38":{"start":{"line":299,"column":4},"end":{"line":299,"column":49}},"39":{"start":{"line":309,"column":4},"end":{"line":309,"column":57}},"40":{"start":{"line":310,"column":4},"end":{"line":310,"column":31}},"41":{"start":{"line":312,"column":4},"end":{"line":314,"column":5}},"42":{"start":{"line":313,"column":6},"end":{"line":313,"column":39}},"43":{"start":{"line":316,"column":4},"end":{"line":321,"column":7}},"44":{"start":{"line":328,"column":4},"end":{"line":328,"column":48}},"45":{"start":{"line":335,"column":4},"end":{"line":339,"column":6}},"46":{"start":{"line":340,"column":4},"end":{"line":340,"column":28}},"47":{"start":{"line":27,"column":0},"end":{"line":27,"column":13}},"48":{"start":{"line":348,"column":2},"end":{"line":348,"column":35}},"49":{"start":{"line":355,"column":2},"end":{"line":364,"column":5}},"50":{"start":{"line":356,"column":4},"end":{"line":358,"column":5}},"51":{"start":{"line":357,"column":6},"end":{"line":357,"column":56}},"52":{"start":{"line":359,"column":4},"end":{"line":363,"column":7}},"53":{"start":{"line":362,"column":18},"end":{"line":362,"column":43}},"54":{"start":{"line":371,"column":2},"end":{"line":377,"column":4}}},"fnMap":{"0":{"name":"(anonymous_7)","decl":{"start":{"line":31,"column":2},"end":{"line":31,"column":14}},"loc":{"start":{"line":31,"column":40},"end":{"line":38,"column":3}}},"1":{"name":"(anonymous_8)","decl":{"start":{"line":43,"column":10},"end":{"line":43,"column":19}},"loc":{"start":{"line":43,"column":50},"end":{"line":49,"column":3}}},"2":{"name":"(anonymous_9)","decl":{"start":{"line":54,"column":9},"end":{"line":54,"column":23}},"loc":{"start":{"line":54,"column":23},"end":{"line":56,"column":3}}},"3":{"name":"(anonymous_10)","decl":{"start":{"line":61,"column":9},"end":{"line":61,"column":25}},"loc":{"start":{"line":61,"column":25},"end":{"line":63,"column":3}}},"4":{"name":"(anonymous_11)","decl":{"start":{"line":68,"column":16},"end":{"line":68,"column":29}},"loc":{"start":{"line":68,"column":29},"end":{"line":72,"column":null}}},"5":{"name":"(anonymous_13)","decl":{"start":{"line":70,"column":24},"end":{"line":70,"column":31}},"loc":{"start":{"line":70,"column":35},"end":{"line":70,"column":73}}},"6":{"name":"(anonymous_14)","decl":{"start":{"line":77,"column":10},"end":{"line":77,"column":30}},"loc":{"start":{"line":77,"column":41},"end":{"line":83,"column":3}}},"7":{"name":"(anonymous_15)","decl":{"start":{"line":88,"column":10},"end":{"line":88,"column":28}},"loc":{"start":{"line":88,"column":28},"end":{"line":94,"column":3}}},"8":{"name":"(anonymous_16)","decl":{"start":{"line":99,"column":10},"end":{"line":99,"column":32}},"loc":{"start":{"line":102,"column":25},"end":{"line":116,"column":3}}},"9":{"name":"(anonymous_17)","decl":{"start":{"line":121,"column":8},"end":{"line":121,"column":22}},"loc":{"start":{"line":123,"column":56},"end":{"line":211,"column":null}}},"10":{"name":"(anonymous_19)","decl":{"start":{"line":216,"column":8},"end":{"line":216,"column":22}},"loc":{"start":{"line":216,"column":39},"end":{"line":243,"column":null}}},"11":{"name":"(anonymous_21)","decl":{"start":{"line":248,"column":8},"end":{"line":248,"column":17}},"loc":{"start":{"line":248,"column":34},"end":{"line":270,"column":null}}},"12":{"name":"(anonymous_23)","decl":{"start":{"line":275,"column":8},"end":{"line":275,"column":20}},"loc":{"start":{"line":277,"column":42},"end":{"line":300,"column":null}}},"13":{"name":"(anonymous_25)","decl":{"start":{"line":305,"column":8},"end":{"line":305,"column":21}},"loc":{"start":{"line":307,"column":43},"end":{"line":322,"column":null}}},"14":{"name":"(anonymous_27)","decl":{"start":{"line":327,"column":9},"end":{"line":327,"column":21}},"loc":{"start":{"line":327,"column":52},"end":{"line":329,"column":3}}},"15":{"name":"(anonymous_28)","decl":{"start":{"line":334,"column":9},"end":{"line":334,"column":14}},"loc":{"start":{"line":334,"column":14},"end":{"line":341,"column":3}}},"16":{"name":"createMockApiClient","decl":{"start":{"line":347,"column":16},"end":{"line":347,"column":35}},"loc":{"start":{"line":347,"column":58},"end":{"line":349,"column":1}}},"17":{"name":"mockFetch","decl":{"start":{"line":354,"column":16},"end":{"line":354,"column":25}},"loc":{"start":{"line":354,"column":68},"end":{"line":365,"column":1}}},"18":{"name":"(anonymous_31)","decl":{"start":{"line":355,"column":38},"end":{"line":355,"column":41}},"loc":{"start":{"line":355,"column":43},"end":{"line":364,"column":3}}},"19":{"name":"(anonymous_32)","decl":{"start":{"line":362,"column":12},"end":{"line":362,"column":15}},"loc":{"start":{"line":362,"column":18},"end":{"line":362,"column":43}}},"20":{"name":"mockAxios","decl":{"start":{"line":370,"column":16},"end":{"line":370,"column":25}},"loc":{"start":{"line":370,"column":25},"end":{"line":378,"column":1}}}},"branchMap":{"0":{"loc":{"start":{"line":31,"column":14},"end":{"line":31,"column":40}},"type":"default-arg","locations":[{"start":{"line":31,"column":38},"end":{"line":31,"column":40}}]},"1":{"loc":{"start":{"line":69,"column":4},"end":{"line":71,"column":5}},"type":"if","locations":[{"start":{"line":69,"column":4},"end":{"line":71,"column":5}},{"start":{},"end":{}}]},"2":{"loc":{"start":{"line":69,"column":8},"end":{"line":69,"column":50}},"type":"binary-expr","locations":[{"start":{"line":69,"column":8},"end":{"line":69,"column":25}},{"start":{"line":69,"column":29},"end":{"line":69,"column":50}}]},"3":{"loc":{"start":{"line":101,"column":4},"end":{"line":101,"column":20}},"type":"default-arg","locations":[{"start":{"line":101,"column":19},"end":{"line":101,"column":20}}]},"4":{"loc":{"start":{"line":102,"column":4},"end":{"line":102,"column":25}},"type":"default-arg","locations":[{"start":{"line":102,"column":23},"end":{"line":102,"column":25}}]},"5":{"loc":{"start":{"line":128,"column":4},"end":{"line":130,"column":5}},"type":"if","locations":[{"start":{"line":128,"column":4},"end":{"line":130,"column":5}},{"start":{},"end":{}}]},"6":{"loc":{"start":{"line":201,"column":50},"end":{"line":201,"column":68}},"type":"binary-expr","locations":[{"start":{"line":201,"column":50},"end":{"line":201,"column":63}},{"start":{"line":201,"column":67},"end":{"line":201,"column":68}}]},"7":{"loc":{"start":{"line":201,"column":50},"end":{"line":201,"column":63}},"type":"cond-expr","locations":[{"start":{"line":201,"column":57},"end":{"line":201,"column":59}},{"start":{"line":201,"column":50},"end":{"line":201,"column":63}}]},"8":{"loc":{"start":{"line":201,"column":50},"end":{"line":201,"column":59}},"type":"binary-expr","locations":[{"start":{"line":201,"column":50},"end":{"line":201,"column":59}},{"start":{"line":201,"column":50},"end":{"line":201,"column":59}}]},"9":{"loc":{"start":{"line":201,"column":70},"end":{"line":201,"column":93}},"type":"binary-expr","locations":[{"start":{"line":201,"column":70},"end":{"line":201,"column":87}},{"start":{"line":201,"column":91},"end":{"line":201,"column":93}}]},"10":{"loc":{"start":{"line":201,"column":70},"end":{"line":201,"column":87}},"type":"cond-expr","locations":[{"start":{"line":201,"column":77},"end":{"line":201,"column":79}},{"start":{"line":201,"column":70},"end":{"line":201,"column":87}}]},"11":{"loc":{"start":{"line":201,"column":70},"end":{"line":201,"column":79}},"type":"binary-expr","locations":[{"start":{"line":201,"column":70},"end":{"line":201,"column":79}},{"start":{"line":201,"column":70},"end":{"line":201,"column":79}}]},"12":{"loc":{"start":{"line":203,"column":15},"end":{"line":203,"column":135}},"type":"cond-expr","locations":[{"start":{"line":203,"column":36},"end":{"line":203,"column":59}},{"start":{"line":203,"column":62},"end":{"line":203,"column":135}}]},"13":{"loc":{"start":{"line":203,"column":62},"end":{"line":203,"column":135}},"type":"cond-expr","locations":[{"start":{"line":203,"column":84},"end":{"line":203,"column":108}},{"start":{"line":203,"column":111},"end":{"line":203,"column":135}}]},"14":{"loc":{"start":{"line":204,"column":20},"end":{"line":204,"column":62}},"type":"binary-expr","locations":[{"start":{"line":204,"column":20},"end":{"line":204,"column":39}},{"start":{"line":204,"column":43},"end":{"line":204,"column":62}}]},"15":{"loc":{"start":{"line":204,"column":20},"end":{"line":204,"column":39}},"type":"cond-expr","locations":[{"start":{"line":204,"column":27},"end":{"line":204,"column":29}},{"start":{"line":204,"column":20},"end":{"line":204,"column":39}}]},"16":{"loc":{"start":{"line":204,"column":20},"end":{"line":204,"column":29}},"type":"binary-expr","locations":[{"start":{"line":204,"column":20},"end":{"line":204,"column":29}},{"start":{"line":204,"column":20},"end":{"line":204,"column":29}}]},"17":{"loc":{"start":{"line":205,"column":21},"end":{"line":205,"column":41}},"type":"cond-expr","locations":[{"start":{"line":205,"column":28},"end":{"line":205,"column":30}},{"start":{"line":205,"column":21},"end":{"line":205,"column":41}}]},"18":{"loc":{"start":{"line":205,"column":21},"end":{"line":205,"column":30}},"type":"binary-expr","locations":[{"start":{"line":205,"column":21},"end":{"line":205,"column":30}},{"start":{"line":205,"column":21},"end":{"line":205,"column":30}}]},"19":{"loc":{"start":{"line":206,"column":21},"end":{"line":206,"column":50}},"type":"binary-expr","locations":[{"start":{"line":206,"column":21},"end":{"line":206,"column":41}},{"start":{"line":206,"column":45},"end":{"line":206,"column":50}}]},"20":{"loc":{"start":{"line":206,"column":21},"end":{"line":206,"column":41}},"type":"cond-expr","locations":[{"start":{"line":206,"column":28},"end":{"line":206,"column":30}},{"start":{"line":206,"column":21},"end":{"line":206,"column":41}}]},"21":{"loc":{"start":{"line":206,"column":21},"end":{"line":206,"column":30}},"type":"binary-expr","locations":[{"start":{"line":206,"column":21},"end":{"line":206,"column":30}},{"start":{"line":206,"column":21},"end":{"line":206,"column":30}}]},"22":{"loc":{"start":{"line":207,"column":16},"end":{"line":207,"column":52}},"type":"binary-expr","locations":[{"start":{"line":207,"column":16},"end":{"line":207,"column":31}},{"start":{"line":207,"column":35},"end":{"line":207,"column":52}}]},"23":{"loc":{"start":{"line":207,"column":16},"end":{"line":207,"column":31}},"type":"cond-expr","locations":[{"start":{"line":207,"column":23},"end":{"line":207,"column":25}},{"start":{"line":207,"column":16},"end":{"line":207,"column":31}}]},"24":{"loc":{"start":{"line":207,"column":16},"end":{"line":207,"column":25}},"type":"binary-expr","locations":[{"start":{"line":207,"column":16},"end":{"line":207,"column":25}},{"start":{"line":207,"column":16},"end":{"line":207,"column":25}}]},"25":{"loc":{"start":{"line":208,"column":23},"end":{"line":208,"column":54}},"type":"binary-expr","locations":[{"start":{"line":208,"column":23},"end":{"line":208,"column":45}},{"start":{"line":208,"column":49},"end":{"line":208,"column":54}}]},"26":{"loc":{"start":{"line":208,"column":23},"end":{"line":208,"column":45}},"type":"cond-expr","locations":[{"start":{"line":208,"column":30},"end":{"line":208,"column":32}},{"start":{"line":208,"column":23},"end":{"line":208,"column":45}}]},"27":{"loc":{"start":{"line":208,"column":23},"end":{"line":208,"column":32}},"type":"binary-expr","locations":[{"start":{"line":208,"column":23},"end":{"line":208,"column":32}},{"start":{"line":208,"column":23},"end":{"line":208,"column":32}}]},"28":{"loc":{"start":{"line":220,"column":4},"end":{"line":222,"column":5}},"type":"if","locations":[{"start":{"line":220,"column":4},"end":{"line":222,"column":5}},{"start":{},"end":{}}]},"29":{"loc":{"start":{"line":252,"column":4},"end":{"line":254,"column":5}},"type":"if","locations":[{"start":{"line":252,"column":4},"end":{"line":254,"column":5}},{"start":{},"end":{}}]},"30":{"loc":{"start":{"line":282,"column":4},"end":{"line":284,"column":5}},"type":"if","locations":[{"start":{"line":282,"column":4},"end":{"line":284,"column":5}},{"start":{},"end":{}}]},"31":{"loc":{"start":{"line":290,"column":19},"end":{"line":290,"column":53}},"type":"binary-expr","locations":[{"start":{"line":290,"column":19},"end":{"line":290,"column":38}},{"start":{"line":290,"column":42},"end":{"line":290,"column":53}}]},"32":{"loc":{"start":{"line":291,"column":19},"end":{"line":291,"column":46}},"type":"binary-expr","locations":[{"start":{"line":291,"column":19},"end":{"line":291,"column":38}},{"start":{"line":291,"column":42},"end":{"line":291,"column":46}}]},"33":{"loc":{"start":{"line":312,"column":4},"end":{"line":314,"column":5}},"type":"if","locations":[{"start":{"line":312,"column":4},"end":{"line":314,"column":5}},{"start":{},"end":{}}]},"34":{"loc":{"start":{"line":354,"column":41},"end":{"line":354,"column":68}},"type":"default-arg","locations":[{"start":{"line":354,"column":63},"end":{"line":354,"column":68}}]},"35":{"loc":{"start":{"line":356,"column":4},"end":{"line":358,"column":5}},"type":"if","locations":[{"start":{"line":356,"column":4},"end":{"line":358,"column":5}},{"start":{},"end":{}}]}},"s":{"0":0,"1":0,"2":0,"3":0,"4":0,"5":0,"6":0,"7":0,"8":0,"9":0,"10":0,"11":0,"12":0,"13":0,"14":0,"15":0,"16":0,"17":0,"18":0,"19":0,"20":0,"21":0,"22":0,"23":0,"24":0,"25":0,"26":0,"27":0,"28":0,"29":0,"30":0,"31":0,"32":0,"33":0,"34":0,"35":0,"36":0,"37":0,"38":0,"39":0,"40":0,"41":0,"42":0,"43":0,"44":0,"45":0,"46":0,"47":0,"48":0,"49":0,"50":0,"51":0,"52":0,"53":0,"54":0},"f":{"0":0,"1":0,"2":0,"3":0,"4":0,"5":0,"6":0,"7":0,"8":0,"9":0,"10":0,"11":0,"12":0,"13":0,"14":0,"15":0,"16":0,"17":0,"18":0,"19":0,"20":0},"b":{"0":[0],"1":[0,0],"2":[0,0],"3":[0],"4":[0],"5":[0,0],"6":[0,0],"7":[0,0],"8":[0,0],"9":[0,0],"10":[0,0],"11":[0,0],"12":[0,0],"13":[0,0],"14":[0,0],"15":[0,0],"16":[0,0],"17":[0,0],"18":[0,0],"19":[0,0],"20":[0,0],"21":[0,0],"22":[0,0],"23":[0,0],"24":[0,0],"25":[0,0],"26":[0,0],"27":[0,0],"28":[0,0],"29":[0,0],"30":[0,0],"31":[0,0],"32":[0,0],"33":[0,0],"34":[0],"35":[0,0]}}
,"/workspaces/love-rank-pulse/src/__tests__/utils/mockApiGateway.ts": {"path":"/workspaces/love-rank-pulse/src/__tests__/utils/mockApiGateway.ts","statementMap":{"0":{"start":{"line":8,"column":0},"end":{"line":8,"column":16}},"1":{"start":{"line":48,"column":0},"end":{"line":48,"column":16}},"2":{"start":{"line":61,"column":0},"end":{"line":61,"column":16}},"3":{"start":{"line":78,"column":0},"end":{"line":78,"column":16}},"4":{"start":{"line":2,"column":0},"end":{"line":2,"column":54}},"5":{"start":{"line":10,"column":32},"end":{"line":10,"column":56}},"6":{"start":{"line":11,"column":32},"end":{"line":11,"column":56}},"7":{"start":{"line":12,"column":29},"end":{"line":12,"column":50}},"8":{"start":{"line":15,"column":28},"end":{"line":25,"column":4}},"9":{"start":{"line":19,"column":31},"end":{"line":25,"column":4}},"10":{"start":{"line":20,"column":4},"end":{"line":24,"column":6}},"11":{"start":{"line":27,"column":28},"end":{"line":27,"column":37}},"12":{"start":{"line":28,"column":25},"end":{"line":28,"column":34}},"13":{"start":{"line":31,"column":2},"end":{"line":31,"column":47}},"14":{"start":{"line":32,"column":2},"end":{"line":32,"column":47}},"15":{"start":{"line":33,"column":2},"end":{"line":33,"column":41}},"16":{"start":{"line":36,"column":2},"end":{"line":40,"column":4}},"17":{"start":{"line":37,"column":4},"end":{"line":37,"column":53}},"18":{"start":{"line":38,"column":4},"end":{"line":38,"column":53}},"19":{"start":{"line":39,"column":4},"end":{"line":39,"column":47}},"20":{"start":{"line":49,"column":2},"end":{"line":53,"column":4}},"21":{"start":{"line":62,"column":2},"end":{"line":66,"column":4}},"22":{"start":{"line":85,"column":2},"end":{"line":94,"column":4}}},"fnMap":{"0":{"name":"mockApiGateway","decl":{"start":{"line":8,"column":16},"end":{"line":8,"column":30}},"loc":{"start":{"line":8,"column":30},"end":{"line":41,"column":1}}},"1":{"name":"(anonymous_8)","decl":{"start":{"line":15,"column":57},"end":{"line":15,"column":null}},"loc":{"start":{"line":19,"column":31},"end":{"line":25,"column":4}}},"2":{"name":"(anonymous_9)","decl":{"start":{"line":19,"column":31},"end":{"line":19,"column":null}},"loc":{"start":{"line":19,"column":31},"end":{"line":25,"column":3}}},"3":{"name":"(anonymous_10)","decl":{"start":{"line":36,"column":9},"end":{"line":36,"column":12}},"loc":{"start":{"line":36,"column":14},"end":{"line":40,"column":3}}},"4":{"name":"mockSuccessResponse","decl":{"start":{"line":48,"column":16},"end":{"line":48,"column":35}},"loc":{"start":{"line":48,"column":46},"end":{"line":54,"column":1}}},"5":{"name":"mockErrorResponse","decl":{"start":{"line":61,"column":16},"end":{"line":61,"column":33}},"loc":{"start":{"line":61,"column":50},"end":{"line":67,"column":1}}},"6":{"name":"createMockRequestContext","decl":{"start":{"line":78,"column":16},"end":{"line":78,"column":40}},"loc":{"start":{"line":83,"column":12},"end":{"line":95,"column":1}}}},"branchMap":{"0":{"loc":{"start":{"line":79,"column":2},"end":{"line":79,"column":34}},"type":"default-arg","locations":[{"start":{"line":79,"column":29},"end":{"line":79,"column":34}}]},"1":{"loc":{"start":{"line":81,"column":2},"end":{"line":81,"column":34}},"type":"default-arg","locations":[{"start":{"line":81,"column":32},"end":{"line":81,"column":34}}]},"2":{"loc":{"start":{"line":93,"column":11},"end":{"line":93,"column":53}},"type":"cond-expr","locations":[{"start":{"line":93,"column":29},"end":{"line":93,"column":41}},{"start":{"line":93,"column":44},"end":{"line":93,"column":53}}]}},"s":{"0":0,"1":0,"2":0,"3":0,"4":0,"5":0,"6":0,"7":0,"8":0,"9":0,"10":0,"11":0,"12":0,"13":0,"14":0,"15":0,"16":0,"17":0,"18":0,"19":0,"20":0,"21":0,"22":0},"f":{"0":0,"1":0,"2":0,"3":0,"4":0,"5":0,"6":0},"b":{"0":[0],"1":[0],"2":[0,0]}}
,"/workspaces/love-rank-pulse/src/__tests__/utils/mockPrisma.ts": {"path":"/workspaces/love-rank-pulse/src/__tests__/utils/mockPrisma.ts","statementMap":{"0":{"start":{"line":7,"column":0},"end":{"line":7,"column":72}},"1":{"start":{"line":13,"column":0},"end":{"line":16,"column":3}},"2":{"start":{"line":14,"column":2},"end":{"line":14,"column":36}},"3":{"start":{"line":15,"column":2},"end":{"line":15,"column":20}},"4":{"start":{"line":18,"column":38},"end":{"line":20,"column":1}},"5":{"start":{"line":19,"column":2},"end":{"line":19,"column":34}},"6":{"start":{"line":18,"column":13},"end":{"line":18,"column":38}},"7":{"start":{"line":22,"column":35},"end":{"line":27,"column":1}},"8":{"start":{"line":23,"column":2},"end":{"line":25,"column":3}},"9":{"start":{"line":24,"column":4},"end":{"line":24,"column":38}},"10":{"start":{"line":26,"column":2},"end":{"line":26,"column":16}},"11":{"start":{"line":22,"column":13},"end":{"line":22,"column":35}},"12":{"start":{"line":29,"column":31},"end":{"line":33,"column":1}},"13":{"start":{"line":30,"column":2},"end":{"line":32,"column":3}},"14":{"start":{"line":31,"column":4},"end":{"line":31,"column":22}},"15":{"start":{"line":29,"column":13},"end":{"line":29,"column":31}},"16":{"start":{"line":36,"column":32},"end":{"line":55,"column":null}},"17":{"start":{"line":36,"column":52},"end":{"line":55,"column":null}},"18":{"start":{"line":36,"column":13},"end":{"line":36,"column":32}},"19":{"start":{"line":58,"column":31},"end":{"line":74,"column":null}},"20":{"start":{"line":58,"column":51},"end":{"line":74,"column":null}},"21":{"start":{"line":58,"column":13},"end":{"line":58,"column":31}},"22":{"start":{"line":77,"column":37},"end":{"line":94,"column":null}},"23":{"start":{"line":77,"column":57},"end":{"line":94,"column":null}},"24":{"start":{"line":77,"column":13},"end":{"line":77,"column":37}},"25":{"start":{"line":97,"column":42},"end":{"line":120,"column":null}},"26":{"start":{"line":97,"column":62},"end":{"line":120,"column":null}},"27":{"start":{"line":97,"column":13},"end":{"line":97,"column":42}},"28":{"start":{"line":123,"column":0},"end":{"line":123,"column":35}}},"fnMap":{"0":{"name":"(anonymous_0)","decl":{"start":{"line":13,"column":11},"end":{"line":13,"column":14}},"loc":{"start":{"line":13,"column":16},"end":{"line":16,"column":1}}},"1":{"name":"(anonymous_1)","decl":{"start":{"line":18,"column":38},"end":{"line":18,"column":59}},"loc":{"start":{"line":18,"column":61},"end":{"line":20,"column":1}}},"2":{"name":"(anonymous_2)","decl":{"start":{"line":22,"column":35},"end":{"line":22,"column":56}},"loc":{"start":{"line":22,"column":58},"end":{"line":27,"column":1}}},"3":{"name":"(anonymous_3)","decl":{"start":{"line":29,"column":31},"end":{"line":29,"column":34}},"loc":{"start":{"line":29,"column":36},"end":{"line":33,"column":1}}},"4":{"name":"(anonymous_4)","decl":{"start":{"line":36,"column":32},"end":{"line":36,"column":33}},"loc":{"start":{"line":36,"column":52},"end":{"line":55,"column":null}}},"5":{"name":"(anonymous_5)","decl":{"start":{"line":58,"column":31},"end":{"line":58,"column":32}},"loc":{"start":{"line":58,"column":51},"end":{"line":74,"column":null}}},"6":{"name":"(anonymous_6)","decl":{"start":{"line":77,"column":37},"end":{"line":77,"column":38}},"loc":{"start":{"line":77,"column":57},"end":{"line":94,"column":null}}},"7":{"name":"(anonymous_7)","decl":{"start":{"line":97,"column":42},"end":{"line":97,"column":43}},"loc":{"start":{"line":97,"column":62},"end":{"line":120,"column":null}}}},"branchMap":{"0":{"loc":{"start":{"line":23,"column":2},"end":{"line":25,"column":3}},"type":"if","locations":[{"start":{"line":23,"column":2},"end":{"line":25,"column":3}},{"start":{},"end":{}}]},"1":{"loc":{"start":{"line":30,"column":2},"end":{"line":32,"column":3}},"type":"if","locations":[{"start":{"line":30,"column":2},"end":{"line":32,"column":3}},{"start":{},"end":{}}]},"2":{"loc":{"start":{"line":36,"column":33},"end":{"line":36,"column":47}},"type":"default-arg","locations":[{"start":{"line":36,"column":45},"end":{"line":36,"column":47}}]},"3":{"loc":{"start":{"line":58,"column":32},"end":{"line":58,"column":46}},"type":"default-arg","locations":[{"start":{"line":58,"column":44},"end":{"line":58,"column":46}}]},"4":{"loc":{"start":{"line":77,"column":38},"end":{"line":77,"column":52}},"type":"default-arg","locations":[{"start":{"line":77,"column":50},"end":{"line":77,"column":52}}]},"5":{"loc":{"start":{"line":97,"column":43},"end":{"line":97,"column":57}},"type":"default-arg","locations":[{"start":{"line":97,"column":55},"end":{"line":97,"column":57}}]}},"s":{"0":0,"1":0,"2":0,"3":0,"4":0,"5":0,"6":0,"7":0,"8":0,"9":0,"10":0,"11":0,"12":0,"13":0,"14":0,"15":0,"16":0,"17":0,"18":0,"19":0,"20":0,"21":0,"22":0,"23":0,"24":0,"25":0,"26":0,"27":0,"28":0},"f":{"0":0,"1":0,"2":0,"3":0,"4":0,"5":0,"6":0,"7":0},"b":{"0":[0,0],"1":[0,0],"2":[0],"3":[0],"4":[0],"5":[0]}}
,"/workspaces/love-rank-pulse/src/__tests__/utils/mockRedis.ts": {"path":"/workspaces/love-rank-pulse/src/__tests__/utils/mockRedis.ts","statementMap":{"0":{"start":{"line":7,"column":10},"end":{"line":7,"column":77}},"1":{"start":{"line":8,"column":10},"end":{"line":8,"column":65}},"2":{"start":{"line":12,"column":18},"end":{"line":12,"column":37}},"3":{"start":{"line":13,"column":4},"end":{"line":13,"column":28}},"4":{"start":{"line":13,"column":16},"end":{"line":13,"column":28}},"5":{"start":{"line":16,"column":4},"end":{"line":19,"column":5}},"6":{"start":{"line":17,"column":6},"end":{"line":17,"column":29}},"7":{"start":{"line":18,"column":6},"end":{"line":18,"column":18}},"8":{"start":{"line":21,"column":4},"end":{"line":21,"column":23}},"9":{"start":{"line":25,"column":19},"end":{"line":25,"column":77}},"10":{"start":{"line":26,"column":4},"end":{"line":26,"column":43}},"11":{"start":{"line":27,"column":4},"end":{"line":27,"column":16}},"12":{"start":{"line":31,"column":4},"end":{"line":31,"column":49}},"13":{"start":{"line":35,"column":20},"end":{"line":35,"column":39}},"14":{"start":{"line":36,"column":4},"end":{"line":36,"column":27}},"15":{"start":{"line":37,"column":4},"end":{"line":37,"column":27}},"16":{"start":{"line":41,"column":18},"end":{"line":41,"column":37}},"17":{"start":{"line":42,"column":4},"end":{"line":42,"column":25}},"18":{"start":{"line":42,"column":16},"end":{"line":42,"column":25}},"19":{"start":{"line":45,"column":4},"end":{"line":48,"column":5}},"20":{"start":{"line":46,"column":6},"end":{"line":46,"column":29}},"21":{"start":{"line":47,"column":6},"end":{"line":47,"column":15}},"22":{"start":{"line":50,"column":4},"end":{"line":50,"column":13}},"23":{"start":{"line":54,"column":18},"end":{"line":54,"column":37}},"24":{"start":{"line":55,"column":4},"end":{"line":55,"column":25}},"25":{"start":{"line":55,"column":16},"end":{"line":55,"column":25}},"26":{"start":{"line":57,"column":4},"end":{"line":57,"column":49}},"27":{"start":{"line":58,"column":4},"end":{"line":58,"column":13}},"28":{"start":{"line":62,"column":18},"end":{"line":62,"column":37}},"29":{"start":{"line":63,"column":4},"end":{"line":63,"column":26}},"30":{"start":{"line":63,"column":16},"end":{"line":63,"column":26}},"31":{"start":{"line":64,"column":4},"end":{"line":64,"column":33}},"32":{"start":{"line":64,"column":23},"end":{"line":64,"column":33}},"33":{"start":{"line":66,"column":22},"end":{"line":66,"column":67}},"34":{"start":{"line":67,"column":4},"end":{"line":67,"column":42}},"35":{"start":{"line":72,"column":18},"end":{"line":72,"column":37}},"36":{"start":{"line":73,"column":17},"end":{"line":73,"column":53}},"37":{"start":{"line":74,"column":4},"end":{"line":74,"column":28}},"38":{"start":{"line":75,"column":4},"end":{"line":75,"column":57}},"39":{"start":{"line":76,"column":4},"end":{"line":76,"column":23}},"40":{"start":{"line":80,"column":18},"end":{"line":80,"column":37}},"41":{"start":{"line":81,"column":17},"end":{"line":81,"column":53}},"42":{"start":{"line":82,"column":4},"end":{"line":82,"column":25}},"43":{"start":{"line":83,"column":4},"end":{"line":83,"column":57}},"44":{"start":{"line":84,"column":4},"end":{"line":84,"column":23}},"45":{"start":{"line":88,"column":18},"end":{"line":88,"column":37}},"46":{"start":{"line":89,"column":4},"end":{"line":89,"column":26}},"47":{"start":{"line":89,"column":16},"end":{"line":89,"column":26}},"48":{"start":{"line":91,"column":17},"end":{"line":91,"column":40}},"49":{"start":{"line":92,"column":23},"end":{"line":92,"column":59}},"50":{"start":{"line":93,"column":4},"end":{"line":93,"column":41}},"51":{"start":{"line":97,"column":18},"end":{"line":97,"column":37}},"52":{"start":{"line":98,"column":4},"end":{"line":98,"column":25}},"53":{"start":{"line":98,"column":16},"end":{"line":98,"column":25}},"54":{"start":{"line":100,"column":17},"end":{"line":100,"column":40}},"55":{"start":{"line":101,"column":4},"end":{"line":101,"column":23}},"56":{"start":{"line":106,"column":18},"end":{"line":106,"column":37}},"57":{"start":{"line":107,"column":17},"end":{"line":107,"column":53}},"58":{"start":{"line":108,"column":18},"end":{"line":108,"column":30}},"59":{"start":{"line":109,"column":4},"end":{"line":109,"column":24}},"60":{"start":{"line":110,"column":4},"end":{"line":110,"column":57}},"61":{"start":{"line":111,"column":4},"end":{"line":111,"column":25}},"62":{"start":{"line":115,"column":18},"end":{"line":115,"column":37}},"63":{"start":{"line":116,"column":4},"end":{"line":116,"column":28}},"64":{"start":{"line":116,"column":16},"end":{"line":116,"column":28}},"65":{"start":{"line":118,"column":17},"end":{"line":118,"column":40}},"66":{"start":{"line":119,"column":4},"end":{"line":119,"column":31}},"67":{"start":{"line":123,"column":18},"end":{"line":123,"column":37}},"68":{"start":{"line":124,"column":4},"end":{"line":124,"column":26}},"69":{"start":{"line":124,"column":16},"end":{"line":124,"column":26}},"70":{"start":{"line":126,"column":4},"end":{"line":126,"column":35}},"71":{"start":{"line":130,"column":18},"end":{"line":130,"column":37}},"72":{"start":{"line":131,"column":4},"end":{"line":131,"column":25}},"73":{"start":{"line":131,"column":16},"end":{"line":131,"column":25}},"74":{"start":{"line":133,"column":17},"end":{"line":133,"column":40}},"75":{"start":{"line":134,"column":4},"end":{"line":134,"column":31}},"76":{"start":{"line":134,"column":22},"end":{"line":134,"column":31}},"77":{"start":{"line":136,"column":4},"end":{"line":136,"column":23}},"78":{"start":{"line":137,"column":4},"end":{"line":137,"column":57}},"79":{"start":{"line":138,"column":4},"end":{"line":138,"column":13}},"80":{"start":{"line":143,"column":18},"end":{"line":143,"column":37}},"81":{"start":{"line":144,"column":16},"end":{"line":144,"column":61}},"82":{"start":{"line":145,"column":24},"end":{"line":145,"column":32}},"83":{"start":{"line":146,"column":4},"end":{"line":146,"column":37}},"84":{"start":{"line":146,"column":25},"end":{"line":146,"column":35}},"85":{"start":{"line":147,"column":4},"end":{"line":147,"column":61}},"86":{"start":{"line":148,"column":4},"end":{"line":148,"column":34}},"87":{"start":{"line":152,"column":18},"end":{"line":152,"column":37}},"88":{"start":{"line":153,"column":4},"end":{"line":153,"column":26}},"89":{"start":{"line":153,"column":16},"end":{"line":153,"column":26}},"90":{"start":{"line":154,"column":4},"end":{"line":154,"column":35}},"91":{"start":{"line":158,"column":18},"end":{"line":158,"column":37}},"92":{"start":{"line":159,"column":4},"end":{"line":159,"column":25}},"93":{"start":{"line":159,"column":16},"end":{"line":159,"column":25}},"94":{"start":{"line":161,"column":16},"end":{"line":161,"column":48}},"95":{"start":{"line":162,"column":4},"end":{"line":162,"column":35}},"96":{"start":{"line":167,"column":18},"end":{"line":167,"column":37}},"97":{"start":{"line":168,"column":17},"end":{"line":168,"column":53}},"98":{"start":{"line":169,"column":21},"end":{"line":169,"column":74}},"99":{"start":{"line":169,"column":51},"end":{"line":169,"column":73}},"100":{"start":{"line":171,"column":4},"end":{"line":175,"column":5}},"101":{"start":{"line":172,"column":6},"end":{"line":172,"column":35}},"102":{"start":{"line":173,"column":6},"end":{"line":173,"column":59}},"103":{"start":{"line":174,"column":6},"end":{"line":174,"column":15}},"104":{"start":{"line":177,"column":4},"end":{"line":177,"column":33}},"105":{"start":{"line":178,"column":4},"end":{"line":178,"column":57}},"106":{"start":{"line":179,"column":4},"end":{"line":179,"column":13}},"107":{"start":{"line":183,"column":18},"end":{"line":183,"column":37}},"108":{"start":{"line":184,"column":4},"end":{"line":184,"column":26}},"109":{"start":{"line":184,"column":16},"end":{"line":184,"column":26}},"110":{"start":{"line":186,"column":17},"end":{"line":186,"column":40}},"111":{"start":{"line":187,"column":4},"end":{"line":187,"column":53}},"112":{"start":{"line":187,"column":34},"end":{"line":187,"column":51}},"113":{"start":{"line":189,"column":23},"end":{"line":189,"column":59}},"114":{"start":{"line":190,"column":18},"end":{"line":190,"column":47}},"115":{"start":{"line":192,"column":4},"end":{"line":194,"column":5}},"116":{"start":{"line":193,"column":6},"end":{"line":193,"column":80}},"117":{"start":{"line":193,"column":42},"end":{"line":193,"column":78}},"118":{"start":{"line":196,"column":4},"end":{"line":196,"column":49}},"119":{"start":{"line":196,"column":36},"end":{"line":196,"column":47}},"120":{"start":{"line":200,"column":18},"end":{"line":200,"column":37}},"121":{"start":{"line":201,"column":4},"end":{"line":201,"column":26}},"122":{"start":{"line":201,"column":16},"end":{"line":201,"column":26}},"123":{"start":{"line":203,"column":17},"end":{"line":203,"column":40}},"124":{"start":{"line":204,"column":4},"end":{"line":204,"column":53}},"125":{"start":{"line":204,"column":34},"end":{"line":204,"column":51}},"126":{"start":{"line":206,"column":23},"end":{"line":206,"column":59}},"127":{"start":{"line":207,"column":18},"end":{"line":207,"column":47}},"128":{"start":{"line":209,"column":4},"end":{"line":211,"column":5}},"129":{"start":{"line":210,"column":6},"end":{"line":210,"column":80}},"130":{"start":{"line":210,"column":42},"end":{"line":210,"column":78}},"131":{"start":{"line":213,"column":4},"end":{"line":213,"column":49}},"132":{"start":{"line":213,"column":36},"end":{"line":213,"column":47}},"133":{"start":{"line":217,"column":18},"end":{"line":217,"column":37}},"134":{"start":{"line":218,"column":4},"end":{"line":218,"column":28}},"135":{"start":{"line":218,"column":16},"end":{"line":218,"column":28}},"136":{"start":{"line":220,"column":17},"end":{"line":220,"column":40}},"137":{"start":{"line":221,"column":4},"end":{"line":221,"column":53}},"138":{"start":{"line":221,"column":34},"end":{"line":221,"column":51}},"139":{"start":{"line":223,"column":18},"end":{"line":223,"column":71}},"140":{"start":{"line":223,"column":48},"end":{"line":223,"column":70}},"141":{"start":{"line":224,"column":4},"end":{"line":224,"column":37}},"142":{"start":{"line":229,"column":24},"end":{"line":229,"column":56}},"143":{"start":{"line":230,"column":4},"end":{"line":230,"column":31}},"144":{"start":{"line":230,"column":22},"end":{"line":230,"column":31}},"145":{"start":{"line":232,"column":4},"end":{"line":232,"column":55}},"146":{"start":{"line":232,"column":36},"end":{"line":232,"column":53}},"147":{"start":{"line":233,"column":4},"end":{"line":233,"column":28}},"148":{"start":{"line":237,"column":4},"end":{"line":239,"column":5}},"149":{"start":{"line":238,"column":6},"end":{"line":238,"column":50}},"150":{"start":{"line":240,"column":4},"end":{"line":240,"column":52}},"151":{"start":{"line":245,"column":4},"end":{"line":245,"column":23}},"152":{"start":{"line":246,"column":4},"end":{"line":246,"column":32}},"153":{"start":{"line":247,"column":4},"end":{"line":247,"column":16}},"154":{"start":{"line":251,"column":18},"end":{"line":251,"column":70}},"155":{"start":{"line":252,"column":4},"end":{"line":252,"column":72}},"156":{"start":{"line":252,"column":55},"end":{"line":252,"column":70}},"157":{"start":{"line":256,"column":4},"end":{"line":256,"column":18}},"158":{"start":{"line":265,"column":4},"end":{"line":265,"column":23}},"159":{"start":{"line":266,"column":4},"end":{"line":266,"column":32}},"160":{"start":{"line":6,"column":0},"end":{"line":6,"column":13}},"161":{"start":{"line":270,"column":37},"end":{"line":272,"column":1}},"162":{"start":{"line":271,"column":2},"end":{"line":271,"column":31}},"163":{"start":{"line":270,"column":13},"end":{"line":270,"column":37}},"164":{"start":{"line":276,"column":34},"end":{"line":281,"column":1}},"165":{"start":{"line":277,"column":2},"end":{"line":279,"column":3}},"166":{"start":{"line":278,"column":4},"end":{"line":278,"column":38}},"167":{"start":{"line":280,"column":2},"end":{"line":280,"column":19}},"168":{"start":{"line":276,"column":13},"end":{"line":276,"column":34}},"169":{"start":{"line":283,"column":30},"end":{"line":287,"column":2}},"170":{"start":{"line":283,"column":56},"end":{"line":287,"column":2}},"171":{"start":{"line":284,"column":2},"end":{"line":286,"column":3}},"172":{"start":{"line":285,"column":4},"end":{"line":285,"column":31}},"173":{"start":{"line":283,"column":13},"end":{"line":283,"column":30}},"174":{"start":{"line":289,"column":0},"end":{"line":289,"column":34}}},"fnMap":{"0":{"name":"(anonymous_7)","decl":{"start":{"line":6,"column":0},"end":{"line":6,"column":13}},"loc":{"start":{"line":6,"column":0},"end":{"line":268,"column":1}}},"1":{"name":"(anonymous_8)","decl":{"start":{"line":11,"column":8},"end":{"line":11,"column":11}},"loc":{"start":{"line":11,"column":23},"end":{"line":22,"column":null}}},"2":{"name":"(anonymous_10)","decl":{"start":{"line":24,"column":8},"end":{"line":24,"column":11}},"loc":{"start":{"line":24,"column":65},"end":{"line":28,"column":null}}},"3":{"name":"(anonymous_12)","decl":{"start":{"line":30,"column":8},"end":{"line":30,"column":13}},"loc":{"start":{"line":30,"column":57},"end":{"line":32,"column":null}}},"4":{"name":"(anonymous_14)","decl":{"start":{"line":34,"column":8},"end":{"line":34,"column":11}},"loc":{"start":{"line":34,"column":23},"end":{"line":38,"column":null}}},"5":{"name":"(anonymous_16)","decl":{"start":{"line":40,"column":8},"end":{"line":40,"column":14}},"loc":{"start":{"line":40,"column":26},"end":{"line":51,"column":null}}},"6":{"name":"(anonymous_18)","decl":{"start":{"line":53,"column":8},"end":{"line":53,"column":14}},"loc":{"start":{"line":53,"column":43},"end":{"line":59,"column":null}}},"7":{"name":"(anonymous_20)","decl":{"start":{"line":61,"column":8},"end":{"line":61,"column":11}},"loc":{"start":{"line":61,"column":23},"end":{"line":68,"column":null}}},"8":{"name":"(anonymous_22)","decl":{"start":{"line":71,"column":8},"end":{"line":71,"column":13}},"loc":{"start":{"line":71,"column":46},"end":{"line":77,"column":null}}},"9":{"name":"(anonymous_24)","decl":{"start":{"line":79,"column":8},"end":{"line":79,"column":13}},"loc":{"start":{"line":79,"column":46},"end":{"line":85,"column":null}}},"10":{"name":"(anonymous_26)","decl":{"start":{"line":87,"column":8},"end":{"line":87,"column":14}},"loc":{"start":{"line":87,"column":55},"end":{"line":94,"column":null}}},"11":{"name":"(anonymous_28)","decl":{"start":{"line":96,"column":8},"end":{"line":96,"column":12}},"loc":{"start":{"line":96,"column":24},"end":{"line":102,"column":null}}},"12":{"name":"(anonymous_30)","decl":{"start":{"line":105,"column":8},"end":{"line":105,"column":12}},"loc":{"start":{"line":105,"column":54},"end":{"line":112,"column":null}}},"13":{"name":"(anonymous_32)","decl":{"start":{"line":114,"column":8},"end":{"line":114,"column":12}},"loc":{"start":{"line":114,"column":39},"end":{"line":120,"column":null}}},"14":{"name":"(anonymous_34)","decl":{"start":{"line":122,"column":8},"end":{"line":122,"column":15}},"loc":{"start":{"line":122,"column":27},"end":{"line":127,"column":null}}},"15":{"name":"(anonymous_36)","decl":{"start":{"line":129,"column":8},"end":{"line":129,"column":12}},"loc":{"start":{"line":129,"column":39},"end":{"line":139,"column":null}}},"16":{"name":"(anonymous_38)","decl":{"start":{"line":142,"column":8},"end":{"line":142,"column":12}},"loc":{"start":{"line":142,"column":46},"end":{"line":149,"column":null}}},"17":{"name":"(anonymous_40)","decl":{"start":{"line":146,"column":20},"end":{"line":146,"column":21}},"loc":{"start":{"line":146,"column":25},"end":{"line":146,"column":35}}},"18":{"name":"(anonymous_41)","decl":{"start":{"line":151,"column":8},"end":{"line":151,"column":16}},"loc":{"start":{"line":151,"column":28},"end":{"line":155,"column":null}}},"19":{"name":"(anonymous_43)","decl":{"start":{"line":157,"column":8},"end":{"line":157,"column":17}},"loc":{"start":{"line":157,"column":45},"end":{"line":163,"column":null}}},"20":{"name":"(anonymous_45)","decl":{"start":{"line":166,"column":8},"end":{"line":166,"column":12}},"loc":{"start":{"line":166,"column":55},"end":{"line":180,"column":null}}},"21":{"name":"(anonymous_47)","decl":{"start":{"line":169,"column":36},"end":{"line":169,"column":37}},"loc":{"start":{"line":169,"column":51},"end":{"line":169,"column":73}}},"22":{"name":"(anonymous_48)","decl":{"start":{"line":182,"column":8},"end":{"line":182,"column":14}},"loc":{"start":{"line":182,"column":90},"end":{"line":197,"column":null}}},"23":{"name":"(anonymous_50)","decl":{"start":{"line":187,"column":14},"end":{"line":187,"column":15}},"loc":{"start":{"line":187,"column":34},"end":{"line":187,"column":51}}},"24":{"name":"(anonymous_51)","decl":{"start":{"line":193,"column":27},"end":{"line":193,"column":28}},"loc":{"start":{"line":193,"column":42},"end":{"line":193,"column":78}}},"25":{"name":"(anonymous_52)","decl":{"start":{"line":196,"column":21},"end":{"line":196,"column":22}},"loc":{"start":{"line":196,"column":36},"end":{"line":196,"column":47}}},"26":{"name":"(anonymous_53)","decl":{"start":{"line":199,"column":8},"end":{"line":199,"column":17}},"loc":{"start":{"line":199,"column":93},"end":{"line":214,"column":null}}},"27":{"name":"(anonymous_55)","decl":{"start":{"line":204,"column":14},"end":{"line":204,"column":15}},"loc":{"start":{"line":204,"column":34},"end":{"line":204,"column":51}}},"28":{"name":"(anonymous_56)","decl":{"start":{"line":210,"column":27},"end":{"line":210,"column":28}},"loc":{"start":{"line":210,"column":42},"end":{"line":210,"column":78}}},"29":{"name":"(anonymous_57)","decl":{"start":{"line":213,"column":21},"end":{"line":213,"column":22}},"loc":{"start":{"line":213,"column":36},"end":{"line":213,"column":47}}},"30":{"name":"(anonymous_58)","decl":{"start":{"line":216,"column":8},"end":{"line":216,"column":13}},"loc":{"start":{"line":216,"column":41},"end":{"line":225,"column":null}}},"31":{"name":"(anonymous_60)","decl":{"start":{"line":221,"column":14},"end":{"line":221,"column":15}},"loc":{"start":{"line":221,"column":34},"end":{"line":221,"column":51}}},"32":{"name":"(anonymous_61)","decl":{"start":{"line":223,"column":33},"end":{"line":223,"column":34}},"loc":{"start":{"line":223,"column":48},"end":{"line":223,"column":70}}},"33":{"name":"(anonymous_62)","decl":{"start":{"line":228,"column":8},"end":{"line":228,"column":15}},"loc":{"start":{"line":228,"column":48},"end":{"line":234,"column":null}}},"34":{"name":"(anonymous_64)","decl":{"start":{"line":232,"column":24},"end":{"line":232,"column":32}},"loc":{"start":{"line":232,"column":36},"end":{"line":232,"column":53}}},"35":{"name":"(anonymous_65)","decl":{"start":{"line":236,"column":8},"end":{"line":236,"column":17}},"loc":{"start":{"line":236,"column":53},"end":{"line":241,"column":null}}},"36":{"name":"(anonymous_67)","decl":{"start":{"line":244,"column":8},"end":{"line":244,"column":16}},"loc":{"start":{"line":244,"column":16},"end":{"line":248,"column":null}}},"37":{"name":"(anonymous_69)","decl":{"start":{"line":250,"column":8},"end":{"line":250,"column":12}},"loc":{"start":{"line":250,"column":28},"end":{"line":253,"column":null}}},"38":{"name":"(anonymous_71)","decl":{"start":{"line":252,"column":48},"end":{"line":252,"column":51}},"loc":{"start":{"line":252,"column":55},"end":{"line":252,"column":70}}},"39":{"name":"(anonymous_72)","decl":{"start":{"line":255,"column":8},"end":{"line":255,"column":12}},"loc":{"start":{"line":255,"column":12},"end":{"line":257,"column":null}}},"40":{"name":"(anonymous_74)","decl":{"start":{"line":260,"column":8},"end":{"line":260,"column":18}},"loc":{"start":{"line":260,"column":18},"end":{"line":262,"column":null}}},"41":{"name":"(anonymous_76)","decl":{"start":{"line":264,"column":8},"end":{"line":264,"column":12}},"loc":{"start":{"line":264,"column":12},"end":{"line":267,"column":null}}},"42":{"name":"(anonymous_78)","decl":{"start":{"line":270,"column":37},"end":{"line":270,"column":57}},"loc":{"start":{"line":270,"column":59},"end":{"line":272,"column":1}}},"43":{"name":"(anonymous_79)","decl":{"start":{"line":276,"column":34},"end":{"line":276,"column":54}},"loc":{"start":{"line":276,"column":56},"end":{"line":281,"column":1}}},"44":{"name":"(anonymous_80)","decl":{"start":{"line":283,"column":30},"end":{"line":283,"column":54}},"loc":{"start":{"line":283,"column":56},"end":{"line":287,"column":2}}},"45":{"name":"(anonymous_81)","decl":{"start":{"line":283,"column":56},"end":{"line":283,"column":null}},"loc":{"start":{"line":283,"column":56},"end":{"line":287,"column":1}}}},"branchMap":{"0":{"loc":{"start":{"line":13,"column":4},"end":{"line":13,"column":28}},"type":"if","locations":[{"start":{"line":13,"column":4},"end":{"line":13,"column":28}},{"start":{},"end":{}}]},"1":{"loc":{"start":{"line":16,"column":4},"end":{"line":19,"column":5}},"type":"if","locations":[{"start":{"line":16,"column":4},"end":{"line":19,"column":5}},{"start":{},"end":{}}]},"2":{"loc":{"start":{"line":16,"column":8},"end":{"line":16,"column":49}},"type":"binary-expr","locations":[{"start":{"line":16,"column":8},"end":{"line":16,"column":20}},{"start":{"line":16,"column":24},"end":{"line":16,"column":49}}]},"3":{"loc":{"start":{"line":25,"column":19},"end":{"line":25,"column":77}},"type":"cond-expr","locations":[{"start":{"line":25,"column":33},"end":{"line":25,"column":65}},{"start":{"line":25,"column":68},"end":{"line":25,"column":77}}]},"4":{"loc":{"start":{"line":25,"column":19},"end":{"line":25,"column":30}},"type":"cond-expr","locations":[{"start":{"line":25,"column":26},"end":{"line":25,"column":28}},{"start":{"line":25,"column":19},"end":{"line":25,"column":30}}]},"5":{"loc":{"start":{"line":25,"column":19},"end":{"line":25,"column":28}},"type":"binary-expr","locations":[{"start":{"line":25,"column":19},"end":{"line":25,"column":28}},{"start":{"line":25,"column":19},"end":{"line":25,"column":28}}]},"6":{"loc":{"start":{"line":37,"column":11},"end":{"line":37,"column":26}},"type":"cond-expr","locations":[{"start":{"line":37,"column":21},"end":{"line":37,"column":22}},{"start":{"line":37,"column":25},"end":{"line":37,"column":26}}]},"7":{"loc":{"start":{"line":42,"column":4},"end":{"line":42,"column":25}},"type":"if","locations":[{"start":{"line":42,"column":4},"end":{"line":42,"column":25}},{"start":{},"end":{}}]},"8":{"loc":{"start":{"line":45,"column":4},"end":{"line":48,"column":5}},"type":"if","locations":[{"start":{"line":45,"column":4},"end":{"line":48,"column":5}},{"start":{},"end":{}}]},"9":{"loc":{"start":{"line":45,"column":8},"end":{"line":45,"column":49}},"type":"binary-expr","locations":[{"start":{"line":45,"column":8},"end":{"line":45,"column":20}},{"start":{"line":45,"column":24},"end":{"line":45,"column":49}}]},"10":{"loc":{"start":{"line":55,"column":4},"end":{"line":55,"column":25}},"type":"if","locations":[{"start":{"line":55,"column":4},"end":{"line":55,"column":25}},{"start":{},"end":{}}]},"11":{"loc":{"start":{"line":63,"column":4},"end":{"line":63,"column":26}},"type":"if","locations":[{"start":{"line":63,"column":4},"end":{"line":63,"column":26}},{"start":{},"end":{}}]},"12":{"loc":{"start":{"line":64,"column":4},"end":{"line":64,"column":33}},"type":"if","locations":[{"start":{"line":64,"column":4},"end":{"line":64,"column":33}},{"start":{},"end":{}}]},"13":{"loc":{"start":{"line":67,"column":11},"end":{"line":67,"column":41}},"type":"cond-expr","locations":[{"start":{"line":67,"column":27},"end":{"line":67,"column":36}},{"start":{"line":67,"column":39},"end":{"line":67,"column":41}}]},"14":{"loc":{"start":{"line":73,"column":17},"end":{"line":73,"column":53}},"type":"cond-expr","locations":[{"start":{"line":73,"column":25},"end":{"line":73,"column":48}},{"start":{"line":73,"column":51},"end":{"line":73,"column":53}}]},"15":{"loc":{"start":{"line":81,"column":17},"end":{"line":81,"column":53}},"type":"cond-expr","locations":[{"start":{"line":81,"column":25},"end":{"line":81,"column":48}},{"start":{"line":81,"column":51},"end":{"line":81,"column":53}}]},"16":{"loc":{"start":{"line":89,"column":4},"end":{"line":89,"column":26}},"type":"if","locations":[{"start":{"line":89,"column":4},"end":{"line":89,"column":26}},{"start":{},"end":{}}]},"17":{"loc":{"start":{"line":92,"column":23},"end":{"line":92,"column":59}},"type":"cond-expr","locations":[{"start":{"line":92,"column":37},"end":{"line":92,"column":48}},{"start":{"line":92,"column":51},"end":{"line":92,"column":59}}]},"18":{"loc":{"start":{"line":98,"column":4},"end":{"line":98,"column":25}},"type":"if","locations":[{"start":{"line":98,"column":4},"end":{"line":98,"column":25}},{"start":{},"end":{}}]},"19":{"loc":{"start":{"line":107,"column":17},"end":{"line":107,"column":53}},"type":"cond-expr","locations":[{"start":{"line":107,"column":25},"end":{"line":107,"column":48}},{"start":{"line":107,"column":51},"end":{"line":107,"column":53}}]},"20":{"loc":{"start":{"line":111,"column":11},"end":{"line":111,"column":24}},"type":"cond-expr","locations":[{"start":{"line":111,"column":19},"end":{"line":111,"column":20}},{"start":{"line":111,"column":23},"end":{"line":111,"column":24}}]},"21":{"loc":{"start":{"line":116,"column":4},"end":{"line":116,"column":28}},"type":"if","locations":[{"start":{"line":116,"column":4},"end":{"line":116,"column":28}},{"start":{},"end":{}}]},"22":{"loc":{"start":{"line":119,"column":11},"end":{"line":119,"column":30}},"type":"binary-expr","locations":[{"start":{"line":119,"column":11},"end":{"line":119,"column":22}},{"start":{"line":119,"column":26},"end":{"line":119,"column":30}}]},"23":{"loc":{"start":{"line":124,"column":4},"end":{"line":124,"column":26}},"type":"if","locations":[{"start":{"line":124,"column":4},"end":{"line":124,"column":26}},{"start":{},"end":{}}]},"24":{"loc":{"start":{"line":131,"column":4},"end":{"line":131,"column":25}},"type":"if","locations":[{"start":{"line":131,"column":4},"end":{"line":131,"column":25}},{"start":{},"end":{}}]},"25":{"loc":{"start":{"line":134,"column":4},"end":{"line":134,"column":31}},"type":"if","locations":[{"start":{"line":134,"column":4},"end":{"line":134,"column":31}},{"start":{},"end":{}}]},"26":{"loc":{"start":{"line":144,"column":24},"end":{"line":144,"column":60}},"type":"cond-expr","locations":[{"start":{"line":144,"column":32},"end":{"line":144,"column":55}},{"start":{"line":144,"column":58},"end":{"line":144,"column":60}}]},"27":{"loc":{"start":{"line":153,"column":4},"end":{"line":153,"column":26}},"type":"if","locations":[{"start":{"line":153,"column":4},"end":{"line":153,"column":26}},{"start":{},"end":{}}]},"28":{"loc":{"start":{"line":159,"column":4},"end":{"line":159,"column":25}},"type":"if","locations":[{"start":{"line":159,"column":4},"end":{"line":159,"column":25}},{"start":{},"end":{}}]},"29":{"loc":{"start":{"line":162,"column":11},"end":{"line":162,"column":34}},"type":"cond-expr","locations":[{"start":{"line":162,"column":29},"end":{"line":162,"column":30}},{"start":{"line":162,"column":33},"end":{"line":162,"column":34}}]},"30":{"loc":{"start":{"line":168,"column":17},"end":{"line":168,"column":53}},"type":"cond-expr","locations":[{"start":{"line":168,"column":25},"end":{"line":168,"column":48}},{"start":{"line":168,"column":51},"end":{"line":168,"column":53}}]},"31":{"loc":{"start":{"line":171,"column":4},"end":{"line":175,"column":5}},"type":"if","locations":[{"start":{"line":171,"column":4},"end":{"line":175,"column":5}},{"start":{},"end":{}}]},"32":{"loc":{"start":{"line":184,"column":4},"end":{"line":184,"column":26}},"type":"if","locations":[{"start":{"line":184,"column":4},"end":{"line":184,"column":26}},{"start":{},"end":{}}]},"33":{"loc":{"start":{"line":189,"column":23},"end":{"line":189,"column":59}},"type":"cond-expr","locations":[{"start":{"line":189,"column":37},"end":{"line":189,"column":48}},{"start":{"line":189,"column":51},"end":{"line":189,"column":59}}]},"34":{"loc":{"start":{"line":192,"column":4},"end":{"line":194,"column":5}},"type":"if","locations":[{"start":{"line":192,"column":4},"end":{"line":194,"column":5}},{"start":{},"end":{}}]},"35":{"loc":{"start":{"line":192,"column":8},"end":{"line":192,"column":27}},"type":"cond-expr","locations":[{"start":{"line":192,"column":15},"end":{"line":192,"column":17}},{"start":{"line":192,"column":8},"end":{"line":192,"column":27}}]},"36":{"loc":{"start":{"line":192,"column":8},"end":{"line":192,"column":17}},"type":"binary-expr","locations":[{"start":{"line":192,"column":8},"end":{"line":192,"column":17}},{"start":{"line":192,"column":8},"end":{"line":192,"column":17}}]},"37":{"loc":{"start":{"line":201,"column":4},"end":{"line":201,"column":26}},"type":"if","locations":[{"start":{"line":201,"column":4},"end":{"line":201,"column":26}},{"start":{},"end":{}}]},"38":{"loc":{"start":{"line":206,"column":23},"end":{"line":206,"column":59}},"type":"cond-expr","locations":[{"start":{"line":206,"column":37},"end":{"line":206,"column":48}},{"start":{"line":206,"column":51},"end":{"line":206,"column":59}}]},"39":{"loc":{"start":{"line":209,"column":4},"end":{"line":211,"column":5}},"type":"if","locations":[{"start":{"line":209,"column":4},"end":{"line":211,"column":5}},{"start":{},"end":{}}]},"40":{"loc":{"start":{"line":209,"column":8},"end":{"line":209,"column":27}},"type":"cond-expr","locations":[{"start":{"line":209,"column":15},"end":{"line":209,"column":17}},{"start":{"line":209,"column":8},"end":{"line":209,"column":27}}]},"41":{"loc":{"start":{"line":209,"column":8},"end":{"line":209,"column":17}},"type":"binary-expr","locations":[{"start":{"line":209,"column":8},"end":{"line":209,"column":17}},{"start":{"line":209,"column":8},"end":{"line":209,"column":17}}]},"42":{"loc":{"start":{"line":218,"column":4},"end":{"line":218,"column":28}},"type":"if","locations":[{"start":{"line":218,"column":4},"end":{"line":218,"column":28}},{"start":{},"end":{}}]},"43":{"loc":{"start":{"line":224,"column":11},"end":{"line":224,"column":36}},"type":"cond-expr","locations":[{"start":{"line":224,"column":24},"end":{"line":224,"column":29}},{"start":{"line":224,"column":32},"end":{"line":224,"column":36}}]},"44":{"loc":{"start":{"line":230,"column":4},"end":{"line":230,"column":31}},"type":"if","locations":[{"start":{"line":230,"column":4},"end":{"line":230,"column":31}},{"start":{},"end":{}}]},"45":{"loc":{"start":{"line":237,"column":4},"end":{"line":239,"column":5}},"type":"if","locations":[{"start":{"line":237,"column":4},"end":{"line":239,"column":5}},{"start":{},"end":{}}]},"46":{"loc":{"start":{"line":277,"column":2},"end":{"line":279,"column":3}},"type":"if","locations":[{"start":{"line":277,"column":2},"end":{"line":279,"column":3}},{"start":{},"end":{}}]},"47":{"loc":{"start":{"line":284,"column":2},"end":{"line":286,"column":3}},"type":"if","locations":[{"start":{"line":284,"column":2},"end":{"line":286,"column":3}},{"start":{},"end":{}}]}},"s":{"0":0,"1":0,"2":0,"3":0,"4":0,"5":0,"6":0,"7":0,"8":0,"9":0,"10":0,"11":0,"12":0,"13":0,"14":0,"15":0,"16":0,"17":0,"18":0,"19":0,"20":0,"21":0,"22":0,"23":0,"24":0,"25":0,"26":0,"27":0,"28":0,"29":0,"30":0,"31":0,"32":0,"33":0,"34":0,"35":0,"36":0,"37":0,"38":0,"39":0,"40":0,"41":0,"42":0,"43":0,"44":0,"45":0,"46":0,"47":0,"48":0,"49":0,"50":0,"51":0,"52":0,"53":0,"54":0,"55":0,"56":0,"57":0,"58":0,"59":0,"60":0,"61":0,"62":0,"63":0,"64":0,"65":0,"66":0,"67":0,"68":0,"69":0,"70":0,"71":0,"72":0,"73":0,"74":0,"75":0,"76":0,"77":0,"78":0,"79":0,"80":0,"81":0,"82":0,"83":0,"84":0,"85":0,"86":0,"87":0,"88":0,"89":0,"90":0,"91":0,"92":0,"93":0,"94":0,"95":0,"96":0,"97":0,"98":0,"99":0,"100":0,"101":0,"102":0,"103":0,"104":0,"105":0,"106":0,"107":0,"108":0,"109":0,"110":0,"111":0,"112":0,"113":0,"114":0,"115":0,"116":0,"117":0,"118":0,"119":0,"120":0,"121":0,"122":0,"123":0,"124":0,"125":0,"126":0,"127":0,"128":0,"129":0,"130":0,"131":0,"132":0,"133":0,"134":0,"135":0,"136":0,"137":0,"138":0,"139":0,"140":0,"141":0,"142":0,"143":0,"144":0,"145":0,"146":0,"147":0,"148":0,"149":0,"150":0,"151":0,"152":0,"153":0,"154":0,"155":0,"156":0,"157":0,"158":0,"159":0,"160":0,"161":0,"162":0,"163":0,"164":0,"165":0,"166":0,"167":0,"168":0,"169":0,"170":0,"171":0,"172":0,"173":0,"174":0},"f":{"0":0,"1":0,"2":0,"3":0,"4":0,"5":0,"6":0,"7":0,"8":0,"9":0,"10":0,"11":0,"12":0,"13":0,"14":0,"15":0,"16":0,"17":0,"18":0,"19":0,"20":0,"21":0,"22":0,"23":0,"24":0,"25":0,"26":0,"27":0,"28":0,"29":0,"30":0,"31":0,"32":0,"33":0,"34":0,"35":0,"36":0,"37":0,"38":0,"39":0,"40":0,"41":0,"42":0,"43":0,"44":0,"45":0},"b":{"0":[0,0],"1":[0,0],"2":[0,0],"3":[0,0],"4":[0,0],"5":[0,0],"6":[0,0],"7":[0,0],"8":[0,0],"9":[0,0],"10":[0,0],"11":[0,0],"12":[0,0],"13":[0,0],"14":[0,0],"15":[0,0],"16":[0,0],"17":[0,0],"18":[0,0],"19":[0,0],"20":[0,0],"21":[0,0],"22":[0,0],"23":[0,0],"24":[0,0],"25":[0,0],"26":[0,0],"27":[0,0],"28":[0,0],"29":[0,0],"30":[0,0],"31":[0,0],"32":[0,0],"33":[0,0],"34":[0,0],"35":[0,0],"36":[0,0],"37":[0,0],"38":[0,0],"39":[0,0],"40":[0,0],"41":[0,0],"42":[0,0],"43":[0,0],"44":[0,0],"45":[0,0],"46":[0,0],"47":[0,0]}}
,"/workspaces/love-rank-pulse/src/__tests__/utils/mockSocketClient.ts": {"path":"/workspaces/love-rank-pulse/src/__tests__/utils/mockSocketClient.ts","statementMap":{"0":{"start":{"line":148,"column":0},"end":{"line":148,"column":16}},"1":{"start":{"line":155,"column":0},"end":{"line":155,"column":16}},"2":{"start":{"line":6,"column":0},"end":{"line":6,"column":38}},"3":{"start":{"line":31,"column":4},"end":{"line":31,"column":12}},"4":{"start":{"line":25,"column":9},"end":{"line":25,"column":36}},"5":{"start":{"line":26,"column":9},"end":{"line":26,"column":39}},"6":{"start":{"line":27,"column":10},"end":{"line":27,"column":83}},"7":{"start":{"line":32,"column":4},"end":{"line":32,"column":35}},"8":{"start":{"line":34,"column":4},"end":{"line":36,"column":5}},"9":{"start":{"line":35,"column":6},"end":{"line":35,"column":21}},"10":{"start":{"line":43,"column":4},"end":{"line":48,"column":5}},"11":{"start":{"line":44,"column":6},"end":{"line":44,"column":28}},"12":{"start":{"line":45,"column":6},"end":{"line":47,"column":13}},"13":{"start":{"line":46,"column":8},"end":{"line":46,"column":29}},"14":{"start":{"line":49,"column":4},"end":{"line":49,"column":16}},"15":{"start":{"line":56,"column":4},"end":{"line":59,"column":5}},"16":{"start":{"line":57,"column":6},"end":{"line":57,"column":29}},"17":{"start":{"line":58,"column":6},"end":{"line":58,"column":51}},"18":{"start":{"line":60,"column":4},"end":{"line":60,"column":16}},"19":{"start":{"line":67,"column":4},"end":{"line":71,"column":7}},"20":{"start":{"line":72,"column":4},"end":{"line":72,"column":38}},"21":{"start":{"line":79,"column":4},"end":{"line":79,"column":27}},"22":{"start":{"line":86,"column":21},"end":{"line":86,"column":73}},"23":{"start":{"line":87,"column":4},"end":{"line":87,"column":33}},"24":{"start":{"line":94,"column":4},"end":{"line":94,"column":22}},"25":{"start":{"line":95,"column":4},"end":{"line":97,"column":12}},"26":{"start":{"line":96,"column":6},"end":{"line":96,"column":21}},"27":{"start":{"line":104,"column":4},"end":{"line":104,"column":29}},"28":{"start":{"line":111,"column":4},"end":{"line":111,"column":27}},"29":{"start":{"line":118,"column":4},"end":{"line":118,"column":64}},"30":{"start":{"line":118,"column":41},"end":{"line":118,"column":62}},"31":{"start":{"line":125,"column":4},"end":{"line":125,"column":62}},"32":{"start":{"line":125,"column":39},"end":{"line":125,"column":60}},"33":{"start":{"line":132,"column":4},"end":{"line":132,"column":22}},"34":{"start":{"line":139,"column":4},"end":{"line":139,"column":30}},"35":{"start":{"line":140,"column":4},"end":{"line":140,"column":29}},"36":{"start":{"line":141,"column":4},"end":{"line":141,"column":22}},"37":{"start":{"line":24,"column":0},"end":{"line":24,"column":13}},"38":{"start":{"line":149,"column":2},"end":{"line":149,"column":43}},"39":{"start":{"line":156,"column":2},"end":{"line":159,"column":4}},"40":{"start":{"line":157,"column":22},"end":{"line":157,"column":46}},"41":{"start":{"line":200,"column":13},"end":{"line":232,"column":2}},"42":{"start":{"line":201,"column":67},"end":{"line":207,"column":4}},"43":{"start":{"line":209,"column":106},"end":{"line":213,"column":4}},"44":{"start":{"line":215,"column":102},"end":{"line":219,"column":4}},"45":{"start":{"line":221,"column":133},"end":{"line":225,"column":4}},"46":{"start":{"line":227,"column":102},"end":{"line":231,"column":4}},"47":{"start":{"line":237,"column":13},"end":{"line":286,"column":2}},"48":{"start":{"line":242,"column":4},"end":{"line":251,"column":7}},"49":{"start":{"line":243,"column":20},"end":{"line":245,"column":17}},"50":{"start":{"line":244,"column":8},"end":{"line":244,"column":65}},"51":{"start":{"line":247,"column":6},"end":{"line":250,"column":9}},"52":{"start":{"line":248,"column":8},"end":{"line":248,"column":28}},"53":{"start":{"line":249,"column":8},"end":{"line":249,"column":22}},"54":{"start":{"line":261,"column":22},"end":{"line":265,"column":null}},"55":{"start":{"line":262,"column":4},"end":{"line":264,"column":6}},"56":{"start":{"line":263,"column":26},"end":{"line":263,"column":78}},"57":{"start":{"line":275,"column":19},"end":{"line":275,"column":48}},"58":{"start":{"line":277,"column":4},"end":{"line":279,"column":5}},"59":{"start":{"line":278,"column":6},"end":{"line":278,"column":56}},"60":{"start":{"line":281,"column":4},"end":{"line":284,"column":5}},"61":{"start":{"line":282,"column":24},"end":{"line":282,"column":49}},"62":{"start":{"line":283,"column":6},"end":{"line":283,"column":53}}},"fnMap":{"0":{"name":"(anonymous_7)","decl":{"start":{"line":30,"column":2},"end":{"line":30,"column":14}},"loc":{"start":{"line":30,"column":41},"end":{"line":37,"column":3}}},"1":{"name":"(anonymous_8)","decl":{"start":{"line":42,"column":9},"end":{"line":42,"column":16}},"loc":{"start":{"line":42,"column":16},"end":{"line":50,"column":3}}},"2":{"name":"(anonymous_9)","decl":{"start":{"line":45,"column":17},"end":{"line":45,"column":20}},"loc":{"start":{"line":45,"column":22},"end":{"line":47,"column":7}}},"3":{"name":"(anonymous_10)","decl":{"start":{"line":55,"column":9},"end":{"line":55,"column":19}},"loc":{"start":{"line":55,"column":19},"end":{"line":61,"column":3}}},"4":{"name":"(anonymous_11)","decl":{"start":{"line":66,"column":9},"end":{"line":66,"column":13}},"loc":{"start":{"line":66,"column":43},"end":{"line":73,"column":3}}},"5":{"name":"(anonymous_12)","decl":{"start":{"line":78,"column":9},"end":{"line":78,"column":28}},"loc":{"start":{"line":78,"column":59},"end":{"line":80,"column":3}}},"6":{"name":"(anonymous_13)","decl":{"start":{"line":85,"column":9},"end":{"line":85,"column":22}},"loc":{"start":{"line":85,"column":44},"end":{"line":88,"column":3}}},"7":{"name":"(anonymous_14)","decl":{"start":{"line":93,"column":9},"end":{"line":93,"column":26}},"loc":{"start":{"line":93,"column":26},"end":{"line":98,"column":3}}},"8":{"name":"(anonymous_15)","decl":{"start":{"line":95,"column":15},"end":{"line":95,"column":18}},"loc":{"start":{"line":95,"column":20},"end":{"line":97,"column":5}}},"9":{"name":"(anonymous_16)","decl":{"start":{"line":103,"column":9},"end":{"line":103,"column":24}},"loc":{"start":{"line":103,"column":24},"end":{"line":105,"column":3}}},"10":{"name":"(anonymous_17)","decl":{"start":{"line":110,"column":9},"end":{"line":110,"column":26}},"loc":{"start":{"line":110,"column":26},"end":{"line":112,"column":3}}},"11":{"name":"(anonymous_18)","decl":{"start":{"line":117,"column":9},"end":{"line":117,"column":24}},"loc":{"start":{"line":117,"column":42},"end":{"line":119,"column":3}}},"12":{"name":"(anonymous_19)","decl":{"start":{"line":118,"column":36},"end":{"line":118,"column":37}},"loc":{"start":{"line":118,"column":41},"end":{"line":118,"column":62}}},"13":{"name":"(anonymous_20)","decl":{"start":{"line":124,"column":9},"end":{"line":124,"column":24}},"loc":{"start":{"line":124,"column":42},"end":{"line":126,"column":3}}},"14":{"name":"(anonymous_21)","decl":{"start":{"line":125,"column":34},"end":{"line":125,"column":35}},"loc":{"start":{"line":125,"column":39},"end":{"line":125,"column":60}}},"15":{"name":"(anonymous_22)","decl":{"start":{"line":131,"column":9},"end":{"line":131,"column":14}},"loc":{"start":{"line":131,"column":14},"end":{"line":133,"column":3}}},"16":{"name":"(anonymous_23)","decl":{"start":{"line":138,"column":9},"end":{"line":138,"column":14}},"loc":{"start":{"line":138,"column":14},"end":{"line":142,"column":3}}},"17":{"name":"createMockSocketClient","decl":{"start":{"line":148,"column":16},"end":{"line":148,"column":38}},"loc":{"start":{"line":148,"column":66},"end":{"line":150,"column":1}}},"18":{"name":"mockSocketIO","decl":{"start":{"line":155,"column":16},"end":{"line":155,"column":28}},"loc":{"start":{"line":155,"column":28},"end":{"line":160,"column":1}}},"19":{"name":"(anonymous_26)","decl":{"start":{"line":157,"column":16},"end":{"line":157,"column":19}},"loc":{"start":{"line":157,"column":22},"end":{"line":157,"column":46}}},"20":{"name":"(anonymous_27)","decl":{"start":{"line":201,"column":14},"end":{"line":201,"column":15}},"loc":{"start":{"line":201,"column":67},"end":{"line":207,"column":4}}},"21":{"name":"(anonymous_28)","decl":{"start":{"line":209,"column":16},"end":{"line":209,"column":17}},"loc":{"start":{"line":209,"column":106},"end":{"line":213,"column":4}}},"22":{"name":"(anonymous_29)","decl":{"start":{"line":215,"column":14},"end":{"line":215,"column":15}},"loc":{"start":{"line":215,"column":102},"end":{"line":219,"column":4}}},"23":{"name":"(anonymous_30)","decl":{"start":{"line":221,"column":15},"end":{"line":221,"column":16}},"loc":{"start":{"line":221,"column":133},"end":{"line":225,"column":4}}},"24":{"name":"(anonymous_31)","decl":{"start":{"line":227,"column":21},"end":{"line":227,"column":22}},"loc":{"start":{"line":227,"column":102},"end":{"line":231,"column":4}}},"25":{"name":"(anonymous_32)","decl":{"start":{"line":241,"column":16},"end":{"line":241,"column":17}},"loc":{"start":{"line":241,"column":98},"end":{"line":252,"column":3}}},"26":{"name":"(anonymous_33)","decl":{"start":{"line":242,"column":23},"end":{"line":242,"column":24}},"loc":{"start":{"line":242,"column":43},"end":{"line":251,"column":5}}},"27":{"name":"(anonymous_34)","decl":{"start":{"line":243,"column":31},"end":{"line":243,"column":34}},"loc":{"start"
[...]
tart":{},"end":{}}]},"24":{"loc":{"start":{"line":244,"column":12},"end":{"line":244,"column":30}},"type":"cond-expr","locations":[{"start":{"line":244,"column":22},"end":{"line":244,"column":24}},{"start":{"line":244,"column":12},"end":{"line":244,"column":30}}]},"25":{"loc":{"start":{"line":244,"column":12},"end":{"line":244,"column":24}},"type":"binary-expr","locations":[{"start":{"line":244,"column":12},"end":{"line":244,"column":24}},{"start":{"line":244,"column":12},"end":{"line":244,"column":24}}]},"26":{"loc":{"start":{"line":248,"column":23},"end":{"line":248,"column":37}},"type":"cond-expr","locations":[{"start":{"line":248,"column":27},"end":{"line":248,"column":29}},{"start":{"line":248,"column":23},"end":{"line":248,"column":37}}]},"27":{"loc":{"start":{"line":248,"column":23},"end":{"line":248,"column":29}},"type":"binary-expr","locations":[{"start":{"line":248,"column":23},"end":{"line":248,"column":29}},{"start":{"line":248,"column":23},"end":{"line":248,"column":29}}]},"28":{"loc":{"start":{"line":257,"column":13},"end":{"line":257,"column":40}},"type":"binary-expr","locations":[{"start":{"line":257,"column":13},"end":{"line":257,"column":32}},{"start":{"line":257,"column":36},"end":{"line":257,"column":40}}]}},"s":{"0":0,"1":0,"2":0,"3":0,"4":0,"5":0,"6":0,"7":0,"8":0,"9":0,"10":0,"11":0,"12":0,"13":0,"14":0,"15":0,"16":0,"17":0,"18":0,"19":0,"20":0,"21":0,"22":0,"23":0,"24":0,"25":0,"26":0,"27":0,"28":0,"29":0,"30":0,"31":0,"32":0,"33":0,"34":0,"35":0,"36":0,"37":0,"38":0,"39":0,"40":0,"41":0,"42":0,"43":0,"44":0,"45":0,"46":0,"47":0,"48":0,"49":0,"50":0,"51":0,"52":0,"53":0,"54":0,"55":0,"56":0,"57":0,"58":0,"59":0,"60":0,"61":0,"62":0,"63":0,"64":0,"65":0,"66":0,"67":0,"68":0,"69":0,"70":0,"71":0,"72":0,"73":0,"74":0,"75":0,"76":0,"77":0,"78":0,"79":0,"80":0,"81":0,"82":0,"83":0,"84":0,"85":0,"86":0,"87":0,"88":0,"89":0,"90":0,"91":0,"92":0,"93":0,"94":0,"95":0,"96":0,"97":0,"98":0,"99":0,"100":0,"101":0,"102":0,"103":0,"104":0},"f":{"0":0,"1":0,"2":0,"3":0,"4":0,"5":0,"6":0,"7":0,"8":0,"9":0,"10":0,"11":0,"12":0,"13":0,"14":0,"15":0,"16":0,"17":0,"18":0,"19":0,"20":0},"b":{"0":[0,0],"1":[0,0],"2":[0,0],"3":[0,0],"4":[0,0],"5":[0,0],"6":[0,0],"7":[0,0],"8":[0,0],"9":[0,0],"10":[0,0],"11":[0,0],"12":[0,0],"13":[0,0],"14":[0,0],"15":[0,0],"16":[0,0],"17":[0,0],"18":[0,0],"19":[0,0],"20":[0,0],"21":[0,0],"22":[0,0],"23":[0,0],"24":[0,0],"25":[0,0],"26":[0,0],"27":[0,0],"28":[0,0]}}
,"/workspaces/love-rank-pulse/src/websocket/examples/basic-auth.ts": {"path":"/workspaces/love-rank-pulse/src/websocket/examples/basic-auth.ts","statementMap":{"0":{"start":{"line":7,"column":0},"end":{"line":7,"column":35}},"1":{"start":{"line":8,"column":0},"end":{"line":8,"column":36}},"2":{"start":{"line":9,"column":0},"end":{"line":9,"column":30}},"3":{"start":{"line":10,"column":0},"end":{"line":10,"column":68}},"4":{"start":{"line":11,"column":0},"end":{"line":11,"column":40}},"5":{"start":{"line":14,"column":12},"end":{"line":14,"column":21}},"6":{"start":{"line":15,"column":19},"end":{"line":15,"column":36}},"7":{"start":{"line":68,"column":13},"end":{"line":68,"column":23}},"8":{"start":{"line":18,"column":11},"end":{"line":23,"column":2}},"9":{"start":{"line":68,"column":9},"end":{"line":68,"column":11}},"10":{"start":{"line":26,"column":0},"end":{"line":26,"column":29}},"11":{"start":{"line":29,"column":0},"end":{"line":60,"column":3}},"12":{"start":{"line":30,"column":15},"end":{"line":30,"column":36}},"13":{"start":{"line":32,"column":2},"end":{"line":36,"column":3}},"14":{"start":{"line":33,"column":4},"end":{"line":33,"column":58}},"15":{"start":{"line":34,"column":4},"end":{"line":34,"column":24}},"16":{"start":{"line":35,"column":4},"end":{"line":35,"column":11}},"17":{"start":{"line":38,"column":2},"end":{"line":38,"column":69}},"18":{"start":{"line":41,"column":2},"end":{"line":41,"column":37}},"19":{"start":{"line":44,"column":2},"end":{"line":54,"column":5}},"20":{"start":{"line":45,"column":4},"end":{"line":45,"column":56}},"21":{"start":{"line":48,"column":4},"end":{"line":53,"column":7}},"22":{"start":{"line":57,"column":2},"end":{"line":59,"column":5}},"23":{"start":{"line":58,"column":4},"end":{"line":58,"column":57}},"24":{"start":{"line":63,"column":13},"end":{"line":63,"column":40}},"25":{"start":{"line":64,"column":0},"end":{"line":66,"column":3}},"26":{"start":{"line":65,"column":2},"end":{"line":65,"column":61}}},"fnMap":{"0":{"name":"(anonymous_1)","decl":{"start":{"line":29,"column":20},"end":{"line":29,"column":21}},"loc":{"start":{"line":29,"column":31},"end":{"line":60,"column":1}}},"1":{"name":"(anonymous_2)","decl":{"start":{"line":44,"column":23},"end":{"line":44,"column":24}},"loc":{"start":{"line":44,"column":32},"end":{"line":54,"column":3}}},"2":{"name":"(anonymous_3)","decl":{"start":{"line":57,"column":26},"end":{"line":57,"column":29}},"loc":{"start":{"line":57,"column":31},"end":{"line":59,"column":3}}},"3":{"name":"(anonymous_4)","decl":{"start":{"line":64,"column":24},"end":{"line":64,"column":27}},"loc":{"start":{"line":64,"column":29},"end":{"line":66,"column":1}}}},"branchMap":{"0":{"loc":{"start":{"line":20,"column":12},"end":{"line":20,"column":61}},"type":"binary-expr","locations":[{"start":{"line":20,"column":12},"end":{"line":20,"column":34}},{"start":{"line":20,"column":38},"end":{"line":20,"column":61}}]},"1":{"loc":{"start":{"line":32,"column":2},"end":{"line":36,"column":3}},"type":"if","locations":[{"start":{"line":32,"column":2},"end":{"line":36,"column":3}},{"start":{},"end":{}}]},"2":{"loc":{"start":{"line":63,"column":13},"end":{"line":63,"column":40}},"type":"binary-expr","locations":[{"start":{"line":63,"column":13},"end":{"line":63,"column":32}},{"start":{"line":63,"column":36},"end":{"line":63,"column":40}}]}},"s":{"0":0,"1":0,"2":0,"3":0,"4":0,"5":0,"6":0,"7":0,"8":0,"9":0,"10":0,"11":0,"12":0,"13":0,"14":0,"15":0,"16":0,"17":0,"18":0,"19":0,"20":0,"21":0,"22":0,"23":0,"24":0,"25":0,"26":0},"f":{"0":0,"1":0,"2":0,"3":0},"b":{"0":[0,0],"1":[0,0],"2":[0,0]}}
,"/workspaces/love-rank-pulse/src/websocket/redis/channels.ts": {"path":"/workspaces/love-rank-pulse/src/websocket/redis/channels.ts","statementMap":{"0":{"start":{"line":132,"column":0},"end":{"line":132,"column":16}},"1":{"start":{"line":139,"column":0},"end":{"line":139,"column":16}},"2":{"start":{"line":146,"column":0},"end":{"line":146,"column":16}},"3":{"start":{"line":153,"column":0},"end":{"line":153,"column":16}},"4":{"start":{"line":13,"column":13},"end":{"line":37,"column":11}},"5":{"start":{"line":133,"column":2},"end":{"line":133,"column":17}},"6":{"start":{"line":140,"column":2},"end":{"line":140,"column":24}},"7":{"start":{"line":147,"column":2},"end":{"line":147,"column":47}},"8":{"start":{"line":155,"column":2},"end":{"line":157,"column":3}},"9":{"start":{"line":156,"column":4},"end":{"line":156,"column":17}},"10":{"start":{"line":159,"column":2},"end":{"line":166,"column":4}}},"fnMap":{"0":{"name":"getChannelPattern","decl":{"start":{"line":132,"column":16},"end":{"line":132,"column":33}},"loc":{"start":{"line":132,"column":55},"end":{"line":134,"column":1}}},"1":{"name":"extractServerId","decl":{"start":{"line":139,"column":16},"end":{"line":139,"column":31}},"loc":{"start":{"line":139,"column":56},"end":{"line":141,"column":1}}},"2":{"name":"createServerId","decl":{"start":{"line":146,"column":16},"end":{"line":146,"column":30}},"loc":{"start":{"line":146,"column":30},"end":{"line":148,"column":1}}},"3":{"name":"isValidEventPayload","decl":{"start":{"line":153,"column":16},"end":{"line":153,"column":35}},"loc":{"start":{"line":153,"column":48},"end":{"line":167,"column":1}}}},"branchMap":{"0":{"loc":{"start":{"line":155,"column":2},"end":{"line":157,"column":3}},"type":"if","locations":[{"start":{"line":155,"column":2},"end":{"line":157,"column":3}},{"start":{},"end":{}}]},"1":{"loc":{"start":{"line":155,"column":6},"end":{"line":155,"column":47}},"type":"binary-expr","locations":[{"start":{"line":155,"column":6},"end":{"line":155,"column":22}},{"start":{"line":155,"column":26},"end":{"line":155,"column":47}}]},"2":{"loc":{"start":{"line":160,"column":4},"end":{"line":165,"column":30}},"type":"binary-expr","locations":[{"start":{"line":160,"column":4},"end":{"line":160,"column":11}},{"start":{"line":161,"column":4},"end":{"line":161,"column":31}},{"start":{"line":162,"column":4},"end":{"line":162,"column":36}},{"start":{"line":163,"column":4},"end":{"line":163,"column":41}},{"start":{"line":164,"column":4},"end":{"line":164,"column":40}},{"start":{"line":165,"column":4},"end":{"line":165,"column":30}}]}},"s":{"0":0,"1":0,"2":0,"3":0,"4":0,"5":0,"6":0,"7":0,"8":0,"9":0,"10":0},"f":{"0":0,"1":0,"2":0,"3":0},"b":{"0":[0,0],"1":[0,0],"2":[0,0,0,0,0,0]}}
,"/workspaces/love-rank-pulse/src/websocket/redis/index.ts": {"path":"/workspaces/love-rank-pulse/src/websocket/redis/index.ts","statementMap":{"0":{"start":{"line":7,"column":0},"end":{"line":7,"column":null}},"1":{"start":{"line":8,"column":2},"end":{"line":8,"column":null}},"2":{"start":{"line":9,"column":2},"end":{"line":9,"column":null}},"3":{"start":{"line":10,"column":2},"end":{"line":10,"column":null}},"4":{"start":{"line":13,"column":0},"end":{"line":13,"column":null}},"5":{"start":{"line":14,"column":2},"end":{"line":14,"column":null}},"6":{"start":{"line":22,"column":2},"end":{"line":22,"column":null}},"7":{"start":{"line":23,"column":2},"end":{"line":23,"column":null}},"8":{"start":{"line":24,"column":2},"end":{"line":24,"column":null}},"9":{"start":{"line":25,"column":2},"end":{"line":25,"column":null}}},"fnMap":{"0":{"name":"(anonymous_0)","decl":{"start":{"line":8,"column":2},"end":{"line":8,"column":20}},"loc":{"start":{"line":8,"column":2},"end":{"line":8,"column":null}}},"1":{"name":"(anonymous_1)","decl":{"start":{"line":9,"column":2},"end":{"line":9,"column":18}},"loc":{"start":{"line":9,"column":2},"end":{"line":9,"column":null}}},"2":{"name":"(anonymous_2)","decl":{"start":{"line":10,"column":2},"end":{"line":10,"column":16}},"loc":{"start":{"line":10,"column":2},"end":{"line":10,"column":null}}},"3":{"name":"(anonymous_3)","decl":{"start":{"line":14,"column":2},"end":{"line":14,"column":16}},"loc":{"start":{"line":14,"column":2},"end":{"line":14,"column":null}}},"4":{"name":"(anonymous_4)","decl":{"start":{"line":22,"column":2},"end":{"line":22,"column":19}},"loc":{"start":{"line":22,"column":2},"end":{"line":22,"column":null}}},"5":{"name":"(anonymous_5)","decl":{"start":{"line":23,"column":2},"end":{"line":23,"column":17}},"loc":{"start":{"line":23,"column":2},"end":{"line":23,"column":null}}},"6":{"name":"(anonymous_6)","decl":{"start":{"line":24,"column":2},"end":{"line":24,"column":16}},"loc":{"start":{"line":24,"column":2},"end":{"line":24,"column":null}}},"7":{"name":"(anonymous_7)","decl":{"start":{"line":25,"column":2},"end":{"line":25,"column":21}},"loc":{"start":{"line":25,"column":2},"end":{"line":25,"column":null}}}},"branchMap":{},"s":{"0":0,"1":0,"2":0,"3":0,"4":0,"5":0,"6":0,"7":0,"8":0,"9":0},"f":{"0":0,"1":0,"2":0,"3":0,"4":0,"5":0,"6":0,"7":0},"b":{}}
,"/workspaces/love-rank-pulse/src/websocket/redis/examples/integration-example.ts": {"path":"/workspaces/love-rank-pulse/src/websocket/redis/examples/integration-example.ts","statementMap":{"0":{"start":{"line":197,"column":0},"end":{"line":197,"column":22}},"1":{"start":{"line":226,"column":0},"end":{"line":226,"column":22}},"2":{"start":{"line":7,"column":0},"end":{"line":7,"column":45}},"3":{"start":{"line":8,"column":0},"end":{"line":8,"column":81}},"4":{"start":{"line":18,"column":4},"end":{"line":18,"column":50}},"5":{"start":{"line":26,"column":24},"end":{"line":33,"column":6}},"6":{"start":{"line":36,"column":4},"end":{"line":43,"column":7}},"7":{"start":{"line":45,"column":4},"end":{"line":45,"column":71}},"8":{"start":{"line":50,"column":4},"end":{"line":55,"column":7}},"9":{"start":{"line":14,"column":0},"end":{"line":14,"column":13}},"10":{"start":{"line":65,"column":10},"end":{"line":65,"column":57}},"11":{"start":{"line":68,"column":4},"end":{"line":68,"column":50}},"12":{"start":{"line":71,"column":4},"end":{"line":74,"column":6}},"13":{"start":{"line":77,"column":4},"end":{"line":80,"column":6}},"14":{"start":{"line":82,"column":4},"end":{"line":82,"column":65}},"15":{"start":{"line":86,"column":4},"end":{"line":86,"column":55}},"16":{"start":{"line":89,"column":4},"end":{"line":93,"column":7}},"17":{"start":{"line":97,"column":4},"end":{"line":97,"column":48}},"18":{"start":{"line":99,"column":4},"end":{"line":118,"column":5}},"19":{"start":{"line":101,"column":6},"end":{"line":108,"column":9}},"20":{"start":{"line":110,"column":6},"end":{"line":117,"column":9}},"21":{"start":{"line":122,"column":4},"end":{"line":124,"column":7}},"22":{"start":{"line":123,"column":6},"end":{"line":123,"column":43}},"23":{"start":{"line":128,"column":19},"end":{"line":128,"column":54}},"24":{"start":{"line":129,"column":4},"end":{"line":131,"column":5}},"25":{"start":{"line":130,"column":6},"end":{"line":130,"column":43}},"26":{"start":{"line":135,"column":4},"end":{"line":135,"column":40}},"27":{"start":{"line":63,"column":0},"end":{"line":63,"column":13}},"28":{"start":{"line":147,"column":4},"end":{"line":147,"column":50}},"29":{"start":{"line":151,"column":20},"end":{"line":151,"column":41}},"30":{"start":{"line":157,"column":4},"end":{"line":164,"column":7}},"31":{"start":{"line":166,"column":4},"end":{"line":166,"column":19}},"32":{"start":{"line":174,"column":32},"end":{"line":174,"column":34}},"33":{"start":{"line":175,"column":32},"end":{"line":175,"column":35}},"34":{"start":{"line":178,"column":4},"end":{"line":189,"column":7}},"35":{"start":{"line":143,"column":0},"end":{"line":143,"column":13}},"36":{"start":{"line":199,"column":24},"end":{"line":199,"column":48}},"37":{"start":{"line":202,"column":29},"end":{"line":202,"column":63}},"38":{"start":{"line":203,"column":2},"end":{"line":203,"column":40}},"39":{"start":{"line":205,"column":23},"end":{"line":205,"column":51}},"40":{"start":{"line":206,"column":2},"end":{"line":206,"column":34}},"41":{"start":{"line":209,"column":19},"end":{"line":209,"column":50}},"42":{"start":{"line":210,"column":2},"end":{"line":210,"column":30}},"43":{"start":{"line":213,"column":17},"end":{"line":213,"column":48}},"44":{"start":{"line":214,"column":2},"end":{"line":214,"column":41}},"45":{"start":{"line":217,"column":2},"end":{"line":220,"column":4}},"46":{"start":{"line":217,"column":20},"end":{"line":220,"column":4}},"47":{"start":{"line":218,"column":4},"end":{"line":218,"column":30}},"48":{"start":{"line":219,"column":4},"end":{"line":219,"column":35}},"49":{"start":{"line":227,"column":24},"end":{"line":227,"column":48}},"50":{"start":{"line":230,"column":25},"end":{"line":230,"column":58}},"51":{"start":{"line":231,"column":2},"end":{"line":237,"column":5}},"52":{"start":{"line":240,"column":26},"end":{"line":240,"column":60}},"53":{"start":{"line":241,"column":2},"end":{"line":247,"column":5}},"54":{"start":{"line":250,"column":2},"end":{"line":250,"column":32}},"55":{"start":{"line":251,"column":2},"end":{"line":253,"column":5}},"56":{"start":{"line":252,"column":4},"end":{"line":252,"column":51}}},"fnMap":{"0":{"name":"(anonymous_7)","decl":{"start":{"line":17,"column":8},"end":{"line":17,"column":18}},"loc":{"start":{"line":17,"column":18},"end":{"line":19,"column":null}}},"1":{"name":"(anonymous_9)","decl":{"start":{"line":21,"column":8},"end":{"line":21,"column":26}},"loc":{"start":{"line":21,"column":62},"end":{"line":46,"column":null}}},"2":{"name":"(anonymous_11)","decl":{"start":{"line":48,"column":8},"end":{"line":48,"column":26}},"loc":{"start":{"line":48,"column":26},"end":{"line":56,"column":null}}},"3":{"name":"(anonymous_13)","decl":{"start":{"line":63,"column":0},"end":{"line":63,"column":13}},"loc":{"start":{"line":63,"column":0},"end":{"line":137,"column":1}}},"4":{"name":"(anonymous_14)","decl":{"start":{"line":67,"column":8},"end":{"line":67,"column":18}},"loc":{"start":{"line":67,"column":18},"end":{"line":83,"column":null}}},"5":{"name":"(anonymous_16)","decl":{"start":{"line":85,"column":16},"end":{"line":85,"column":39}},"loc":{"start":{"line":85,"column":69},"end":{"line":94,"column":null}}},"6":{"name":"(anonymous_18)","decl":{"start":{"line":96,"column":16},"end":{"line":96,"column":32}},"loc":{"start":{"line":96,"column":50},"end":{"line":119,"column":null}}},"7":{"name":"(anonymous_20)","decl":{"start":{"line":121,"column":10},"end":{"line":121,"column":24}},"loc":{"start":{"line":121,"column":37},"end":{"line":125,"column":3}}},"8":{"name":"(anonymous_21)","decl":{"start":{"line":122,"column":34},"end":{"line":122,"column":35}},"loc":{"start":{"line":122,"column":45},"end":{"line":124,"column":5}}},"9":{"name":"(anonymous_22)","decl":{"start":{"line":127,"column":10},"end":{"line":127,"column":22}},"loc":{"start":{"line":127,"column":53},"end":{"line":132,"column":3}}},"10":{"name":"(anonymous_23)","decl":{"start":{"line":134,"column":8},"end":{"line":134,"column":16}},"loc":{"start":{"line":134,"column":16},"end":{"line":136,"column":null}}},"11":{"name":"(anonymous_25)","decl":{"start":{"line":146,"column":8},"end":{"line":146,"column":18}},"loc":{"start":{"line":146,"column":18},"end":{"line":148,"column":null}}},"12":{"name":"(anonymous_27)","decl":{"start":{"line":150,"column":8},"end":{"line":150,"column":19}},"loc":{"start":{"line":150,"column":56},"end":{"line":167,"column":null}}},"13":{"name":"(anonymous_29)","decl":{"start":{"line":169,"column":8},"end":{"line":169,"column":21}},"loc":{"start":{"line":169,"column":55},"end":{"line":190,"column":null}}},"14":{"name":"setupServerWithPubSub","decl":{"start":{"line":197,"column":22},"end":{"line":197,"column":43}},"loc":{"start":{"line":197,"column":43},"end":{"line":221,"column":null}}},"15":{"name":"(anonymous_33)","decl":{"start":{"line":217,"column":9},"end":{"line":217,"column":18}},"loc":{"start":{"line":217,"column":20},"end":{"line":220,"column":4}}},"16":{"name":"(anonymous_34)","decl":{"start":{"line":217,"column":20},"end":{"line":217,"column":null}},"loc":{"start":{"line":217,"column":20},"end":{"line":220,"column":3}}},"17":{"name":"monitorPubSubStats","decl":{"start":{"line":226,"column":22},"end":{"line":226,"column":40}},"loc":{"start":{"line":226,"column":40},"end":{"line":254,"column":null}}},"18":{"name":"(anonymous_37)","decl":{"start":{"line":251,"column":54},"end":{"line":251,"column":55}},"loc":{"start":{"line":251,"column":75},"end":{"line":253,"column":3}}}},"branchMap":{"0":{"loc":{"start":{"line":99,"column":4},"end":{"line":118,"column":5}},"type":"if","locations":[{"start":{"line":99,"column":4},"end":{"line":118,"column":5}},{"start":{},"end":{}}]},"1":{"loc":{"start":{"line":105,"column":18},"end":{"line":105,"column":79}},"type":"cond-expr","locations":[{"start":{"line":105,"column":65},"end":{"line":105,"column":70}},{"start":{"line":105,"column":73},"end":{"line":105,"column":79}}]},"2":{"loc":{"start":{"line":114,"column":18},"end":{"line":114,"column":79}},"type":"cond-expr","locations":[{"start":{"line":114,"column":65},"end":{"line":114,"column":70}},{"start":{"line":114,"column":73},"end":{"line":114,"column":79}}]},"3":{"loc":{"start":{"line":129,"column":4},"end":{"line":131,"column":5}},"type":"if","locations":[{"start":{"line":129,"column":4},"end":{"line":131,"column":5}},{"start":{},"end":{}}]}},"s":{"0":0,"1":0,"2":0,"3":0,"4":0,"5":0,"6":0,"7":0,"8":0,"9":0,"10":0,"11":0,"12":0,"13":0,"14":0,"15":0,"16":0,"17":0,"18":0,"19":0,"20":0,"21":0,"22":0,"23":0,"24":0,"25":0,"26":0,"27":0,"28":0,"29":0,"30":0,"31":0,"32":0,"33":0,"34":0,"35":0,"36":0,"37":0,"38":0,"39":0,"40":0,"41":0,"42":0,"43":0,"44":0,"45":0,"46":0,"47":0,"48":0,"49":0,"50":0,"51":0,"52":0,"53":0,"54":0,"55":0,"56":0},"f":{"0":0,"1":0,"2":0,"3":0,"4":0,"5":0,"6":0,"7":0,"8":0,"9":0,"10":0,"11":0,"12":0,"13":0,"14":0,"15":0,"16":0,"17":0,"18":0},"b":{"0":[0,0],"1":[0,0],"2":[0,0],"3":[0,0]}}
}
