{"/workspaces/love-rank-pulse/src/api-gateway/middleware/authMiddleware.ts": {"path":"/workspaces/love-rank-pulse/src/api-gateway/middleware/authMiddleware.ts","statementMap":{"0":{"start":{"line":15,"column":0},"end":{"line":15,"column":16}},"1":{"start":{"line":56,"column":0},"end":{"line":56,"column":16}},"2":{"start":{"line":87,"column":0},"end":{"line":87,"column":16}},"3":{"start":{"line":121,"column":0},"end":{"line":121,"column":16}},"4":{"start":{"line":137,"column":0},"end":{"line":137,"column":16}},"5":{"start":{"line":16,"column":21},"end":{"line":16,"column":45}},"6":{"start":{"line":18,"column":2},"end":{"line":20,"column":3}},"7":{"start":{"line":19,"column":4},"end":{"line":19,"column":21}},"8":{"start":{"line":22,"column":16},"end":{"line":22,"column":39}},"9":{"start":{"line":28,"column":22},"end":{"line":28,"column":67}},"10":{"start":{"line":29,"column":21},"end":{"line":29,"column":65}},"11":{"start":{"line":31,"column":2},"end":{"line":33,"column":3}},"12":{"start":{"line":32,"column":4},"end":{"line":32,"column":21}},"13":{"start":{"line":36,"column":2},"end":{"line":38,"column":3}},"14":{"start":{"line":37,"column":4},"end":{"line":37,"column":21}},"15":{"start":{"line":41,"column":2},"end":{"line":47,"column":3}},"16":{"start":{"line":42,"column":17},"end":{"line":42,"column":39}},"17":{"start":{"line":43,"column":4},"end":{"line":43,"column":19}},"18":{"start":{"line":45,"column":4},"end":{"line":45,"column":55}},"19":{"start":{"line":46,"column":4},"end":{"line":46,"column":21}},"20":{"start":{"line":60,"column":17},"end":{"line":60,"column":42}},"21":{"start":{"line":62,"column":2},"end":{"line":67,"column":3}},"22":{"start":{"line":63,"column":4},"end":{"line":65,"column":null}},"23":{"start":{"line":72,"column":2},"end":{"line":77,"column":null}},"24":{"start":{"line":96,"column":2},"end":{"line":98,"column":3}},"25":{"start":{"line":97,"column":4},"end":{"line":97,"column":16}},"26":{"start":{"line":101,"column":2},"end":{"line":107,"column":3}},"27":{"start":{"line":106,"column":4},"end":{"line":106,"column":16}},"28":{"start":{"line":113,"column":2},"end":{"line":113,"column":15}},"29":{"start":{"line":122,"column":2},"end":{"line":128,"column":4}},"30":{"start":{"line":123,"column":4},"end":{"line":125,"column":5}},"31":{"start":{"line":124,"column":6},"end":{"line":124,"column":49}},"32":{"start":{"line":127,"column":4},"end":{"line":127,"column":19}},"33":{"start":{"line":141,"column":2},"end":{"line":153,"column":4}},"34":{"start":{"line":142,"column":4},"end":{"line":144,"column":5}},"35":{"start":{"line":143,"column":6},"end":{"line":143,"column":49}},"36":{"start":{"line":146,"column":26},"end":{"line":146,"column":75}},"37":{"start":{"line":148,"column":4},"end":{"line":150,"column":5}},"38":{"start":{"line":149,"column":6},"end":{"line":149,"column":43}},"39":{"start":{"line":152,"column":4},"end":{"line":152,"column":19}}},"fnMap":{"0":{"name":"extractAuthToken","decl":{"start":{"line":15,"column":16},"end":{"line":15,"column":32}},"loc":{"start":{"line":15,"column":64},"end":{"line":48,"column":1}}},"1":{"name":"authenticateRequest","decl":{"start":{"line":56,"column":16},"end":{"line":56,"column":35}},"loc":{"start":{"line":58,"column":33},"end":{"line":78,"column":1}}},"2":{"name":"checkPermission","decl":{"start":{"line":87,"column":16},"end":{"line":87,"column":31}},"loc":{"start":{"line":90,"column":37},"end":{"line":114,"column":1}}},"3":{"name":"requireAuth","decl":{"start":{"line":121,"column":16},"end":{"line":121,"column":27}},"loc":{"start":{"line":121,"column":55},"end":{"line":129,"column":1}}},"4":{"name":"(anonymous_4)","decl":{"start":{"line":122,"column":9},"end":{"line":122,"column":10}},"loc":{"start":{"line":122,"column":61},"end":{"line":128,"column":3}}},"5":{"name":"requirePermission","decl":{"start":{"line":137,"column":16},"end":{"line":137,"column":33}},"loc":{"start":{"line":139,"column":37},"end":{"line":154,"column":1}}},"6":{"name":"(anonymous_6)","decl":{"start":{"line":141,"column":9},"end":{"line":141,"column":10}},"loc":{"start":{"line":141,"column":61},"end":{"line":153,"column":3}}}},"branchMap":{"0":{"loc":{"start":{"line":18,"column":2},"end":{"line":20,"column":3}},"type":"if","locations":[{"start":{"line":18,"column":2},"end":{"line":20,"column":3}},{"start":{},"end":{}}]},"1":{"loc":{"start":{"line":18,"column":6},"end":{"line":18,"column":54}},"type":"binary-expr","locations":[{"start":{"line":18,"column":6},"end":{"line":18,"column":17}},{"start":{"line":18,"column":21},"end":{"line":18,"column":54}}]},"2":{"loc":{"start":{"line":31,"column":2},"end":{"line":33,"column":3}},"type":"if","locations":[{"start":{"line":31,"column":2},"end":{"line":33,"column":3}},{"start":{},"end":{}}]},"3":{"loc":{"start":{"line":31,"column":6},"end":{"line":31,"column":33}},"type":"binary-expr","locations":[{"start":{"line":31,"column":6},"end":{"line":31,"column":18}},{"start":{"line":31,"column":22},"end":{"line":31,"column":33}}]},"4":{"loc":{"start":{"line":36,"column":2},"end":{"line":38,"column":3}},"type":"if","locations":[{"start":{"line":36,"column":2},"end":{"line":38,"column":3}},{"start":{},"end":{}}]},"5":{"loc":{"start":{"line":62,"column":2},"end":{"line":67,"column":3}},"type":"if","locations":[{"start":{"line":62,"column":2},"end":{"line":67,"column":3}},{"start":{},"end":{}}]},"6":{"loc":{"start":{"line":76,"column":11},"end":{"line":76,"column":49}},"type":"cond-expr","locations":[{"start":{"line":76,"column":35},"end":{"line":76,"column":37}},{"start":{"line":76,"column":35},"end":{"line":76,"column":49}}]},"7":{"loc":{"start":{"line":76,"column":11},"end":{"line":76,"column":37}},"type":"binary-expr","locations":[{"start":{"line":76,"column":11},"end":{"line":76,"column":37}},{"start":{"line":76,"column":35},"end":{"line":76,"column":37}}]},"8":{"loc":{"start":{"line":96,"column":2},"end":{"line":98,"column":3}},"type":"if","locations":[{"start":{"line":96,"column":2},"end":{"line":98,"column":3}},{"start":{},"end":{}}]},"9":{"loc":{"start":{"line":101,"column":2},"end":{"line":107,"column":3}},"type":"if","locations":[{"start":{"line":101,"column":2},"end":{"line":107,"column":3}},{"start":{},"end":{}}]},"10":{"loc":{"start":{"line":102,"column":4},"end":{"line":104,"column":58}},"type":"binary-expr","locations":[{"start":{"line":102,"column":4},"end":{"line":102,"column":40}},{"start":{"line":103,"column":4},"end":{"line":103,"column":35}},{"start":{"line":104,"column":5},"end":{"line":104,"column":36}},{"start":{"line":104,"column":40},"end":{"line":104,"column":57}}]},"11":{"loc":{"start":{"line":121,"column":28},"end":{"line":121,"column":55}},"type":"default-arg","locations":[{"start":{"line":121,"column":51},"end":{"line":121,"column":55}}]},"12":{"loc":{"start":{"line":123,"column":4},"end":{"line":125,"column":5}},"type":"if","locations":[{"start":{"line":123,"column":4},"end":{"line":125,"column":5}},{"start":{},"end":{}}]},"13":{"loc":{"start":{"line":123,"column":8},"end":{"line":123,"column":47}},"type":"binary-expr","locations":[{"start":{"line":123,"column":8},"end":{"line":123,"column":19}},{"start":{"line":123,"column":23},"end":{"line":123,"column":47}}]},"14":{"loc":{"start":{"line":142,"column":4},"end":{"line":144,"column":5}},"type":"if","locations":[{"start":{"line":142,"column":4},"end":{"line":144,"column":5}},{"start":{},"end":{}}]},"15":{"loc":{"start":{"line":142,"column":8},"end":{"line":142,"column":51}},"type":"binary-expr","locations":[{"start":{"line":142,"column":8},"end":{"line":142,"column":32}},{"start":{"line":142,"column":36},"end":{"line":142,"column":51}}]},"16":{"loc":{"start":{"line":148,"column":4},"end":{"line":150,"column":5}},"type":"if","locations":[{"start":{"line":148,"column":4},"end":{"line":150,"column":5}},{"start":{},"end":{}}]}},"s":{"0":1,"1":1,"2":1,"3":1,"4":1,"5":13,"6":13,"7":6,"8":7,"9":7,"10":7,"11":7,"12":2,"13":5,"14":1,"15":4,"16":4,"17":3,"18":1,"19":1,"20":4,"21":4,"22":3,"23":1,"24":12,"25":4,"26":8,"27":5,"28":3,"29":2,"30":4,"31":1,"32":3,"33":2,"34":2,"35":0,"36":2,"37":2,"38":1,"39":1},"f":{"0":13,"1":4,"2":12,"3":2,"4":4,"5":2,"6":2},"b":{"0":[6,7],"1":[13,10],"2":[2,5],"3":[7,5],"4":[1,4],"5":[3,1],"6":[0,1],"7":[1,1],"8":[4,8],"9":[5,3],"10":[8,6,4,4],"11":[0],"12":[1,3],"13":[4,2],"14":[0,2],"15":[2,2],"16":[1,1]}}
,"/workspaces/love-rank-pulse/src/api-gateway/middleware/corsMiddleware.ts": {"path":"/workspaces/love-rank-pulse/src/api-gateway/middleware/corsMiddleware.ts","statementMap":{"0":{"start":{"line":57,"column":0},"end":{"line":57,"column":16}},"1":{"start":{"line":139,"column":0},"end":{"line":139,"column":16}},"2":{"start":{"line":156,"column":0},"end":{"line":156,"column":16}},"3":{"start":{"line":1,"column":0},"end":{"line":1,"column":24}},"4":{"start":{"line":34,"column":21},"end":{"line":34,"column":81}},"5":{"start":{"line":36,"column":2},"end":{"line":46,"column":3}},"6":{"start":{"line":38,"column":4},"end":{"line":45,"column":6}},"7":{"start":{"line":49,"column":2},"end":{"line":49,"column":76}},"8":{"start":{"line":49,"column":45},"end":{"line":49,"column":58}},"9":{"start":{"line":77,"column":6},"end":{"line":77,"column":12}},"10":{"start":{"line":79,"column":2},"end":{"line":105,"column":5}},"11":{"start":{"line":82,"column":6},"end":{"line":84,"column":7}},"12":{"start":{"line":83,"column":8},"end":{"line":83,"column":36}},"13":{"start":{"line":87,"column":6},"end":{"line":96,"column":7}},"14":{"start":{"line":88,"column":8},"end":{"line":88,"column":29}},"15":{"start":{"line":89,"column":13},"end":{"line":96,"column":7}},"16":{"start":{"line":91,"column":8},"end":{"line":91,"column":29}},"17":{"start":{"line":94,"column":8},"end":{"line":94,"column":70}},"18":{"start":{"line":95,"column":8},"end":{"line":95,"column":78}},"19":{"start":{"line":112,"column":13},"end":{"line":115,"column":3}},"20":{"start":{"line":121,"column":13},"end":{"line":124,"column":3}},"21":{"start":{"line":130,"column":13},"end":{"line":133,"column":3}},"22":{"start":{"line":140,"column":14},"end":{"line":140,"column":51}},"23":{"start":{"line":142,"column":2},"end":{"line":144,"column":3}},"24":{"start":{"line":143,"column":4},"end":{"line":143,"column":36}},"25":{"start":{"line":146,"column":2},"end":{"line":146,"column":35}},"26":{"start":{"line":157,"column":2},"end":{"line":170,"column":3}},"27":{"start":{"line":158,"column":4},"end":{"line":167,"column":7}},"28":{"start":{"line":169,"column":4},"end":{"line":169,"column":14}}},"fnMap":{"0":{"name":"getAllowedOrigins","decl":{"start":{"line":33,"column":9},"end":{"line":33,"column":26}},"loc":{"start":{"line":33,"column":26},"end":{"line":50,"column":1}}},"1":{"name":"(anonymous_2)","decl":{"start":{"line":49,"column":35},"end":{"line":49,"column":41}},"loc":{"start":{"line":49,"column":45},"end":{"line":49,"column":58}}},"2":{"name":"createCorsMiddleware","decl":{"start":{"line":57,"column":16},"end":{"line":57,"column":36}},"loc":{"start":{"line":57,"column":60},"end":{"line":106,"column":1}}},"3":{"name":"(anonymous_4)","decl":{"start":{"line":80,"column":12},"end":{"line":80,"column":13}},"loc":{"start":{"line":80,"column":33},"end":{"line":97,"column":5}}},"4":{"name":"getCorsMiddleware","decl":{"start":{"line":139,"column":16},"end":{"line":139,"column":33}},"loc":{"start":{"line":139,"column":33},"end":{"line":147,"column":1}}},"5":{"name":"handleCorsError","decl":{"start":{"line":156,"column":16},"end":{"line":156,"column":31}},"loc":{"start":{"line":156,"column":71},"end":{"line":171,"column":1}}}},"branchMap":{"0":{"loc":{"start":{"line":34,"column":21},"end":{"line":34,"column":81}},"type":"binary-expr","locations":[{"start":{"line":34,"column":21},"end":{"line":34,"column":48}},{"start":{"line":34,"column":52},"end":{"line":34,"column":75}},{"start":{"line":34,"column":79},"end":{"line":34,"column":81}}]},"1":{"loc":{"start":{"line":36,"column":2},"end":{"line":46,"column":3}},"type":"if","locations":[{"start":{"line":36,"column":2},"end":{"line":46,"column":3}},{"start":{},"end":{}}]},"2":{"loc":{"start":{"line":57,"column":37},"end":{"line":57,"column":60}},"type":"default-arg","locations":[{"start":{"line":57,"column":58},"end":{"line":57,"column":60}}]},"3":{"loc":{"start":{"line":59,"column":4},"end":{"line":59,"column":40}},"type":"default-arg","locations":[{"start":{"line":59,"column":21},"end":{"line":59,"column":40}}]},"4":{"loc":{"start":{"line":60,"column":4},"end":{"line":60,"column":27}},"type":"default-arg","locations":[{"start":{"line":60,"column":23},"end":{"line":60,"column":27}}]},"5":{"loc":{"start":{"line":61,"column":4},"end":{"line":61,"column":73}},"type":"default-arg","locations":[{"start":{"line":61,"column":21},"end":{"line":61,"column":73}}]},"6":{"loc":{"start":{"line":62,"column":4},"end":{"line":68,"column":null}},"type":"default-arg","locations":[{"start":{"line":62,"column":21},"end":{"line":68,"column":null}}]},"7":{"loc":{"start":{"line":69,"column":4},"end":{"line":75,"column":null}},"type":"default-arg","locations":[{"start":{"line":69,"column":21},"end":{"line":75,"column":null}}]},"8":{"loc":{"start":{"line":76,"column":4},"end":{"line":76,"column":18}},"type":"default-arg","locations":[{"start":{"line":76,"column":13},"end":{"line":76,"column":18}}]},"9":{"loc":{"start":{"line":82,"column":6},"end":{"line":84,"column":7}},"type":"if","locations":[{"start":{"line":82,"column":6},"end":{"line":84,"column":7}},{"start":{},"end":{}}]},"10":{"loc":{"start":{"line":87,"column":6},"end":{"line":96,"column":7}},"type":"if","locations":[{"start":{"line":87,"column":6},"end":{"line":96,"column":7}},{"start":{"line":89,"column":13},"end":{"line":96,"column":7}}]},"11":{"loc":{"start":{"line":89,"column":13},"end":{"line":96,"column":7}},"type":"if","locations":[{"start":{"line":89,"column":13},"end":{"line":96,"column":7}},{"start":{"line":92,"column":13},"end":{"line":96,"column":7}}]},"12":{"loc":{"start":{"line":140,"column":14},"end":{"line":140,"column":51}},"type":"binary-expr","locations":[{"start":{"line":140,"column":14},"end":{"line":140,"column":34}},{"start":{"line":140,"column":38},"end":{"line":140,"column":51}}]},"13":{"loc":{"start":{"line":142,"column":2},"end":{"line":144,"column":3}},"type":"if","locations":[{"start":{"line":142,"column":2},"end":{"line":144,"column":3}},{"start":{},"end":{}}]},"14":{"loc":{"start":{"line":157,"column":2},"end":{"line":170,"column":3}},"type":"if","locations":[{"start":{"line":157,"column":2},"end":{"line":170,"column":3}},{"start":{"line":168,"column":9},"end":{"line":170,"column":3}}]},"15":{"loc":{"start":{"line":157,"column":6},"end":{"line":157,"column":49}},"type":"binary-expr","locations":[{"start":{"line":157,"column":6},"end":{"line":157,"column":17}},{"start":{"line":157,"column":21},"end":{"line":157,"column":49}}]}},"s":{"0":1,"1":1,"2":1,"3":1,"4":14,"5":14,"6":14,"7":0,"8":0,"9":18,"10":18,"11":0,"12":0,"13":0,"14":0,"15":0,"16":0,"17":0,"18":0,"19":1,"20":1,"21":1,"22":3,"23":3,"24":1,"25":2,"26":2,"27":1,"28":1},"f":{"0":14,"1":0,"2":18,"3":0,"4":3,"5":2},"b":{"0":[14,14,14],"1":[14,0],"2":[4],"3":[12],"4":[13],"5":[17],"6":[17],"7":[16],"8":[16],"9":[0,0],"10":[0,0],"11":[0,0],"12":[3,1],"13":[1,2],"14":[1,1],"15":[2,2]}}
,"/workspaces/love-rank-pulse/src/api-gateway/middleware/errorMiddleware.ts": {"path":"/workspaces/love-rank-pulse/src/api-gateway/middleware/errorMiddleware.ts","statementMap":{"0":{"start":{"line":98,"column":0},"end":{"line":98,"column":16}},"1":{"start":{"line":141,"column":0},"end":{"line":141,"column":16}},"2":{"start":{"line":153,"column":0},"end":{"line":153,"column":16}},"3":{"start":{"line":3,"column":0},"end":{"line":3,"column":47}},"4":{"start":{"line":28,"column":4},"end":{"line":28,"column":19}},"5":{"start":{"line":29,"column":4},"end":{"line":29,"column":27}},"6":{"start":{"line":30,"column":4},"end":{"line":30,"column":33}},"7":{"start":{"line":31,"column":4},"end":{"line":31,"column":31}},"8":{"start":{"line":32,"column":4},"end":{"line":32,"column":27}},"9":{"start":{"line":33,"column":4},"end":{"line":33,"column":39}},"10":{"start":{"line":36,"column":4},"end":{"line":36,"column":52}},"11":{"start":{"line":15,"column":0},"end":{"line":15,"column":13}},"12":{"start":{"line":43,"column":13},"end":{"line":91,"column":2}},"13":{"start":{"line":46,"column":4},"end":{"line":46,"column":46}},"14":{"start":{"line":49,"column":4},"end":{"line":49,"column":43}},"15":{"start":{"line":53,"column":4},"end":{"line":56,"column":null}},"16":{"start":{"line":61,"column":4},"end":{"line":61,"column":54}},"17":{"start":{"line":64,"column":4},"end":{"line":70,"column":null}},"18":{"start":{"line":75,"column":4},"end":{"line":75,"column":48}},"19":{"start":{"line":78,"column":4},"end":{"line":78,"column":53}},"20":{"start":{"line":82,"column":4},"end":{"line":82,"column":51}},"21":{"start":{"line":85,"column":4},"end":{"line":89,"column":null}},"22":{"start":{"line":100,"column":2},"end":{"line":108,"column":3}},"23":{"start":{"line":101,"column":4},"end":{"line":107,"column":6}},"24":{"start":{"line":111,"column":2},"end":{"line":117,"column":3}},"25":{"start":{"line":112,"column":4},"end":{"line":116,"column":6}},"26":{"start":{"line":120,"column":2},"end":{"line":126,"column":3}},"27":{"start":{"line":121,"column":4},"end":{"line":125,"column":6}},"28":{"start":{"line":129,"column":2},"end":{"line":133,"column":4}},"29":{"start":{"line":143,"column":2},"end":{"line":143,"column":46}},"30":{"start":{"line":145,"column":2},"end":{"line":145,"column":39}},"31":{"start":{"line":156,"column":2},"end":{"line":166,"column":4}},"32":{"start":{"line":156,"column":41},"end":{"line":166,"column":4}},"33":{"start":{"line":157,"column":4},"end":{"line":165,"column":5}},"34":{"start":{"line":158,"column":6},"end":{"line":158,"column":35}},"35":{"start":{"line":160,"column":6},"end":{"line":164,"column":12}},"36":{"start":{"line":178,"column":59},"end":{"line":303,"column":1}},"37":{"start":{"line":185,"column":2},"end":{"line":185,"column":21}},"38":{"start":{"line":188,"column":2},"end":{"line":198,"column":3}},"39":{"start":{"line":189,"column":4},"end":{"line":196,"column":7}},"40":{"start":{"line":197,"column":4},"end":{"line":197,"column":11}},"41":{"start":{"line":201,"column":2},"end":{"line":211,"column":3}},"42":{"start":{"line":202,"column":4},"end":{"line":209,"column":7}},"43":{"start":{"line":210,"column":4},"end":{"line":210,"column":11}},"44":{"start":{"line":214,"column":2},"end":{"line":223,"column":3}},"45":{"start":{"line":215,"column":4},"end":{"line":221,"column":7}},"46":{"start":{"line":222,"column":4},"end":{"line":222,"column":11}},"47":{"start":{"line":225,"column":2},"end":{"line":234,"column":3}},"48":{"start":{"line":226,"column":4},"end":{"line":232,"column":7}},"49":{"start":{"line":233,"column":4},"end":{"line":233,"column":11}},"50":{"start":{"line":237,"column":2},"end":{"line":262,"column":3}},"51":{"start":{"line":238,"column":18},"end":{"line":238,"column":37}},"52":{"start":{"line":239,"column":21},"end":{"line":239,"column":24}},"53":{"start":{"line":241,"column":4},"end":{"line":251,"column":5}},"54":{"start":{"line":243,"column":8},"end":{"line":243,"column":35}},"55":{"start":{"line":244,"column":8},"end":{"line":244,"column":14}},"56":{"start":{"line":246,"column":8},"end":{"line":246,"column":35}},"57":{"start":{"line":247,"column":8},"end":{"line":247,"column":14}},"58":{"start":{"line":249,"column":8},"end":{"line":249,"column":42}},"59":{"start":{"line":250,"column":8},"end":{"line":250,"column":14}},"60":{"start":{"line":253,"column":4},"end":{"line":260,"column":7}},"61":{"start":{"line":261,"column":4},"end":{"line":261,"column":11}},"62":{"start":{"line":265,"column":2},"end":{"line":274,"column":3}},"63":{"start":{"line":266,"column":4},"end":{"line":272,"column":7}},"64":{"start":{"line":273,"column":4},"end":{"line":273,"column":11}},"65":{"start":{"line":277,"column":2},"end":{"line":287,"column":3}},"66":{"start":{"line":278,"column":4},"end":{"line":285,"column":7}},"67":{"start":{"line":286,"column":4},"end":{"line":286,"column":11}},"68":{"start":{"line":290,"column":21},"end":{"line":290,"column":56}},"69":{"start":{"line":291,"column":18},"end":{"line":293,"column":51}},"70":{"start":{"line":295,"column":2},"end":{"line":302,"column":5}},"71":{"start":{"line":178,"column":13},"end":{"line":178,"column":59}},"72":{"start":{"line":313,"column":34},"end":{"line":325,"column":1}},"73":{"start":{"line":318,"column":16},"end":{"line":321,"column":null}},"74":{"start":{"line":324,"column":2},"end":{"line":324,"column":14}},"75":{"start":{"line":313,"column":13},"end":{"line":313,"column":34}},"76":{"start":{"line":334,"column":28},"end":{"line":340,"column":1}},"77":{"start":{"line":337,"column":2},"end":{"line":339,"column":4}},"78":{"start":{"line":338,"column":4},"end":{"line":338,"column":52}},"79":{"start":{"line":334,"column":13},"end":{"line":334,"column":28}}},"fnMap":{"0":{"name":"(anonymous_7)","decl":{"start":{"line":21,"column":2},"end":{"line":21,"column":null}},"loc":{"start":{"line":26,"column":33},"end":{"line":37,"column":3}}},"1":{"name":"(anonymous_8)","decl":{"start":{"line":45,"column":16},"end":{"line":45,"column":17}},"loc":{"start":{"line":46,"column":4},"end":{"line":46,"column":46}}},"2":{"name":"(anonymous_9)","decl":{"start":{"line":48,"column":13},"end":{"line":48,"column":14}},"loc":{"start":{"line":49,"column":4},"end":{"line":49,"column":43}}},"3":{"name":"(anonymous_10)","decl":{"start":{"line":52,"column":12},"end":{"line":52,"column":13}},"loc":{"start":{"line":53,"column":4},"end":{"line":56,"column":null}}},"4":{"name":"(anonymous_11)","decl":{"start":{"line":60,"column":14},"end":{"line":60,"column":15}},"loc":{"start":{"line":61,"column":4},"end":{"line":61,"column":54}}},"5":{"name":"(anonymous_12)","decl":{"start":{"line":63,"column":19},"end":{"line":63,"column":20}},"loc":{"start":{"line":64,"column":4},"end":{"line":70,"column":null}}},"6":{"name":"(anonymous_13)","decl":{"start":{"line":74,"column":17},"end":{"line":74,"column":18}},"loc":{"start":{"line":75,"column":4},"end":{"line":75,"column":48}}},"7":{"name":"(anonymous_14)","decl":{"start":{"line":77,"column":22},"end":{"line":77,"column":23}},"loc":{"start":{"line":78,"column":4},"end":{"line":78,"column":53}}},"8":{"name":"(anonymous_15)","decl":{"start":{"line":81,"column":12},"end":{"line":81,"column":13}},"loc":{"start":{"line":82,"column":4},"end":{"line":82,"column":51}}},"9":{"name":"(anonymous_16)","decl":{"start":{"line":84,"column":15},"end":{"line":84,"column":16}},"loc":{"start":{"line":85,"column":4},"end":{"line":89,"column":null}}},"10":{"name":"formatErrorResponse","decl":{"start":{"line":98,"column":16},"end":{"line":98,"column":35}},"loc":{"start":{"line":98,"column":55},"end":{"line":134,"column":1}}},"11":{"name":"handleApiError","decl":{"start":{"line":141,"column":16},"end":{"line":141,"column":30}},"loc":{"start":{"line":141,"column":50},"end":{"line":146,"column":1}}},"12":{"name":"withErrorHandling","decl":{"start":{"line":153,"column":16},"end":{"line":153,"column":33}},"loc":{"start":{"line":154,"column":40},"end":{"line":167,"column":1}}},"13":{"name":"(anonymous_20)","decl":{"start":{"line":156,"column":9},"end":{"line":156,"column":16}},"loc":{"start":{"line":156,"column":41},"end":{"line":166,"column":4}}},"14":{"name":"(anonymous_21)","decl":{"start":{"line":156,"column":41},"end":{"line":156,"column":null}},"loc":{"start":{"line":156,"column":41},"end":{"line":166,"column":3}}},"15":{"name":"(anonymous_22)","decl":{"start":{"line":178,"column":59},"end":{"line":178,"column":null}},"loc":{"start":{"line":183,"column":10},"end":{"line":303,"column":1}}},"16":{"name":"(anonymous_23)","decl":{"start":{"line":313,"column":34},"end":{"line":313,"column":null}},"loc":{"start":{"line":317,"column":10},"end":{"line":325,"column":1}}},"17":{"name":"(anonymous_24)","decl":{"start":{"line":334,"column":28},"end":{"line":334,"column":null}},"loc":{"start":{"line":336,"column":4},"end":{"line":340,"column":1}}},"18":{"name":"(anonymous_25)","decl":{"start":{"line":337,"column":9},"end":{"line":337,"column":10}},"loc":{"start":{"line":337,"column":61},"end":{"line":339,"column":3}}}},"branchMap":{"0":{"loc":{"start":{"line":23,"column":4},"end":{"line":23,"column":28}},"type":"default-arg","locations":[{"start":{"line":23,"column":25},"end":{"line":23,"column":28}}]},"1":{"loc":{"start":{"line":26,"column":4},"end":{"line":26,"column":33}},"type":"default-arg","locations":[{"start":{"line":26,"column":29},"end":{"line":26,"column":33}}]},"2":{"loc":{"start":{"line":45,"column":17},"end":{"line":45,"column":52}},"type":"default-arg","locations":[{"start":{"line":45,"column":27},"end":{"line":45,"column":52}}]},"3":{"loc":{"start":{"line":48,"column":14},"end":{"line":48,"column":43}},"type":"default-arg","locations":[{"start":{"line":48,"column":24},"end":{"line":48,"column":43}}]},"4":{"loc":{"start":{"line":52,"column":13},"end":{"line":52,"column":34}},"type":"default-arg","locations":[{"start":{"line":52,"column":24},"end":{"line":52,"column":34}}]},"5":{"loc":{"start":{"line":54,"column":6},"end":{"line":54,"column":74}},"type":"cond-expr","locations":[{"start":{"line":54,"column":11},"end":{"line":54,"column":48}},{"start":{"line":54,"column":51},"end":{"line":54,"column":74}}]},"6":{"loc":{"start":{"line":60,"column":15},"end":{"line":60,"column":42}},"type":"default-arg","locations":[{"start":{"line":60,"column":25},"end":{"line":60,"column":42}}]},"7":{"loc":{"start":{"line":68,"column":6},"end":{"line":70,"column":20}},"type":"cond-expr","locations":[{"start":{"line":69,"column":10},"end":{"line":69,"column":28}},{"start":{"line":70,"column":10},"end":{"line":70,"column":20}}]},"8":{"loc":{"start":{"line":68,"column":6},"end":{"line":68,"column":58}},"type":"binary-expr","locations":[{"start":{"line":68,"column":6},"end":{"line":68,"column":32}},{"start":{"line":68,"column":36},"end":{"line":68,"column":58}}]},"9":{"loc":{"start":{"line":74,"column":18},"end":{"line":74,"column":51}},"type":"default-arg","locations":[{"start":{"line":74,"column":28},"end":{"line":74,"column":51}}]},"10":{"loc":{"start":{"line":77,"column":23},"end":{"line":77,"column":66}},"type":"default-arg","locations":[{"start":{"line":77,"column":33},"end":{"line":77,"column":66}}]},"11":{"loc":{"start":{"line":81,"column":13},"end":{"line":81,"column":42}},"type":"default-arg","locations":[{"start":{"line":81,"column":23},"end":{"line":81,"column":42}}]},"12":{"loc":{"start":{"line":84,"column":16},"end":{"line":84,"column":45}},"type":"default-arg","locations":[{"start":{"line":84,"column":26},"end":{"line":84,"column":45}}]},"13":{"loc":{"start":{"line":89,"column":6},"end":{"line":89,"column":45}},"type":"cond-expr","locations":[{"start":{"line":89,"column":19},"end":{"line":89,"column":33}},{"start":{"line":89,"column":36},"end":{"line":89,"column":45}}]},"14":{"loc":{"start":{"line":100,"column":2},"end":{"line":108,"column":3}},"type":"if","locations":[{"start":{"line":100,"column":2},"end":{"line":108,"column":3}},{"start":{},"end":{}}]},"15":{"loc":{"start":{"line":111,"column":2},"end":{"line":117,"column":3}},"type":"if","locations":[{"start":{"line":111,"column":2},"end":{"line":117,"column":3}},{"start":{},"end":{}}]},"16":{"loc":{"start":{"line":120,"column":2},"end":{"line":126,"column":3}},"type":"if","locations":[{"start":{"line":120,"column":2},"end":{"line":126,"column":3}},{"start":{},"end":{}}]},"17":{"loc":{"start":{"line":160,"column":12},"end":{"line":163,"column":null}},"type":"cond-expr","locations":[{"start":{"line":161,"column":10},"end":{"line":161,"column":15}},{"start":{"line":162,"column":10},"end":{"line":163,"column":null}}]},"18":{"loc":{"start":{"line":163,"column":12},"end":{"line":163,"column":83}},"type":"cond-expr","locations":[{"start":{"line":163,"column":37},"end":{"line":163,"column":50}},{"start":{"line":163,"column":53},"end":{"line":163,"column":83}}]},"19":{"loc":{"start":{"line":188,"column":2},"end":{"line":198,"column":3}},"type":"if","locations":[{"start":{"line":188,"column":2},"end":{"line":198,"column":3}},{"start":{},"end":{}}]},"20":{"loc":{"start":{"line":194,"column":18},"end":{"line":194,"column":63}},"type":"binary-expr","locations":[{"start":{"line":194,"column":18},"end":{"line":194,"column":32}},{"start":{"line":194,"column":36},"end":{"line":194,"column":63}}]},"21":{"loc":{"start":{"line":201,"column":2},"end":{"line":211,"column":3}},"type":"if","locations":[{"start":{"line":201,"column":2},"end":{"line":211,"column":3}},{"start":{},"end":{}}]},"22":{"loc":{"start":{"line":206,"column":15},"end":{"line":206,"column":40}},"type":"binary-expr","locations":[{"start":{"line":206,"column":15},"end":{"line":206,"column":25}},{"start":{"line":206,"column":29},"end":{"line":206,"column":40}}]},"23":{"loc":{"start":{"line":207,"column":18},"end":{"line":207,"column":63}},"type":"binary-expr","locations":[{"start":{"line":207,"column":18},"end":{"line":207,"column":32}},{"start":{"line":207,"column":36},"end":{"line":207,"column":63}}]},"24":{"loc":{"start":{"line":214,"column":2},"end":{"line":223,"column":3}},"type":"if","locations":[{"start":{"line":214,"column":2},"end":{"line":223,"column":3}},{"start":{},"end":{}}]},"25":{"loc":{"start":{"line":219,"column":18},"end":{"line":219,"column":63}},"type":"binary-expr","locations":[{"start":{"line":219,"column":18},"end":{"line":219,"column":32}},{"start":{"line":219,"column":36},"end":{"line":219,"column":63}}]},"26":{"loc":{"start":{"line":225,"column":2},"end":{"line":234,"column":3}},"type":"if","locations":[{"start":{"line":225,"column":2},"end":{"line":234,"column":3}},{"start":{},"end":{}}]},"27":{"loc":{"start":{"line":230,"column":18},"end":{"line":230,"column":63}},"type":"binary-expr","locations":[{"start":{"line":230,"column":18},"end":{"line":230,"column":32}},{"start":{"line":230,"column":36},"end":{"line":230,"column":63}}]},"28":{"loc":{"start":{"line":237,"column":2},"end":{"line":262,"column":3}},"type":"if","locations":[{"start":{"line":237,"column":2},"end":{"line":262,"column":3}},{"start":{},"end":{}}]},"29":{"loc":{"start":{"line":241,"column":4},"end":{"line":251,"column":5}},"type":"switch","locations":[{"start":{"line":242,"column":6},"end":{"line":244,"column":14}},{"start":{"line":245,"column":6},"end":{"line":247,"column":14}},{"start":{"line":248,"column":6},"end":{"line":250,"column":14}}]},"30":{"loc":{"start":{"line":258,"column":18},"end":{"line":258,"column":63}},"type":"binary-expr","locations":[{"start":{"line":258,"column":18},"end":{"line":258,"column":32}},{"start":{"line":258,"column":36},"end":{"line":258,"column":63}}]},"31":{"loc":{"start":{"line":265,"column":2},"end":{"line":274,"column":3}},"type":"if","locations":[{"start":{"line":265,"column":2},"end":{"line":274,"column":3}},{"start":{},"end":{}}]},"32":{"loc":{"start":{"line":265,"column":6},"end":{"line":265,"column":49}},"type":"binary-expr","locations":[{"start":{"line":265,"column":6},"end":{"line":265,"column":32}},{"start":{"line":265,"column":36},"end":{"line":265,"column":49}}]},"33":{"loc":{"start":{"line":270,"column":18},"end":{"line":270,"column":63}},"type":"binary-expr","locations":[{"start":{"line":270,"column":18},"end":{"line":270,"column":32}},{"start":{"line":270,"column":36},"end":{"line":270,"column":63}}]},"34":{"loc":{"start":{"line":277,"column":2},"end":{"line":287,"column":3}},"type":"if","locations":[{"start":{"line":277,"column":2},"end":{"line":287,"column":3}},{"start":{},"end":{}}]},"35":{"loc":{"start":{"line":277,"column":6},"end":{"line":277,"column":91}},"type":"binary-expr","locations":[{"start":{"line":277,"column":6},"end":{"line":277,"column":45}},{"start":{"line":277,"column":49},"end":{"line":277,"column":91}}]},"36":{"loc":{"start":{"line":282,"column":15},"end":{"line":282,"column":40}},"type":"binary-expr","locations":[{"start":{"line":282,"column":15},"end":{"line":282,"column":25}},{"start":{"line":282,"column":29},"end":{"line":282,"column":40}}]},"37":{"loc":{"start":{"line":283,"column":18},"end":{"line":283,"column":63}},"type":"binary-expr","locations":[{"start":{"line":283,"column":18},"end":{"line":283,"column":32}},{"start":{"line":283,"column":36},"end":{"line":283,"column":63}}]},"38":{"loc":{"start":{"line":290,"column":21},"end":{"line":290,"column":56}},"type":"binary-expr","locations":[{"start":{"line":290,"column":21},"end":{"line":290,"column":35}},{"start":{"line":290,"column":39},"end":{"line":290,"column":49}},{"start":{"line":290,"column":53},"end":{"line":290,"column":56}}]},"39":{"loc":{"start":{"line":291,"column":18},"end":{"line":293,"column":51}},"type":"cond-expr","locations":[{"start":{"line":292,"column":6},"end":{"line":292,"column":29}},{"start":{"line":293,"column":6},"end":{"line":293,"column":51}}]},"40":{"loc":{"start":{"line":293,"column":6},"end":{"line":293,"column":51}},"type":"binary-expr","locations":[{"start":{"line":293,"column":6},"end":{"line":293,"column":17}},{"start":{"line":293,"column":21},"end":{"line":293,"column":51}}]},"41":{"loc":{"start":{"line":299,"column":8},"end":{"line":299,"column":69}},"type":"binary-expr","locations":[{"start":{"line":299,"column":8},"end":{"line":299,"column":45}},{"start":{"line":299,"column":49},"end":{"line":299,"column":69}}]},"42":{"loc":{"start":{"line":300,"column":16},"end":{"line":300,"column":61}},"type":"binary-expr","locations":[{"start":{"line":300,"column":16},"end":{"line":300,"column":30}},{"start":{"line":300,"column":34},"end":{"line":300,"column":61}}]}},"s":{"0":0,"1":0,"2":0,"3":0,"4":0,"5":0,"6":0,"7":0,"8":0,"9":0,"10":0,"11":0,"12":0,"13":0,"14":0,"15":0,"16":0,"17":0,"18":0,"19":0,"20":0,"21":0,"22":0,"23":0,"24":0,"25":0,"26":0,"27":0,"28":0,"29":0,"30":0,"31":0,"32":0,"33":0,"34":0,"35":0,"36":0,"37":0,"38":0,"39":0,"40":0,"41":0,"42":0,"43":0,"44":0,"45":0,"46":0,"47":0,"48":0,"49":0,"50":0,"51":0,"52":0,"53":0,"54":0,"55":0,"56":0,"57":0,"58":0,"59":0,"60":0,"61":0,"62":0,"63":0,"64":0,"65":0,"66":0,"67":0,"68":0,"69":0,"70":0,"71":0,"72":0,"73":0,"74":0,"75":0,"76":0,"77":0,"78":0,"79":0},"f":{"0":0,"1":0,"2":0,"3":0,"4":0,"5":0,"6":0,"7":0,"8":0,"9":0,"10":0,"11":0,"12":0,"13":0,"14":0,"15":0,"16":0,"17":0,"18":0},"b":{"0":[0],"1":[0],"2":[0],"3":[0],"4":[0],"5":[0,0],"6":[0],"7":[0,0],"8":[0,0],"9":[0],"10":[0],"11":[0],"12":[0],"13":[0,0],"14":[0,0],"15":[0,0],"16":[0,0],"17":[0,0],"18":[0,0],"19":[0,0],"20":[0,0],"21":[0,0],"22":[0,0],"23":[0,0],"24":[0,0],"25":[0,0],"26":[0,0],"27":[0,0],"28":[0,0],"29":[0,0,0],"30":[0,0],"31":[0,0],"32":[0,0],"33":[0,0],"34":[0,0],"35":[0,0],"36":[0,0],"37":[0,0],"38":[0,0,0],"39":[0,0],"40":[0,0],"41":[0,0],"42":[0,0]}}
,"/workspaces/love-rank-pulse/src/api-gateway/middleware/loggingMiddleware.ts": {"path":"/workspaces/love-rank-pulse/src/api-gateway/middleware/loggingMiddleware.ts","statementMap":{"0":{"start":{"line":71,"column":0},"end":{"line":71,"column":16}},"1":{"start":{"line":122,"column":0},"end":{"line":122,"column":16}},"2":{"start":{"line":144,"column":0},"end":{"line":144,"column":16}},"3":{"start":{"line":170,"column":0},"end":{"line":170,"column":16}},"4":{"start":{"line":1,"column":0},"end":{"line":1,"column":28}},"5":{"start":{"line":25,"column":0},"end":{"line":27,"column":3}},"6":{"start":{"line":26,"column":2},"end":{"line":26,"column":54}},"7":{"start":{"line":32,"column":0},"end":{"line":34,"column":3}},"8":{"start":{"line":33,"column":2},"end":{"line":33,"column":51}},"9":{"start":{"line":39,"column":0},"end":{"line":48,"column":3}},"10":{"start":{"line":40,"column":2},"end":{"line":42,"column":3}},"11":{"start":{"line":41,"column":4},"end":{"line":41,"column":15}},"12":{"start":{"line":44,"column":13},"end":{"line":45,"column":55}},"13":{"start":{"line":47,"column":2},"end":{"line":47,"column":23}},"14":{"start":{"line":53,"column":19},"end":{"line":64,"column":2}},"15":{"start":{"line":76,"column":6},"end":{"line":76,"column":12}},"16":{"start":{"line":79,"column":20},"end":{"line":79,"column":59}},"17":{"start":{"line":81,"column":2},"end":{"line":91,"column":5}},"18":{"start":{"line":84,"column":19},"end":{"line":84,"column":33}},"19":{"start":{"line":85,"column":6},"end":{"line":88,"column":41}},"20":{"start":{"line":98,"column":13},"end":{"line":100,"column":3}},"21":{"start":{"line":106,"column":13},"end":{"line":108,"column":3}},"22":{"start":{"line":114,"column":13},"end":{"line":116,"column":3}},"23":{"start":{"line":123,"column":14},"end":{"line":123,"column":51}},"24":{"start":{"line":124,"column":20},"end":{"line":124,"column":48}},"25":{"start":{"line":127,"column":2},"end":{"line":129,"column":3}},"26":{"start":{"line":128,"column":4},"end":{"line":128,"column":33}},"27":{"start":{"line":132,"column":2},"end":{"line":134,"column":3}},"28":{"start":{"line":133,"column":4},"end":{"line":133,"column":39}},"29":{"start":{"line":136,"column":2},"end":{"line":136,"column":38}},"30":{"start":{"line":145,"column":19},"end":{"line":160,"column":4}},"31":{"start":{"line":162,"column":2},"end":{"line":162,"column":66}},"32":{"start":{"line":171,"column":20},"end":{"line":176,"column":4}},"33":{"start":{"line":178,"column":2},"end":{"line":178,"column":66}}},"fnMap":{"0":{"name":"(anonymous_1)","decl":{"start":{"line":25,"column":27},"end":{"line":25,"column":28}},"loc":{"start":{"line":25,"column":40},"end":{"line":27,"column":1}}},"1":{"name":"(anonymous_2)","decl":{"start":{"line":32,"column":24},"end":{"line":32,"column":25}},"loc":{"start":{"line":32,"column":37},"end":{"line":34,"column":1}}},"2":{"name":"(anonymous_3)","decl":{"start":{"line":39,"column":33},"end":{"line":39,"column":34}},"loc":{"start":{"line":39,"column":56},"end":{"line":48,"column":1}}},"3":{"name":"createLoggingMiddleware","decl":{"start":{"line":71,"column":16},"end":{"line":71,"column":39}},"loc":{"start":{"line":71,"column":66},"end":{"line":92,"column":1}}},"4":{"name":"(anonymous_5)","decl":{"start":{"line":82,"column":19},"end":{"line":82,"column":20}},"loc":{"start":{"line":82,"column":32},"end":{"line":89,"column":5}}},"5":{"name":"getLoggingMiddleware","decl":{"start":{"line":122,"column":16},"end":{"line":122,"column":36}},"loc":{"start":{"line":122,"column":36},"end":{"line":137,"column":1}}},"6":{"name":"logError","decl":{"start":{"line":144,"column":16},"end":{"line":144,"column":24}},"loc":{"start":{"line":144,"column":46},"end":{"line":163,"column":1}}},"7":{"name":"logAccess","decl":{"start":{"line":170,"column":16},"end":{"line":170,"column":25}},"loc":{"start":{"line":170,"column":53},"end":{"line":179,"column":1}}}},"branchMap":{"0":{"loc":{"start":{"line":26,"column":9},"end":{"line":26,"column":53}},"type":"binary-expr","locations":[{"start":{"line":26,"column":9},"end":{"line":26,"column":15}},{"start":{"line":26,"column":19},"end":{"line":26,"column":46}},{"start":{"line":26,"column":50},"end":{"line":26,"column":53}}]},"1":{"loc":{"start":{"line":33,"column":9},"end":{"line":33,"column":50}},"type":"binary-expr","locations":[{"start":{"line":33,"column":9},"end":{"line":33,"column":21}},{"start":{"line":33,"column":25},"end":{"line":33,"column":35}},{"start":{"line":33,"column":39},"end":{"line":33,"column":50}}]},"2":{"loc":{"start":{"line":33,"column":9},"end":{"line":33,"column":21}},"type":"cond-expr","locations":[{"start":{"line":33,"column":17},"end":{"line":33,"column":19}},{"start":{"line":33,"column":17},"end":{"line":33,"column":21}}]},"3":{"loc":{"start":{"line":33,"column":9},"end":{"line":33,"column":19}},"type":"binary-expr","locations":[{"start":{"line":33,"column":9},"end":{"line":33,"column":19}},{"start":{"line":33,"column":17},"end":{"line":33,"column":19}}]},"4":{"loc":{"start":{"line":40,"column":2},"end":{"line":42,"column":3}},"type":"if","locations":[{"start":{"line":40,"column":2},"end":{"line":42,"column":3}},{"start":{},"end":{}}]},"5":{"loc":{"start":{"line":40,"column":6},"end":{"line":40,"column":36}},"type":"binary-expr","locations":[{"start":{"line":40,"column":6},"end":{"line":40,"column":19}},{"start":{"line":40,"column":23},"end":{"line":40,"column":36}}]},"6":{"loc":{"start":{"line":71,"column":40},"end":{"line":71,"column":66}},"type":"default-arg","locations":[{"start":{"line":71,"column":64},"end":{"line":71,"column":66}}]},"7":{"loc":{"start":{"line":73,"column":4},"end":{"line":73,"column":71}},"type":"default-arg","locations":[{"start":{"line":73,"column":13},"end":{"line":73,"column":71}}]},"8":{"loc":{"start":{"line":73,"column":13},"end":{"line":73,"column":71}},"type":"cond-expr","locations":[{"start":{"line":73,"column":53},"end":{"line":73,"column":63}},{"start":{"line":73,"column":66},"end":{"line":73,"column":71}}]},"9":{"loc":{"start":{"line":79,"column":20},"end":{"line":79,"column":59}},"type":"cond-expr","locations":[{"start":{"line":79,"column":40},"end":{"line":79,"column":50}},{"start":{"line":79,"column":53},"end":{"line":79,"column":59}}]},"10":{"loc":{"start":{"line":82,"column":10},"end":{"line":89,"column":6}},"type":"binary-expr","locations":[{"start":{"line":82,"column":10},"end":{"line":82,"column":14}},{"start":{"line":82,"column":19},"end":{"line":89,"column":5}}]},"11":{"loc":{"start":{"line":84,"column":19},"end":{"line":84,"column":33}},"type":"binary-expr","locations":[{"start":{"line":84,"column":19},"end":{"line":84,"column":27}},{"start":{"line":84,"column":31},"end":{"line":84,"column":33}}]},"12":{"loc":{"start":{"line":85,"column":13},"end":{"line":88,"column":40}},"type":"binary-expr","locations":[{"start":{"line":85,"column":13},"end":{"line":85,"column":31}},{"start":{"line":86,"column":13},"end":{"line":86,"column":29}},{"start":{"line":87,"column":13},"end":{"line":87,"column":40}},{"start":{"line":88,"column":13},"end":{"line":88,"column":40}}]},"13":{"loc":{"start":{"line":90,"column":12},"end":{"line":90,"column":36}},"type":"binary-expr","locations":[{"start":{"line":90,"column":12},"end":{"line":90,"column":18}},{"start":{"line":90,"column":22},"end":{"line":90,"column":36}}]},"14":{"loc":{"start":{"line":123,"column":14},"end":{"line":123,"column":51}},"type":"binary-expr","locations":[{"start":{"line":123,"column":14},"end":{"line":123,"column":34}},{"start":{"line":123,"column":38},"end":{"line":123,"column":51}}]},"15":{"loc":{"start":{"line":124,"column":20},"end":{"line":124,"column":48}},"type":"binary-expr","locations":[{"start":{"line":124,"column":20},"end":{"line":124,"column":42}},{"start":{"line":124,"column":46},"end":{"line":124,"column":48}}]},"16":{"loc":{"start":{"line":127,"column":2},"end":{"line":129,"column":3}},"type":"if","locations":[{"start":{"line":127,"column":2},"end":{"line":129,"column":3}},{"start":{},"end":{}}]},"17":{"loc":{"start":{"line":132,"column":2},"end":{"line":134,"column":3}},"type":"if","locations":[{"start":{"line":132,"column":2},"end":{"line":134,"column":3}},{"start":{},"end":{}}]},"18":{"loc":{"start":{"line":148,"column":15},"end":{"line":148,"column":47}},"type":"binary-expr","locations":[{"start":{"line":148,"column":15},"end":{"line":148,"column":28}},{"start":{"line":148,"column":32},"end":{"line":148,"column":47}}]},"19":{"loc":{"start":{"line":153,"column":13},"end":{"line":159,"column":17}},"type":"cond-expr","locations":[{"start":{"line":153,"column":19},"end":{"line":159,"column":6}},{"start":{"line":159,"column":8},"end":{"line":159,"column":17}}]},"20":{"loc":{"start":{"line":157,"column":17},"end":{"line":157,"column":54}},"type":"binary-expr","locations":[{"start":{"line":157,"column":17},"end":{"line":157,"column":23}},{"start":{"line":157,"column":27},"end":{"line":157,"column":54}}]},"21":{"loc":{"start":{"line":158,"column":14},"end":{"line":158,"column":40}},"type":"binary-expr","locations":[{"start":{"line":158,"column":14},"end":{"line":158,"column":26}},{"start":{"line":158,"column":30},"end":{"line":158,"column":40}}]},"22":{"loc":{"start":{"line":158,"column":14},"end":{"line":158,"column":26}},"type":"cond-expr","locations":[{"start":{"line":158,"column":22},"end":{"line":158,"column":24}},{"start":{"line":158,"column":22},"end":{"line":158,"column":26}}]},"23":{"loc":{"start":{"line":158,"column":14},"end":{"line":158,"column":24}},"type":"binary-expr","locations":[{"start":{"line":158,"column":14},"end":{"line":158,"column":24}},{"start":{"line":158,"column":22},"end":{"line":158,"column":24}}]}},"s":{"0":0,"1":0,"2":0,"3":0,"4":0,"5":0,"6":0,"7":0,"8":0,"9":0,"10":0,"11":0,"12":0,"13":0,"14":0,"15":0,"16":0,"17":0,"18":0,"19":0,"20":0,"21":0,"22":0,"23":0,"24":0,"25":0,"26":0,"27":0,"28":0,"29":0,"30":0,"31":0,"32":0,"33":0},"f":{"0":0,"1":0,"2":0,"3":0,"4":0,"5":0,"6":0,"7":0},"b":{"0":[0,0,0],"1":[0,0,0],"2":[0,0],"3":[0,0],"4":[0,0],"5":[0,0],"6":[0],"7":[0],"8":[0,0],"9":[0,0],"10":[0,0],"11":[0,0],"12":[0,0,0,0],"13":[0,0],"14":[0,0],"15":[0,0],"16":[0,0],"17":[0,0],"18":[0,0],"19":[0,0],"20":[0,0],"21":[0,0],"22":[0,0],"23":[0,0]}}
,"/workspaces/love-rank-pulse/src/api-gateway/middleware/rateLimitMiddleware.ts": {"path":"/workspaces/love-rank-pulse/src/api-gateway/middleware/rateLimitMiddleware.ts","statementMap":{"0":{"start":{"line":31,"column":0},"end":{"line":31,"column":16}},"1":{"start":{"line":1,"column":0},"end":{"line":1,"column":43}},"2":{"start":{"line":38,"column":6},"end":{"line":38,"column":12}},"3":{"start":{"line":40,"column":2},"end":{"line":78,"column":5}},"4":{"start":{"line":56,"column":27},"end":{"line":56,"column":57}},"5":{"start":{"line":57,"column":6},"end":{"line":60,"column":7}},"6":{"start":{"line":58,"column":20},"end":{"line":58,"column":80}},"7":{"start":{"line":59,"column":8},"end":{"line":59,"column":40}},"8":{"start":{"line":61,"column":6},"end":{"line":61,"column":33}},"9":{"start":{"line":65,"column":25},"end":{"line":65,"column":51}},"10":{"start":{"line":66,"column":6},"end":{"line":76,"column":9}},"11":{"start":{"line":85,"column":13},"end":{"line":85,"column":54}},"12":{"start":{"line":91,"column":13},"end":{"line":94,"column":3}},"13":{"start":{"line":100,"column":13},"end":{"line":103,"column":3}},"14":{"start":{"line":109,"column":13},"end":{"line":112,"column":3}}},"fnMap":{"0":{"name":"createRateLimiter","decl":{"start":{"line":31,"column":16},"end":{"line":31,"column":33}},"loc":{"start":{"line":31,"column":62},"end":{"line":79,"column":1}}},"1":{"name":"(anonymous_2)","decl":{"start":{"line":54,"column":18},"end":{"line":54,"column":19}},"loc":{"start":{"line":54,"column":26},"end":{"line":62,"column":5}}},"2":{"name":"(anonymous_3)","decl":{"start":{"line":64,"column":13},"end":{"line":64,"column":14}},"loc":{"start":{"line":64,"column":26},"end":{"line":77,"column":5}}}},"branchMap":{"0":{"loc":{"start":{"line":31,"column":34},"end":{"line":31,"column":62}},"type":"default-arg","locations":[{"start":{"line":31,"column":60},"end":{"line":31,"column":62}}]},"1":{"loc":{"start":{"line":33,"column":4},"end":{"line":33,"column":29}},"type":"default-arg","locations":[{"start":{"line":33,"column":15},"end":{"line":33,"column":29}}]},"2":{"loc":{"start":{"line":34,"column":4},"end":{"line":34,"column":21}},"type":"default-arg","locations":[{"start":{"line":34,"column":18},"end":{"line":34,"column":21}}]},"3":{"loc":{"start":{"line":35,"column":4},"end":{"line":35,"column":71}},"type":"default-arg","locations":[{"start":{"line":35,"column":14},"end":{"line":35,"column":71}}]},"4":{"loc":{"start":{"line":36,"column":4},"end":{"line":36,"column":34}},"type":"default-arg","locations":[{"start":{"line":36,"column":29},"end":{"line":36,"column":34}}]},"5":{"loc":{"start":{"line":37,"column":4},"end":{"line":37,"column":30}},"type":"default-arg","locations":[{"start":{"line":37,"column":25},"end":{"line":37,"column":30}}]},"6":{"loc":{"start":{"line":57,"column":6},"end":{"line":60,"column":7}},"type":"if","locations":[{"start":{"line":57,"column":6},"end":{"line":60,"column":7}},{"start":{},"end":{}}]},"7":{"loc":{"start":{"line":58,"column":20},"end":{"line":58,"column":80}},"type":"cond-expr","locations":[{"start":{"line":58,"column":50},"end":{"line":58,"column":65}},{"start":{"line":58,"column":68},"end":{"line":58,"column":80}}]},"8":{"loc":{"start":{"line":61,"column":13},"end":{"line":61,"column":32}},"type":"binary-expr","locations":[{"start":{"line":61,"column":13},"end":{"line":61,"column":19}},{"start":{"line":61,"column":23},"end":{"line":61,"column":32}}]}},"s":{"0":0,"1":0,"2":0,"3":0,"4":0,"5":0,"6":0,"7":0,"8":0,"9":0,"10":0,"11":0,"12":0,"13":0,"14":0},"f":{"0":0,"1":0,"2":0},"b":{"0":[0],"1":[0],"2":[0],"3":[0],"4":[0],"5":[0],"6":[0,0],"7":[0,0],"8":[0,0]}}
,"/workspaces/love-rank-pulse/src/api-gateway/middleware/requestMiddleware.ts": {"path":"/workspaces/love-rank-pulse/src/api-gateway/middleware/requestMiddleware.ts","statementMap":{"0":{"start":{"line":21,"column":0},"end":{"line":21,"column":16}},"1":{"start":{"line":42,"column":0},"end":{"line":42,"column":16}},"2":{"start":{"line":60,"column":0},"end":{"line":60,"column":16}},"3":{"start":{"line":96,"column":0},"end":{"line":96,"column":16}},"4":{"start":{"line":179,"column":0},"end":{"line":179,"column":16}},"5":{"start":{"line":2,"column":0},"end":{"line":2,"column":36}},"6":{"start":{"line":26,"column":2},"end":{"line":33,"column":4}},"7":{"start":{"line":47,"column":2},"end":{"line":52,"column":5}},"8":{"start":{"line":63,"column":42},"end":{"line":63,"column":44}},"9":{"start":{"line":66,"column":2},"end":{"line":85,"column":5}},"10":{"start":{"line":68,"column":4},"end":{"line":84,"column":5}},"11":{"start":{"line":69,"column":6},"end":{"line":69,"column":29}},"12":{"start":{"line":70,"column":11},"end":{"line":84,"column":5}},"13":{"start":{"line":71,"column":6},"end":{"line":71,"column":30}},"14":{"start":{"line":74,"column":9},"end":{"line":84,"column":5}},"15":{"start":{"line":75,"column":6},"end":{"line":75,"column":38}},"16":{"start":{"line":78,"column":9},"end":{"line":84,"column":5}},"17":{"start":{"line":79,"column":6},"end":{"line":79,"column":66}},"18":{"start":{"line":79,"column":53},"end":{"line":79,"column":64}},"19":{"start":{"line":83,"column":6},"end":{"line":83,"column":30}},"20":{"start":{"line":87,"column":2},"end":{"line":87,"column":20}},"21":{"start":{"line":106,"column":27},"end":{"line":106,"column":29}},"22":{"start":{"line":109,"column":2},"end":{"line":166,"column":5}},"23":{"start":{"line":110,"column":18},"end":{"line":110,"column":31}},"24":{"start":{"line":113,"column":4},"end":{"line":116,"column":5}},"25":{"start":{"line":114,"column":6},"end":{"line":114,"column":50}},"26":{"start":{"line":115,"column":6},"end":{"line":115,"column":13}},"27":{"start":{"line":119,"column":4},"end":{"line":121,"column":5}},"28":{"start":{"line":120,"column":6},"end":{"line":120,"column":13}},"29":{"start":{"line":124,"column":4},"end":{"line":160,"column":5}},"30":{"start":{"line":126,"column":8},"end":{"line":132,"column":9}},"31":{"start":{"line":127,"column":10},"end":{"line":127,"column":59}},"32":{"start":{"line":128,"column":15},"end":{"line":132,"column":9}},"33":{"start":{"line":129,"column":10},"end":{"line":129,"column":83}},"34":{"start":{"line":130,"column":15},"end":{"line":132,"column":9}},"35":{"start":{"line":131,"column":10},"end":{"line":131,"column":82}},"36":{"start":{"line":133,"column":8},"end":{"line":133,"column":14}},"37":{"start":{"line":136,"column":8},"end":{"line":142,"column":9}},"38":{"start":{"line":137,"column":10},"end":{"line":137,"column":59}},"39":{"start":{"line":138,"column":15},"end":{"line":142,"column":9}},"40":{"start":{"line":139,"column":10},"end":{"line":139,"column":72}},"41":{"start":{"line":140,"column":15},"end":{"line":142,"column":9}},"42":{"start":{"line":141,"column":10},"end":{"line":141,"column":71}},"43":{"start":{"line":143,"column":8},"end":{"line":143,"column":14}},"44":{"start":{"line":146,"column":8},"end":{"line":148,"column":9}},"45":{"start":{"line":147,"column":10},"end":{"line":147,"column":60}},"46":{"start":{"line":149,"column":8},"end":{"line":149,"column":14}},"47":{"start":{"line":152,"column":8},"end":{"line":158,"column":9}},"48":{"start":{"line":153,"column":10},"end":{"line":153,"column":59}},"49":{"start":{"line":154,"column":15},"end":{"line":158,"column":9}},"50":{"start":{"line":155,"column":10},"end":{"line":155,"column":80}},"51":{"start":{"line":156,"column":15},"end":{"line":158,"column":9}},"52":{"start":{"line":157,"column":10},"end":{"line":157,"column":79}},"53":{"start":{"line":159,"column":8},"end":{"line":159,"column":14}},"54":{"start":{"line":163,"column":4},"end":{"line":165,"column":5}},"55":{"start":{"line":164,"column":6},"end":{"line":164,"column":79}},"56":{"start":{"line":168,"column":2},"end":{"line":171,"column":4}},"57":{"start":{"line":180,"column":2},"end":{"line":182,"column":3}},"58":{"start":{"line":181,"column":4},"end":{"line":181,"column":16}},"59":{"start":{"line":185,"column":2},"end":{"line":187,"column":3}},"60":{"start":{"line":186,"column":4},"end":{"line":186,"column":48}},"61":{"start":{"line":186,"column":28},"end":{"line":186,"column":46}},"62":{"start":{"line":190,"column":2},"end":{"line":203,"column":3}},"63":{"start":{"line":191,"column":43},"end":{"line":191,"column":45}},"64":{"start":{"line":193,"column":4},"end":{"line":200,"column":7}},"65":{"start":{"line":195,"column":6},"end":{"line":199,"column":7}},"66":{"start":{"line":196,"column":8},"end":{"line":196,"column":38}},"67":{"start":{"line":198,"column":8},"end":{"line":198,"column":45}},"68":{"start":{"line":202,"column":4},"end":{"line":202,"column":21}},"69":{"start":{"line":206,"column":2},"end":{"line":206,"column":14}}},"fnMap":{"0":{"name":"createRequestContext","decl":{"start":{"line":21,"column":16},"end":{"line":21,"column":36}},"loc":{"start":{"line":24,"column":12},"end":{"line":34,"column":1}}},"1":{"name":"logRequest","decl":{"start":{"line":42,"column":16},"end":{"line":42,"column":26}},"loc":{"start":{"line":45,"column":16},"end":{"line":53,"column":1}}},"2":{"name":"normalizeQueryParams","decl":{"start":{"line":60,"column":16},"end":{"line":60,"column":36}},"loc":{"start":{"line":61,"column":33},"end":{"line":88,"column":1}}},"3":{"name":"(anonymous_3)","decl":{"start":{"line":66,"column":32},"end":{"line":66,"column":33}},"loc":{"start":{"line":66,"column":49},"end":{"line":85,"column":3}}},"4":{"name":"(anonymous_4)","decl":{"start":{"line":79,"column":45},"end":{"line":79,"column":49}},"loc":{"start":{"line":79,"column":53},"end":{"line":79,"column":64}}},"5":{"name":"validateParams","decl":{"start":{"line":96,"column":16},"end":{"line":96,"column":30}},"loc":{"start":{"line":104,"column":4},"end":{"line":172,"column":1}}},"6":{"name":"(anonymous_6)","decl":{"start":{"line":109,"column":33},"end":{"line":109,"column":34}},"loc":{"start":{"line":109,"column":52},"end":{"line":166,"column":3}}},"7":{"name":"sanitizeData","decl":{"start":{"line":179,"column":16},"end":{"line":179,"column":28}},"loc":{"start":{"line":179,"column":38},"end":{"line":207,"column":1}}},"8":{"name":"(anonymous_8)","decl":{"start":{"line":186,"column":20},"end":{"line":186,"column":24}},"loc":{"start":{"line":186,"column":28},"end":{"line":186,"column":46}}},"9":{"name":"(anonymous_9)","decl":{"start":{"line":193,"column":33},"end":{"line":193,"column":34}},"loc":{"start":{"line":193,"column":50},"end":{"line":200,"column":5}}}},"branchMap":{"0":{"loc":{"start":{"line":22,"column":2},"end":{"line":22,"column":34}},"type":"default-arg","locations":[{"start":{"line":22,"column":32},"end":{"line":22,"column":34}}]},"1":{"loc":{"start":{"line":49,"column":12},"end":{"line":49,"column":41}},"type":"binary-expr","locations":[{"start":{"line":49,"column":12},"end":{"line":49,"column":26}},{"start":{"line":49,"column":30},"end":{"line":49,"column":41}}]},"2":{"loc":{"start":{"line":61,"column":2},"end":{"line":61,"column":33}},"type":"default-arg","locations":[{"start":{"line":61,"column":31},"end":{"line":61,"column":33}}]},"3":{"loc":{"start":{"line":68,"column":4},"end":{"line":84,"column":5}},"type":"if","locations":[{"start":{"line":68,"column":4},"end":{"line":84,"column":5}},{"start":{"line":70,"column":11},"end":{"line":84,"column":5}}]},"4":{"loc":{"start":{"line":70,"column":11},"end":{"line":84,"column":5}},"type":"if","locations":[{"start":{"line":70,"column":11},"end":{"line":84,"column":5}},{"start":{"line":74,"column":9},"end":{"line":84,"column":5}}]},"5":{"loc":{"start":{"line":74,"column":9},"end":{"line":84,"column":5}},"type":"if","locations":[{"start":{"line":74,"column":9},"end":{"line":84,"column":5}},{"start":{"line":78,"column":9},"end":{"line":84,"column":5}}]},"6":{"loc":{"start":{"line":74,"column":13},"end":{"line":74,"column":50}},"type":"binary-expr","locations":[{"start":{"line":74,"column":13},"end":{"line":74,"column":34}},{"start":{"line":74,"column":38},"end":{"line":74,"column":50}}]},"7":{"loc":{"start":{"line":78,"column":9},"end":{"line":84,"column":5}},"type":"if","locations":[{"start":{"line":78,"column":9},"end":{"line":84,"column":5}},{"start":{"line":82,"column":9},"end":{"line":84,"column":5}}]},"8":{"loc":{"start":{"line":78,"column":13},"end":{"line":78,"column":61}},"type":"binary-expr","locations":[{"start":{"line":78,"column":13},"end":{"line":78,"column":38}},{"start":{"line":78,"column":42},"end":{"line":78,"column":61}}]},"9":{"loc":{"start":{"line":113,"column":4},"end":{"line":116,"column":5}},"type":"if","locations":[{"start":{"line":113,"column":4},"end":{"line":116,"column":5}},{"start":{},"end":{}}]},"10":{"loc":{"start":{"line":113,"column":8},"end":{"line":113,"column":81}},"type":"binary-expr","locations":[{"start":{"line":113,"column":8},"end":{"line":113,"column":22}},{"start":{"line":113,"column":27},"end":{"line":113,"column":46}},{"start":{"line":113,"column":50},"end":{"line":113,"column":64}},{"start":{"line":113,"column":68},"end":{"line":113,"column":80}}]},"11":{"loc":{"start":{"line":119,"column":4},"end":{"line":121,"column":5}},"type":"if","locations":[{"start":{"line":119,"column":4},"end":{"line":121,"column":5}},{"start":{},"end":{}}]},"12":{"loc":{"start":{"line":119,"column":8},"end":{"line":119,"column":45}},"type":"binary-expr","locations":[{"start":{"line":119,"column":8},"end":{"line":119,"column":27}},{"start":{"line":119,"column":31},"end":{"line":119,"column":45}}]},"13":{"loc":{"start":{"line":124,"column":4},"end":{"line":160,"column":5}},"type":"switch","locations":[{"start":{"line":125,"column":6},"end":{"line":133,"column":14}},{"start":{"line":135,"column":6},"end":{"line":143,"column":14}},{"start":{"line":145,"column":6},"end":{"line":149,"column":14}},{"start":{"line":151,"column":6},"end":{"line":159,"column":14}}]},"14":{"loc":{"start":{"line":126,"column":8},"end":{"line":132,"column":9}},"type":"if","locations":[{"start":{"line":126,"column":8},"end":{"line":132,"column":9}},{"start":{"line":128,"column":15},"end":{"line":132,"column":9}}]},"15":{"loc":{"start":{"line":128,"column":15},"end":{"line":132,"column":9}},"type":"if","locations":[{"start":{"line":128,"column":15},"end":{"line":132,"column":9}},{"start":{"line":130,"column":15},"end":{"line":132,"column":9}}]},"16":{"loc":{"start":{"line":128,"column":19},"end":{"line":128,"column":70}},"type":"binary-expr","locations":[{"start":{"line":128,"column":19},"end":{"line":128,"column":42}},{"start":{"line":128,"column":46},"end":{"line":128,"column":70}}]},"17":{"loc":{"start":{"line":130,"column":15},"end":{"line":132,"column":9}},"type":"if","locations":[{"start":{"line":130,"column":15},"end":{"line":132,"column":9}},{"start":{},"end":{}}]},"18":{"loc":{"start":{"line":130,"column":19},"end":{"line":130,"column":70}},"type":"binary-expr","locations":[{"start":{"line":130,"column":19},"end":{"line":130,"column":42}},{"start":{"line":130,"column":46},"end":{"line":130,"column":70}}]},"19":{"loc":{"start":{"line":136,"column":8},"end":{"line":142,"column":9}},"type":"if","locations":[{"start":{"line":136,"column":8},"end":{"line":142,"column":9}},{"start":{"line":138,"column":15},"end":{"line":142,"column":9}}]},"20":{"loc":{"start":{"line":138,"column":15},"end":{"line":142,"column":9}},"type":"if","locations":[{"start":{"line":138,"column":15},"end":{"line":142,"column":9}},{"start":{"line":140,"column":15},"end":{"line":142,"column":9}}]},"21":{"loc":{"start":{"line":138,"column":19},"end":{"line":138,"column":63}},"type":"binary-expr","locations":[{"start":{"line":138,"column":19},"end":{"line":138,"column":42}},{"start":{"line":138,"column":46},"end":{"line":138,"column":63}}]},"22":{"loc":{"start":{"line":140,"column":15},"end":{"line":142,"column":9}},"type":"if","locations":[{"start":{"line":140,"column":15},"end":{"line":142,"column":9}},{"start":{},"end":{}}]},"23":{"loc":{"start":{"line":140,"column":19},"end":{"line":140,"column":63}},"type":"binary-expr","locations":[{"start":{"line":140,"column":19},"end":{"line":140,"column":42}},{"start":{"line":140,"column":46},"end":{"line":140,"column":63}}]},"24":{"loc":{"start":{"line":146,"column":8},"end":{"line":148,"column":9}},"type":"if","locations":[{"start":{"line":146,"column":8},"end":{"line":148,"column":9}},{"start":{},"end":{}}]},"25":{"loc":{"start":{"line":152,"column":8},"end":{"line":158,"column":9}},"type":"if","locations":[{"start":{"line":152,"column":8},"end":{"line":158,"column":9}},{"start":{"line":154,"column":15},"end":{"line":158,"column":9}}]},"26":{"loc":{"start":{"line":154,"column":15},"end":{"line":158,"column":9}},"type":"if","locations":[{"start":{"line":154,"column":15},"end":{"line":158,"column":9}},{"start":{"line":156,"column":15},"end":{"line":158,"column":9}}]},"27":{"loc":{"start":{"line":154,"column":19},"end":{"line":154,"column":70}},"type":"binary-expr","locations":[{"start":{"line":154,"column":19},"end":{"line":154,"column":42}},{"start":{"line":154,"column":46},"end":{"line":154,"column":70}}]},"28":{"loc":{"start":{"line":156,"column":15},"end":{"line":158,"column":9}},"type":"if","locations":[{"start":{"line":156,"column":15},"end":{"line":158,"column":9}},{"start":{},"end":{}}]},"29":{"loc":{"start":{"line":156,"column":19},"end":{"line":156,"column":70}},"type":"binary-expr","locations":[{"start":{"line":156,"column":19},"end":{"line":156,"column":42}},{"start":{"line":156,"column":46},"end":{"line":156,"column":70}}]},"30":{"loc":{"start":{"line":163,"column":4},"end":{"line":165,"column":5}},"type":"if","locations":[{"start":{"line":163,"column":4},"end":{"line":165,"column":5}},{"start":{},"end":{}}]},"31":{"loc":{"start":{"line":163,"column":8},"end":{"line":163,"column":49}},"type":"binary-expr","locations":[{"start":{"line":163,"column":8},"end":{"line":163,"column":18}},{"start":{"line":163,"column":22},"end":{"line":163,"column":49}}]},"32":{"loc":{"start":{"line":170,"column":12},"end":{"line":170,"column":50}},"type":"cond-expr","locations":[{"start":{"line":170,"column":32},"end":{"line":170,"column":38}},{"start":{"line":170,"column":41},"end":{"line":170,"column":50}}]},"33":{"loc":{"start":{"line":180,"column":2},"end":{"line":182,"column":3}},"type":"if","locations":[{"start":{"line":180,"column":2},"end":{"line":182,"column":3}},{"start":{},"end":{}}]},"34":{"loc":{"start":{"line":185,"column":2},"end":{"line":187,"column":3}},"type":"if","locations":[{"start":{"line":185,"column":2},"end":{"line":187,"column":3}},{"start":{},"end":{}}]},"35":{"loc":{"start":{"line":190,"column":2},"end":{"line":203,"column":3}},"type":"if","locations":[{"start":{"line":190,"column":2},"end":{"line":203,"column":3}},{"start":{},"end":{}}]},"36":{"loc":{"start":{"line":195,"column":6},"end":{"line":199,"column":7}},"type":"if","locations":[{"start":{"line":195,"column":6},"end":{"line":199,"column":7}},{"start":{"line":197,"column":13},"end":{"line":199,"column":7}}]}},"s":{"0":0,"1":0,"2":0,"3":0,"4":0,"5":0,"6":0,"7":0,"8":0,"9":0,"10":0,"11":0,"12":0,"13":0,"14":0,"15":0,"16":0,"17":0,"18":0,"19":0,"20":0,"21":0,"22":0,"23":0,"24":0,"25":0,"26":0,"27":0,"28":0,"29":0,"30":0,"31":0,"32":0,"33":0,"34":0,"35":0,"36":0,"37":0,"38":0,"39":0,"40":0,"41":0,"42":0,"43":0,"44":0,"45":0,"46":0,"47":0,"48":0,"49":0,"50":0,"51":0,"52":0,"53":0,"54":0,"55":0,"56":0,"57":0,"58":0,"59":0,"60":0,"61":0,"62":0,"63":0,"64":0,"65":0,"66":0,"67":0,"68":0,"69":0},"f":{"0":0,"1":0,"2":0,"3":0,"4":0,"5":0,"6":0,"7":0,"8":0,"9":0},"b":{"0":[0],"1":[0,0],"2":[0],"3":[0,0],"4":[0,0],"5":[0,0],"6":[0,0],"7":[0,0],"8":[0,0],"9":[0,0],"10":[0,0,0,0],"11":[0,0],"12":[0,0],"13":[0,0,0,0],"14":[0,0],"15":[0,0],"16":[0,0],"17":[0,0],"18":[0,0],"19":[0,0],"20":[0,0],"21":[0,0],"22":[0,0],"23":[0,0],"24":[0,0],"25":[0,0],"26":[0,0],"27":[0,0],"28":[0,0],"29":[0,0],"30":[0,0],"31":[0,0],"32":[0,0],"33":[0,0],"34":[0,0],"35":[0,0],"36":[0,0]}}
,"/workspaces/love-rank-pulse/src/api-gateway/middleware/securityMiddleware.ts": {"path":"/workspaces/love-rank-pulse/src/api-gateway/middleware/securityMiddleware.ts","statementMap":{"0":{"start":{"line":33,"column":0},"end":{"line":33,"column":16}},"1":{"start":{"line":123,"column":0},"end":{"line":123,"column":16}},"2":{"start":{"line":1,"column":0},"end":{"line":1,"column":28}},"3":{"start":{"line":40,"column":6},"end":{"line":40,"column":12}},"4":{"start":{"line":43,"column":50},"end":{"line":53,"column":4}},"5":{"start":{"line":55,"column":2},"end":{"line":96,"column":5}},"6":{"start":{"line":102,"column":13},"end":{"line":107,"column":3}},"7":{"start":{"line":112,"column":13},"end":{"line":117,"column":3}},"8":{"start":{"line":124,"column":14},"end":{"line":124,"column":51}},"9":{"start":{"line":126,"column":2},"end":{"line":128,"column":3}},"10":{"start":{"line":127,"column":4},"end":{"line":127,"column":40}},"11":{"start":{"line":130,"column":2},"end":{"line":130,"column":39}}},"fnMap":{"0":{"name":"createSecurityMiddleware","decl":{"start":{"line":33,"column":16},"end":{"line":33,"column":40}},"loc":{"start":{"line":33,"column":68},"end":{"line":97,"column":1}}},"1":{"name":"getSecurityMiddleware","decl":{"start":{"line":123,"column":16},"end":{"line":123,"column":37}},"loc":{"start":{"line":123,"column":37},"end":{"line":131,"column":1}}}},"branchMap":{"0":{"loc":{"start":{"line":33,"column":41},"end":{"line":33,"column":68}},"type":"default-arg","locations":[{"start":{"line":33,"column":66},"end":{"line":33,"column":68}}]},"1":{"loc":{"start":{"line":35,"column":4},"end":{"line":35,"column":20}},"type":"default-arg","locations":[{"start":{"line":35,"column":16},"end":{"line":35,"column":20}}]},"2":{"loc":{"start":{"line":36,"column":4},"end":{"line":36,"column":21}},"type":"default-arg","locations":[{"start":{"line":36,"column":17},"end":{"line":36,"column":21}}]},"3":{"loc":{"start":{"line":37,"column":4},"end":{"line":37,"column":27}},"type":"default-arg","locations":[{"start":{"line":37,"column":23},"end":{"line":37,"column":27}}]},"4":{"loc":{"start":{"line":38,"column":4},"end":{"line":38,"column":26}},"type":"default-arg","locations":[{"start":{"line":38,"column":22},"end":{"line":38,"column":26}}]},"5":{"loc":{"start":{"line":39,"column":4},"end":{"line":39,"column":23}},"type":"default-arg","locations":[{"start":{"line":39,"column":21},"end":{"line":39,"column":23}}]},"6":{"loc":{"start":{"line":57,"column":27},"end":{"line":59,"column":13}},"type":"cond-expr","locations":[{"start":{"line":57,"column":39},"end":{"line":59,"column":6}},{"start":{"line":59,"column":8},"end":{"line":59,"column":13}}]},"7":{"loc":{"start":{"line":62,"column":10},"end":{"line":66,"column":13}},"type":"cond-expr","locations":[{"start":{"line":62,"column":23},"end":{"line":66,"column":6}},{"start":{"line":66,"column":8},"end":{"line":66,"column":13}}]},"8":{"loc":{"start":{"line":69,"column":16},"end":{"line":71,"column":13}},"type":"cond-expr","locations":[{"start":{"line":69,"column":35},"end":{"line":71,"column":6}},{"start":{"line":71,"column":8},"end":{"line":71,"column":13}}]},"9":{"loc":{"start":{"line":124,"column":14},"end":{"line":124,"column":51}},"type":"binary-expr","locations":[{"start":{"line":124,"column":14},"end":{"line":124,"column":34}},{"start":{"line":124,"column":38},"end":{"line":124,"column":51}}]},"10":{"loc":{"start":{"line":126,"column":2},"end":{"line":128,"column":3}},"type":"if","locations":[{"start":{"line":126,"column":2},"end":{"line":128,"column":3}},{"start":{},"end":{}}]}},"s":{"0":1,"1":1,"2":1,"3":30,"4":30,"5":30,"6":1,"7":1,"8":3,"9":3,"10":1,"11":2},"f":{"0":30,"1":3},"b":{"0":[12],"1":[21],"2":[24],"3":[25],"4":[26],"5":[29],"6":[29,1],"7":[29,1],"8":[29,1],"9":[3,1],"10":[1,2]}}
,"/workspaces/love-rank-pulse/src/api-gateway/middleware/validationMiddleware.ts": {"path":"/workspaces/love-rank-pulse/src/api-gateway/middleware/validationMiddleware.ts","statementMap":{"0":{"start":{"line":25,"column":0},"end":{"line":25,"column":16}},"1":{"start":{"line":61,"column":0},"end":{"line":61,"column":16}},"2":{"start":{"line":104,"column":0},"end":{"line":104,"column":16}},"3":{"start":{"line":149,"column":0},"end":{"line":149,"column":16}},"4":{"start":{"line":169,"column":0},"end":{"line":169,"column":16}},"5":{"start":{"line":208,"column":0},"end":{"line":208,"column":16}},"6":{"start":{"line":10,"column":0},"end":{"line":10,"column":72}},"7":{"start":{"line":11,"column":0},"end":{"line":11,"column":46}},"8":{"start":{"line":29,"column":2},"end":{"line":52,"column":4}},"9":{"start":{"line":31,"column":27},"end":{"line":31,"column":38}},"10":{"start":{"line":34,"column":19},"end":{"line":34,"column":51}},"11":{"start":{"line":36,"column":4},"end":{"line":46,"column":5}},"12":{"start":{"line":38,"column":27},"end":{"line":41,"column":38}},"13":{"start":{"line":39,"column":8},"end":{"line":39,"column":41}},"14":{"start":{"line":40,"column":8},"end":{"line":40,"column":19}},"15":{"start":{"line":44,"column":6},"end":{"line":44,"column":58}},"16":{"start":{"line":45,"column":6},"end":{"line":45,"column":13}},"17":{"start":{"line":49,"column":5},"end":{"line":49,"column":41}},"18":{"start":{"line":51,"column":4},"end":{"line":51,"column":11}},"19":{"start":{"line":66,"column":2},"end":{"line":96,"column":4}},"20":{"start":{"line":67,"column":43},"end":{"line":67,"column":45}},"21":{"start":{"line":68,"column":27},"end":{"line":68,"column":29}},"22":{"start":{"line":71,"column":4},"end":{"line":84,"column":5}},"23":{"start":{"line":72,"column":6},"end":{"line":72,"column":28}},"24":{"start":{"line":72,"column":19},"end":{"line":72,"column":28}},"25":{"start":{"line":74,"column":29},"end":{"line":74,"column":60}},"26":{"start":{"line":75,"column":21},"end":{"line":75,"column":53}},"27":{"start":{"line":77,"column":6},"end":{"line":83,"column":7}},"28":{"start":{"line":78,"column":8},"end":{"line":80,"column":11}},"29":{"start":{"line":79,"column":10},"end":{"line":79,"column":61}},"30":{"start":{"line":82,"column":8},"end":{"line":82,"column":40}},"31":{"start":{"line":87,"column":4},"end":{"line":90,"column":5}},"32":{"start":{"line":88,"column":6},"end":{"line":88,"column":46}},"33":{"start":{"line":89,"column":6},"end":{"line":89,"column":13}},"34":{"start":{"line":93,"column":5},"end":{"line":93,"column":39}},"35":{"start":{"line":95,"column":4},"end":{"line":95,"column":11}},"36":{"start":{"line":105,"column":2},"end":{"line":117,"column":4}},"37":{"start":{"line":107,"column":4},"end":{"line":109,"column":5}},"38":{"start":{"line":108,"column":6},"end":{"line":108,"column":42}},"39":{"start":{"line":112,"column":4},"end":{"line":114,"column":5}},"40":{"start":{"line":113,"column":6},"end":{"line":113,"column":51}},"41":{"start":{"line":116,"column":4},"end":{"line":116,"column":11}},"42":{"start":{"line":124,"column":2},"end":{"line":126,"column":3}},"43":{"start":{"line":125,"column":4},"end":{"line":125,"column":22}},"44":{"start":{"line":128,"column":2},"end":{"line":130,"column":3}},"45":{"start":{"line":129,"column":4},"end":{"line":129,"column":49}},"46":{"start":{"line":129,"column":27},"end":{"line":129,"column":47}},"47":{"start":{"line":132,"column":2},"end":{"line":138,"column":3}},"48":{"start":{"line":133,"column":27},"end":{"line":133,"column":29}},"49":{"start":{"line":134,"column":4},"end":{"line":136,"column":5}},"50":{"start":{"line":135,"column":6},"end":{"line":135,"column":45}},"51":{"start":{"line":137,"column":4},"end":{"line":137,"column":21}},"52":{"start":{"line":140,"column":2},"end":{"line":140,"column":13}},"53":{"start":{"line":150,"column":20},"end":{"line":150,"column":92}},"54":{"start":{"line":152,"column":2},"end":{"line":161,"column":4}},"55":{"start":{"line":153,"column":23},"end":{"line":153,"column":44}},"56":{"start":{"line":155,"column":4},"end":{"line":158,"column":5}},"57":{"start":{"line":156,"column":6},"end":{"line":156,"column":78}},"58":{"start":{"line":157,"column":6},"end":{"line":157,"column":13}},"59":{"start":{"line":160,"column":4},"end":{"line":160,"column":11}},"60":{"start":{"line":170,"column":2},"end":{"line":198,"column":4}},"61":{"start":{"line":171,"column":30},"end":{"line":171,"column":39}},"62":{"start":{"line":174,"column":4},"end":{"line":183,"column":5}},"63":{"start":{"line":175,"column":23},"end":{"line":175,"column":52}},"64":{"start":{"line":176,"column":6},"end":{"line":179,"column":7}},"65":{"start":{"line":177,"column":8},"end":{"line":177,"column":70}},"66":{"start":{"line":178,"column":8},"end":{"line":178,"column":15}},"67":{"start":{"line":180,"column":6},"end":{"line":180,"column":40}},"68":{"start":{"line":182,"column":6},"end":{"line":182,"column":34}},"69":{"start":{"line":186,"column":4},"end":{"line":195,"column":5}},"70":{"start":{"line":187,"column":24},"end":{"line":187,"column":54}},"71":{"start":{"line":188,"column":6},"end":{"line":191,"column":7}},"72":{"start":{"line":189,"column":8},"end":{"line":189,"column":75}},"73":{"start":{"line":190,"column":8},"end":{"line":190,"column":15}},"74":{"start":{"line":192,"column":6},"end":{"line":192,"column":42}},"75":{"start":{"line":194,"column":6},"end":{"line":194,"column":34}},"76":{"start":{"line":197,"column":4},"end":{"line":197,"column":11}},"77":{"start":{"line":212,"column":2},"end":{"line":233,"column":4}},"78":{"start":{"line":213,"column":17},"end":{"line":213,"column":28}},"79":{"start":{"line":214,"column":30},"end":{"line":214,"column":32}},"80":{"start":{"line":216,"column":4},"end":{"line":220,"column":5}},"81":{"start":{"line":217,"column":6},"end":{"line":219,"column":7}},"82":{"start":{"line":218,"column":8},"end":{"line":218,"column":28}},"83":{"start":{"line":222,"column":4},"end":{"line":230,"column":5}},"84":{"start":{"line":223,"column":27},"end":{"line":226,"column":38}},"85":{"start":{"line":224,"column":8},"end":{"line":224,"column":52}},"86":{"start":{"line":225,"column":8},"end":{"line":225,"column":19}},"87":{"start":{"line":228,"column":6},"end":{"line":228,"column":52}},"88":{"start":{"line":229,"column":6},"end":{"line":229,"column":13}},"89":{"start":{"line":232,"column":4},"end":{"line":232,"column":11}}},"fnMap":{"0":{"name":"validateRequest","decl":{"start":{"line":25,"column":16},"end":{"line":25,"column":31}},"loc":{"start":{"line":27,"column":35},"end":{"line":53,"column":1}}},"1":{"name":"(anonymous_1)","decl":{"start":{"line":29,"column":9},"end":{"line":29,"column":10}},"loc":{"start":{"line":29,"column":67},"end":{"line":52,"column":3}}},"2":{"name":"(anonymous_2)","decl":{"start":{"line":38,"column":49},"end":{"line":38,"column":50}},"loc":{"start":{"line":38,"column":64},"end":{"line":41,"column":7}}},"3":{"name":"validateMultiple","decl":{"start":{"line":61,"column":16},"end":{"line":61,"column":32}},"loc":{"start":{"line":65,"column":1},"end":{"line":97,"column":1}}},"4":{"name":"(anonymous_4)","decl":{"start":{"line":66,"column":9},"end":{"line":66,"column":10}},"loc":{"start":{"line":66,"column":67},"end":{"line":96,"column":3}}},"5":{"name":"(anonymous_5)","decl":{"start":{"line":78,"column":31},"end":{"line":78,"column":36}},"loc":{"start":{"line":78,"column":39},"end":{"line":80,"column":9}}},"6":{"name":"sanitizeRequest","decl":{"start":{"line":104,"column":16},"end":{"line":104,"column":31}},"loc":{"start":{"line":104,"column":31},"end":{"line":118,"column":1}}},"7":{"name":"(anonymous_7)","decl":{"start":{"line":105,"column":9},"end":{"line":105,"column":10}},"loc":{"start":{"line":105,"column":67},"end":{"line":117,"column":3}}},"8":{"name":"sanitizeObject","decl":{"start":{"line":123,"column":9},"end":{"line":123,"column":23}},"loc":{"start":{"line":123,"column":32},"end":{"line":141,"column":1}}},"9":{"name":"(anonymous_9)","decl":{"start":{"line":129,"column":19},"end":{"line":129,"column":23}},"loc":{"start":{"line":129,"column":27},"end":{"line":129,"column":47}}},"10":{"name":"validateUUID","decl":{"start":{"line":149,"column":16},"end":{"line":149,"column":28}},"loc":{"start":{"line":149,"column":53},"end":{"line":162,"column":1}}},"11":{"name":"(anonymous_11)","decl":{"start":{"line":152,"column":9},"end":{"line":152,"column":10}},"loc":{"start":{"line":152,"column":67},"end":{"line":161,"column":3}}},"12":{"name":"validatePagination","decl":{"start":{"line":169,"column":16},"end":{"line":169,"column":34}},"loc":{"start":{"line":169,"column":34},"end":{"line":199,"column":1}}},"13":{"name":"(anonymous_13)","decl":{"start":{"line":170,"column":9},"end":{"line":170,"column":10}},"loc":{"start":{"line":170,"column":67},"end":{"line":198,"column":3}}},"14":{"name":"requireFields","decl":{"start":{"line":208,"column":16},"end":{"line":208,"column":29}},"loc":{"start":{"line":210,"column":35},"end":{"line":234,"column":1}}},"15":{"name":"(anonymous_15)","decl":{"start":{"line":212,"column":9},"end":{"line":212,"column":10}},"loc":{"start":{"line":212,"column":67},"end":{"line":233,"column":3}}},"16":{"name":"(anonymous_16)","decl":{"start":{"line":223,"column":42},"end":{"line":223,"column":43}},"loc":{"start":{"line":223,"column":57},"end":{"line":226,"column":7}}}},"branchMap":{"0":{"loc":{"start":{"line":27,"column":2},"end":{"line":27,"column":35}},"type":"default-arg","locations":[{"start":{"line":27,"column":29},"end":{"line":27,"column":35}}]},"1":{"loc":{"start":{"line":36,"column":4},"end":{"line":46,"column":5}},"type":"if","locations":[{"start":{"line":36,"column":4},"end":{"line":46,"column":5}},{"start":{},"end":{}}]},"2":{"loc":{"start":{"line":38,"column":27},"end":{"line":41,"column":38}},"type":"cond-expr","locations":[{"start":{"line":38,"column":40},"end":{"line":38,"column":42}},{"start":{"line":38,"column":40},"end":{"line":41,"column":38}}]},"3":{"loc":{"start":{"line":38,"column":27},"end":{"line":38,"column":42}},"type":"binary-expr","locations":[{"start":{"line":38,"column":27},"end":{"line":38,"column":42}},{"start":{"line":38,"column":40},"end":{"line":38,"column":42}}]},"4":{"loc":{"start":{"line":44,"column":37},"end":{"line":44,"column":55}},"type":"binary-expr","locations":[{"start":{"line":44,"column":37},"end":{"line":44,"column":49}},{"start":{"line":44,"column":53},"end":{"line":44,"column":55}}]},"5":{"loc":{"start":{"line":72,"column":6},"end":{"line":72,"column":28}},"type":"if","locations":[{"start":{"line":72,"column":6},"end":{"line":72,"column":28}},{"start":{},"end":{}}]},"6":{"loc":{"start":{"line":77,"column":6},"end":{"line":83,"column":7}},"type":"if","locations":[{"start":{"line":77,"column":6},"end":{"line":83,"column":7}},{"start":{"line":81,"column":13},"end":{"line":83,"column":7}}]},"7":{"loc":{"start":{"line":78,"column":8},"end":{"line":80,"column":10}},"type":"cond-expr","locations":[{"start":{"line":78,"column":21},"end":{"line":78,"column":23}},{"start":{"line":78,"column":21},"end":{"line":80,"column":10}}]},"8":{"loc":{"start":{"line":78,"column":8},"end":{"line":78,"column":23}},"type":"binary-expr","locations":[{"start":{"line":78,"column":8},"end":{"line":78,"column":23}},{"start":{"line":78,"column":21},"end":{"line":78,"column":23}}]},"9":{"loc":{"start":{"line":87,"column":4},"end":{"line":90,"column":5}},"type":"if","locations":[{"start":{"line":87,"column":4},"end":{"line":90,"column":5}},{"start":{},"end":{}}]},"10":{"loc":{"start":{"line":107,"column":4},"end":{"line":109,"column":5}},"type":"if","locations":[{"start":{"line":107,"column":4},"end":{"line":109,"column":5}},{"start":{},"end":{}}]},"11":{"loc":{"start":{"line":107,"column":8},"end":{"line":107,"column":48}},"type":"binary-expr","locations":[{"start":{"line":107,"column":8},"end":{"line":107,"column":16}},{"start":{"line":107,"column":20},"end":{"line":107,"column":48}}]},"12":{"loc":{"start":{"line":112,"column":4},"end":{"line":114,"column":5}},"type":"if","locations":[{"start":{"line":112,"column":4},"end":{"line":114,"column":5}},{"start":{},"end":{}}]},"13":{"loc":{"start":{"line":112,"column":8},"end":{"line":112,"column":50}},"type":"binary-expr","locations":[{"start":{"line":112,"column":8},"end":{"line":112,"column":17}},{"start":{"line":112,"column":21},"end":{"line":112,"column":50}}]},"14":{"loc":{"start":{"line":124,"column":2},"end":{"line":126,"column":3}},"type":"if","locations":[{"start":{"line":124,"column":2},"end":{"line":126,"column":3}},{"start":{},"end":{}}]},"15":{"loc":{"start":{"line":128,"column":2},"end":{"line":130,"column":3}},"type":"if","locations":[{"start":{"line":128,"column":2},"end":{"line":130,"column":3}},{"start":{},"end":{}}]},"16":{"loc":{"start":{"line":132,"column":2},"end":{"line":138,"column":3}},"type":"if","locations":[{"start":{"line":132,"column":2},"end":{"line":138,"column":3}},{"start":{},"end":{}}]},"17":{"loc":{"start":{"line":132,"column":6},"end":{"line":132,"column":36}},"type":"binary-expr","locations":[{"start":{"line":132,"column":6},"end":{"line":132,"column":9}},{"start":{"line":132,"column":13},"end":{"line":132,"column":36}}]},"18":{"loc":{"start":{"line":149,"column":29},"end":{"line":149,"column":53}},"type":"default-arg","locations":[{"start":{"line":149,"column":49},"end":{"line":149,"column":53}}]},"19":{"loc":{"start":{"line":155,"column":4},"end":{"line":158,"column":5}},"type":"if","locations":[{"start":{"line":155,"column":4},"end":{"line":158,"column":5}},{"start":{},"end":{}}]},"20":{"loc":{"start":{"line":155,"column":8},"end":{"line":155,"column":50}},"type":"binary-expr","locations":[{"start":{"line":155,"column":8},"end":{"line":155,"column":19}},{"start":{"line":155,"column":23},"end":{"line":155,"column":50}}]},"21":{"loc":{"start":{"line":174,"column":4},"end":{"line":183,"column":5}},"type":"if","locations":[{"start":{"line":174,"column":4},"end":{"line":183,"column":5}},{"start":{"line":181,"column":11},"end":{"line":183,"column":5}}]},"22":{"loc":{"start":{"line":176,"column":6},"end":{"line":179,"column":7}},"type":"if","locations":[{"start":{"line":176,"column":6},"end":{"line":179,"column":7}},{"start":{},"end":{}}]},"23":{"loc":{"start":{"line":176,"column":10},"end":{"line":176,"column":59}},"type":"binary-expr","locations":[{"start":{"line":176,"column":10},"end":{"line":176,"column":25}},{"start":{"line":176,"column":29},"end":{"line":176,"column":41}},{"start":{"line":176,"column":45},"end":{"line":176,"column":59}}]},"24":{"loc":{"start":{"line":186,"column":4},"end":{"line":195,"column":5}},"type":"if","locations":[{"start":{"line":186,"column":4},"end":{"line":195,"column":5}},{"start":{"line":193,"column":11},"end":{"line":195,"column":5}}]},"25":{"loc":{"start":{"line":188,"column":6},"end":{"line":191,"column":7}},"type":"if","locations":[{"start":{"line":188,"column":6},"end":{"line":191,"column":7}},{"start":{},"end":{}}]},"26":{"loc":{"start":{"line":188,"column":10},"end":{"line":188,"column":43}},"type":"binary-expr","locations":[{"start":{"line":188,"column":10},"end":{"line":188,"column":26}},{"start":{"line":188,"column":30},"end":{"line":188,"column":43}}]},"27":{"loc":{"start":{"line":210,"column":2},"end":{"line":210,"column":35}},"type":"default-arg","locations":[{"start":{"line":210,"column":29},"end":{"line":210,"column":35}}]},"28":{"loc":{"start":{"line":217,"column":6},"end":{"line":219,"column":7}},"type":"if","locations":[{"start":{"line":217,"column":6},"end":{"line":219,"column":7}},{"start":{},"end":{}}]},"29":{"loc":{"start":{"line":217,"column":10},"end":{"line":217,"column":101}},"type":"binary-expr","locations":[{"start":{"line":217,"column":10},"end":{"line":217,"column":26}},{"start":{"line":217,"column":30},"end":{"line":217,"column":55}},{"start":{"line":217,"column":59},"end":{"line":217,"column":79}},{"start":{"line":217,"column":83},"end":{"line":217,"column":101}}]},"30":{"loc":{"start":{"line":222,"column":4},"end":{"line":230,"column":5}},"type":"if","locations":[{"start":{"line":222,"column":4},"end":{"line":230,"column":5}},{"start":{},"end":{}}]}},"s":{"0":0,"1":0,"2":0,"3":0,"4":0,"5":0,"6":0,"7":0,"8":0,"9":0,"10":0,"11":0,"12":0,"13":0,"14":0,"15":0,"16":0,"17":0,"18":0,"19":0,"20":0,"21":0,"22":0,"23":0,"24":0,"25":0,"26":0,"27":0,"28":0,"29":0,"30":0,"31":0,"32":0,"33":0,"34":0,"35":0,"36":0,"37":0,"38":0,"39":0,"40":0,"41":0,"42":0,"43":0,"44":0,"45":0,"46":0,"47":0,"48":0,"49":0,"50":0,"51":0,"52":0,"53":0,"54":0,"55":0,"56":0,"57":0,"58":0,"59":0,"60":0,"61":0,"62":0,"63":0,"64":0,"65":0,"66":0,"67":0,"68":0,"69":0,"70":0,"71":0,"72":0,"73":0,"74":0,"75":0,"76":0,"77":0,"78":0,"79":0,"80":0,"81":0,"82":0,"83":0,"84":0,"85":0,"86":0,"87":0,"88":0,"89":0},"f":{"0":0,"1":0,"2":0,"3":0,"4":0,"5":0,"6":0,"7":0,"8":0,"9":0,"10":0,"11":0,"12":0,"13":0,"14":0,"15":0,"16":0},"b":{"0":[0],"1":[0,0],"2":[0,0],"3":[0,0],"4":[0,0],"5":[0,0],"6":[0,0],"7":[0,0],"8":[0,0],"9":[0,0],"10":[0,0],"11":[0,0],"12":[0,0],"13":[0,0],"14":[0,0],"15":[0,0],"16":[0,0],"17":[0,0],"18":[0],"19":[0,0],"20":[0,0],"21":[0,0],"22":[0,0],"23":[0,0,0],"24":[0,0],"25":[0,0],"26":[0,0],"27":[0],"28":[0,0],"29":[0,0,0,0],"30":[0,0]}}
}
