TN:
SF:src/api-gateway/middleware/authMiddleware.ts
FN:15,extractAuthToken
FN:56,authenticateRequest
FN:87,checkPermission
FN:121,requireAuth
FN:122,(anonymous_4)
FN:137,requirePermission
FN:141,(anonymous_6)
FNF:7
FNH:7
FNDA:13,extractAuthToken
FNDA:4,authenticateRequest
FNDA:12,checkPermission
FNDA:2,requireAuth
FNDA:4,(anonymous_4)
FNDA:2,requirePermission
FNDA:2,(anonymous_6)
DA:15,1
DA:16,13
DA:18,13
DA:19,6
DA:22,7
DA:28,7
DA:29,7
DA:31,7
DA:32,2
DA:36,5
DA:37,1
DA:41,4
DA:42,4
DA:43,3
DA:45,1
DA:46,1
DA:56,1
DA:60,4
DA:62,4
DA:63,3
DA:72,1
DA:87,1
DA:96,12
DA:97,4
DA:101,8
DA:106,5
DA:113,3
DA:121,1
DA:122,2
DA:123,4
DA:124,1
DA:127,3
DA:137,1
DA:141,2
DA:142,2
DA:143,0
DA:146,2
DA:148,2
DA:149,1
DA:152,1
LF:40
LH:39
BRDA:18,0,0,6
BRDA:18,0,1,7
BRDA:18,1,0,13
BRDA:18,1,1,10
BRDA:31,2,0,2
BRDA:31,2,1,5
BRDA:31,3,0,7
BRDA:31,3,1,5
BRDA:36,4,0,1
BRDA:36,4,1,4
BRDA:62,5,0,3
BRDA:62,5,1,1
BRDA:76,6,0,0
BRDA:76,6,1,1
BRDA:76,7,0,1
BRDA:76,7,1,1
BRDA:96,8,0,4
BRDA:96,8,1,8
BRDA:101,9,0,5
BRDA:101,9,1,3
BRDA:102,10,0,8
BRDA:102,10,1,6
BRDA:102,10,2,4
BRDA:102,10,3,4
BRDA:121,11,0,0
BRDA:123,12,0,1
BRDA:123,12,1,3
BRDA:123,13,0,4
BRDA:123,13,1,2
BRDA:142,14,0,0
BRDA:142,14,1,2
BRDA:142,15,0,2
BRDA:142,15,1,2
BRDA:148,16,0,1
BRDA:148,16,1,1
BRF:35
BRH:32
end_of_record
TN:
SF:src/api-gateway/middleware/corsMiddleware.ts
FN:33,getAllowedOrigins
FN:49,(anonymous_2)
FN:57,createCorsMiddleware
FN:80,(anonymous_4)
FN:139,getCorsMiddleware
FN:156,handleCorsError
FNF:6
FNH:4
FNDA:14,getAllowedOrigins
FNDA:0,(anonymous_2)
FNDA:18,createCorsMiddleware
FNDA:0,(anonymous_4)
FNDA:3,getCorsMiddleware
FNDA:2,handleCorsError
DA:1,1
DA:34,14
DA:36,14
DA:38,14
DA:49,0
DA:57,1
DA:77,18
DA:79,18
DA:82,0
DA:83,0
DA:87,0
DA:88,0
DA:89,0
DA:91,0
DA:94,0
DA:95,0
DA:112,1
DA:121,1
DA:130,1
DA:139,1
DA:140,3
DA:142,3
DA:143,1
DA:146,2
DA:156,1
DA:157,2
DA:158,1
DA:169,1
LF:28
LH:19
BRDA:34,0,0,14
BRDA:34,0,1,14
BRDA:34,0,2,14
BRDA:36,1,0,14
BRDA:36,1,1,0
BRDA:57,2,0,4
BRDA:59,3,0,12
BRDA:60,4,0,13
BRDA:61,5,0,17
BRDA:62,6,0,17
BRDA:69,7,0,16
BRDA:76,8,0,16
BRDA:82,9,0,0
BRDA:82,9,1,0
BRDA:87,10,0,0
BRDA:87,10,1,0
BRDA:89,11,0,0
BRDA:89,11,1,0
BRDA:140,12,0,3
BRDA:140,12,1,1
BRDA:142,13,0,1
BRDA:142,13,1,2
BRDA:157,14,0,1
BRDA:157,14,1,1
BRDA:157,15,0,2
BRDA:157,15,1,2
BRF:26
BRH:19
end_of_record
TN:
SF:src/api-gateway/middleware/errorMiddleware.ts
FN:21,(anonymous_7)
FN:45,(anonymous_8)
FN:48,(anonymous_9)
FN:52,(anonymous_10)
FN:60,(anonymous_11)
FN:63,(anonymous_12)
FN:74,(anonymous_13)
FN:77,(anonymous_14)
FN:81,(anonymous_15)
FN:84,(anonymous_16)
FN:98,formatErrorResponse
FN:141,handleApiError
FN:153,withErrorHandling
FN:156,(anonymous_20)
FN:156,(anonymous_21)
FN:178,(anonymous_22)
FN:313,(anonymous_23)
FN:334,(anonymous_24)
FN:337,(anonymous_25)
FNF:19
FNH:0
FNDA:0,(anonymous_7)
FNDA:0,(anonymous_8)
FNDA:0,(anonymous_9)
FNDA:0,(anonymous_10)
FNDA:0,(anonymous_11)
FNDA:0,(anonymous_12)
FNDA:0,(anonymous_13)
FNDA:0,(anonymous_14)
FNDA:0,(anonymous_15)
FNDA:0,(anonymous_16)
FNDA:0,formatErrorResponse
FNDA:0,handleApiError
FNDA:0,withErrorHandling
FNDA:0,(anonymous_20)
FNDA:0,(anonymous_21)
FNDA:0,(anonymous_22)
FNDA:0,(anonymous_23)
FNDA:0,(anonymous_24)
FNDA:0,(anonymous_25)
DA:3,0
DA:15,0
DA:28,0
DA:29,0
DA:30,0
DA:31,0
DA:32,0
DA:33,0
DA:36,0
DA:43,0
DA:46,0
DA:49,0
DA:53,0
DA:61,0
DA:64,0
DA:75,0
DA:78,0
DA:82,0
DA:85,0
DA:98,0
DA:100,0
DA:101,0
DA:111,0
DA:112,0
DA:120,0
DA:121,0
DA:129,0
DA:141,0
DA:143,0
DA:145,0
DA:153,0
DA:156,0
DA:157,0
DA:158,0
DA:160,0
DA:178,0
DA:185,0
DA:188,0
DA:189,0
DA:197,0
DA:201,0
DA:202,0
DA:210,0
DA:214,0
DA:215,0
DA:222,0
DA:225,0
DA:226,0
DA:233,0
DA:237,0
DA:238,0
DA:239,0
DA:241,0
DA:243,0
DA:244,0
DA:246,0
DA:247,0
DA:249,0
DA:250,0
DA:253,0
DA:261,0
DA:265,0
DA:266,0
DA:273,0
DA:277,0
DA:278,0
DA:286,0
DA:290,0
DA:291,0
DA:295,0
DA:313,0
DA:318,0
DA:324,0
DA:334,0
DA:337,0
DA:338,0
LF:76
LH:0
BRDA:23,0,0,0
BRDA:26,1,0,0
BRDA:45,2,0,0
BRDA:48,3,0,0
BRDA:52,4,0,0
BRDA:54,5,0,0
BRDA:54,5,1,0
BRDA:60,6,0,0
BRDA:68,7,0,0
BRDA:68,7,1,0
BRDA:68,8,0,0
BRDA:68,8,1,0
BRDA:74,9,0,0
BRDA:77,10,0,0
BRDA:81,11,0,0
BRDA:84,12,0,0
BRDA:89,13,0,0
BRDA:89,13,1,0
BRDA:100,14,0,0
BRDA:100,14,1,0
BRDA:111,15,0,0
BRDA:111,15,1,0
BRDA:120,16,0,0
BRDA:120,16,1,0
BRDA:160,17,0,0
BRDA:160,17,1,0
BRDA:163,18,0,0
BRDA:163,18,1,0
BRDA:188,19,0,0
BRDA:188,19,1,0
BRDA:194,20,0,0
BRDA:194,20,1,0
BRDA:201,21,0,0
BRDA:201,21,1,0
BRDA:206,22,0,0
BRDA:206,22,1,0
BRDA:207,23,0,0
BRDA:207,23,1,0
BRDA:214,24,0,0
BRDA:214,24,1,0
BRDA:219,25,0,0
BRDA:219,25,1,0
BRDA:225,26,0,0
BRDA:225,26,1,0
BRDA:230,27,0,0
BRDA:230,27,1,0
BRDA:237,28,0,0
BRDA:237,28,1,0
BRDA:241,29,0,0
BRDA:241,29,1,0
BRDA:241,29,2,0
BRDA:258,30,0,0
BRDA:258,30,1,0
BRDA:265,31,0,0
BRDA:265,31,1,0
BRDA:265,32,0,0
BRDA:265,32,1,0
BRDA:270,33,0,0
BRDA:270,33,1,0
BRDA:277,34,0,0
BRDA:277,34,1,0
BRDA:277,35,0,0
BRDA:277,35,1,0
BRDA:282,36,0,0
BRDA:282,36,1,0
BRDA:283,37,0,0
BRDA:283,37,1,0
BRDA:290,38,0,0
BRDA:290,38,1,0
BRDA:290,38,2,0
BRDA:291,39,0,0
BRDA:291,39,1,0
BRDA:293,40,0,0
BRDA:293,40,1,0
BRDA:299,41,0,0
BRDA:299,41,1,0
BRDA:300,42,0,0
BRDA:300,42,1,0
BRF:78
BRH:0
end_of_record
TN:
SF:src/api-gateway/middleware/loggingMiddleware.ts
FN:25,(anonymous_1)
FN:32,(anonymous_2)
FN:39,(anonymous_3)
FN:71,createLoggingMiddleware
FN:82,(anonymous_5)
FN:122,getLoggingMiddleware
FN:144,logError
FN:170,logAccess
FNF:8
FNH:0
FNDA:0,(anonymous_1)
FNDA:0,(anonymous_2)
FNDA:0,(anonymous_3)
FNDA:0,createLoggingMiddleware
FNDA:0,(anonymous_5)
FNDA:0,getLoggingMiddleware
FNDA:0,logError
FNDA:0,logAccess
DA:1,0
DA:25,0
DA:26,0
DA:32,0
DA:33,0
DA:39,0
DA:40,0
DA:41,0
DA:44,0
DA:47,0
DA:53,0
DA:71,0
DA:76,0
DA:79,0
DA:81,0
DA:84,0
DA:85,0
DA:98,0
DA:106,0
DA:114,0
DA:122,0
DA:123,0
DA:124,0
DA:127,0
DA:128,0
DA:132,0
DA:133,0
DA:136,0
DA:144,0
DA:145,0
DA:162,0
DA:170,0
DA:171,0
DA:178,0
LF:34
LH:0
BRDA:26,0,0,0
BRDA:26,0,1,0
BRDA:26,0,2,0
BRDA:33,1,0,0
BRDA:33,1,1,0
BRDA:33,1,2,0
BRDA:33,2,0,0
BRDA:33,2,1,0
BRDA:33,3,0,0
BRDA:33,3,1,0
BRDA:40,4,0,0
BRDA:40,4,1,0
BRDA:40,5,0,0
BRDA:40,5,1,0
BRDA:71,6,0,0
BRDA:73,7,0,0
BRDA:73,8,0,0
BRDA:73,8,1,0
BRDA:79,9,0,0
BRDA:79,9,1,0
BRDA:82,10,0,0
BRDA:82,10,1,0
BRDA:84,11,0,0
BRDA:84,11,1,0
BRDA:85,12,0,0
BRDA:85,12,1,0
BRDA:85,12,2,0
BRDA:85,12,3,0
BRDA:90,13,0,0
BRDA:90,13,1,0
BRDA:123,14,0,0
BRDA:123,14,1,0
BRDA:124,15,0,0
BRDA:124,15,1,0
BRDA:127,16,0,0
BRDA:127,16,1,0
BRDA:132,17,0,0
BRDA:132,17,1,0
BRDA:148,18,0,0
BRDA:148,18,1,0
BRDA:153,19,0,0
BRDA:153,19,1,0
BRDA:157,20,0,0
BRDA:157,20,1,0
BRDA:158,21,0,0
BRDA:158,21,1,0
BRDA:158,22,0,0
BRDA:158,22,1,0
BRDA:158,23,0,0
BRDA:158,23,1,0
BRF:50
BRH:0
end_of_record
TN:
SF:src/api-gateway/middleware/rateLimitMiddleware.ts
FN:31,createRateLimiter
FN:54,(anonymous_2)
FN:64,(anonymous_3)
FNF:3
FNH:0
FNDA:0,createRateLimiter
FNDA:0,(anonymous_2)
FNDA:0,(anonymous_3)
DA:1,0
DA:31,0
DA:38,0
DA:40,0
DA:56,0
DA:57,0
DA:58,0
DA:59,0
DA:61,0
DA:65,0
DA:66,0
DA:85,0
DA:91,0
DA:100,0
DA:109,0
LF:15
LH:0
BRDA:31,0,0,0
BRDA:33,1,0,0
BRDA:34,2,0,0
BRDA:35,3,0,0
BRDA:36,4,0,0
BRDA:37,5,0,0
BRDA:57,6,0,0
BRDA:57,6,1,0
BRDA:58,7,0,0
BRDA:58,7,1,0
BRDA:61,8,0,0
BRDA:61,8,1,0
BRF:12
BRH:0
end_of_record
TN:
SF:src/api-gateway/middleware/requestMiddleware.ts
FN:21,createRequestContext
FN:42,logRequest
FN:60,normalizeQueryParams
FN:66,(anonymous_3)
FN:79,(anonymous_4)
FN:96,validateParams
FN:109,(anonymous_6)
FN:179,sanitizeData
FN:186,(anonymous_8)
FN:193,(anonymous_9)
FNF:10
FNH:0
FNDA:0,createRequestContext
FNDA:0,logRequest
FNDA:0,normalizeQueryParams
FNDA:0,(anonymous_3)
FNDA:0,(anonymous_4)
FNDA:0,validateParams
FNDA:0,(anonymous_6)
FNDA:0,sanitizeData
FNDA:0,(anonymous_8)
FNDA:0,(anonymous_9)
DA:2,0
DA:21,0
DA:26,0
DA:42,0
DA:47,0
DA:60,0
DA:63,0
DA:66,0
DA:68,0
DA:69,0
DA:70,0
DA:71,0
DA:74,0
DA:75,0
DA:78,0
DA:79,0
DA:83,0
DA:87,0
DA:96,0
DA:106,0
DA:109,0
DA:110,0
DA:113,0
DA:114,0
DA:115,0
DA:119,0
DA:120,0
DA:124,0
DA:126,0
DA:127,0
DA:128,0
DA:129,0
DA:130,0
DA:131,0
DA:133,0
DA:136,0
DA:137,0
DA:138,0
DA:139,0
DA:140,0
DA:141,0
DA:143,0
DA:146,0
DA:147,0
DA:149,0
DA:152,0
DA:153,0
DA:154,0
DA:155,0
DA:156,0
DA:157,0
DA:159,0
DA:163,0
DA:164,0
DA:168,0
DA:179,0
DA:180,0
DA:181,0
DA:185,0
DA:186,0
DA:190,0
DA:191,0
DA:193,0
DA:195,0
DA:196,0
DA:198,0
DA:202,0
DA:206,0
LF:68
LH:0
BRDA:22,0,0,0
BRDA:49,1,0,0
BRDA:49,1,1,0
BRDA:61,2,0,0
BRDA:68,3,0,0
BRDA:68,3,1,0
BRDA:70,4,0,0
BRDA:70,4,1,0
BRDA:74,5,0,0
BRDA:74,5,1,0
BRDA:74,6,0,0
BRDA:74,6,1,0
BRDA:78,7,0,0
BRDA:78,7,1,0
BRDA:78,8,0,0
BRDA:78,8,1,0
BRDA:113,9,0,0
BRDA:113,9,1,0
BRDA:113,10,0,0
BRDA:113,10,1,0
BRDA:113,10,2,0
BRDA:113,10,3,0
BRDA:119,11,0,0
BRDA:119,11,1,0
BRDA:119,12,0,0
BRDA:119,12,1,0
BRDA:124,13,0,0
BRDA:124,13,1,0
BRDA:124,13,2,0
BRDA:124,13,3,0
BRDA:126,14,0,0
BRDA:126,14,1,0
BRDA:128,15,0,0
BRDA:128,15,1,0
BRDA:128,16,0,0
BRDA:128,16,1,0
BRDA:130,17,0,0
BRDA:130,17,1,0
BRDA:130,18,0,0
BRDA:130,18,1,0
BRDA:136,19,0,0
BRDA:136,19,1,0
BRDA:138,20,0,0
BRDA:138,20,1,0
BRDA:138,21,0,0
BRDA:138,21,1,0
BRDA:140,22,0,0
BRDA:140,22,1,0
BRDA:140,23,0,0
BRDA:140,23,1,0
BRDA:146,24,0,0
BRDA:146,24,1,0
BRDA:152,25,0,0
BRDA:152,25,1,0
BRDA:154,26,0,0
BRDA:154,26,1,0
BRDA:154,27,0,0
BRDA:154,27,1,0
BRDA:156,28,0,0
BRDA:156,28,1,0
BRDA:156,29,0,0
BRDA:156,29,1,0
BRDA:163,30,0,0
BRDA:163,30,1,0
BRDA:163,31,0,0
BRDA:163,31,1,0
BRDA:170,32,0,0
BRDA:170,32,1,0
BRDA:180,33,0,0
BRDA:180,33,1,0
BRDA:185,34,0,0
BRDA:185,34,1,0
BRDA:190,35,0,0
BRDA:190,35,1,0
BRDA:195,36,0,0
BRDA:195,36,1,0
BRF:76
BRH:0
end_of_record
TN:
SF:src/api-gateway/middleware/securityMiddleware.ts
FN:33,createSecurityMiddleware
FN:123,getSecurityMiddleware
FNF:2
FNH:2
FNDA:30,createSecurityMiddleware
FNDA:3,getSecurityMiddleware
DA:1,1
DA:33,1
DA:40,30
DA:43,30
DA:55,30
DA:102,1
DA:112,1
DA:123,1
DA:124,3
DA:126,3
DA:127,1
DA:130,2
LF:12
LH:12
BRDA:33,0,0,12
BRDA:35,1,0,21
BRDA:36,2,0,24
BRDA:37,3,0,25
BRDA:38,4,0,26
BRDA:39,5,0,29
BRDA:57,6,0,29
BRDA:57,6,1,1
BRDA:62,7,0,29
BRDA:62,7,1,1
BRDA:69,8,0,29
BRDA:69,8,1,1
BRDA:124,9,0,3
BRDA:124,9,1,1
BRDA:126,10,0,1
BRDA:126,10,1,2
BRF:16
BRH:16
end_of_record
TN:
SF:src/api-gateway/middleware/validationMiddleware.ts
FN:25,validateRequest
FN:29,(anonymous_1)
FN:38,(anonymous_2)
FN:61,validateMultiple
FN:66,(anonymous_4)
FN:78,(anonymous_5)
FN:104,sanitizeRequest
FN:105,(anonymous_7)
FN:123,sanitizeObject
FN:129,(anonymous_9)
FN:149,validateUUID
FN:152,(anonymous_11)
FN:169,validatePagination
FN:170,(anonymous_13)
FN:208,requireFields
FN:212,(anonymous_15)
FN:223,(anonymous_16)
FNF:17
FNH:0
FNDA:0,validateRequest
FNDA:0,(anonymous_1)
FNDA:0,(anonymous_2)
FNDA:0,validateMultiple
FNDA:0,(anonymous_4)
FNDA:0,(anonymous_5)
FNDA:0,sanitizeRequest
FNDA:0,(anonymous_7)
FNDA:0,sanitizeObject
FNDA:0,(anonymous_9)
FNDA:0,validateUUID
FNDA:0,(anonymous_11)
FNDA:0,validatePagination
FNDA:0,(anonymous_13)
FNDA:0,requireFields
FNDA:0,(anonymous_15)
FNDA:0,(anonymous_16)
DA:10,0
DA:11,0
DA:25,0
DA:29,0
DA:31,0
DA:34,0
DA:36,0
DA:38,0
DA:39,0
DA:40,0
DA:44,0
DA:45,0
DA:49,0
DA:51,0
DA:61,0
DA:66,0
DA:67,0
DA:68,0
DA:71,0
DA:72,0
DA:74,0
DA:75,0
DA:77,0
DA:78,0
DA:79,0
DA:82,0
DA:87,0
DA:88,0
DA:89,0
DA:93,0
DA:95,0
DA:104,0
DA:105,0
DA:107,0
DA:108,0
DA:112,0
DA:113,0
DA:116,0
DA:124,0
DA:125,0
DA:128,0
DA:129,0
DA:132,0
DA:133,0
DA:134,0
DA:135,0
DA:137,0
DA:140,0
DA:149,0
DA:150,0
DA:152,0
DA:153,0
DA:155,0
DA:156,0
DA:157,0
DA:160,0
DA:169,0
DA:170,0
DA:171,0
DA:174,0
DA:175,0
DA:176,0
DA:177,0
DA:178,0
DA:180,0
DA:182,0
DA:186,0
DA:187,0
DA:188,0
DA:189,0
DA:190,0
DA:192,0
DA:194,0
DA:197,0
DA:208,0
DA:212,0
DA:213,0
DA:214,0
DA:216,0
DA:217,0
DA:218,0
DA:222,0
DA:223,0
DA:224,0
DA:225,0
DA:228,0
DA:229,0
DA:232,0
LF:88
LH:0
BRDA:27,0,0,0
BRDA:36,1,0,0
BRDA:36,1,1,0
BRDA:38,2,0,0
BRDA:38,2,1,0
BRDA:38,3,0,0
BRDA:38,3,1,0
BRDA:44,4,0,0
BRDA:44,4,1,0
BRDA:72,5,0,0
BRDA:72,5,1,0
BRDA:77,6,0,0
BRDA:77,6,1,0
BRDA:78,7,0,0
BRDA:78,7,1,0
BRDA:78,8,0,0
BRDA:78,8,1,0
BRDA:87,9,0,0
BRDA:87,9,1,0
BRDA:107,10,0,0
BRDA:107,10,1,0
BRDA:107,11,0,0
BRDA:107,11,1,0
BRDA:112,12,0,0
BRDA:112,12,1,0
BRDA:112,13,0,0
BRDA:112,13,1,0
BRDA:124,14,0,0
BRDA:124,14,1,0
BRDA:128,15,0,0
BRDA:128,15,1,0
BRDA:132,16,0,0
BRDA:132,16,1,0
BRDA:132,17,0,0
BRDA:132,17,1,0
BRDA:149,18,0,0
BRDA:155,19,0,0
BRDA:155,19,1,0
BRDA:155,20,0,0
BRDA:155,20,1,0
BRDA:174,21,0,0
BRDA:174,21,1,0
BRDA:176,22,0,0
BRDA:176,22,1,0
BRDA:176,23,0,0
BRDA:176,23,1,0
BRDA:176,23,2,0
BRDA:186,24,0,0
BRDA:186,24,1,0
BRDA:188,25,0,0
BRDA:188,25,1,0
BRDA:188,26,0,0
BRDA:188,26,1,0
BRDA:210,27,0,0
BRDA:217,28,0,0
BRDA:217,28,1,0
BRDA:217,29,0,0
BRDA:217,29,1,0
BRDA:217,29,2,0
BRDA:217,29,3,0
BRDA:222,30,0,0
BRDA:222,30,1,0
BRF:62
BRH:0
end_of_record
