{"/workspaces/love-rank-pulse/src/hooks/use-mobile.tsx": {"path":"/workspaces/love-rank-pulse/src/hooks/use-mobile.tsx","statementMap":{"0":{"start":{"line":5,"column":0},"end":{"line":5,"column":16}},"1":{"start":{"line":1,"column":0},"end":{"line":1,"column":31}},"2":{"start":{"line":3,"column":26},"end":{"line":3,"column":29}},"3":{"start":{"line":6,"column":34},"end":{"line":6,"column":80}},"4":{"start":{"line":8,"column":2},"end":{"line":16,"column":9}},"5":{"start":{"line":9,"column":16},"end":{"line":9,"column":76}},"6":{"start":{"line":10,"column":21},"end":{"line":12,"column":5}},"7":{"start":{"line":11,"column":6},"end":{"line":11,"column":57}},"8":{"start":{"line":13,"column":4},"end":{"line":13,"column":45}},"9":{"start":{"line":14,"column":4},"end":{"line":14,"column":55}},"10":{"start":{"line":15,"column":4},"end":{"line":15,"column":61}},"11":{"start":{"line":15,"column":17},"end":{"line":15,"column":60}},"12":{"start":{"line":18,"column":2},"end":{"line":18,"column":20}}},"fnMap":{"0":{"name":"useIsMobile","decl":{"start":{"line":5,"column":16},"end":{"line":5,"column":27}},"loc":{"start":{"line":5,"column":27},"end":{"line":19,"column":1}}},"1":{"name":"(anonymous_10)","decl":{"start":{"line":8,"column":18},"end":{"line":8,"column":21}},"loc":{"start":{"line":8,"column":23},"end":{"line":16,"column":3}}},"2":{"name":"(anonymous_11)","decl":{"start":{"line":10,"column":21},"end":{"line":10,"column":24}},"loc":{"start":{"line":10,"column":26},"end":{"line":12,"column":5}}},"3":{"name":"(anonymous_12)","decl":{"start":{"line":15,"column":11},"end":{"line":15,"column":14}},"loc":{"start":{"line":15,"column":17},"end":{"line":15,"column":60}}}},"branchMap":{},"s":{"0":0,"1":0,"2":0,"3":0,"4":0,"5":0,"6":0,"7":0,"8":0,"9":0,"10":0,"11":0,"12":0},"f":{"0":0,"1":0,"2":0,"3":0},"b":{}}
,"/workspaces/love-rank-pulse/src/hooks/use-toast.ts": {"path":"/workspaces/love-rank-pulse/src/hooks/use-toast.ts","statementMap":{"0":{"start":{"line":186,"column":9},"end":{"line":186,"column":17}},"1":{"start":{"line":186,"column":19},"end":{"line":186,"column":24}},"2":{"start":{"line":1,"column":0},"end":{"line":1,"column":31}},"3":{"start":{"line":5,"column":20},"end":{"line":5,"column":21}},"4":{"start":{"line":6,"column":27},"end":{"line":6,"column":34}},"5":{"start":{"line":15,"column":20},"end":{"line":20,"column":11}},"6":{"start":{"line":22,"column":12},"end":{"line":22,"column":13}},"7":{"start":{"line":25,"column":2},"end":{"line":25,"column":48}},"8":{"start":{"line":26,"column":2},"end":{"line":26,"column":26}},"9":{"start":{"line":53,"column":22},"end":{"line":53,"column":70}},"10":{"start":{"line":55,"column":25},"end":{"line":69,"column":1}},"11":{"start":{"line":56,"column":2},"end":{"line":58,"column":3}},"12":{"start":{"line":57,"column":4},"end":{"line":57,"column":11}},"13":{"start":{"line":60,"column":18},"end":{"line":66,"column":24}},"14":{"start":{"line":61,"column":4},"end":{"line":61,"column":34}},"15":{"start":{"line":62,"column":4},"end":{"line":65,"column":7}},"16":{"start":{"line":68,"column":2},"end":{"line":68,"column":38}},"17":{"start":{"line":71,"column":23},"end":{"line":122,"column":1}},"18":{"start":{"line":72,"column":2},"end":{"line":121,"column":3}},"19":{"start":{"line":74,"column":6},"end":{"line":76,"column":null}},"20":{"start":{"line":80,"column":6},"end":{"line":82,"column":null}},"21":{"start":{"line":82,"column":41},"end":{"line":82,"column":97}},"22":{"start":{"line":86,"column":26},"end":{"line":86,"column":32}},"23":{"start":{"line":90,"column":6},"end":{"line":96,"column":7}},"24":{"start":{"line":91,"column":8},"end":{"line":91,"column":34}},"25":{"start":{"line":93,"column":8},"end":{"line":95,"column":11}},"26":{"start":{"line":94,"column":10},"end":{"line":94,"column":37}},"27":{"start":{"line":98,"column":6},"end":{"line":107,"column":null}},"28":{"start":{"line":101,"column":10},"end":{"line":106,"column":15}},"29":{"start":{"line":111,"column":6},"end":{"line":116,"column":7}},"30":{"start":{"line":112,"column":8},"end":{"line":114,"column":null}},"31":{"start":{"line":117,"column":6},"end":{"line":119,"column":null}},"32":{"start":{"line":119,"column":43},"end":{"line":119,"column":66}},"33":{"start":{"line":71,"column":13},"end":{"line":71,"column":23}},"34":{"start":{"line":124,"column":49},"end":{"line":124,"column":51}},"35":{"start":{"line":126,"column":25},"end":{"line":126,"column":39}},"36":{"start":{"line":129,"column":2},"end":{"line":129,"column":45}},"37":{"start":{"line":130,"column":2},"end":{"line":132,"column":5}},"38":{"start":{"line":131,"column":4},"end":{"line":131,"column":26}},"39":{"start":{"line":137,"column":25},"end":{"line":137,"column":34}},"40":{"start":{"line":138,"column":13},"end":{"line":138,"column":20}},"41":{"start":{"line":140,"column":17},"end":{"line":144,"column":6}},"42":{"start":{"line":141,"column":4},"end":{"line":144,"column":6}},"43":{"start":{"line":145,"column":18},"end":{"line":145,"column":72}},"44":{"start":{"line":145,"column":24},"end":{"line":145,"column":72}},"45":{"start":{"line":147,"column":2},"end":{"line":157,"column":5}},"46":{"start":{"line":154,"column":8},"end":{"line":154,"column":29}},"47":{"start":{"line":154,"column":19},"end":{"line":154,"column":29}},"48":{"start":{"line":159,"column":2},"end":{"line":163,"column":4}},"49":{"start":{"line":167,"column":28},"end":{"line":167,"column":62}},"50":{"start":{"line":169,"column":2},"end":{"line":177,"column":14}},"51":{"start":{"line":170,"column":4},"end":{"line":170,"column":29}},"52":{"start":{"line":171,"column":4},"end":{"line":176,"column":6}},"53":{"start":{"line":172,"column":20},"end":{"line":172,"column":47}},"54":{"start":{"line":173,"column":6},"end":{"line":175,"column":7}},"55":{"start":{"line":174,"column":8},"end":{"line":174,"column":35}},"56":{"start":{"line":179,"column":2},"end":{"line":182,"column":null}},"57":{"start":{"line":182,"column":35},"end":{"line":182,"column":79}}},"fnMap":{"0":{"name":"genId","decl":{"start":{"line":24,"column":9},"end":{"line":24,"column":14}},"loc":{"start":{"line":24,"column":14},"end":{"line":27,"column":1}}},"1":{"name":"(anonymous_11)","decl":{"start":{"line":55,"column":25},"end":{"line":55,"column":26}},"loc":{"start":{"line":55,"column":45},"end":{"line":69,"column":1}}},"2":{"name":"(anonymous_12)","decl":{"start":{"line":60,"column":29},"end":{"line":60,"column":32}},"loc":{"start":{"line":60,"column":34},"end":{"line":66,"column":3}}},"3":{"name":"(anonymous_13)","decl":{"start":{"line":71,"column":23},"end":{"line":71,"column":24}},"loc":{"start":{"line":71,"column":63},"end":{"line":122,"column":1}}},"4":{"name":"(anonymous_14)","decl":{"start":{"line":82,"column":33},"end":{"line":82,"column":34}},"loc":{"start":{"line":82,"column":41},"end":{"line":82,"column":97}}},"5":{"name":"(anonymous_15)","decl":{"start":{"line":93,"column":29},"end":{"line":93,"column":30}},"loc":{"start":{"line":93,"column":39},"end":{"line":95,"column":9}}},"6":{"name":"(anonymous_16)","decl":{"start":{"line":100,"column":33},"end":{"line":100,"column":34}},"loc":{"start":{"line":101,"column":10},"end":{"line":106,"column":15}}},"7":{"name":"(anonymous_17)","decl":{"start":{"line":119,"column":36},"end":{"line":119,"column":37}},"loc":{"start":{"line":119,"column":43},"end":{"line":119,"column":66}}},"8":{"name":"dispatch","decl":{"start":{"line":128,"column":9},"end":{"line":128,"column":17}},"loc":{"start":{"line":128,"column":32},"end":{"line":133,"column":1}}},"9":{"name":"(anonymous_19)","decl":{"start":{"line":130,"column":20},"end":{"line":130,"column":21}},"loc":{"start":{"line":130,"column":33},"end":{"line":132,"column":3}}},"10":{"name":"toast","decl":{"start":{"line":137,"column":9},"end":{"line":137,"column":14}},"loc":{"start":{"line":137,"column":34},"end":{"line":164,"column":1}}},"11":{"name":"(anonymous_21)","decl":{"start":{"line":140,"column":17},"end":{"line":140,"column":18}},"loc":{"start":{"line":141,"column":4},"end":{"line":144,"column":6}}},"12":{"name":"(anonymous_22)","decl":{"start":{"line":145,"column":18},"end":{"line":145,"column":21}},"loc":{"start":{"line":145,"column":24},"end":{"line":145,"column":72}}},"13":{"name":"(anonymous_23)","decl":{"start":{"line":153,"column":20},"end":{"line":153,"column":21}},"loc":{"start":{"line":153,"column":29},"end":{"line":155,"column":7}}},"14":{"name":"useToast","decl":{"start":{"line":166,"column":9},"end":{"line":166,"column":17}},"loc":{"start":{"line":166,"column":17},"end":{"line":184,"column":1}}},"15":{"name":"(anonymous_25)","decl":{"start":{"line":169,"column":18},"end":{"line":169,"column":21}},"loc":{"start":{"line":169,"column":23},"end":{"line":177,"column":3}}},"16":{"name":"(anonymous_26)","decl":{"start":{"line":171,"column":11},"end":{"line":171,"column":14}},"loc":{"start":{"line":171,"column":16},"end":{"line":176,"column":5}}},"17":{"name":"(anonymous_27)","decl":{"start":{"line":182,"column":13},"end":{"line":182,"column":14}},"loc":{"start":{"line":182,"column":35},"end":{"line":182,"column":79}}}},"branchMap":{"0":{"loc":{"start":{"line":56,"column":2},"end":{"line":58,"column":3}},"type":"if","locations":[{"start":{"line":56,"column":2},"end":{"line":58,"column":3}},{"start":{},"end":{}}]},"1":{"loc":{"start":{"line":72,"column":2},"end":{"line":121,"column":3}},"type":"switch","locations":[{"start":{"line":73,"column":4},"end":{"line":76,"column":null}},{"start":{"line":79,"column":4},"end":{"line":82,"column":null}},{"start":{"line":85,"column":4},"end":{"line":109,"column":5}},{"start":{"line":110,"column":4},"end":{"line":119,"column":null}}]},"2":{"loc":{"start":{"line":82,"column":41},"end":{"line":82,"column":97}},"type":"cond-expr","locations":[{"start":{"line":82,"column":67},"end":{"line":82,"column":94}},{"start":{"line":82,"column":96},"end":{"line":82,"column":97}}]},"3":{"loc":{"start":{"line":90,"column":6},"end":{"line":96,"column":7}},"type":"if","locations":[{"start":{"line":90,"column":6},"end":{"line":96,"column":7}},{"start":{"line":92,"column":13},"end":{"line":96,"column":7}}]},"4":{"loc":{"start":{"line":101,"column":10},"end":{"line":106,"column":15}},"type":"cond-expr","locations":[{"start":{"line":102,"column":13},"end":{"line":104,"column":null}},{"start":{"line":106,"column":14},"end":{"line":106,"column":15}}]},"5":{"loc":{"start":{"line":101,"column":10},"end":{"line":101,"column":51}},"type":"binary-expr","locations":[{"start":{"line":101,"column":10},"end":{"line":101,"column":26}},{"start":{"line":101,"column":30},"end":{"line":101,"column":51}}]},"6":{"loc":{"start":{"line":111,"column":6},"end":{"line":116,"column":7}},"type":"if","locations":[{"start":{"line":111,"column":6},"end":{"line":116,"column":7}},{"start":{},"end":{}}]},"7":{"loc":{"start":{"line":154,"column":8},"end":{"line":154,"column":29}},"type":"if","locations":[{"start":{"line":154,"column":8},"end":{"line":154,"column":29}},{"start":{},"end":{}}]},"8":{"loc":{"start":{"line":173,"column":6},"end":{"line":175,"column":7}},"type":"if","locations":[{"start":{"line":173,"column":6},"end":{"line":175,"column":7}},{"start":{},"end":{}}]}},"s":{"0":0,"1":0,"2":0,"3":0,"4":0,"5":0,"6":0,"7":0,"8":0,"9":0,"10":0,"11":0,"12":0,"13":0,"14":0,"15":0,"16":0,"17":0,"18":0,"19":0,"20":0,"21":0,"22":0,"23":0,"24":0,"25":0,"26":0,"27":0,"28":0,"29":0,"30":0,"31":0,"32":0,"33":0,"34":0,"35":0,"36":0,"37":0,"38":0,"39":0,"40":0,"41":0,"42":0,"43":0,"44":0,"45":0,"46":0,"47":0,"48":0,"49":0,"50":0,"51":0,"52":0,"53":0,"54":0,"55":0,"56":0,"57":0},"f":{"0":0,"1":0,"2":0,"3":0,"4":0,"5":0,"6":0,"7":0,"8":0,"9":0,"10":0,"11":0,"12":0,"13":0,"14":0,"15":0,"16":0,"17":0},"b":{"0":[0,0],"1":[0,0,0,0],"2":[0,0],"3":[0,0],"4":[0,0],"5":[0,0],"6":[0,0],"7":[0,0],"8":[0,0]}}
,"/workspaces/love-rank-pulse/src/hooks/useAuth.ts": {"path":"/workspaces/love-rank-pulse/src/hooks/useAuth.ts","statementMap":{"0":{"start":{"line":14,"column":0},"end":{"line":14,"column":94}},"1":{"start":{"line":15,"column":0},"end":{"line":15,"column":86}},"2":{"start":{"line":63,"column":25},"end":{"line":76,"column":2}},"3":{"start":{"line":63,"column":58},"end":{"line":76,"column":2}},"4":{"start":{"line":64,"column":2},"end":{"line":66,"column":3}},"5":{"start":{"line":65,"column":4},"end":{"line":65,"column":16}},"6":{"start":{"line":68,"column":2},"end":{"line":75,"column":3}},"7":{"start":{"line":69,"column":21},"end":{"line":69,"column":68}},"8":{"start":{"line":70,"column":4},"end":{"line":70,"column":30}},"9":{"start":{"line":73,"column":4},"end":{"line":73,"column":31}},"10":{"start":{"line":74,"column":4},"end":{"line":74,"column":32}},"11":{"start":{"line":81,"column":18},"end":{"line":94,"column":2}},"12":{"start":{"line":81,"column":81},"end":{"line":94,"column":2}},"13":{"start":{"line":82,"column":2},"end":{"line":93,"column":3}},"14":{"start":{"line":83,"column":21},"end":{"line":83,"column":83}},"15":{"start":{"line":84,"column":42},"end":{"line":84,"column":55}},"16":{"start":{"line":87,"column":4},"end":{"line":87,"column":33}},"17":{"start":{"line":88,"column":4},"end":{"line":88,"column":47}},"18":{"start":{"line":90,"column":4},"end":{"line":90,"column":25}},"19":{"start":{"line":92,"column":4},"end":{"line":92,"column":32}},"20":{"start":{"line":99,"column":21},"end":{"line":112,"column":2}},"21":{"start":{"line":99,"column":73},"end":{"line":112,"column":2}},"22":{"start":{"line":100,"column":2},"end":{"line":111,"column":3}},"23":{"start":{"line":101,"column":21},"end":{"line":101,"column":79}},"24":{"start":{"line":102,"column":36},"end":{"line":102,"column":49}},"25":{"start":{"line":105,"column":4},"end":{"line":105,"column":33}},"26":{"start":{"line":106,"column":4},"end":{"line":106,"column":47}},"27":{"start":{"line":108,"column":4},"end":{"line":108,"column":25}},"28":{"start":{"line":110,"column":4},"end":{"line":110,"column":32}},"29":{"start":{"line":117,"column":19},"end":{"line":127,"column":2}},"30":{"start":{"line":117,"column":45},"end":{"line":127,"column":2}},"31":{"start":{"line":118,"column":2},"end":{"line":126,"column":3}},"32":{"start":{"line":119,"column":4},"end":{"line":119,"column":41}},"33":{"start":{"line":122,"column":4},"end":{"line":122,"column":42}},"34":{"start":{"line":125,"column":4},"end":{"line":125,"column":31}},"35":{"start":{"line":154,"column":23},"end":{"line":227,"column":1}},"36":{"start":{"line":155,"column":22},"end":{"line":155,"column":38}},"37":{"start":{"line":158,"column":59},"end":{"line":164,"column":4}},"38":{"start":{"line":167,"column":24},"end":{"line":173,"column":4}},"39":{"start":{"line":171,"column":6},"end":{"line":171,"column":59}},"40":{"start":{"line":176,"column":27},"end":{"line":182,"column":4}},"41":{"start":{"line":180,"column":6},"end":{"line":180,"column":59}},"42":{"start":{"line":185,"column":25},"end":{"line":192,"column":4}},"43":{"start":{"line":189,"column":6},"end":{"line":189,"column":54}},"44":{"start":{"line":190,"column":6},"end":{"line":190,"column":26}},"45":{"start":{"line":194,"column":2},"end":{"line":226,"column":4}},"46":{"start":{"line":154,"column":13},"end":{"line":154,"column":23}},"47":{"start":{"line":229,"column":0},"end":{"line":229,"column":23}}},"fnMap":{"0":{"name":"(anonymous_7)","decl":{"start":{"line":63,"column":25},"end":{"line":63,"column":56}},"loc":{"start":{"line":63,"column":58},"end":{"line":76,"column":2}}},"1":{"name":"(anonymous_8)","decl":{"start":{"line":63,"column":58},"end":{"line":63,"column":null}},"loc":{"start":{"line":63,"column":58},"end":{"line":76,"column":1}}},"2":{"name":"(anonymous_9)","decl":{"start":{"line":81,"column":18},"end":{"line":81,"column":25}},"loc":{"start":{"line":81,"column":81},"end":{"line":94,"column":2}}},"3":{"name":"(anonymous_10)","decl":{"start":{"line":81,"column":81},"end":{"line":81,"column":null}},"loc":{"start":{"line":81,"column":81},"end":{"line":94,"column":1}}},"4":{"name":"(anonymous_11)","decl":{"start":{"line":99,"column":21},"end":{"line":99,"column":28}},"loc":{"start":{"line":99,"column":73},"end":{"line":112,"column":2}}},"5":{"name":"(anonymous_12)","decl":{"start":{"line":99,"column":73},"end":{"line":99,"column":null}},"loc":{"start":{"line":99,"column":73},"end":{"line":112,"column":1}}},"6":{"name":"(anonymous_13)","decl":{"start":{"line":117,"column":19},"end":{"line":117,"column":43}},"loc":{"start":{"line":117,"column":45},"end":{"line":127,"column":2}}},"7":{"name":"(anonymous_14)","decl":{"start":{"line":117,"column":45},"end":{"line":117,"column":null}},"loc":{"start":{"line":117,"column":45},"end":{"line":127,"column":1}}},"8":{"name":"(anonymous_15)","decl":{"start":{"line":154,"column":23},"end":{"line":154,"column":26}},"loc":{"start":{"line":154,"column":28},"end":{"line":227,"column":1}}},"9":{"name":"(anonymous_16)","decl":{"start":{"line":169,"column":15},"end":{"line":169,"column":16}},"loc":{"start":{"line":169,"column":24},"end":{"line":172,"column":5}}},"10":{"name":"(anonymous_17)","decl":{"start":{"line":178,"column":15},"end":{"line":178,"column":16}},"loc":{"start":{"line":178,"column":24},"end":{"line":181,"column":5}}},"11":{"name":"(anonymous_18)","decl":{"start":{"line":187,"column":15},"end":{"line":187,"column":18}},"loc":{"start":{"line":187,"column":20},"end":{"line":191,"column":5}}}},"branchMap":{"0":{"loc":{"start":{"line":64,"column":2},"end":{"line":66,"column":3}},"type":"if","locations":[{"start":{"line":64,"column":2},"end":{"line":66,"column":3}},{"start":{},"end":{}}]},"1":{"loc":{"start":{"line":200,"column":21},"end":{"line":200,"column":71}},"type":"binary-expr","locations":[{"start":{"line":200,"column":21},"end":{"line":200,"column":37}},{"start":{"line":200,"column":41},"end":{"line":200,"column":71}}]}},"s":{"0":0,"1":0,"2":0,"3":0,"4":0,"5":0,"6":0,"7":0,"8":0,"9":0,"10":0,"11":0,"12":0,"13":0,"14":0,"15":0,"16":0,"17":0,"18":0,"19":0,"20":0,"21":0,"22":0,"23":0,"24":0,"25":0,"26":0,"27":0,"28":0,"29":0,"30":0,"31":0,"32":0,"33":0,"34":0,"35":0,"36":0,"37":0,"38":0,"39":0,"40":0,"41":0,"42":0,"43":0,"44":0,"45":0,"46":0,"47":0},"f":{"0":0,"1":0,"2":0,"3":0,"4":0,"5":0,"6":0,"7":0,"8":0,"9":0,"10":0,"11":0},"b":{"0":[0,0],"1":[0,0]}}
,"/workspaces/love-rank-pulse/src/hooks/useLeaderboard.ts": {"path":"/workspaces/love-rank-pulse/src/hooks/useLeaderboard.ts","statementMap":{"0":{"start":{"line":14,"column":0},"end":{"line":14,"column":65}},"1":{"start":{"line":15,"column":0},"end":{"line":15,"column":72}},"2":{"start":{"line":81,"column":25},"end":{"line":116,"column":2}},"3":{"start":{"line":83,"column":34},"end":{"line":116,"column":2}},"4":{"start":{"line":91,"column":6},"end":{"line":91,"column":13}},"5":{"start":{"line":93,"column":17},"end":{"line":98,"column":4}},"6":{"start":{"line":100,"column":2},"end":{"line":102,"column":3}},"7":{"start":{"line":101,"column":4},"end":{"line":101,"column":47}},"8":{"start":{"line":104,"column":2},"end":{"line":106,"column":3}},"9":{"start":{"line":105,"column":4},"end":{"line":105,"column":43}},"10":{"start":{"line":108,"column":2},"end":{"line":115,"column":3}},"11":{"start":{"line":109,"column":21},"end":{"line":110,"column":null}},"12":{"start":{"line":112,"column":4},"end":{"line":112,"column":25}},"13":{"start":{"line":114,"column":4},"end":{"line":114,"column":32}},"14":{"start":{"line":133,"column":30},"end":{"line":155,"column":1}},"15":{"start":{"line":145,"column":6},"end":{"line":145,"column":13}},"16":{"start":{"line":147,"column":2},"end":{"line":154,"column":5}},"17":{"start":{"line":149,"column":19},"end":{"line":149,"column":44}},"18":{"start":{"line":133,"column":13},"end":{"line":133,"column":30}},"19":{"start":{"line":161,"column":21},"end":{"line":172,"column":1}},"20":{"start":{"line":162,"column":2},"end":{"line":171,"column":3}},"21":{"start":{"line":164,"column":6},"end":{"line":164,"column":23}},"22":{"start":{"line":166,"column":6},"end":{"line":166,"column":27}},"23":{"start":{"line":168,"column":6},"end":{"line":168,"column":27}},"24":{"start":{"line":170,"column":6},"end":{"line":170,"column":23}},"25":{"start":{"line":178,"column":18},"end":{"line":189,"column":1}},"26":{"start":{"line":179,"column":2},"end":{"line":188,"column":3}},"27":{"start":{"line":181,"column":6},"end":{"line":181,"column":27}},"28":{"start":{"line":183,"column":6},"end":{"line":183,"column":28}},"29":{"start":{"line":185,"column":6},"end":{"line":185,"column":28}},"30":{"start":{"line":187,"column":6},"end":{"line":187,"column":28}},"31":{"start":{"line":191,"column":0},"end":{"line":191,"column":30}}},"fnMap":{"0":{"name":"(anonymous_7)","decl":{"start":{"line":81,"column":25},"end":{"line":81,"column":null}},"loc":{"start":{"line":83,"column":34},"end":{"line":116,"column":2}}},"1":{"name":"(anonymous_8)","decl":{"start":{"line":83,"column":34},"end":{"line":83,"column":null}},"loc":{"start":{"line":83,"column":34},"end":{"line":116,"column":1}}},"2":{"name":"(anonymous_9)","decl":{"start":{"line":133,"column":30},"end":{"line":133,"column":null}},"loc":{"start":{"line":135,"column":51},"end":{"line":155,"column":1}}},"3":{"name":"(anonymous_10)","decl":{"start":{"line":149,"column":13},"end":{"line":149,"column":16}},"loc":{"start":{"line":149,"column":19},"end":{"line":149,"column":44}}},"4":{"name":"(anonymous_11)","decl":{"start":{"line":161,"column":21},"end":{"line":161,"column":22}},"loc":{"start":{"line":161,"column":57},"end":{"line":172,"column":1}}},"5":{"name":"(anonymous_12)","decl":{"start":{"line":178,"column":18},"end":{"line":178,"column":19}},"loc":{"start":{"line":178,"column":54},"end":{"line":189,"column":1}}}},"branchMap":{"0":{"loc":{"start":{"line":86,"column":4},"end":{"line":86,"column":26}},"type":"default-arg","locations":[{"start":{"line":86,"column":17},"end":{"line":86,"column":26}}]},"1":{"loc":{"start":{"line":89,"column":4},"end":{"line":89,"column":12}},"type":"default-arg","locations":[{"start":{"line":89,"column":11},"end":{"line":89,"column":12}}]},"2":{"loc":{"start":{"line":90,"column":4},"end":{"line":90,"column":15}},"type":"default-arg","locations":[{"start":{"line":90,"column":12},"end":{"line":90,"column":15}}]},"3":{"loc":{"start":{"line":100,"column":2},"end":{"line":102,"column":3}},"type":"if","locations":[{"start":{"line":100,"column":2},"end":{"line":102,"column":3}},{"start":{},"end":{}}]},"4":{"loc":{"start":{"line":104,"column":2},"end":{"line":106,"column":3}},"type":"if","locations":[{"start":{"line":104,"column":2},"end":{"line":106,"column":3}},{"start":{},"end":{}}]},"5":{"loc":{"start":{"line":138,"column":4},"end":{"line":138,"column":26}},"type":"default-arg","locations":[{"start":{"line":138,"column":17},"end":{"line":138,"column":26}}]},"6":{"loc":{"start":{"line":141,"column":4},"end":{"line":141,"column":12}},"type":"default-arg","locations":[{"start":{"line":141,"column":11},"end":{"line":141,"column":12}}]},"7":{"loc":{"start":{"line":142,"column":4},"end":{"line":142,"column":15}},"type":"default-arg","locations":[{"start":{"line":142,"column":12},"end":{"line":142,"column":15}}]},"8":{"loc":{"start":{"line":143,"column":4},"end":{"line":143,"column":18}},"type":"default-arg","locations":[{"start":{"line":143,"column":14},"end":{"line":143,"column":18}}]},"9":{"loc":{"start":{"line":144,"column":4},"end":{"line":144,"column":23}},"type":"default-arg","locations":[{"start":{"line":144,"column":22},"end":{"line":144,"column":23}}]},"10":{"loc":{"start":{"line":162,"column":2},"end":{"line":171,"column":3}},"type":"switch","locations":[{"start":{"line":163,"column":4},"end":{"line":164,"column":23}},{"start":{"line":165,"column":4},"end":{"line":166,"column":27}},{"start":{"line":167,"column":4},"end":{"line":168,"column":27}},{"start":{"line":169,"column":4},"end":{"line":170,"column":23}}]},"11":{"loc":{"start":{"line":179,"column":2},"end":{"line":188,"column":3}},"type":"switch","locations":[{"start":{"line":180,"column":4},"end":{"line":181,"column":27}},{"start":{"line":182,"column":4},"end":{"line":183,"column":28}},{"start":{"line":184,"column":4},"end":{"line":185,"column":28}},{"start":{"line":186,"column":4},"end":{"line":187,"column":28}}]}},"s":{"0":1,"1":1,"2":1,"3":13,"4":13,"5":13,"6":13,"7":1,"8":13,"9":0,"10":13,"11":13,"12":12,"13":1,"14":1,"15":23,"16":23,"17":13,"18":1,"19":1,"20":23,"21":19,"22":2,"23":2,"24":0,"25":1,"26":23,"27":19,"28":2,"29":2,"30":0,"31":1},"f":{"0":13,"1":13,"2":23,"3":13,"4":23,"5":23},"b":{"0":[12],"1":[11],"2":[11],"3":[1,12],"4":[0,13],"5":[21],"6":[20],"7":[20],"8":[23],"9":[23],"10":[19,2,2,0],"11":[19,2,2,0]}}
,"/workspaces/love-rank-pulse/src/hooks/usePlayerStats.ts": {"path":"/workspaces/love-rank-pulse/src/hooks/usePlayerStats.ts","statementMap":{"0":{"start":{"line":1,"column":0},"end":{"line":1,"column":65}},"1":{"start":{"line":2,"column":0},"end":{"line":2,"column":47}},"2":{"start":{"line":9,"column":25},"end":{"line":37,"column":2}},"3":{"start":{"line":9,"column":82},"end":{"line":37,"column":2}},"4":{"start":{"line":10,"column":2},"end":{"line":10,"column":59}},"5":{"start":{"line":10,"column":33},"end":{"line":10,"column":57}},"6":{"start":{"line":12,"column":2},"end":{"line":36,"column":4}},"7":{"start":{"line":39,"column":30},"end":{"line":72,"column":1}},"8":{"start":{"line":40,"column":22},"end":{"line":40,"column":38}},"9":{"start":{"line":42,"column":16},"end":{"line":50,"column":4}},"10":{"start":{"line":46,"column":19},"end":{"line":46,"column":45}},"11":{"start":{"line":52,"column":18},"end":{"line":58,"column":3}},"12":{"start":{"line":53,"column":4},"end":{"line":57,"column":7}},"13":{"start":{"line":60,"column":27},"end":{"line":69,"column":3}},"14":{"start":{"line":61,"column":21},"end":{"line":63,"column":39}},"15":{"start":{"line":65,"column":4},"end":{"line":68,"column":7}},"16":{"start":{"line":66,"column":6},"end":{"line":66,"column":27}},"17":{"start":{"line":66,"column":16},"end":{"line":66,"column":27}},"18":{"start":{"line":67,"column":6},"end":{"line":67,"column":75}},"19":{"start":{"line":71,"column":2},"end":{"line":71,"column":49}},"20":{"start":{"line":39,"column":13},"end":{"line":39,"column":30}}},"fnMap":{"0":{"name":"(anonymous_7)","decl":{"start":{"line":9,"column":25},"end":{"line":9,"column":32}},"loc":{"start":{"line":9,"column":82},"end":{"line":37,"column":2}}},"1":{"name":"(anonymous_8)","decl":{"start":{"line":9,"column":82},"end":{"line":9,"column":null}},"loc":{"start":{"line":9,"column":82},"end":{"line":37,"column":1}}},"2":{"name":"(anonymous_9)","decl":{"start":{"line":10,"column":20},"end":{"line":10,"column":21}},"loc":{"start":{"line":10,"column":33},"end":{"line":10,"column":57}}},"3":{"name":"(anonymous_10)","decl":{"start":{"line":39,"column":30},"end":{"line":39,"column":31}},"loc":{"start":{"line":39,"column":63},"end":{"line":72,"column":1}}},"4":{"name":"(anonymous_11)","decl":{"start":{"line":46,"column":13},"end":{"line":46,"column":16}},"loc":{"start":{"line":46,"column":19},"end":{"line":46,"column":45}}},"5":{"name":"(anonymous_12)","decl":{"start":{"line":52,"column":18},"end":{"line":52,"column":21}},"loc":{"start":{"line":52,"column":23},"end":{"line":58,"column":3}}},"6":{"name":"(anonymous_13)","decl":{"start":{"line":60,"column":27},"end":{"line":60,"column":28}},"loc":{"start":{"line":60,"column":61},"end":{"line":69,"column":3}}},"7":{"name":"(anonymous_14)","decl":{"start":{"line":65,"column":60},"end":{"line":65,"column":61}},"loc":{"start":{"line":65,"column":68},"end":{"line":68,"column":5}}}},"branchMap":{"0":{"loc":{"start":{"line":39,"column":31},"end":{"line":39,"column":59}},"type":"default-arg","locations":[{"start":{"line":39,"column":50},"end":{"line":39,"column":59}}]},"1":{"loc":{"start":{"line":43,"column":14},"end":{"line":45,"column":39}},"type":"cond-expr","locations":[{"start":{"line":44,"column":8},"end":{"line":44,"column":39}},{"start":{"line":45,"column":8},"end":{"line":45,"column":39}}]},"2":{"loc":{"start":{"line":54,"column":16},"end":{"line":56,"column":41}},"type":"cond-expr","locations":[{"start":{"line":55,"column":10},"end":{"line":55,"column":41}},{"start":{"line":56,"column":10},"end":{"line":56,"column":41}}]},"3":{"loc":{"start":{"line":61,"column":21},"end":{"line":63,"column":39}},"type":"cond-expr","locations":[{"start":{"line":62,"column":8},"end":{"line":62,"column":39}},{"start":{"line":63,"column":8},"end":{"line":63,"column":39}}]},"4":{"loc":{"start":{"line":66,"column":6},"end":{"line":66,"column":27}},"type":"if","locations":[{"start":{"line":66,"column":6},"end":{"line":66,"column":27}},{"start":{},"end":{}}]}},"s":{"0":1,"1":1,"2":1,"3":34,"4":34,"5":34,"6":19,"7":1,"8":50,"9":50,"10":34,"11":50,"12":1,"13":50,"14":1,"15":1,"16":1,"17":0,"18":1,"19":50,"20":1},"f":{"0":34,"1":34,"2":34,"3":50,"4":34,"5":1,"6":1,"7":1},"b":{"0":[3],"1":[3,47],"2":[0,1],"3":[0,1],"4":[0,1]}}
}
