TN:
SF:src/hooks/use-mobile.tsx
FN:5,useIsMobile
FN:8,(anonymous_10)
FN:10,(anonymous_11)
FN:15,(anonymous_12)
FNF:4
FNH:0
FNDA:0,useIsMobile
FNDA:0,(anonymous_10)
FNDA:0,(anonymous_11)
FNDA:0,(anonymous_12)
DA:1,0
DA:3,0
DA:5,0
DA:6,0
DA:8,0
DA:9,0
DA:10,0
DA:11,0
DA:13,0
DA:14,0
DA:15,0
DA:18,0
LF:12
LH:0
BRF:0
BRH:0
end_of_record
TN:
SF:src/hooks/use-toast.ts
FN:24,genId
FN:55,(anonymous_11)
FN:60,(anonymous_12)
FN:71,(anonymous_13)
FN:82,(anonymous_14)
FN:93,(anonymous_15)
FN:100,(anonymous_16)
FN:119,(anonymous_17)
FN:128,dispatch
FN:130,(anonymous_19)
FN:137,toast
FN:140,(anonymous_21)
FN:145,(anonymous_22)
FN:153,(anonymous_23)
FN:166,useToast
FN:169,(anonymous_25)
FN:171,(anonymous_26)
FN:182,(anonymous_27)
FNF:18
FNH:0
FNDA:0,genId
FNDA:0,(anonymous_11)
FNDA:0,(anonymous_12)
FNDA:0,(anonymous_13)
FNDA:0,(anonymous_14)
FNDA:0,(anonymous_15)
FNDA:0,(anonymous_16)
FNDA:0,(anonymous_17)
FNDA:0,dispatch
FNDA:0,(anonymous_19)
FNDA:0,toast
FNDA:0,(anonymous_21)
FNDA:0,(anonymous_22)
FNDA:0,(anonymous_23)
FNDA:0,useToast
FNDA:0,(anonymous_25)
FNDA:0,(anonymous_26)
FNDA:0,(anonymous_27)
DA:1,0
DA:5,0
DA:6,0
DA:15,0
DA:22,0
DA:25,0
DA:26,0
DA:53,0
DA:55,0
DA:56,0
DA:57,0
DA:60,0
DA:61,0
DA:62,0
DA:68,0
DA:71,0
DA:72,0
DA:74,0
DA:80,0
DA:82,0
DA:86,0
DA:90,0
DA:91,0
DA:93,0
DA:94,0
DA:98,0
DA:101,0
DA:111,0
DA:112,0
DA:117,0
DA:119,0
DA:124,0
DA:126,0
DA:129,0
DA:130,0
DA:131,0
DA:137,0
DA:138,0
DA:140,0
DA:141,0
DA:145,0
DA:147,0
DA:154,0
DA:159,0
DA:167,0
DA:169,0
DA:170,0
DA:171,0
DA:172,0
DA:173,0
DA:174,0
DA:179,0
DA:182,0
DA:186,0
LF:54
LH:0
BRDA:56,0,0,0
BRDA:56,0,1,0
BRDA:72,1,0,0
BRDA:72,1,1,0
BRDA:72,1,2,0
BRDA:72,1,3,0
BRDA:82,2,0,0
BRDA:82,2,1,0
BRDA:90,3,0,0
BRDA:90,3,1,0
BRDA:101,4,0,0
BRDA:101,4,1,0
BRDA:101,5,0,0
BRDA:101,5,1,0
BRDA:111,6,0,0
BRDA:111,6,1,0
BRDA:154,7,0,0
BRDA:154,7,1,0
BRDA:173,8,0,0
BRDA:173,8,1,0
BRF:20
BRH:0
end_of_record
TN:
SF:src/hooks/useAuth.ts
FN:63,(anonymous_7)
FN:63,(anonymous_8)
FN:81,(anonymous_9)
FN:81,(anonymous_10)
FN:99,(anonymous_11)
FN:99,(anonymous_12)
FN:117,(anonymous_13)
FN:117,(anonymous_14)
FN:154,(anonymous_15)
FN:169,(anonymous_16)
FN:178,(anonymous_17)
FN:187,(anonymous_18)
FNF:12
FNH:0
FNDA:0,(anonymous_7)
FNDA:0,(anonymous_8)
FNDA:0,(anonymous_9)
FNDA:0,(anonymous_10)
FNDA:0,(anonymous_11)
FNDA:0,(anonymous_12)
FNDA:0,(anonymous_13)
FNDA:0,(anonymous_14)
FNDA:0,(anonymous_15)
FNDA:0,(anonymous_16)
FNDA:0,(anonymous_17)
FNDA:0,(anonymous_18)
DA:14,0
DA:15,0
DA:63,0
DA:64,0
DA:65,0
DA:68,0
DA:69,0
DA:70,0
DA:73,0
DA:74,0
DA:81,0
DA:82,0
DA:83,0
DA:84,0
DA:87,0
DA:88,0
DA:90,0
DA:92,0
DA:99,0
DA:100,0
DA:101,0
DA:102,0
DA:105,0
DA:106,0
DA:108,0
DA:110,0
DA:117,0
DA:118,0
DA:119,0
DA:122,0
DA:125,0
DA:154,0
DA:155,0
DA:158,0
DA:167,0
DA:171,0
DA:176,0
DA:180,0
DA:185,0
DA:189,0
DA:190,0
DA:194,0
DA:229,0
LF:43
LH:0
BRDA:64,0,0,0
BRDA:64,0,1,0
BRDA:200,1,0,0
BRDA:200,1,1,0
BRF:4
BRH:0
end_of_record
TN:
SF:src/hooks/useLeaderboard.ts
FN:81,(anonymous_7)
FN:83,(anonymous_8)
FN:133,(anonymous_9)
FN:149,(anonymous_10)
FN:161,(anonymous_11)
FN:178,(anonymous_12)
FNF:6
FNH:6
FNDA:13,(anonymous_7)
FNDA:13,(anonymous_8)
FNDA:23,(anonymous_9)
FNDA:13,(anonymous_10)
FNDA:23,(anonymous_11)
FNDA:23,(anonymous_12)
DA:14,1
DA:15,1
DA:81,1
DA:83,13
DA:91,13
DA:93,13
DA:100,13
DA:101,1
DA:104,13
DA:105,0
DA:108,13
DA:109,13
DA:112,12
DA:114,1
DA:133,1
DA:145,23
DA:147,23
DA:149,13
DA:161,1
DA:162,23
DA:164,19
DA:166,2
DA:168,2
DA:170,0
DA:178,1
DA:179,23
DA:181,19
DA:183,2
DA:185,2
DA:187,0
DA:191,1
LF:31
LH:28
BRDA:86,0,0,12
BRDA:89,1,0,11
BRDA:90,2,0,11
BRDA:100,3,0,1
BRDA:100,3,1,12
BRDA:104,4,0,0
BRDA:104,4,1,13
BRDA:138,5,0,21
BRDA:141,6,0,20
BRDA:142,7,0,20
BRDA:143,8,0,23
BRDA:144,9,0,23
BRDA:162,10,0,19
BRDA:162,10,1,2
BRDA:162,10,2,2
BRDA:162,10,3,0
BRDA:179,11,0,19
BRDA:179,11,1,2
BRDA:179,11,2,2
BRDA:179,11,3,0
BRF:20
BRH:17
end_of_record
TN:
SF:src/hooks/usePlayerStats.ts
FN:9,(anonymous_7)
FN:9,(anonymous_8)
FN:10,(anonymous_9)
FN:39,(anonymous_10)
FN:46,(anonymous_11)
FN:52,(anonymous_12)
FN:60,(anonymous_13)
FN:65,(anonymous_14)
FNF:8
FNH:8
FNDA:34,(anonymous_7)
FNDA:34,(anonymous_8)
FNDA:34,(anonymous_9)
FNDA:50,(anonymous_10)
FNDA:34,(anonymous_11)
FNDA:1,(anonymous_12)
FNDA:1,(anonymous_13)
FNDA:1,(anonymous_14)
DA:1,1
DA:2,1
DA:9,34
DA:10,34
DA:12,19
DA:39,1
DA:40,50
DA:42,50
DA:46,34
DA:52,50
DA:53,1
DA:60,50
DA:61,1
DA:65,1
DA:66,1
DA:67,1
DA:71,50
LF:17
LH:17
BRDA:39,0,0,3
BRDA:43,1,0,3
BRDA:43,1,1,47
BRDA:54,2,0,0
BRDA:54,2,1,1
BRDA:61,3,0,0
BRDA:61,3,1,1
BRDA:66,4,0,0
BRDA:66,4,1,1
BRF:9
BRH:6
end_of_record
