{"/workspaces/love-rank-pulse/src/App.tsx": {"path":"/workspaces/love-rank-pulse/src/App.tsx","statementMap":{"0":{"start":{"line":1,"column":0},"end":{"line":1,"column":50}},"1":{"start":{"line":2,"column":0},"end":{"line":2,"column":59}},"2":{"start":{"line":3,"column":0},"end":{"line":3,"column":58}},"3":{"start":{"line":4,"column":0},"end":{"line":4,"column":73}},"4":{"start":{"line":5,"column":0},"end":{"line":5,"column":64}},"5":{"start":{"line":6,"column":0},"end":{"line":6,"column":54}},"6":{"start":{"line":8,"column":0},"end":{"line":8,"column":34}},"7":{"start":{"line":9,"column":0},"end":{"line":9,"column":48}},"8":{"start":{"line":10,"column":0},"end":{"line":10,"column":40}},"9":{"start":{"line":12,"column":20},"end":{"line":12,"column":37}},"10":{"start":{"line":14,"column":12},"end":{"line":36,"column":null}},"11":{"start":{"line":15,"column":2},"end":{"line":35,"column":null}},"12":{"start":{"line":39,"column":0},"end":{"line":39,"column":19}}},"fnMap":{"0":{"name":"(anonymous_1)","decl":{"start":{"line":14,"column":12},"end":{"line":14,"column":15}},"loc":{"start":{"line":15,"column":2},"end":{"line":35,"column":null}}}},"branchMap":{},"s":{"0":0,"1":0,"2":0,"3":0,"4":0,"5":0,"6":0,"7":0,"8":0,"9":0,"10":0,"11":0,"12":0},"f":{"0":0},"b":{}}
,"/workspaces/love-rank-pulse/src/server.ts": {"path":"/workspaces/love-rank-pulse/src/server.ts","statementMap":{"0":{"start":{"line":1,"column":0},"end":{"line":1,"column":47}},"1":{"start":{"line":2,"column":0},"end":{"line":2,"column":46}},"2":{"start":{"line":5,"column":0},"end":{"line":5,"column":54}},"3":{"start":{"line":6,"column":0},"end":{"line":6,"column":64}},"4":{"start":{"line":7,"column":0},"end":{"line":7,"column":74}},"5":{"start":{"line":10,"column":0},"end":{"line":10,"column":30}},"6":{"start":{"line":15,"column":13},"end":{"line":15,"column":53}},"7":{"start":{"line":16,"column":17},"end":{"line":16,"column":54}},"8":{"start":{"line":19,"column":24},"end":{"line":19,"column":38}},"9":{"start":{"line":20,"column":23},"end":{"line":20,"column":77}},"10":{"start":{"line":20,"column":56},"end":{"line":20,"column":76}},"11":{"start":{"line":22,"column":0},"end":{"line":25,"column":1}},"12":{"start":{"line":23,"column":2},"end":{"line":23,"column":86}},"13":{"start":{"line":24,"column":2},"end":{"line":24,"column":18}},"14":{"start":{"line":30,"column":25},"end":{"line":30,"column":34}},"15":{"start":{"line":142,"column":9},"end":{"line":142,"column":12}},"16":{"start":{"line":35,"column":15},"end":{"line":37,"column":2}},"17":{"start":{"line":142,"column":14},"end":{"line":142,"column":20}},"18":{"start":{"line":44,"column":0},"end":{"line":44,"column":23}},"19":{"start":{"line":47,"column":0},"end":{"line":47,"column":41}},"20":{"start":{"line":48,"column":0},"end":{"line":48,"column":63}},"21":{"start":{"line":51,"column":0},"end":{"line":51,"column":20}},"22":{"start":{"line":52,"column":0},"end":{"line":52,"column":23}},"23":{"start":{"line":55,"column":0},"end":{"line":55,"column":24}},"24":{"start":{"line":58,"column":0},"end":{"line":65,"column":3}},"25":{"start":{"line":59,"column":2},"end":{"line":64,"column":5}},"26":{"start":{"line":68,"column":0},"end":{"line":68,"column":25}},"27":{"start":{"line":71,"column":0},"end":{"line":71,"column":22}},"28":{"start":{"line":76,"column":20},"end":{"line":135,"column":2}},"29":{"start":{"line":76,"column":31},"end":{"line":135,"column":2}},"30":{"start":{"line":77,"column":2},"end":{"line":134,"column":3}},"31":{"start":{"line":79,"column":4},"end":{"line":79,"column":28}},"32":{"start":{"line":80,"column":4},"end":{"line":80,"column":53}},"33":{"start":{"line":83,"column":19},"end":{"line":92,"column":6}},"34":{"start":{"line":84,"column":6},"end":{"line":84,"column":34}},"35":{"start":{"line":85,"column":6},"end":{"line":85,"column":51}},"36":{"start":{"line":86,"column":6},"end":{"line":86,"column":34}},"37":{"start":{"line":87,"column":6},"end":{"line":87,"column":46}},"38":{"start":{"line":88,"column":6},"end":{"line":88,"column":53}},"39":{"start":{"line":89,"column":6},"end":{"line":89,"column":71}},"40":{"start":{"line":90,"column":6},"end":{"line":90,"column":64}},"41":{"start":{"line":91,"column":6},"end":{"line":91,"column":34}},"42":{"start":{"line":95,"column":29},"end":{"line":114,"column":6}},"43":{"start":{"line":95,"column":54},"end":{"line":114,"column":6}},"44":{"start":{"line":96,"column":6},"end":{"line":96,"column":73}},"45":{"start":{"line":98,"column":6},"end":{"line":107,"column":9}},"46":{"start":{"line":98,"column":30},"end":{"line":107,"column":8}},"47":{"start":{"line":99,"column":8},"end":{"line":99,"column":42}},"48":{"start":{"line":102,"column":8},"end":{"line":102,"column":35}},"49":{"start":{"line":103,"column":8},"end":{"line":103,"column":45}},"50":{"start":{"line":105,"column":8},"end":{"line":105,"column":41}},"51":{"start":{"line":106,"column":8},"end":{"line":106,"column":24}},"52":{"start":{"line":110,"column":6},"end":{"line":113,"column":16}},"53":{"start":{"line":111,"column":8},"end":{"line":111,"column":55}},"54":{"start":{"line":112,"column":8},"end":{"line":112,"column":24}},"55":{"start":{"line":117,"column":4},"end":{"line":117,"column":61}},"56":{"start":{"line":117,"column":32},"end":{"line":117,"column":59}},"57":{"start":{"line":118,"column":4},"end":{"line":118,"column":59}},"58":{"start":{"line":118,"column":31},"end":{"line":118,"column":57}},"59":{"start":{"line":121,"column":4},"end":{"line":124,"column":7}},"60":{"start":{"line":122,"column":6},"end":{"line":122,"column":50}},"61":{"start":{"line":123,"column":6},"end":{"line":123,"column":44}},"62":{"start":{"line":126,"column":4},"end":{"line":129,"column":7}},"63":{"start":{"line":127,"column":6},"end":{"line":127,"column":75}},"64":{"start":{"line":128,"column":6},"end":{"line":128,"column":45}},"65":{"start":{"line":132,"column":4},"end":{"line":132,"column":52}},"66":{"start":{"line":133,"column":4},"end":{"line":133,"column":20}},"67":{"start":{"line":138,"column":0},"end":{"line":140,"column":1}},"68":{"start":{"line":139,"column":2},"end":{"line":139,"column":16}}},"fnMap":{"0":{"name":"(anonymous_8)","decl":{"start":{"line":20,"column":46},"end":{"line":20,"column":52}},"loc":{"start":{"line":20,"column":56},"end":{"line":20,"column":76}}},"1":{"name":"(anonymous_9)","decl":{"start":{"line":58,"column":13},"end":{"line":58,"column":14}},"loc":{"start":{"line":58,"column":26},"end":{"line":65,"column":1}}},"2":{"name":"(anonymous_10)","decl":{"start":{"line":76,"column":20},"end":{"line":76,"column":29}},"loc":{"start":{"line":76,"column":31},"end":{"line":135,"column":2}}},"3":{"name":"(anonymous_11)","decl":{"start":{"line":76,"column":31},"end":{"line":76,"column":null}},"loc":{"start":{"line":76,"column":31},"end":{"line":135,"column":1}}},"4":{"name":"(anonymous_12)","decl":{"start":{"line":83,"column":36},"end":{"line":83,"column":39}},"loc":{"start":{"line":83,"column":41},"end":{"line":92,"column":5}}},"5":{"name":"(anonymous_13)","decl":{"start":{"line":95,"column":29},"end":{"line":95,"column":36}},"loc":{"start":{"line":95,"column":54},"end":{"line":114,"column":6}}},"6":{"name":"(anonymous_14)","decl":{"start":{"line":95,"column":54},"end":{"line":95,"column":null}},"loc":{"start":{"line":95,"column":54},"end":{"line":114,"column":5}}},"7":{"name":"(anonymous_15)","decl":{"start":{"line":98,"column":19},"end":{"line":98,"column":28}},"loc":{"start":{"line":98,"column":30},"end":{"line":107,"column":8}}},"8":{"name":"(anonymous_16)","decl":{"start":{"line":98,"column":30},"end":{"line":98,"column":null}},"loc":{"start":{"line":98,"column":30},"end":{"line":107,"column":7}}},"9":{"name":"(anonymous_17)","decl":{"start":{"line":110,"column":17},"end":{"line":110,"column":20}},"loc":{"start":{"line":110,"column":22},"end":{"line":113,"column":7}}},"10":{"name":"(anonymous_18)","decl":{"start":{"line":117,"column":26},"end":{"line":117,"column":29}},"loc":{"start":{"line":117,"column":32},"end":{"line":117,"column":59}}},"11":{"name":"(anonymous_19)","decl":{"start":{"line":118,"column":25},"end":{"line":118,"column":28}},"loc":{"start":{"line":118,"column":31},"end":{"line":118,"column":57}}},"12":{"name":"(anonymous_20)","decl":{"start":{"line":121,"column":36},"end":{"line":121,"column":37}},"loc":{"start":{"line":121,"column":46},"end":{"line":124,"column":5}}},"13":{"name":"(anonymous_21)","decl":{"start":{"line":126,"column":37},"end":{"line":126,"column":38}},"loc":{"start":{"line":126,"column":57},"end":{"line":129,"column":5}}}},"branchMap":{"0":{"loc":{"start":{"line":15,"column":22},"end":{"line":15,"column":48}},"type":"binary-expr","locations":[{"start":{"line":15,"column":22},"end":{"line":15,"column":38}},{"start":{"line":15,"column":42},"end":{"line":15,"column":48}}]},"1":{"loc":{"start":{"line":16,"column":17},"end":{"line":16,"column":54}},"type":"binary-expr","locations":[{"start":{"line":16,"column":17},"end":{"line":16,"column":37}},{"start":{"line":16,"column":41},"end":{"line":16,"column":54}}]},"2":{"loc":{"start":{"line":22,"column":0},"end":{"line":25,"column":1}},"type":"if","locations":[{"start":{"line":22,"column":0},"end":{"line":25,"column":1}},{"start":{},"end":{}}]},"3":{"loc":{"start":{"line":22,"column":4},"end":{"line":22,"column":58}},"type":"binary-expr","locations":[{"start":{"line":22,"column":4},"end":{"line":22,"column":29}},{"start":{"line":22,"column":33},"end":{"line":22,"column":58}}]},"4":{"loc":{"start":{"line":36,"column":7},"end":{"line":36,"column":74}},"type":"cond-expr","locations":[{"start":{"line":36,"column":36},"end":{"line":36,"column":62}},{"start":{"line":36,"column":65},"end":{"line":36,"column":74}}]},"5":{"loc":{"start":{"line":138,"column":0},"end":{"line":140,"column":1}},"type":"if","locations":[{"start":{"line":138,"column":0},"end":{"line":140,"column":1}},{"start":{},"end":{}}]}},"s":{"0":0,"1":0,"2":0,"3":0,"4":0,"5":0,"6":0,"7":0,"8":0,"9":0,"10":0,"11":0,"12":0,"13":0,"14":0,"15":0,"16":0,"17":0,"18":0,"19":0,"20":0,"21":0,"22":0,"23":0,"24":0,"25":0,"26":0,"27":0,"28":0,"29":0,"30":0,"31":0,"32":0,"33":0,"34":0,"35":0,"36":0,"37":0,"38":0,"39":0,"40":0,"41":0,"42":0,"43":0,"44":0,"45":0,"46":0,"47":0,"48":0,"49":0,"50":0,"51":0,"52":0,"53":0,"54":0,"55":0,"56":0,"57":0,"58":0,"59":0,"60":0,"61":0,"62":0,"63":0,"64":0,"65":0,"66":0,"67":0,"68":0},"f":{"0":0,"1":0,"2":0,"3":0,"4":0,"5":0,"6":0,"7":0,"8":0,"9":0,"10":0,"11":0,"12":0,"13":0},"b":{"0":[0,0],"1":[0,0],"2":[0,0],"3":[0,0],"4":[0,0],"5":[0,0]}}
,"/workspaces/love-rank-pulse/src/__tests__/fixtures/sampleData.ts": {"path":"/workspaces/love-rank-pulse/src/__tests__/fixtures/sampleData.ts","statementMap":{"0":{"start":{"line":6,"column":13},"end":{"line":107,"column":2}},"1":{"start":{"line":109,"column":13},"end":{"line":161,"column":2}},"2":{"start":{"line":163,"column":13},"end":{"line":200,"column":2}},"3":{"start":{"line":202,"column":13},"end":{"line":323,"column":2}},"4":{"start":{"line":325,"column":13},"end":{"line":329,"column":2}},"5":{"start":{"line":331,"column":13},"end":{"line":337,"column":2}}},"fnMap":{},"branchMap":{},"s":{"0":0,"1":0,"2":0,"3":0,"4":0,"5":0},"f":{},"b":{}}
,"/workspaces/love-rank-pulse/src/__tests__/utils/mockApiGateway.ts": {"path":"/workspaces/love-rank-pulse/src/__tests__/utils/mockApiGateway.ts","statementMap":{"0":{"start":{"line":8,"column":0},"end":{"line":8,"column":16}},"1":{"start":{"line":48,"column":0},"end":{"line":48,"column":16}},"2":{"start":{"line":61,"column":0},"end":{"line":61,"column":16}},"3":{"start":{"line":78,"column":0},"end":{"line":78,"column":16}},"4":{"start":{"line":2,"column":0},"end":{"line":2,"column":54}},"5":{"start":{"line":10,"column":32},"end":{"line":10,"column":56}},"6":{"start":{"line":11,"column":32},"end":{"line":11,"column":56}},"7":{"start":{"line":12,"column":29},"end":{"line":12,"column":50}},"8":{"start":{"line":15,"column":28},"end":{"line":25,"column":4}},"9":{"start":{"line":19,"column":31},"end":{"line":25,"column":4}},"10":{"start":{"line":20,"column":4},"end":{"line":24,"column":6}},"11":{"start":{"line":27,"column":28},"end":{"line":27,"column":37}},"12":{"start":{"line":28,"column":25},"end":{"line":28,"column":34}},"13":{"start":{"line":31,"column":2},"end":{"line":31,"column":47}},"14":{"start":{"line":32,"column":2},"end":{"line":32,"column":47}},"15":{"start":{"line":33,"column":2},"end":{"line":33,"column":41}},"16":{"start":{"line":36,"column":2},"end":{"line":40,"column":4}},"17":{"start":{"line":37,"column":4},"end":{"line":37,"column":53}},"18":{"start":{"line":38,"column":4},"end":{"line":38,"column":53}},"19":{"start":{"line":39,"column":4},"end":{"line":39,"column":47}},"20":{"start":{"line":49,"column":2},"end":{"line":53,"column":4}},"21":{"start":{"line":62,"column":2},"end":{"line":66,"column":4}},"22":{"start":{"line":85,"column":2},"end":{"line":94,"column":4}}},"fnMap":{"0":{"name":"mockApiGateway","decl":{"start":{"line":8,"column":16},"end":{"line":8,"column":30}},"loc":{"start":{"line":8,"column":30},"end":{"line":41,"column":1}}},"1":{"name":"(anonymous_8)","decl":{"start":{"line":15,"column":57},"end":{"line":15,"column":null}},"loc":{"start":{"line":19,"column":31},"end":{"line":25,"column":4}}},"2":{"name":"(anonymous_9)","decl":{"start":{"line":19,"column":31},"end":{"line":19,"column":null}},"loc":{"start":{"line":19,"column":31},"end":{"line":25,"column":3}}},"3":{"name":"(anonymous_10)","decl":{"start":{"line":36,"column":9},"end":{"line":36,"column":12}},"loc":{"start":{"line":36,"column":14},"end":{"line":40,"column":3}}},"4":{"name":"mockSuccessResponse","decl":{"start":{"line":48,"column":16},"end":{"line":48,"column":35}},"loc":{"start":{"line":48,"column":46},"end":{"line":54,"column":1}}},"5":{"name":"mockErrorResponse","decl":{"start":{"line":61,"column":16},"end":{"line":61,"column":33}},"loc":{"start":{"line":61,"column":50},"end":{"line":67,"column":1}}},"6":{"name":"createMockRequestContext","decl":{"start":{"line":78,"column":16},"end":{"line":78,"column":40}},"loc":{"start":{"line":83,"column":12},"end":{"line":95,"column":1}}}},"branchMap":{"0":{"loc":{"start":{"line":79,"column":2},"end":{"line":79,"column":34}},"type":"default-arg","locations":[{"start":{"line":79,"column":29},"end":{"line":79,"column":34}}]},"1":{"loc":{"start":{"line":81,"column":2},"end":{"line":81,"column":34}},"type":"default-arg","locations":[{"start":{"line":81,"column":32},"end":{"line":81,"column":34}}]},"2":{"loc":{"start":{"line":93,"column":11},"end":{"line":93,"column":53}},"type":"cond-expr","locations":[{"start":{"line":93,"column":29},"end":{"line":93,"column":41}},{"start":{"line":93,"column":44},"end":{"line":93,"column":53}}]}},"s":{"0":0,"1":0,"2":0,"3":0,"4":0,"5":0,"6":0,"7":0,"8":0,"9":0,"10":0,"11":0,"12":0,"13":0,"14":0,"15":0,"16":0,"17":0,"18":0,"19":0,"20":0,"21":0,"22":0},"f":{"0":0,"1":0,"2":0,"3":0,"4":0,"5":0,"6":0},"b":{"0":[0],"1":[0],"2":[0,0]}}
,"/workspaces/love-rank-pulse/src/__tests__/utils/mockPrisma.ts": {"path":"/workspaces/love-rank-pulse/src/__tests__/utils/mockPrisma.ts","statementMap":{"0":{"start":{"line":7,"column":0},"end":{"line":7,"column":72}},"1":{"start":{"line":13,"column":0},"end":{"line":16,"column":3}},"2":{"start":{"line":14,"column":2},"end":{"line":14,"column":36}},"3":{"start":{"line":15,"column":2},"end":{"line":15,"column":20}},"4":{"start":{"line":18,"column":38},"end":{"line":20,"column":1}},"5":{"start":{"line":19,"column":2},"end":{"line":19,"column":34}},"6":{"start":{"line":18,"column":13},"end":{"line":18,"column":38}},"7":{"start":{"line":22,"column":35},"end":{"line":27,"column":1}},"8":{"start":{"line":23,"column":2},"end":{"line":25,"column":3}},"9":{"start":{"line":24,"column":4},"end":{"line":24,"column":38}},"10":{"start":{"line":26,"column":2},"end":{"line":26,"column":16}},"11":{"start":{"line":22,"column":13},"end":{"line":22,"column":35}},"12":{"start":{"line":29,"column":31},"end":{"line":33,"column":1}},"13":{"start":{"line":30,"column":2},"end":{"line":32,"column":3}},"14":{"start":{"line":31,"column":4},"end":{"line":31,"column":22}},"15":{"start":{"line":29,"column":13},"end":{"line":29,"column":31}},"16":{"start":{"line":36,"column":32},"end":{"line":55,"column":null}},"17":{"start":{"line":36,"column":52},"end":{"line":55,"column":null}},"18":{"start":{"line":36,"column":13},"end":{"line":36,"column":32}},"19":{"start":{"line":58,"column":31},"end":{"line":74,"column":null}},"20":{"start":{"line":58,"column":51},"end":{"line":74,"column":null}},"21":{"start":{"line":58,"column":13},"end":{"line":58,"column":31}},"22":{"start":{"line":77,"column":37},"end":{"line":94,"column":null}},"23":{"start":{"line":77,"column":57},"end":{"line":94,"column":null}},"24":{"start":{"line":77,"column":13},"end":{"line":77,"column":37}},"25":{"start":{"line":97,"column":42},"end":{"line":120,"column":null}},"26":{"start":{"line":97,"column":62},"end":{"line":120,"column":null}},"27":{"start":{"line":97,"column":13},"end":{"line":97,"column":42}},"28":{"start":{"line":123,"column":0},"end":{"line":123,"column":35}}},"fnMap":{"0":{"name":"(anonymous_0)","decl":{"start":{"line":13,"column":11},"end":{"line":13,"column":14}},"loc":{"start":{"line":13,"column":16},"end":{"line":16,"column":1}}},"1":{"name":"(anonymous_1)","decl":{"start":{"line":18,"column":38},"end":{"line":18,"column":59}},"loc":{"start":{"line":18,"column":61},"end":{"line":20,"column":1}}},"2":{"name":"(anonymous_2)","decl":{"start":{"line":22,"column":35},"end":{"line":22,"column":56}},"loc":{"start":{"line":22,"column":58},"end":{"line":27,"column":1}}},"3":{"name":"(anonymous_3)","decl":{"start":{"line":29,"column":31},"end":{"line":29,"column":34}},"loc":{"start":{"line":29,"column":36},"end":{"line":33,"column":1}}},"4":{"name":"(anonymous_4)","decl":{"start":{"line":36,"column":32},"end":{"line":36,"column":33}},"loc":{"start":{"line":36,"column":52},"end":{"line":55,"column":null}}},"5":{"name":"(anonymous_5)","decl":{"start":{"line":58,"column":31},"end":{"line":58,"column":32}},"loc":{"start":{"line":58,"column":51},"end":{"line":74,"column":null}}},"6":{"name":"(anonymous_6)","decl":{"start":{"line":77,"column":37},"end":{"line":77,"column":38}},"loc":{"start":{"line":77,"column":57},"end":{"line":94,"column":null}}},"7":{"name":"(anonymous_7)","decl":{"start":{"line":97,"column":42},"end":{"line":97,"column":43}},"loc":{"start":{"line":97,"column":62},"end":{"line":120,"column":null}}}},"branchMap":{"0":{"loc":{"start":{"line":23,"column":2},"end":{"line":25,"column":3}},"type":"if","locations":[{"start":{"line":23,"column":2},"end":{"line":25,"column":3}},{"start":{},"end":{}}]},"1":{"loc":{"start":{"line":30,"column":2},"end":{"line":32,"column":3}},"type":"if","locations":[{"start":{"line":30,"column":2},"end":{"line":32,"column":3}},{"start":{},"end":{}}]},"2":{"loc":{"start":{"line":36,"column":33},"end":{"line":36,"column":47}},"type":"default-arg","locations":[{"start":{"line":36,"column":45},"end":{"line":36,"column":47}}]},"3":{"loc":{"start":{"line":58,"column":32},"end":{"line":58,"column":46}},"type":"default-arg","locations":[{"start":{"line":58,"column":44},"end":{"line":58,"column":46}}]},"4":{"loc":{"start":{"line":77,"column":38},"end":{"line":77,"column":52}},"type":"default-arg","locations":[{"start":{"line":77,"column":50},"end":{"line":77,"column":52}}]},"5":{"loc":{"start":{"line":97,"column":43},"end":{"line":97,"column":57}},"type":"default-arg","locations":[{"start":{"line":97,"column":55},"end":{"line":97,"column":57}}]}},"s":{"0":0,"1":0,"2":0,"3":0,"4":0,"5":0,"6":0,"7":0,"8":0,"9":0,"10":0,"11":0,"12":0,"13":0,"14":0,"15":0,"16":0,"17":0,"18":0,"19":0,"20":0,"21":0,"22":0,"23":0,"24":0,"25":0,"26":0,"27":0,"28":0},"f":{"0":0,"1":0,"2":0,"3":0,"4":0,"5":0,"6":0,"7":0},"b":{"0":[0,0],"1":[0,0],"2":[0],"3":[0],"4":[0],"5":[0]}}
,"/workspaces/love-rank-pulse/src/__tests__/utils/mockRedis.ts": {"path":"/workspaces/love-rank-pulse/src/__tests__/utils/mockRedis.ts","statementMap":{"0":{"start":{"line":7,"column":10},"end":{"line":7,"column":77}},"1":{"start":{"line":8,"column":10},"end":{"line":8,"column":65}},"2":{"start":{"line":12,"column":18},"end":{"line":12,"column":37}},"3":{"start":{"line":13,"column":4},"end":{"line":13,"column":28}},"4":{"start":{"line":13,"column":16},"end":{"line":13,"column":28}},"5":{"start":{"line":16,"column":4},"end":{"line":19,"column":5}},"6":{"start":{"line":17,"column":6},"end":{"line":17,"column":29}},"7":{"start":{"line":18,"column":6},"end":{"line":18,"column":18}},"8":{"start":{"line":21,"column":4},"end":{"line":21,"column":23}},"9":{"start":{"line":25,"column":19},"end":{"line":25,"column":77}},"10":{"start":{"line":26,"column":4},"end":{"line":26,"column":43}},"11":{"start":{"line":27,"column":4},"end":{"line":27,"column":16}},"12":{"start":{"line":31,"column":4},"end":{"line":31,"column":49}},"13":{"start":{"line":35,"column":20},"end":{"line":35,"column":39}},"14":{"start":{"line":36,"column":4},"end":{"line":36,"column":27}},"15":{"start":{"line":37,"column":4},"end":{"line":37,"column":27}},"16":{"start":{"line":41,"column":18},"end":{"line":41,"column":37}},"17":{"start":{"line":42,"column":4},"end":{"line":42,"column":25}},"18":{"start":{"line":42,"column":16},"end":{"line":42,"column":25}},"19":{"start":{"line":45,"column":4},"end":{"line":48,"column":5}},"20":{"start":{"line":46,"column":6},"end":{"line":46,"column":29}},"21":{"start":{"line":47,"column":6},"end":{"line":47,"column":15}},"22":{"start":{"line":50,"column":4},"end":{"line":50,"column":13}},"23":{"start":{"line":54,"column":18},"end":{"line":54,"column":37}},"24":{"start":{"line":55,"column":4},"end":{"line":55,"column":25}},"25":{"start":{"line":55,"column":16},"end":{"line":55,"column":25}},"26":{"start":{"line":57,"column":4},"end":{"line":57,"column":49}},"27":{"start":{"line":58,"column":4},"end":{"line":58,"column":13}},"28":{"start":{"line":62,"column":18},"end":{"line":62,"column":37}},"29":{"start":{"line":63,"column":4},"end":{"line":63,"column":26}},"30":{"start":{"line":63,"column":16},"end":{"line":63,"column":26}},"31":{"start":{"line":64,"column":4},"end":{"line":64,"column":33}},"32":{"start":{"line":64,"column":23},"end":{"line":64,"column":33}},"33":{"start":{"line":66,"column":22},"end":{"line":66,"column":67}},"34":{"start":{"line":67,"column":4},"end":{"line":67,"column":42}},"35":{"start":{"line":72,"column":18},"end":{"line":72,"column":37}},"36":{"start":{"line":73,"column":17},"end":{"line":73,"column":53}},"37":{"start":{"line":74,"column":4},"end":{"line":74,"column":28}},"38":{"start":{"line":75,"column":4},"end":{"line":75,"column":57}},"39":{"start":{"line":76,"column":4},"end":{"line":76,"column":23}},"40":{"start":{"line":80,"column":18},"end":{"line":80,"column":37}},"41":{"start":{"line":81,"column":17},"end":{"line":81,"column":53}},"42":{"start":{"line":82,"column":4},"end":{"line":82,"column":25}},"43":{"start":{"line":83,"column":4},"end":{"line":83,"column":57}},"44":{"start":{"line":84,"column":4},"end":{"line":84,"column":23}},"45":{"start":{"line":88,"column":18},"end":{"line":88,"column":37}},"46":{"start":{"line":89,"column":4},"end":{"line":89,"column":26}},"47":{"start":{"line":89,"column":16},"end":{"line":89,"column":26}},"48":{"start":{"line":91,"column":17},"end":{"line":91,"column":40}},"49":{"start":{"line":92,"column":23},"end":{"line":92,"column":59}},"50":{"start":{"line":93,"column":4},"end":{"line":93,"column":41}},"51":{"start":{"line":97,"column":18},"end":{"line":97,"column":37}},"52":{"start":{"line":98,"column":4},"end":{"line":98,"column":25}},"53":{"start":{"line":98,"column":16},"end":{"line":98,"column":25}},"54":{"start":{"line":100,"column":17},"end":{"line":100,"column":40}},"55":{"start":{"line":101,"column":4},"end":{"line":101,"column":23}},"56":{"start":{"line":106,"column":18},"end":{"line":106,"column":37}},"57":{"start":{"line":107,"column":17},"end":{"line":107,"column":53}},"58":{"start":{"line":108,"column":18},"end":{"line":108,"column":30}},"59":{"start":{"line":109,"column":4},"end":{"line":109,"column":24}},"60":{"start":{"line":110,"column":4},"end":{"line":110,"column":57}},"61":{"start":{"line":111,"column":4},"end":{"line":111,"column":25}},"62":{"start":{"line":115,"column":18},"end":{"line":115,"column":37}},"63":{"start":{"line":116,"column":4},"end":{"line":116,"column":28}},"64":{"start":{"line":116,"column":16},"end":{"line":116,"column":28}},"65":{"start":{"line":118,"column":17},"end":{"line":118,"column":40}},"66":{"start":{"line":119,"column":4},"end":{"line":119,"column":31}},"67":{"start":{"line":123,"column":18},"end":{"line":123,"column":37}},"68":{"start":{"line":124,"column":4},"end":{"line":124,"column":26}},"69":{"start":{"line":124,"column":16},"end":{"line":124,"column":26}},"70":{"start":{"line":126,"column":4},"end":{"line":126,"column":35}},"71":{"start":{"line":130,"column":18},"end":{"line":130,"column":37}},"72":{"start":{"line":131,"column":4},"end":{"line":131,"column":25}},"73":{"start":{"line":131,"column":16},"end":{"line":131,"column":25}},"74":{"start":{"line":133,"column":17},"end":{"line":133,"column":40}},"75":{"start":{"line":134,"column":4},"end":{"line":134,"column":31}},"76":{"start":{"line":134,"column":22},"end":{"line":134,"column":31}},"77":{"start":{"line":136,"column":4},"end":{"line":136,"column":23}},"78":{"start":{"line":137,"column":4},"end":{"line":137,"column":57}},"79":{"start":{"line":138,"column":4},"end":{"line":138,"column":13}},"80":{"start":{"line":143,"column":18},"end":{"line":143,"column":37}},"81":{"start":{"line":144,"column":16},"end":{"line":144,"column":61}},"82":{"start":{"line":145,"column":24},"end":{"line":145,"column":32}},"83":{"start":{"line":146,"column":4},"end":{"line":146,"column":37}},"84":{"start":{"line":146,"column":25},"end":{"line":146,"column":35}},"85":{"start":{"line":147,"column":4},"end":{"line":147,"column":61}},"86":{"start":{"line":148,"column":4},"end":{"line":148,"column":34}},"87":{"start":{"line":152,"column":18},"end":{"line":152,"column":37}},"88":{"start":{"line":153,"column":4},"end":{"line":153,"column":26}},"89":{"start":{"line":153,"column":16},"end":{"line":153,"column":26}},"90":{"start":{"line":154,"column":4},"end":{"line":154,"column":35}},"91":{"start":{"line":158,"column":18},"end":{"line":158,"column":37}},"92":{"start":{"line":159,"column":4},"end":{"line":159,"column":25}},"93":{"start":{"line":159,"column":16},"end":{"line":159,"column":25}},"94":{"start":{"line":161,"column":16},"end":{"line":161,"column":48}},"95":{"start":{"line":162,"column":4},"end":{"line":162,"column":35}},"96":{"start":{"line":167,"column":18},"end":{"line":167,"column":37}},"97":{"start":{"line":168,"column":17},"end":{"line":168,"column":53}},"98":{"start":{"line":169,"column":21},"end":{"line":169,"column":74}},"99":{"start":{"line":169,"column":51},"end":{"line":169,"column":73}},"100":{"start":{"line":171,"column":4},"end":{"line":175,"column":5}},"101":{"start":{"line":172,"column":6},"end":{"line":172,"column":35}},"102":{"start":{"line":173,"column":6},"end":{"line":173,"column":59}},"103":{"start":{"line":174,"column":6},"end":{"line":174,"column":15}},"104":{"start":{"line":177,"column":4},"end":{"line":177,"column":33}},"105":{"start":{"line":178,"column":4},"end":{"line":178,"column":57}},"106":{"start":{"line":179,"column":4},"end":{"line":179,"column":13}},"107":{"start":{"line":183,"column":18},"end":{"line":183,"column":37}},"108":{"start":{"line":184,"column":4},"end":{"line":184,"column":26}},"109":{"start":{"line":184,"column":16},"end":{"line":184,"column":26}},"110":{"start":{"line":186,"column":17},"end":{"line":186,"column":40}},"111":{"start":{"line":187,"column":4},"end":{"line":187,"column":53}},"112":{"start":{"line":187,"column":34},"end":{"line":187,"column":51}},"113":{"start":{"line":189,"column":23},"end":{"line":189,"column":59}},"114":{"start":{"line":190,"column":18},"end":{"line":190,"column":47}},"115":{"start":{"line":192,"column":4},"end":{"line":194,"column":5}},"116":{"start":{"line":193,"column":6},"end":{"line":193,"column":80}},"117":{"start":{"line":193,"column":42},"end":{"line":193,"column":78}},"118":{"start":{"line":196,"column":4},"end":{"line":196,"column":49}},"119":{"start":{"line":196,"column":36},"end":{"line":196,"column":47}},"120":{"start":{"line":200,"column":18},"end":{"line":200,"column":37}},"121":{"start":{"line":201,"column":4},"end":{"line":201,"column":26}},"122":{"start":{"line":201,"column":16},"end":{"line":201,"column":26}},"123":{"start":{"line":203,"column":17},"end":{"line":203,"column":40}},"124":{"start":{"line":204,"column":4},"end":{"line":204,"column":53}},"125":{"start":{"line":204,"column":34},"end":{"line":204,"column":51}},"126":{"start":{"line":206,"column":23},"end":{"line":206,"column":59}},"127":{"start":{"line":207,"column":18},"end":{"line":207,"column":47}},"128":{"start":{"line":209,"column":4},"end":{"line":211,"column":5}},"129":{"start":{"line":210,"column":6},"end":{"line":210,"column":80}},"130":{"start":{"line":210,"column":42},"end":{"line":210,"column":78}},"131":{"start":{"line":213,"column":4},"end":{"line":213,"column":49}},"132":{"start":{"line":213,"column":36},"end":{"line":213,"column":47}},"133":{"start":{"line":217,"column":18},"end":{"line":217,"column":37}},"134":{"start":{"line":218,"column":4},"end":{"line":218,"column":28}},"135":{"start":{"line":218,"column":16},"end":{"line":218,"column":28}},"136":{"start":{"line":220,"column":17},"end":{"line":220,"column":40}},"137":{"start":{"line":221,"column":4},"end":{"line":221,"column":53}},"138":{"start":{"line":221,"column":34},"end":{"line":221,"column":51}},"139":{"start":{"line":223,"column":18},"end":{"line":223,"column":71}},"140":{"start":{"line":223,"column":48},"end":{"line":223,"column":70}},"141":{"start":{"line":224,"column":4},"end":{"line":224,"column":37}},"142":{"start":{"line":229,"column":24},"end":{"line":229,"column":56}},"143":{"start":{"line":230,"column":4},"end":{"line":230,"column":31}},"144":{"start":{"line":230,"column":22},"end":{"line":230,"column":31}},"145":{"start":{"line":232,"column":4},"end":{"line":232,"column":55}},"146":{"start":{"line":232,"column":36},"end":{"line":232,"column":53}},"147":{"start":{"line":233,"column":4},"end":{"line":233,"column":28}},"148":{"start":{"line":237,"column":4},"end":{"line":239,"column":5}},"149":{"start":{"line":238,"column":6},"end":{"line":238,"column":50}},"150":{"start":{"line":240,"column":4},"end":{"line":240,"column":52}},"151":{"start":{"line":245,"column":4},"end":{"line":245,"column":23}},"152":{"start":{"line":246,"column":4},"end":{"line":246,"column":32}},"153":{"start":{"line":247,"column":4},"end":{"line":247,"column":16}},"154":{"start":{"line":251,"column":18},"end":{"line":251,"column":70}},"155":{"start":{"line":252,"column":4},"end":{"line":252,"column":72}},"156":{"start":{"line":252,"column":55},"end":{"line":252,"column":70}},"157":{"start":{"line":256,"column":4},"end":{"line":256,"column":18}},"158":{"start":{"line":265,"column":4},"end":{"line":265,"column":23}},"159":{"start":{"line":266,"column":4},"end":{"line":266,"column":32}},"160":{"start":{"line":6,"column":0},"end":{"line":6,"column":13}},"161":{"start":{"line":270,"column":37},"end":{"line":272,"column":1}},"162":{"start":{"line":271,"column":2},"end":{"line":271,"column":31}},"163":{"start":{"line":270,"column":13},"end":{"line":270,"column":37}},"164":{"start":{"line":276,"column":34},"end":{"line":281,"column":1}},"165":{"start":{"line":277,"column":2},"end":{"line":279,"column":3}},"166":{"start":{"line":278,"column":4},"end":{"line":278,"column":38}},"167":{"start":{"line":280,"column":2},"end":{"line":280,"column":19}},"168":{"start":{"line":276,"column":13},"end":{"line":276,"column":34}},"169":{"start":{"line":283,"column":30},"end":{"line":287,"column":2}},"170":{"start":{"line":283,"column":56},"end":{"line":287,"column":2}},"171":{"start":{"line":284,"column":2},"end":{"line":286,"column":3}},"172":{"start":{"line":285,"column":4},"end":{"line":285,"column":31}},"173":{"start":{"line":283,"column":13},"end":{"line":283,"column":30}},"174":{"start":{"line":289,"column":0},"end":{"line":289,"column":34}}},"fnMap":{"0":{"name":"(anonymous_7)","decl":{"start":{"line":6,"column":0},"end":{"line":6,"column":13}},"loc":{"start":{"line":6,"column":0},"end":{"line":268,"column":1}}},"1":{"name":"(anonymous_8)","decl":{"start":{"line":11,"column":8},"end":{"line":11,"column":11}},"loc":{"start":{"line":11,"column":23},"end":{"line":22,"column":null}}},"2":{"name":"(anonymous_10)","decl":{"start":{"line":24,"column":8},"end":{"line":24,"column":11}},"loc":{"start":{"line":24,"column":65},"end":{"line":28,"column":null}}},"3":{"name":"(anonymous_12)","decl":{"start":{"line":30,"column":8},"end":{"line":30,"column":13}},"loc":{"start":{"line":30,"column":57},"end":{"line":32,"column":null}}},"4":{"name":"(anonymous_14)","decl":{"start":{"line":34,"column":8},"end":{"line":34,"column":11}},"loc":{"start":{"line":34,"column":23},"end":{"line":38,"column":null}}},"5":{"name":"(anonymous_16)","decl":{"start":{"line":40,"column":8},"end":{"line":40,"column":14}},"loc":{"start":{"line":40,"column":26},"end":{"line":51,"column":null}}},"6":{"name":"(anonymous_18)","decl":{"start":{"line":53,"column":8},"end":{"line":53,"column":14}},"loc":{"start":{"line":53,"column":43},"end":{"line":59,"column":null}}},"7":{"name":"(anonymous_20)","decl":{"start":{"line":61,"column":8},"end":{"line":61,"column":11}},"loc":{"start":{"line":61,"column":23},"end":{"line":68,"column":null}}},"8":{"name":"(anonymous_22)","decl":{"start":{"line":71,"column":8},"end":{"line":71,"column":13}},"loc":{"start":{"line":71,"column":46},"end":{"line":77,"column":null}}},"9":{"name":"(anonymous_24)","decl":{"start":{"line":79,"column":8},"end":{"line":79,"column":13}},"loc":{"start":{"line":79,"column":46},"end":{"line":85,"column":null}}},"10":{"name":"(anonymous_26)","decl":{"start":{"line":87,"column":8},"end":{"line":87,"column":14}},"loc":{"start":{"line":87,"column":55},"end":{"line":94,"column":null}}},"11":{"name":"(anonymous_28)","decl":{"start":{"line":96,"column":8},"end":{"line":96,"column":12}},"loc":{"start":{"line":96,"column":24},"end":{"line":102,"column":null}}},"12":{"name":"(anonymous_30)","decl":{"start":{"line":105,"column":8},"end":{"line":105,"column":12}},"loc":{"start":{"line":105,"column":54},"end":{"line":112,"column":null}}},"13":{"name":"(anonymous_32)","decl":{"start":{"line":114,"column":8},"end":{"line":114,"column":12}},"loc":{"start":{"line":114,"column":39},"end":{"line":120,"column":null}}},"14":{"name":"(anonymous_34)","decl":{"start":{"line":122,"column":8},"end":{"line":122,"column":15}},"loc":{"start":{"line":122,"column":27},"end":{"line":127,"column":null}}},"15":{"name":"(anonymous_36)","decl":{"start":{"line":129,"column":8},"end":{"line":129,"column":12}},"loc":{"start":{"line":129,"column":39},"end":{"line":139,"column":null}}},"16":{"name":"(anonymous_38)","decl":{"start":{"line":142,"column":8},"end":{"line":142,"column":12}},"loc":{"start":{"line":142,"column":46},"end":{"line":149,"column":null}}},"17":{"name":"(anonymous_40)","decl":{"start":{"line":146,"column":20},"end":{"line":146,"column":21}},"loc":{"start":{"line":146,"column":25},"end":{"line":146,"column":35}}},"18":{"name":"(anonymous_41)","decl":{"start":{"line":151,"column":8},"end":{"line":151,"column":16}},"loc":{"start":{"line":151,"column":28},"end":{"line":155,"column":null}}},"19":{"name":"(anonymous_43)","decl":{"start":{"line":157,"column":8},"end":{"line":157,"column":17}},"loc":{"start":{"line":157,"column":45},"end":{"line":163,"column":null}}},"20":{"name":"(anonymous_45)","decl":{"start":{"line":166,"column":8},"end":{"line":166,"column":12}},"loc":{"start":{"line":166,"column":55},"end":{"line":180,"column":null}}},"21":{"name":"(anonymous_47)","decl":{"start":{"line":169,"column":36},"end":{"line":169,"column":37}},"loc":{"start":{"line":169,"column":51},"end":{"line":169,"column":73}}},"22":{"name":"(anonymous_48)","decl":{"start":{"line":182,"column":8},"end":{"line":182,"column":14}},"loc":{"start":{"line":182,"column":90},"end":{"line":197,"column":null}}},"23":{"name":"(anonymous_50)","decl":{"start":{"line":187,"column":14},"end":{"line":187,"column":15}},"loc":{"start":{"line":187,"column":34},"end":{"line":187,"column":51}}},"24":{"name":"(anonymous_51)","decl":{"start":{"line":193,"column":27},"end":{"line":193,"column":28}},"loc":{"start":{"line":193,"column":42},"end":{"line":193,"column":78}}},"25":{"name":"(anonymous_52)","decl":{"start":{"line":196,"column":21},"end":{"line":196,"column":22}},"loc":{"start":{"line":196,"column":36},"end":{"line":196,"column":47}}},"26":{"name":"(anonymous_53)","decl":{"start":{"line":199,"column":8},"end":{"line":199,"column":17}},"loc":{"start":{"line":199,"column":93},"end":{"line":214,"column":null}}},"27":{"name":"(anonymous_55)","decl":{"start":{"line":204,"column":14},"end":{"line":204,"column":15}},"loc":{"start":{"line":204,"column":34},"end":{"line":204,"column":51}}},"28":{"name":"(anonymous_56)","decl":{"start":{"line":210,"column":27},"end":{"line":210,"column":28}},"loc":{"start":{"line":210,"column":42},"end":{"line":210,"column":78}}},"29":{"name":"(anonymous_57)","decl":{"start":{"line":213,"column":21},"end":{"line":213,"column":22}},"loc":{"start":{"line":213,"column":36},"end":{"line":213,"column":47}}},"30":{"name":"(anonymous_58)","decl":{"start":{"line":216,"column":8},"end":{"line":216,"column":13}},"loc":{"start":{"line":216,"column":41},"end":{"line":225,"column":null}}},"31":{"name":"(anonymous_60)","decl":{"start":{"line":221,"column":14},"end":{"line":221,"column":15}},"loc":{"start":{"line":221,"column":34},"end":{"line":221,"column":51}}},"32":{"name":"(anonymous_61)","decl":{"start":{"line":223,"column":33},"end":{"line":223,"column":34}},"loc":{"start":{"line":223,"column":48},"end":{"line":223,"column":70}}},"33":{"name":"(anonymous_62)","decl":{"start":{"line":228,"column":8},"end":{"line":228,"column":15}},"loc":{"start":{"line":228,"column":48},"end":{"line":234,"column":null}}},"34":{"name":"(anonymous_64)","decl":{"start":{"line":232,"column":24},"end":{"line":232,"column":32}},"loc":{"start":{"line":232,"column":36},"end":{"line":232,"column":53}}},"35":{"name":"(anonymous_65)","decl":{"start":{"line":236,"column":8},"end":{"line":236,"column":17}},"loc":{"start":{"line":236,"column":53},"end":{"line":241,"column":null}}},"36":{"name":"(anonymous_67)","decl":{"start":{"line":244,"column":8},"end":{"line":244,"column":16}},"loc":{"start":{"line":244,"column":16},"end":{"line":248,"column":null}}},"37":{"name":"(anonymous_69)","decl":{"start":{"line":250,"column":8},"end":{"line":250,"column":12}},"loc":{"start":{"line":250,"column":28},"end":{"line":253,"column":null}}},"38":{"name":"(anonymous_71)","decl":{"start":{"line":252,"column":48},"end":{"line":252,"column":51}},"loc":{"start":{"line":252,"column":55},"end":{"line":252,"column":70}}},"39":{"name":"(anonymous_72)","decl":{"start":{"line":255,"column":8},"end":{"line":255,"column":12}},"loc":{"start":{"line":255,"column":12},"end":{"line":257,"column":null}}},"40":{"name":"(anonymous_74)","decl":{"start":{"line":260,"column":8},"end":{"line":260,"column":18}},"loc":{"start":{"line":260,"column":18},"end":{"line":262,"column":null}}},"41":{"name":"(anonymous_76)","decl":{"start":{"line":264,"column":8},"end":{"line":264,"column":12}},"loc":{"start":{"line":264,"column":12},"end":{"line":267,"column":null}}},"42":{"name":"(anonymous_78)","decl":{"start":{"line":270,"column":37},"end":{"line":270,"column":57}},"loc":{"start":{"line":270,"column":59},"end":{"line":272,"column":1}}},"43":{"name":"(anonymous_79)","decl":{"start":{"line":276,"column":34},"end":{"line":276,"column":54}},"loc":{"start":{"line":276,"column":56},"end":{"line":281,"column":1}}},"44":{"name":"(anonymous_80)","decl":{"start":{"line":283,"column":30},"end":{"line":283,"column":54}},"loc":{"start":{"line":283,"column":56},"end":{"line":287,"column":2}}},"45":{"name":"(anonymous_81)","decl":{"start":{"line":283,"column":56},"end":{"line":283,"column":null}},"loc":{"start":{"line":283,"column":56},"end":{"line":287,"column":1}}}},"branchMap":{"0":{"loc":{"start":{"line":13,"column":4},"end":{"line":13,"column":28}},"type":"if","locations":[{"start":{"line":13,"column":4},"end":{"line":13,"column":28}},{"start":{},"end":{}}]},"1":{"loc":{"start":{"line":16,"column":4},"end":{"line":19,"column":5}},"type":"if","locations":[{"start":{"line":16,"column":4},"end":{"line":19,"column":5}},{"start":{},"end":{}}]},"2":{"loc":{"start":{"line":16,"column":8},"end":{"line":16,"column":49}},"type":"binary-expr","locations":[{"start":{"line":16,"column":8},"end":{"line":16,"column":20}},{"start":{"line":16,"column":24},"end":{"line":16,"column":49}}]},"3":{"loc":{"start":{"line":25,"column":19},"end":{"line":25,"column":77}},"type":"cond-expr","locations":[{"start":{"line":25,"column":33},"end":{"line":25,"column":65}},{"start":{"line":25,"column":68},"end":{"line":25,"column":77}}]},"4":{"loc":{"start":{"line":25,"column":19},"end":{"line":25,"column":30}},"type":"cond-expr","locations":[{"start":{"line":25,"column":26},"end":{"line":25,"column":28}},{"start":{"line":25,"column":19},"end":{"line":25,"column":30}}]},"5":{"loc":{"start":{"line":25,"column":19},"end":{"line":25,"column":28}},"type":"binary-expr","locations":[{"start":{"line":25,"column":19},"end":{"line":25,"column":28}},{"start":{"line":25,"column":19},"end":{"line":25,"column":28}}]},"6":{"loc":{"start":{"line":37,"column":11},"end":{"line":37,"column":26}},"type":"cond-expr","locations":[{"start":{"line":37,"column":21},"end":{"line":37,"column":22}},{"start":{"line":37,"column":25},"end":{"line":37,"column":26}}]},"7":{"loc":{"start":{"line":42,"column":4},"end":{"line":42,"column":25}},"type":"if","locations":[{"start":{"line":42,"column":4},"end":{"line":42,"column":25}},{"start":{},"end":{}}]},"8":{"loc":{"start":{"line":45,"column":4},"end":{"line":48,"column":5}},"type":"if","locations":[{"start":{"line":45,"column":4},"end":{"line":48,"column":5}},{"start":{},"end":{}}]},"9":{"loc":{"start":{"line":45,"column":8},"end":{"line":45,"column":49}},"type":"binary-expr","locations":[{"start":{"line":45,"column":8},"end":{"line":45,"column":20}},{"start":{"line":45,"column":24},"end":{"line":45,"column":49}}]},"10":{"loc":{"start":{"line":55,"column":4},"end":{"line":55,"column":25}},"type":"if","locations":[{"start":{"line":55,"column":4},"end":{"line":55,"column":25}},{"start":{},"end":{}}]},"11":{"loc":{"start":{"line":63,"column":4},"end":{"line":63,"column":26}},"type":"if","locations":[{"start":{"line":63,"column":4},"end":{"line":63,"column":26}},{"start":{},"end":{}}]},"12":{"loc":{"start":{"line":64,"column":4},"end":{"line":64,"column":33}},"type":"if","locations":[{"start":{"line":64,"column":4},"end":{"line":64,"column":33}},{"start":{},"end":{}}]},"13":{"loc":{"start":{"line":67,"column":11},"end":{"line":67,"column":41}},"type":"cond-expr","locations":[{"start":{"line":67,"column":27},"end":{"line":67,"column":36}},{"start":{"line":67,"column":39},"end":{"line":67,"column":41}}]},"14":{"loc":{"start":{"line":73,"column":17},"end":{"line":73,"column":53}},"type":"cond-expr","locations":[{"start":{"line":73,"column":25},"end":{"line":73,"column":48}},{"start":{"line":73,"column":51},"end":{"line":73,"column":53}}]},"15":{"loc":{"start":{"line":81,"column":17},"end":{"line":81,"column":53}},"type":"cond-expr","locations":[{"start":{"line":81,"column":25},"end":{"line":81,"column":48}},{"start":{"line":81,"column":51},"end":{"line":81,"column":53}}]},"16":{"loc":{"start":{"line":89,"column":4},"end":{"line":89,"column":26}},"type":"if","locations":[{"start":{"line":89,"column":4},"end":{"line":89,"column":26}},{"start":{},"end":{}}]},"17":{"loc":{"start":{"line":92,"column":23},"end":{"line":92,"column":59}},"type":"cond-expr","locations":[{"start":{"line":92,"column":37},"end":{"line":92,"column":48}},{"start":{"line":92,"column":51},"end":{"line":92,"column":59}}]},"18":{"loc":{"start":{"line":98,"column":4},"end":{"line":98,"column":25}},"type":"if","locations":[{"start":{"line":98,"column":4},"end":{"line":98,"column":25}},{"start":{},"end":{}}]},"19":{"loc":{"start":{"line":107,"column":17},"end":{"line":107,"column":53}},"type":"cond-expr","locations":[{"start":{"line":107,"column":25},"end":{"line":107,"column":48}},{"start":{"line":107,"column":51},"end":{"line":107,"column":53}}]},"20":{"loc":{"start":{"line":111,"column":11},"end":{"line":111,"column":24}},"type":"cond-expr","locations":[{"start":{"line":111,"column":19},"end":{"line":111,"column":20}},{"start":{"line":111,"column":23},"end":{"line":111,"column":24}}]},"21":{"loc":{"start":{"line":116,"column":4},"end":{"line":116,"column":28}},"type":"if","locations":[{"start":{"line":116,"column":4},"end":{"line":116,"column":28}},{"start":{},"end":{}}]},"22":{"loc":{"start":{"line":119,"column":11},"end":{"line":119,"column":30}},"type":"binary-expr","locations":[{"start":{"line":119,"column":11},"end":{"line":119,"column":22}},{"start":{"line":119,"column":26},"end":{"line":119,"column":30}}]},"23":{"loc":{"start":{"line":124,"column":4},"end":{"line":124,"column":26}},"type":"if","locations":[{"start":{"line":124,"column":4},"end":{"line":124,"column":26}},{"start":{},"end":{}}]},"24":{"loc":{"start":{"line":131,"column":4},"end":{"line":131,"column":25}},"type":"if","locations":[{"start":{"line":131,"column":4},"end":{"line":131,"column":25}},{"start":{},"end":{}}]},"25":{"loc":{"start":{"line":134,"column":4},"end":{"line":134,"column":31}},"type":"if","locations":[{"start":{"line":134,"column":4},"end":{"line":134,"column":31}},{"start":{},"end":{}}]},"26":{"loc":{"start":{"line":144,"column":24},"end":{"line":144,"column":60}},"type":"cond-expr","locations":[{"start":{"line":144,"column":32},"end":{"line":144,"column":55}},{"start":{"line":144,"column":58},"end":{"line":144,"column":60}}]},"27":{"loc":{"start":{"line":153,"column":4},"end":{"line":153,"column":26}},"type":"if","locations":[{"start":{"line":153,"column":4},"end":{"line":153,"column":26}},{"start":{},"end":{}}]},"28":{"loc":{"start":{"line":159,"column":4},"end":{"line":159,"column":25}},"type":"if","locations":[{"start":{"line":159,"column":4},"end":{"line":159,"column":25}},{"start":{},"end":{}}]},"29":{"loc":{"start":{"line":162,"column":11},"end":{"line":162,"column":34}},"type":"cond-expr","locations":[{"start":{"line":162,"column":29},"end":{"line":162,"column":30}},{"start":{"line":162,"column":33},"end":{"line":162,"column":34}}]},"30":{"loc":{"start":{"line":168,"column":17},"end":{"line":168,"column":53}},"type":"cond-expr","locations":[{"start":{"line":168,"column":25},"end":{"line":168,"column":48}},{"start":{"line":168,"column":51},"end":{"line":168,"column":53}}]},"31":{"loc":{"start":{"line":171,"column":4},"end":{"line":175,"column":5}},"type":"if","locations":[{"start":{"line":171,"column":4},"end":{"line":175,"column":5}},{"start":{},"end":{}}]},"32":{"loc":{"start":{"line":184,"column":4},"end":{"line":184,"column":26}},"type":"if","locations":[{"start":{"line":184,"column":4},"end":{"line":184,"column":26}},{"start":{},"end":{}}]},"33":{"loc":{"start":{"line":189,"column":23},"end":{"line":189,"column":59}},"type":"cond-expr","locations":[{"start":{"line":189,"column":37},"end":{"line":189,"column":48}},{"start":{"line":189,"column":51},"end":{"line":189,"column":59}}]},"34":{"loc":{"start":{"line":192,"column":4},"end":{"line":194,"column":5}},"type":"if","locations":[{"start":{"line":192,"column":4},"end":{"line":194,"column":5}},{"start":{},"end":{}}]},"35":{"loc":{"start":{"line":192,"column":8},"end":{"line":192,"column":27}},"type":"cond-expr","locations":[{"start":{"line":192,"column":15},"end":{"line":192,"column":17}},{"start":{"line":192,"column":8},"end":{"line":192,"column":27}}]},"36":{"loc":{"start":{"line":192,"column":8},"end":{"line":192,"column":17}},"type":"binary-expr","locations":[{"start":{"line":192,"column":8},"end":{"line":192,"column":17}},{"start":{"line":192,"column":8},"end":{"line":192,"column":17}}]},"37":{"loc":{"start":{"line":201,"column":4},"end":{"line":201,"column":26}},"type":"if","locations":[{"start":{"line":201,"column":4},"end":{"line":201,"column":26}},{"start":{},"end":{}}]},"38":{"loc":{"start":{"line":206,"column":23},"end":{"line":206,"column":59}},"type":"cond-expr","locations":[{"start":{"line":206,"column":37},"end":{"line":206,"column":48}},{"start":{"line":206,"column":51},"end":{"line":206,"column":59}}]},"39":{"loc":{"start":{"line":209,"column":4},"end":{"line":211,"column":5}},"type":"if","locations":[{"start":{"line":209,"column":4},"end":{"line":211,"column":5}},{"start":{},"end":{}}]},"40":{"loc":{"start":{"line":209,"column":8},"end":{"line":209,"column":27}},"type":"cond-expr","locations":[{"start":{"line":209,"column":15},"end":{"line":209,"column":17}},{"start":{"line":209,"column":8},"end":{"line":209,"column":27}}]},"41":{"loc":{"start":{"line":209,"column":8},"end":{"line":209,"column":17}},"type":"binary-expr","locations":[{"start":{"line":209,"column":8},"end":{"line":209,"column":17}},{"start":{"line":209,"column":8},"end":{"line":209,"column":17}}]},"42":{"loc":{"start":{"line":218,"column":4},"end":{"line":218,"column":28}},"type":"if","locations":[{"start":{"line":218,"column":4},"end":{"line":218,"column":28}},{"start":{},"end":{}}]},"43":{"loc":{"start":{"line":224,"column":11},"end":{"line":224,"column":36}},"type":"cond-expr","locations":[{"start":{"line":224,"column":24},"end":{"line":224,"column":29}},{"start":{"line":224,"column":32},"end":{"line":224,"column":36}}]},"44":{"loc":{"start":{"line":230,"column":4},"end":{"line":230,"column":31}},"type":"if","locations":[{"start":{"line":230,"column":4},"end":{"line":230,"column":31}},{"start":{},"end":{}}]},"45":{"loc":{"start":{"line":237,"column":4},"end":{"line":239,"column":5}},"type":"if","locations":[{"start":{"line":237,"column":4},"end":{"line":239,"column":5}},{"start":{},"end":{}}]},"46":{"loc":{"start":{"line":277,"column":2},"end":{"line":279,"column":3}},"type":"if","locations":[{"start":{"line":277,"column":2},"end":{"line":279,"column":3}},{"start":{},"end":{}}]},"47":{"loc":{"start":{"line":284,"column":2},"end":{"line":286,"column":3}},"type":"if","locations":[{"start":{"line":284,"column":2},"end":{"line":286,"column":3}},{"start":{},"end":{}}]}},"s":{"0":0,"1":0,"2":0,"3":0,"4":0,"5":0,"6":0,"7":0,"8":0,"9":0,"10":0,"11":0,"12":0,"13":0,"14":0,"15":0,"16":0,"17":0,"18":0,"19":0,"20":0,"21":0,"22":0,"23":0,"24":0,"25":0,"26":0,"27":0,"28":0,"29":0,"30":0,"31":0,"32":0,"33":0,"34":0,"35":0,"36":0,"37":0,"38":0,"39":0,"40":0,"41":0,"42":0,"43":0,"44":0,"45":0,"46":0,"47":0,"48":0,"49":0,"50":0,"51":0,"52":0,"53":0,"54":0,"55":0,"56":0,"57":0,"58":0,"59":0,"60":0,"61":0,"62":0,"63":0,"64":0,"65":0,"66":0,"67":0,"68":0,"69":0,"70":0,"71":0,"72":0,"73":0,"74":0,"75":0,"76":0,"77":0,"78":0,"79":0,"80":0,"81":0,"82":0,"83":0,"84":0,"85":0,"86":0,"87":0,"88":0,"89":0,"90":0,"91":0,"92":0,"93":0,"94":0,"95":0,"96":0,"97":0,"98":0,"99":0,"100":0,"101":0,"102":0,"103":0,"104":0,"105":0,"106":0,"107":0,"108":0,"109":0,"110":0,"111":0,"112":0,"113":0,"114":0,"115":0,"116":0,"117":0,"118":0,"119":0,"120":0,"121":0,"122":0,"123":0,"124":0,"125":0,"126":0,"127":0,"128":0,"129":0,"130":0,"131":0,"132":0,"133":0,"134":0,"135":0,"136":0,"137":0,"138":0,"139":0,"140":0,"141":0,"142":0,"143":0,"144":0,"145":0,"146":0,"147":0,"148":0,"149":0,"150":0,"151":0,"152":0,"153":0,"154":0,"155":0,"156":0,"157":0,"158":0,"159":0,"160":0,"161":0,"162":0,"163":0,"164":0,"165":0,"166":0,"167":0,"168":0,"169":0,"170":0,"171":0,"172":0,"173":0,"174":0},"f":{"0":0,"1":0,"2":0,"3":0,"4":0,"5":0,"6":0,"7":0,"8":0,"9":0,"10":0,"11":0,"12":0,"13":0,"14":0,"15":0,"16":0,"17":0,"18":0,"19":0,"20":0,"21":0,"22":0,"23":0,"24":0,"25":0,"26":0,"27":0,"28":0,"29":0,"30":0,"31":0,"32":0,"33":0,"34":0,"35":0,"36":0,"37":0,"38":0,"39":0,"40":0,"41":0,"42":0,"43":0,"44":0,"45":0},"b":{"0":[0,0],"1":[0,0],"2":[0,0],"3":[0,0],"4":[0,0],"5":[0,0],"6":[0,0],"7":[0,0],"8":[0,0],"9":[0,0],"10":[0,0],"11":[0,0],"12":[0,0],"13":[0,0],"14":[0,0],"15":[0,0],"16":[0,0],"17":[0,0],"18":[0,0],"19":[0,0],"20":[0,0],"21":[0,0],"22":[0,0],"23":[0,0],"24":[0,0],"25":[0,0],"26":[0,0],"27":[0,0],"28":[0,0],"29":[0,0],"30":[0,0],"31":[0,0],"32":[0,0],"33":[0,0],"34":[0,0],"35":[0,0],"36":[0,0],"37":[0,0],"38":[0,0],"39":[0,0],"40":[0,0],"41":[0,0],"42":[0,0],"43":[0,0],"44":[0,0],"45":[0,0],"46":[0,0],"47":[0,0]}}
,"/workspaces/love-rank-pulse/src/__tests__/utils/performanceUtils.ts": {"path":"/workspaces/love-rank-pulse/src/__tests__/utils/performanceUtils.ts","statementMap":{"0":{"start":{"line":11,"column":0},"end":{"line":11,"column":22}},"1":{"start":{"line":28,"column":0},"end":{"line":28,"column":16}},"2":{"start":{"line":65,"column":0},"end":{"line":65,"column":22}},"3":{"start":{"line":96,"column":0},"end":{"line":96,"column":22}},"4":{"start":{"line":125,"column":0},"end":{"line":125,"column":16}},"5":{"start":{"line":140,"column":0},"end":{"line":140,"column":16}},"6":{"start":{"line":15,"column":16},"end":{"line":15,"column":33}},"7":{"start":{"line":16,"column":17},"end":{"line":16,"column":34}},"8":{"start":{"line":17,"column":14},"end":{"line":17,"column":31}},"9":{"start":{"line":18,"column":24},"end":{"line":18,"column":35}},"10":{"start":{"line":20,"column":2},"end":{"line":20,"column":35}},"11":{"start":{"line":29,"column":2},"end":{"line":54,"column":5}},"12":{"start":{"line":30,"column":18},"end":{"line":30,"column":35}},"13":{"start":{"line":33,"column":19},"end":{"line":33,"column":51}},"14":{"start":{"line":34,"column":4},"end":{"line":34,"column":29}},"15":{"start":{"line":35,"column":4},"end":{"line":35,"column":30}},"16":{"start":{"line":36,"column":4},"end":{"line":36,"column":33}},"17":{"start":{"line":37,"column":4},"end":{"line":37,"column":39}},"18":{"start":{"line":38,"column":4},"end":{"line":38,"column":34}},"19":{"start":{"line":41,"column":4},"end":{"line":49,"column":6}},"20":{"start":{"line":42,"column":18},"end":{"line":42,"column":35}},"21":{"start":{"line":43,"column":23},"end":{"line":43,"column":34}},"22":{"start":{"line":46,"column":6},"end":{"line":46,"column":40}},"23":{"start":{"line":48,"column":6},"end":{"line":48,"column":24}},"24":{"start":{"line":52,"column":4},"end":{"line":52,"column":38}},"25":{"start":{"line":53,"column":4},"end":{"line":53,"column":21}},"26":{"start":{"line":66,"column":2},"end":{"line":87,"column":null}},"27":{"start":{"line":71,"column":16},"end":{"line":71,"column":33}},"28":{"start":{"line":73,"column":19},"end":{"line":80,"column":4}},"29":{"start":{"line":82,"column":15},"end":{"line":82,"column":41}},"30":{"start":{"line":83,"column":14},"end":{"line":83,"column":31}},"31":{"start":{"line":84,"column":23},"end":{"line":84,"column":34}},"32":{"start":{"line":86,"column":2},"end":{"line":86,"column":42}},"33":{"start":{"line":97,"column":2},"end":{"line":119,"column":null}},"34":{"start":{"line":101,"column":23},"end":{"line":101,"column":25}},"35":{"start":{"line":103,"column":2},"end":{"line":113,"column":3}},"36":{"start":{"line":103,"column":15},"end":{"line":103,"column":16}},"37":{"start":{"line":105,"column":4},"end":{"line":107,"column":5}},"38":{"start":{"line":106,"column":6},"end":{"line":106,"column":75}},"39":{"start":{"line":106,"column":35},"end":{"line":106,"column":73}},"40":{"start":{"line":110,"column":4},"end":{"line":112,"column":7}},"41":{"start":{"line":111,"column":6},"end":{"line":111,"column":27}},"42":{"start":{"line":116,"column":2},"end":{"line":116,"column":89}},"43":{"start":{"line":116,"column":31},"end":{"line":116,"column":87}},"44":{"start":{"line":118,"column":2},"end":{"line":118,"column":17}},"45":{"start":{"line":127,"column":15},"end":{"line":127,"column":33}},"46":{"start":{"line":128,"column":2},"end":{"line":130,"column":3}},"47":{"start":{"line":129,"column":4},"end":{"line":129,"column":78}},"48":{"start":{"line":132,"column":2},"end":{"line":132,"column":11}},"49":{"start":{"line":141,"column":2},"end":{"line":147,"column":3}},"50":{"start":{"line":142,"column":4},"end":{"line":142,"column":45}},"51":{"start":{"line":143,"column":9},"end":{"line":147,"column":3}},"52":{"start":{"line":144,"column":4},"end":{"line":144,"column":38}},"53":{"start":{"line":146,"column":4},"end":{"line":146,"column":48}}},"fnMap":{"0":{"name":"measureExecutionTime","decl":{"start":{"line":11,"column":22},"end":{"line":11,"column":42}},"loc":{"start":{"line":13,"column":16},"end":{"line":21,"column":null}}},"1":{"name":"measurePageLoadTime","decl":{"start":{"line":28,"column":16},"end":{"line":28,"column":35}},"loc":{"start":{"line":28,"column":47},"end":{"line":55,"column":1}}},"2":{"name":"(anonymous_10)","decl":{"start":{"line":29,"column":21},"end":{"line":29,"column":22}},"loc":{"start":{"line":29,"column":33},"end":{"line":54,"column":3}}},"3":{"name":"(anonymous_11)","decl":{"start":{"line":41,"column":20},"end":{"line":41,"column":23}},"loc":{"start":{"line":41,"column":25},"end":{"line":49,"column":5}}},"4":{"name":"measureApiResponseTime","decl":{"start":{"line":65,"column":22},"end":{"line":65,"column":44}},"loc":{"start":{"line":65,"column":44},"end":{"line":87,"column":null}}},"5":{"name":"(anonymous_13)","decl":{"start":{"line":66,"column":2},"end":{"line":66,"column":13}},"loc":{"start":{"line":69,"column":34},"end":{"line":87,"column":1}}},"6":{"name":"simulateConcurrentUsers","decl":{"start":{"line":96,"column":22},"end":{"line":96,"column":45}},"loc":{"start":{"line":96,"column":45},"end":{"line":119,"column":null}}},"7":{"name":"(anonymous_15)","decl":{"start":{"line":97,"column":2},"end":{"line":97,"column":25}},"loc":{"start":{"line":99,"column":33},"end":{"line":119,"column":1}}},"8":{"name":"(anonymous_16)","decl":{"start":{"line":106,"column":24},"end":{"line":106,"column":31}},"loc":{"start":{"line":106,"column":35},"end":{"line":106,"column":73}}},"9":{"name":"(anonymous_17)","decl":{"start":{"line":110,"column":19},"end":{"line":110,"column":25}},"loc":{"start":{"line":110,"column":28},"end":{"line":112,"column":5}}},"10":{"name":"(anonymous_18)","decl":{"start":{"line":116,"column":20},"end":{"line":116,"column":27}},"loc":{"start":{"line":116,"column":31},"end":{"line":116,"column":87}}},"11":{"name":"measureMemoryUsage","decl":{"start":{"line":125,"column":16},"end":{"line":125,"column":34}},"loc":{"start":{"line":125,"column":34},"end":{"line":133,"column":1}}},"12":{"name":"formatExecutionTime","decl":{"start":{"line":140,"column":16},"end":{"line":140,"column":35}},"loc":{"start":{"line":140,"column":50},"end":{"line":148,"column":1}}}},"branchMap":{"0":{"loc":{"start":{"line":67,"column":2},"end":{"line":67,"column":61}},"type":"default-arg","locations":[{"start":{"line":67,"column":56},"end":{"line":67,"column":61}}]},"1":{"loc":{"start":{"line":79,"column":10},"end":{"line":79,"column":49}},"type":"cond-expr","locations":[{"start":{"line":79,"column":17},"end":{"line":79,"column":37}},{"start":{"line":79,"column":40},"end":{"line":79,"column":49}}]},"2":{"loc":{"start":{"line":99,"column":2},"end":{"line":99,"column":33}},"type":"default-arg","locations":[{"start":{"line":99,"column":30},"end":{"line":99,"column":33}}]},"3":{"loc":{"start":{"line":105,"column":4},"end":{"line":107,"column":5}},"type":"if","locations":[{"start":{"line":105,"column":4},"end":{"line":107,"column":5}},{"start":{},"end":{}}]},"4":{"loc":{"start":{"line":128,"column":2},"end":{"line":130,"column":3}},"type":"if","locations":[{"start":{"line":128,"column":2},"end":{"line":130,"column":3}},{"start":{},"end":{}}]},"5":{"loc":{"start":{"line":128,"column":6},"end":{"line":128,"column":47}},"type":"binary-expr","locations":[{"start":{"line":128,"column":6},"end":{"line":128,"column":17}},{"start":{"line":128,"column":21},"end":{"line":128,"column":47}}]},"6":{"loc":{"start":{"line":141,"column":2},"end":{"line":147,"column":3}},"type":"if","locations":[{"start":{"line":141,"column":2},"end":{"line":147,"column":3}},{"start":{"line":143,"column":9},"end":{"line":147,"column":3}}]},"7":{"loc":{"start":{"line":143,"column":9},"end":{"line":147,"column":3}},"type":"if","locations":[{"start":{"line":143,"column":9},"end":{"line":147,"column":3}},{"start":{"line":145,"column":9},"end":{"line":147,"column":3}}]}},"s":{"0":0,"1":0,"2":0,"3":0,"4":0,"5":0,"6":0,"7":0,"8":0,"9":0,"10":0,"11":0,"12":0,"13":0,"14":0,"15":0,"16":0,"17":0,"18":0,"19":0,"20":0,"21":0,"22":0,"23":0,"24":0,"25":0,"26":0,"27":0,"28":0,"29":0,"30":0,"31":0,"32":0,"33":0,"34":0,"35":0,"36":0,"37":0,"38":0,"39":0,"40":0,"41":0,"42":0,"43":0,"44":0,"45":0,"46":0,"47":0,"48":0,"49":0,"50":0,"51":0,"52":0,"53":0},"f":{"0":0,"1":0,"2":0,"3":0,"4":0,"5":0,"6":0,"7":0,"8":0,"9":0,"10":0,"11":0,"12":0},"b":{"0":[0],"1":[0,0],"2":[0],"3":[0,0],"4":[0,0],"5":[0,0],"6":[0,0],"7":[0,0]}}
,"/workspaces/love-rank-pulse/src/api-gateway/ApiGateway.ts": {"path":"/workspaces/love-rank-pulse/src/api-gateway/ApiGateway.ts","statementMap":{"0":{"start":{"line":53,"column":10},"end":{"line":53,"column":59}},"1":{"start":{"line":54,"column":10},"end":{"line":54,"column":86}},"2":{"start":{"line":58,"column":4},"end":{"line":64,"column":6}},"3":{"start":{"line":72,"column":21},"end":{"line":72,"column":52}},"4":{"start":{"line":73,"column":4},"end":{"line":73,"column":37}},"5":{"start":{"line":81,"column":4},"end":{"line":81,"column":55}},"6":{"start":{"line":81,"column":28},"end":{"line":81,"column":53}},"7":{"start":{"line":96,"column":21},"end":{"line":96,"column":40}},"8":{"start":{"line":97,"column":18},"end":{"line":97,"column":43}},"9":{"start":{"line":99,"column":4},"end":{"line":101,"column":5}},"10":{"start":{"line":100,"column":6},"end":{"line":100,"column":62}},"11":{"start":{"line":104,"column":4},"end":{"line":106,"column":5}},"12":{"start":{"line":105,"column":6},"end":{"line":105,"column":70}},"13":{"start":{"line":109,"column":4},"end":{"line":120,"column":5}},"14":{"start":{"line":114,"column":23},"end":{"line":114,"column":59}},"15":{"start":{"line":115,"column":29},"end":{"line":115,"column":59}},"16":{"start":{"line":117,"column":6},"end":{"line":119,"column":7}},"17":{"start":{"line":118,"column":8},"end":{"line":118,"column":30}},"18":{"start":{"line":122,"column":4},"end":{"line":154,"column":5}},"19":{"start":{"line":124,"column":6},"end":{"line":130,"column":7}},"20":{"start":{"line":125,"column":8},"end":{"line":129,"column":11}},"21":{"start":{"line":133,"column":21},"end":{"line":133,"column":56}},"22":{"start":{"line":136,"column":23},"end":{"line":136,"column":60}},"23":{"start":{"line":139,"column":6},"end":{"line":147,"column":7}},"24":{"start":{"line":144,"column":20},"end":{"line":144,"column":58}},"25":{"start":{"line":145,"column":25},"end":{"line":145,"column":61}},"26":{"start":{"line":146,"column":8},"end":{"line":146,"column":49}},"27":{"start":{"line":149,"column":6},"end":{"line":149,"column":22}},"28":{"start":{"line":152,"column":27},"end":{"line":152,"column":99}},"29":{"start":{"line":153,"column":6},"end":{"line":153,"column":52}},"30":{"start":{"line":163,"column":4},"end":{"line":167,"column":6}},"31":{"start":{"line":180,"column":4},"end":{"line":185,"column":6}},"32":{"start":{"line":198,"column":4},"end":{"line":202,"column":6}},"33":{"start":{"line":213,"column":21},"end":{"line":213,"column":85}},"34":{"start":{"line":216,"column":22},"end":{"line":221,"column":10}},"35":{"start":{"line":218,"column":36},"end":{"line":218,"column":60}},"36":{"start":{"line":219,"column":33},"end":{"line":219,"column":50}},"37":{"start":{"line":223,"column":4},"end":{"line":223,"column":68}},"38":{"start":{"line":233,"column":20},"end":{"line":233,"column":43}},"39":{"start":{"line":234,"column":4},"end":{"line":234,"column":43}},"40":{"start":{"line":243,"column":19},"end":{"line":243,"column":38}},"41":{"start":{"line":245,"column":4},"end":{"line":247,"column":5}},"42":{"start":{"line":246,"column":6},"end":{"line":246,"column":23}},"43":{"start":{"line":250,"column":4},"end":{"line":253,"column":5}},"44":{"start":{"line":251,"column":6},"end":{"line":251,"column":29}},"45":{"start":{"line":252,"column":6},"end":{"line":252,"column":23}},"46":{"start":{"line":255,"column":4},"end":{"line":255,"column":41}},"47":{"start":{"line":262,"column":4},"end":{"line":262,"column":23}},"48":{"start":{"line":270,"column":4},"end":{"line":274,"column":5}},"49":{"start":{"line":271,"column":6},"end":{"line":273,"column":7}},"50":{"start":{"line":272,"column":8},"end":{"line":272,"column":31}},"51":{"start":{"line":282,"column":24},"end":{"line":282,"column":40}},"52":{"start":{"line":284,"column":4},"end":{"line":288,"column":5}},"53":{"start":{"line":285,"column":6},"end":{"line":287,"column":7}},"54":{"start":{"line":286,"column":8},"end":{"line":286,"column":31}},"55":{"start":{"line":52,"column":0},"end":{"line":52,"column":13}},"56":{"start":{"line":293,"column":13},"end":{"line":293,"column":43}}},"fnMap":{"0":{"name":"(anonymous_7)","decl":{"start":{"line":57,"column":2},"end":{"line":57,"column":14}},"loc":{"start":{"line":57,"column":43},"end":{"line":65,"column":3}}},"1":{"name":"(anonymous_8)","decl":{"start":{"line":71,"column":2},"end":{"line":71,"column":15}},"loc":{"start":{"line":71,"column":62},"end":{"line":74,"column":3}}},"2":{"name":"(anonymous_9)","decl":{"start":{"line":80,"column":2},"end":{"line":80,"column":16}},"loc":{"start":{"line":80,"column":42},"end":{"line":82,"column":3}}},"3":{"name":"(anonymous_10)","decl":{"start":{"line":81,"column":19},"end":{"line":81,"column":24}},"loc":{"start":{"line":81,"column":28},"end":{"line":81,"column":53}}},"4":{"name":"(anonymous_11)","decl":{"start":{"line":91,"column":8},"end":{"line":91,"column":21}},"loc":{"start":{"line":94,"column":27},"end":{"line":155,"column":null}}},"5":{"name":"(anonymous_13)","decl":{"start":{"line":162,"column":2},"end":{"line":162,"column":23}},"loc":{"start":{"line":162,"column":34},"end":{"line":168,"column":3}}},"6":{"name":"(anonymous_14)","decl":{"start":{"line":176,"column":2},"end":{"line":176,"column":25}},"loc":{"start":{"line":178,"column":30},"end":{"line":186,"column":3}}},"7":{"name":"(anonymous_15)","decl":{"start":{"line":194,"column":2},"end":{"line":194,"column":21}},"loc":{"start":{"line":196,"column":28},"end":{"line":203,"column":3}}},"8":{"name":"(anonymous_16)","decl":{"start":{"line":211,"column":10},"end":{"line":211,"column":26}},"loc":{"start":{"line":211,"column":64},"end":{"line":224,"column":3}}},"9":{"name":"(anonymous_17)","decl":{"start":{"line":218,"column":16},"end":{"line":218,"column":17}},"loc":{"start":{"line":218,"column":36},"end":{"line":218,"column":60}}},"10":{"name":"(anonymous_18)","decl":{"start":{"line":219,"column":15},"end":{"line":219,"column":16}},"loc":{"start":{"line":219,"column":33},"end":{"line":219,"column":50}}},"11":{"name":"(anonymous_19)","decl":{"start":{"line":232,"column":10},"end":{"line":232,"column":20}},"loc":{"start":{"line":232,"column":70},"end":{"line":235,"column":3}}},"12":{"name":"(anonymous_20)","decl":{"start":{"line":242,"column":10},"end":{"line":242,"column":22}},"loc":{"start":{"line":242,"column":37},"end":{"line":256,"column":3}}},"13":{"name":"(anonymous_21)","decl":{"start":{"line":261,"column":2},"end":{"line":261,"column":12}},"loc":{"start":{"line":261,"column":12},"end":{"line":263,"column":3}}},"14":{"name":"(anonymous_22)","decl":{"start":{"line":269,"column":2},"end":{"line":269,"column":18}},"loc":{"start":{"line":269,"column":37},"end":{"line":275,"column":3}}},"15":{"name":"(anonymous_23)","decl":{"start":{"line":281,"column":2},"end":{"line":281,"column":19}},"loc":{"start":{"line":281,"column":34},"end":{"line":289,"column":3}}}},"branchMap":{"0":{"loc":{"start":{"line":57,"column":14},"end":{"line":57,"column":43}},"type":"default-arg","locations":[{"start":{"line":57,"column":41},"end":{"line":57,"column":43}}]},"1":{"loc":{"start":{"line":99,"column":4},"end":{"line":101,"column":5}},"type":"if","locations":[{"start":{"line":99,"column":4},"end":{"line":101,"column":5}},{"start":{},"end":{}}]},"2":{"loc":{"start":{"line":104,"column":4},"end":{"line":106,"column":5}},"type":"if","locations":[{"start":{"line":104,"column":4},"end":{"line":106,"column":5}},{"start":{},"end":{}}]},"3":{"loc":{"start":{"line":104,"column":8},"end":{"line":104,"column":54}},"type":"binary-expr","locations":[{"start":{"line":104,"column":8},"end":{"line":104,"column":26}},{"start":{"line":104,"column":30},"end":{"line":104,"column":54}}]},"4":{"loc":{"start":{"line":109,"column":4},"end":{"line":120,"column":5}},"type":"if","locations":[{"start":{"line":109,"column":4},"end":{"line":120,"column":5}},{"start":{},"end":{}}]},"5":{"loc":{"start":{"line":110,"column":6},"end":{"line":112,"column":34}},"type":"binary-expr","locations":[{"start":{"line":110,"column":6},"end":{"line":110,"column":22}},{"start":{"line":111,"column":6},"end":{"line":111,"column":31}},{"start":{"line":112,"column":6},"end":{"line":112,"column":34}}]},"6":{"loc":{"start":{"line":117,"column":6},"end":{"line":119,"column":7}},"type":"if","locations":[{"start":{"line":117,"column":6},"end":{"line":119,"column":7}},{"start":{},"end":{}}]},"7":{"loc":{"start":{"line":124,"column":6},"end":{"line":130,"column":7}},"type":"if","locations":[{"start":{"line":124,"column":6},"end":{"line":130,"column":7}},{"start":{},"end":{}}]},"8":{"loc":{"start":{"line":127,"column":18},"end":{"line":127,"column":47}},"type":"binary-expr","locations":[{"start":{"line":127,"column":18},"end":{"line":127,"column":32}},{"start":{"line":127,"column":36},"end":{"line":127,"column":47}}]},"9":{"loc":{"start":{"line":139,"column":6},"end":{"line":147,"column":7}},"type":"if","locations":[{"start":{"line":139,"column":6},"end":{"line":147,"column":7}},{"start":{},"end":{}}]},"10":{"loc":{"start":{"line":140,"column":8},"end":{"line":142,"column":36}},"type":"binary-expr","locations":[{"start":{"line":140,"column":8},"end":{"line":140,"column":24}},{"start":{"line":141,"column":8},"end":{"line":141,"column":33}},{"start":{"line":142,"column":8},"end":{"line":142,"column":36}}]},"11":{"loc":{"start":{"line":144,"column":20},"end":{"line":144,"column":58}},"type":"binary-expr","locations":[{"start":{"line":144,"column":20},"end":{"line":144,"column":34}},{"start":{"line":144,"column":38},"end":{"line":144,"column":58}}]},"12":{"loc":{"start":{"line":152,"column":27},"end":{"line":152,"column":99}},"type":"cond-expr","locations":[{"start":{"line":152,"column":52},"end":{"line":152,"column":65}},{"start":{"line":152,"column":68},"end":{"line":152,"column":99}}]},"13":{"loc":{"start":{"line":195,"column":4},"end":{"line":195,"column":52}},"type":"default-arg","locations":[{"start":{"line":195,"column":20},"end":{"line":195,"column":52}}]},"14":{"loc":{"start":{"line":196,"column":4},"end":{"line":196,"column":28}},"type":"default-arg","locations":[{"start":{"line":196,"column":25},"end":{"line":196,"column":28}}]},"15":{"loc":{"start":{"line":213,"column":21},"end":{"line":213,"column":85}},"type":"cond-expr","locations":[{"start":{"line":213,"column":47},"end":{"line":213,"column":71}},{"start":{"line":213,"column":74},"end":{"line":213,"column":85}}]},"16":{"loc":{"start":{"line":216,"column":22},"end":{"line":221,"column":10}},"type":"cond-expr","locations":[{"start":{"line":217,"column":8},"end":{"line":220,"column":20}},{"start":{"line":221,"column":8},"end":{"line":221,"column":10}}]},"17":{"loc":{"start":{"line":223,"column":33},"end":{"line":223,"column":65}},"type":"cond-expr","locations":[{"start":{"line":223,"column":45},"end":{"line":223,"column":60}},{"start":{"line":223,"column":63},"end":{"line":223,"column":65}}]},"18":{"loc":{"start":{"line":245,"column":4},"end":{"line":247,"column":5}},"type":"if","locations":[{"start":{"line":245,"column":4},"end":{"line":247,"column":5}},{"start":{},"end":{}}]},"19":{"loc":{"start":{"line":250,"column":4},"end":{"line":253,"column":5}},"type":"if","locations":[{"start":{"line":250,"column":4},"end":{"line":253,"column":5}},{"start":{},"end":{}}]},"20":{"loc":{"start":{"line":271,"column":6},"end":{"line":273,"column":7}},"type":"if","locations":[{"start":{"line":271,"column":6},"end":{"line":273,"column":7}},{"start":{},"end":{}}]},"21":{"loc":{"start":{"line":285,"column":6},"end":{"line":287,"column":7}},"type":"if","locations":[{"start":{"line":285,"column":6},"end":{"line":287,"column":7}},{"start":{},"end":{}}]}},"s":{"0":0,"1":0,"2":0,"3":0,"4":0,"5":0,"6":0,"7":0,"8":0,"9":0,"10":0,"11":0,"12":0,"13":0,"14":0,"15":0,"16":0,"17":0,"18":0,"19":0,"20":0,"21":0,"22":0,"23":0,"24":0,"25":0,"26":0,"27":0,"28":0,"29":0,"30":0,"31":0,"32":0,"33":0,"34":0,"35":0,"36":0,"37":0,"38":0,"39":0,"40":0,"41":0,"42":0,"43":0,"44":0,"45":0,"46":0,"47":0,"48":0,"49":0,"50":0,"51":0,"52":0,"53":0,"54":0,"55":0,"56":0},"f":{"0":0,"1":0,"2":0,"3":0,"4":0,"5":0,"6":0,"7":0,"8":0,"9":0,"10":0,"11":0,"12":0,"13":0,"14":0,"15":0},"b":{"0":[0],"1":[0,0],"2":[0,0],"3":[0,0],"4":[0,0],"5":[0,0,0],"6":[0,0],"7":[0,0],"8":[0,0],"9":[0,0],"10":[0,0,0],"11":[0,0],"12":[0,0],"13":[0],"14":[0],"15":[0,0],"16":[0,0],"17":[0,0],"18":[0,0],"19":[0,0],"20":[0,0],"21":[0,0]}}
,"/workspaces/love-rank-pulse/src/api-gateway/index.ts": {"path":"/workspaces/love-rank-pulse/src/api-gateway/index.ts","statementMap":{"0":{"start":{"line":77,"column":0},"end":{"line":77,"column":22}},"1":{"start":{"line":108,"column":0},"end":{"line":108,"column":16}},"2":{"start":{"line":1,"column":0},"end":{"line":1,"column":9}},"3":{"start":{"line":123,"column":9},"end":{"line":1,"column":58}},"4":{"start":{"line":2,"column":0},"end":{"line":2,"column":45}},"5":{"start":{"line":3,"column":0},"end":{"line":3,"column":104}},"6":{"start":{"line":4,"column":0},"end":{"line":4,"column":66}},"7":{"start":{"line":5,"column":0},"end":{"line":5,"column":62}},"8":{"start":{"line":10,"column":0},"end":{"line":10,"column":null}},"9":{"start":{"line":11,"column":2},"end":{"line":11,"column":null}},"10":{"start":{"line":12,"column":2},"end":{"line":12,"column":null}},"11":{"start":{"line":13,"column":2},"end":{"line":13,"column":null}},"12":{"start":{"line":14,"column":2},"end":{"line":14,"column":null}},"13":{"start":{"line":15,"column":2},"end":{"line":15,"column":null}},"14":{"start":{"line":18,"column":0},"end":{"line":18,"column":null}},"15":{"start":{"line":19,"column":2},"end":{"line":19,"column":null}},"16":{"start":{"line":20,"column":2},"end":{"line":20,"column":null}},"17":{"start":{"line":21,"column":2},"end":{"line":21,"column":null}},"18":{"start":{"line":22,"column":2},"end":{"line":22,"column":null}},"19":{"start":{"line":23,"column":2},"end":{"line":23,"column":null}},"20":{"start":{"line":26,"column":0},"end":{"line":26,"column":null}},"21":{"start":{"line":27,"column":2},"end":{"line":27,"column":null}},"22":{"start":{"line":28,"column":2},"end":{"line":28,"column":null}},"23":{"start":{"line":31,"column":0},"end":{"line":31,"column":null}},"24":{"start":{"line":32,"column":2},"end":{"line":32,"column":null}},"25":{"start":{"line":33,"column":2},"end":{"line":33,"column":null}},"26":{"start":{"line":36,"column":0},"end":{"line":36,"column":null}},"27":{"start":{"line":37,"column":2},"end":{"line":37,"column":null}},"28":{"start":{"line":38,"column":2},"end":{"line":38,"column":null}},"29":{"start":{"line":39,"column":2},"end":{"line":39,"column":25}},"30":{"start":{"line":40,"column":2},"end":{"line":40,"column":null}},"31":{"start":{"line":43,"column":0},"end":{"line":43,"column":null}},"32":{"start":{"line":44,"column":2},"end":{"line":44,"column":null}},"33":{"start":{"line":45,"column":2},"end":{"line":45,"column":null}},"34":{"start":{"line":46,"column":2},"end":{"line":46,"column":null}},"35":{"start":{"line":66,"column":0},"end":{"line":66,"column":20}},"36":{"start":{"line":78,"column":2},"end":{"line":101,"column":null}},"37":{"start":{"line":85,"column":2},"end":{"line":100,"column":3}},"38":{"start":{"line":87,"column":18},"end":{"line":87,"column":81}},"39":{"start":{"line":90,"column":4},"end":{"line":90,"column":52}},"40":{"start":{"line":93,"column":4},"end":{"line":93,"column":38}},"41":{"start":{"line":96,"column":4},"end":{"line":96,"column":68}},"42":{"start":{"line":99,"column":4},"end":{"line":99,"column":36}},"43":{"start":{"line":109,"column":2},"end":{"line":115,"column":3}},"44":{"start":{"line":110,"column":4},"end":{"line":110,"column":38}},"45":{"start":{"line":111,"column":9},"end":{"line":115,"column":3}},"46":{"start":{"line":112,"column":4},"end":{"line":112,"column":41}},"47":{"start":{"line":114,"column":4},"end":{"line":114,"column":28}},"48":{"start":{"line":120,"column":0},"end":{"line":120,"column":9}},"49":{"start":{"line":120,"column":9},"end":{"line":120,"column":57}}},"fnMap":{"0":{"name":"(anonymous_7)","decl":{"start":{"line":123,"column":9},"end":{"line":123,"column":19}},"loc":{"start":{"line":123,"column":9},"end":{"line":1,"column":58}}},"1":{"name":"(anonymous_8)","decl":{"start":{"line":11,"column":2},"end":{"line":11,"column":25}},"loc":{"start":{"line":11,"column":2},"end":{"line":11,"column":null}}},"2":{"name":"(anonymous_9)","decl":{"start":{"line":12,"column":2},"end":{"line":12,"column":32}},"loc":{"start":{"line":12,"column":2},"end":{"line":12,"column":null}}},"3":{"name":"(anonymous_10)","decl":{"start":{"line":13,"column":2},"end":{"line":13,"column":35}},"loc":{"start":{"line":13,"column":2},"end":{"line":13,"column":null}}},"4":{"name":"(anonymous_11)","decl":{"start":{"line":14,"column":2},"end":{"line":14,"column":31}},"loc":{"start":{"line":14,"column":2},"end":{"line":14,"column":null}}},"5":{"name":"(anonymous_12)","decl":{"start":{"line":15,"column":2},"end":{"line":15,"column":28}},"loc":{"start":{"line":15,"column":2},"end":{"line":15,"column":null}}},"6":{"name":"(anonymous_13)","decl":{"start":{"line":19,"column":2},"end":{"line":19,"column":19}},"loc":{"start":{"line":19,"column":2},"end":{"line":19,"column":null}}},"7":{"name":"(anonymous_14)","decl":{"start":{"line":20,"column":2},"end":{"line":20,"column":20}},"loc":{"start":{"line":20,"column":2},"end":{"line":20,"column":null}}},"8":{"name":"(anonymous_15)","decl":{"start":{"line":21,"column":2},"end":{"line":21,"column":19}},"loc":{"start":{"line":21,"column":2},"end":{"line":21,"column":null}}},"9":{"name":"(anonymous_16)","decl":{"start":{"line":22,"column":2},"end":{"line":22,"column":20}},"loc":{"start":{"line":22,"column":2},"end":{"line":22,"column":null}}},"10":{"name":"(anonymous_17)","decl":{"start":{"line":23,"column":2},"end":{"line":23,"column":19}},"loc":{"start":{"line":23,"column":2},"end":{"line":23,"column":null}}},"11":{"name":"(anonymous_18)","decl":{"start":{"line":27,"column":2},"end":{"line":27,"column":26}},"loc":{"start":{"line":27,"column":2},"end":{"line":27,"column":null}}},"12":{"name":"(anonymous_19)","decl":{"start":{"line":28,"column":2},"end":{"line":28,"column":23}},"loc":{"start":{"line":28,"column":2},"end":{"line":28,"column":null}}},"13":{"name":"(anonymous_20)","decl":{"start":{"line":32,"column":2},"end":{"line":32,"column":22}},"loc":{"start":{"line":32,"column":2},"end":{"line":32,"column":null}}},"14":{"name":"(anonymous_21)","decl":{"start":{"line":33,"column":2},"end":{"line":33,"column":19}},"loc":{"start":{"line":33,"column":2},"end":{"line":33,"column":null}}},"15":{"name":"(anonymous_22)","decl":{"start":{"line":37,"column":2},"end":{"line":37,"column":25}},"loc":{"start":{"line":37,"column":2},"end":{"line":37,"column":null}}},"16":{"name":"(anonymous_23)","decl":{"start":{"line":38,"column":2},"end":{"line":38,"column":22}},"loc":{"start":{"lin
[...]
,"/workspaces/love-rank-pulse/src/utils/statsUtils.ts": {"path":"/workspaces/love-rank-pulse/src/utils/statsUtils.ts","statementMap":{"0":{"start":{"line":9,"column":0},"end":{"line":9,"column":16}},"1":{"start":{"line":20,"column":0},"end":{"line":20,"column":16}},"2":{"start":{"line":32,"column":0},"end":{"line":32,"column":16}},"3":{"start":{"line":43,"column":0},"end":{"line":43,"column":16}},"4":{"start":{"line":54,"column":0},"end":{"line":54,"column":16}},"5":{"start":{"line":65,"column":0},"end":{"line":65,"column":16}},"6":{"start":{"line":76,"column":0},"end":{"line":76,"column":16}},"7":{"start":{"line":127,"column":0},"end":{"line":127,"column":16}},"8":{"start":{"line":140,"column":0},"end":{"line":140,"column":16}},"9":{"start":{"line":152,"column":0},"end":{"line":152,"column":16}},"10":{"start":{"line":166,"column":0},"end":{"line":166,"column":16}},"11":{"start":{"line":185,"column":0},"end":{"line":185,"column":16}},"12":{"start":{"line":286,"column":0},"end":{"line":286,"column":16}},"13":{"start":{"line":10,"column":2},"end":{"line":10,"column":33}},"14":{"start":{"line":10,"column":20},"end":{"line":10,"column":33}},"15":{"start":{"line":11,"column":2},"end":{"line":11,"column":49}},"16":{"start":{"line":21,"column":16},"end":{"line":21,"column":29}},"17":{"start":{"line":22,"column":2},"end":{"line":22,"column":28}},"18":{"start":{"line":22,"column":19},"end":{"line":22,"column":28}},"19":{"start":{"line":23,"column":2},"end":{"line":23,"column":42}},"20":{"start":{"line":33,"column":2},"end":{"line":33,"column":28}},"21":{"start":{"line":33,"column":19},"end":{"line":33,"column":28}},"22":{"start":{"line":34,"column":2},"end":{"line":34,"column":47}},"23":{"start":{"line":44,"column":2},"end":{"line":44,"column":36}},"24":{"start":{"line":44,"column":27},"end":{"line":44,"column":36}},"25":{"start":{"line":45,"column":2},"end":{"line":45,"column":48}},"26":{"start":{"line":55,"column":2},"end":{"line":55,"column":36}},"27":{"start":{"line":55,"column":27},"end":{"line":55,"column":36}},"28":{"start":{"line":56,"column":2},"end":{"line":56,"column":56}},"29":{"start":{"line":66,"column":2},"end":{"line":66,"column":36}},"30":{"start":{"line":66,"column":27},"end":{"line":66,"column":36}},"31":{"start":{"line":67,"column":2},"end":{"line":67,"column":57}},"32":{"start":{"line":80,"column":2},"end":{"line":82,"column":3}},"33":{"start":{"line":81,"column":4},"end":{"line":81,"column":20}},"34":{"start":{"line":85,"column":24},"end":{"line":85,"column":58}},"35":{"start":{"line":86,"column":26},"end":{"line":86,"column":74}},"36":{"start":{"line":88,"column":2},"end":{"line":90,"column":3}},"37":{"start":{"line":89,"column":4},"end":{"line":89,"column":20}},"38":{"start":{"line":93,"column":22},"end":{"line":93,"column":82}},"39":{"start":{"line":93,"column":59},"end":{"line":93,"column":78}},"40":{"start":{"line":94,"column":24},"end":{"line":94,"column":86}},"41":{"start":{"line":94,"column":63},"end":{"line":94,"column":82}},"42":{"start":{"line":96,"column":22},"end":{"line":96,"column":56}},"43":{"start":{"line":97,"column":24},"end":{"line":97,"column":62}},"44":{"start":{"line":100,"column":21},"end":{"line":100,"column":81}},"45":{"start":{"line":100,"column":51},"end":{"line":100,"column":73}},"46":{"start":{"line":101,"column":23},"end":{"line":101,"column":85}},"47":{"start":{"line":101,"column":55},"end":{"line":101,"column":77}},"48":{"start":{"line":103,"column":24},"end":{"line":103,"column":57}},"49":{"start":{"line":104,"column":26},"end":{"line":104,"column":63}},"50":{"start":{"line":107,"column":19},"end":{"line":107,"column":46}},"51":{"start":{"line":108,"column":24},"end":{"line":108,"column":55}},"52":{"start":{"line":111,"column":25},"end":{"line":111,"column":57}},"53":{"start":{"line":113,"column":2},"end":{"line":119,"column":3}},"54":{"start":{"line":114,"column":4},"end":{"line":114,"column":23}},"55":{"start":{"line":115,"column":9},"end":{"line":119,"column":3}},"56":{"start":{"line":116,"column":4},"end":{"line":116,"column":23}},"57":{"start":{"line":118,"column":4},"end":{"line":118,"column":20}},"58":{"start":{"line":128,"column":2},"end":{"line":128,"column":50}},"59":{"start":{"line":128,"column":33},"end":{"line":128,"column":50}},"60":{"start":{"line":131,"column":24},"end":{"line":131,"column":75}},"61":{"start":{"line":131,"column":57},"end":{"line":131,"column":74}},"62":{"start":{"line":132,"column":2},"end":{"line":132,"column":37}},"63":{"start":{"line":141,"column":2},"end":{"line":141,"column":42}},"64":{"start":{"line":141,"column":33},"end":{"line":141,"column":42}},"65":{"start":{"line":143,"column":24},"end":{"line":143,"column":86}},"66":{"start":{"line":143,"column":61},"end":{"line":143,"column":82}},"67":{"start":{"line":144,"column":2},"end":{"line":144,"column":57}},"68":{"start":{"line":157,"column":23},"end":{"line":157,"column":76}},"69":{"start":{"line":157,"column":62},"end":{"line":157,"column":74}},"70":{"start":{"line":158,"column":2},"end":{"line":158,"column":53}},"71":{"start":{"line":167,"column":21},"end":{"line":167,"column":22}},"72":{"start":{"line":169,"column":2},"end":{"line":174,"column":5}},"73":{"start":{"line":170,"column":4},"end":{"line":173,"column":5}},"74":{"start":{"line":171,"column":25},"end":{"line":171,"column":76}},"75":{"start":{"line":172,"column":6},"end":{"line":172,"column":59}},"76":{"start":{"line":176,"column":2},"end":{"line":176,"column":22}},"77":{"start":{"line":189,"column":2},"end":{"line":209,"column":3}},"78":{"start":{"line":190,"column":4},"end":{"line":208,"column":6}},"79":{"start":{"line":212,"column":16},"end":{"line":212,"column":73}},"80":{"start":{"line":212,"column":52},"end":{"line":212,"column":69}},"81":{"start":{"line":213,"column":17},"end":{"line":213,"column":75}},"82":{"start":{"line":213,"column":53},"end":{"line":213,"column":71}},"83":{"start":{"line":214,"column":18},"end":{"line":214,"column":77}},"84":{"start":{"line":214,"column":54},"end":{"line":214,"column":73}},"85":{"start":{"line":215,"column":18},"end":{"line":215,"column":49}},"86":{"start":{"line":218,"column":15},"end":{"line":218,"column":74}},"87":{"start":{"line":218,"column":44},"end":{"line":218,"column":66}},"88":{"start":{"line":219,"column":17},"end":{"line":219,"column":77}},"89":{"start":{"line":219,"column":46},"end":{"line":219,"column":69}},"90":{"start":{"line":220,"column":18},"end":{"line":220,"column":48}},"91":{"start":{"line":223,"column":20},"end":{"line":223,"column":81}},"92":{"start":{"line":223,"column":56},"end":{"line":223,"column":77}},"93":{"start":{"line":224,"column":24},"end":{"line":224,"column":64}},"94":{"start":{"line":227,"column":24},"end":{"line":227,"column":84}},"95":{"start":{"line":227,"column":60},"end":{"line":227,"column":80}},"96":{"start":{"line":228,"column":19},"end":{"line":228,"column":66}},"97":{"start":{"line":231,"column":21},"end":{"line":231,"column":78}},"98":{"start":{"line":231,"column":57},"end":{"line":231,"column":74}},"99":{"start":{"line":232,"column":23},"end":{"line":232,"column":77}},"100":{"start":{"line":235,"column":28},"end":{"line":235,"column":67}},"101":{"start":{"line":238,"column":28},"end":{"line":238,"column":68}},"102":{"start":{"line":241,"column":19},"end":{"line":241,"column":55}},"103":{"start":{"line":244,"column":41},"end":{"line":244,"column":43}},"104":{"start":{"line":245,"column":2},"end":{"line":249,"column":5}},"105":{"start":{"line":246,"column":4},"end":{"line":248,"column":5}},"106":{"start":{"line":247,"column":6},"end":{"line":247,"column":49}},"107":{"start":{"line":252,"column":25},"end":{"line":252,"column":60}},"108":{"start":{"line":255,"column":25},"end":{"line":255,"column":72}},"109":{"start":{"line":257,"column":2},"end":{"line":277,"column":4}},"110":{"start":{"line":298,"column":28},"end":{"line":298,"column":104}},"111":{"start":{"line":299,"column":28},"end":{"line":299,"column":104}},"112":{"start":{"line":300,"column":29},"end":{"line":300,"column":107}},"113":{"start":{"line":303,"column":28},"end":{"line":304,"column":null}},"114":{"start":{"line":307,"column":2},"end":{"line":312,"column":4}}},"fnMap":{"0":{"name":"calculateKdRatio","decl":{"start":{"line":9,"column":16},"end":{"line":9,"column":32}},"loc":{"start":{"line":9,"column":62},"end":{"line":12,"column":1}}},"1":{"name":"calculateWinRate","decl":{"start":{"line":20,"column":16},"end":{"line":20,"column":32}},"loc":{"start":{"line":20,"column":61},"end":{"line":24,"column":1}}},"2":{"name":"calculateHeadshotRatio","decl":{"start":{"line":32,"column":16},"end":{"line":32,"column":38}},"loc":{"start":{"line":32,"column":71},"end":{"line":35,"column":1}}},"3":{"name":"calculateAverageScore","decl":{"start":{"line":43,"column":16},"end":{"line":43,"column":37}},"loc":{"start":{"line":43,"column":79},"end":{"line":46,"column":1}}},"4":{"name":"calculateAverageKills","decl":{"start":{"line":54,"column":16},"end":{"line":54,"column":37}},"loc":{"start":{"line":54,"column":74},"end":{"line":57,"column":1}}},"5":{"name":"calculateAverageDeaths","decl":{"start":{"line":65,"column":16},"end":{"line":65,"column":38}},"loc":{"start":{"line":65,"column":76},"end":{"line":68,"column":1}}},"6":{"name":"calculatePerformanceTrend","decl":{"start":{"line":76,"column":16},"end":{"line":76,"column":41}},"loc":{"start":{"line":78,"column":25},"end":{"line":120,"column":1}}},"7":{"name":"(anonymous_7)","decl":{"start":{"line":93,"column":43},"end":{"line":93,"column":44}},"loc":{"start":{"line":93,"column":59},"end":{"line":93,"column":78}}},"8":{"name":"(anonymous_8)","decl":{"start":{"line":94,"column":47},"end":{"line":94,"column":48}},"loc":{"start":{"line":94,"column":63},"end":{"line":94,"column":82}}},"9":{"name":"(anonymous_9)","decl":{"start":{"line":100,"column":42},"end":{"line":100,"column":47}},"loc":{"start":{"line":100,"column":51},"end":{"line":100,"column":73}}},"10":{"name":"(anonymous_10)","decl":{"start":{"line":101,"column":46},"end":{"line":101,"column":51}},"loc":{"start":{"line":101,"column":55},"end":{"line":101,"column":77}}},"11":{"name":"findFavoriteWeapon","decl":{"start":{"line":127,"column":16},"end":{"line":127,"column":34}},"loc":{"start":{"line":127,"column":62},"end":{"line":133,"column":1}}},"12":{"name":"(anonymous_12)","decl":{"start":{"line":131,"column":47},"end":{"line":131,"column":48}},"loc":{"start":{"line":131,"column":57},"end":{"line":131,"column":74}}},"13":{"name":"calculateOverallWeaponAccuracy","decl":{"start":{"line":140,"column":16},"end":{"line":140,"column":46}},"loc":{"start":{"line":140,"column":74},"end":{"line":145,"column":1}}},"14":{"name":"(anonymous_14)","decl":{"start":{"line":143,"column":44},"end":{"line":143,"column":45}},"loc":{"start":{"line":143,"column":61},"end":{"line":143,"column":82}}},"15":{"name":"calculateHighestKillStreak","decl":{"start":{"line":152,"column":16},"end":{"line":152,"column":42}},"loc":{"start":{"line":152,"column":70},"end":{"line":159,"column":1}}},"16":{"name":"(anonymous_16)","decl":{"start":{"line":157,"column":52},"end":{"line":157,"column":58}},"loc":{"start":{"line":157,"column":62},"end":{"line":157,"column":74}}},"17":{"name":"calculateTotalPlaytime","decl":{"start":{"line":166,"column":16},"end":{"line":166,"column":38}},"loc":{"start":{"line":166,"column":66},"end":{"line":177,"column":1}}},"18":{"name":"(anonymous_18)","decl":{"start":{"line":169,"column":23},"end":{"line":169,"column":29}},"loc":{"start":{"line":169,"column":32},"end":{"line":174,"column":3}}},"19":{"name":"calculatePlayerStats","decl":{"start":{"line":185,"column":16},"end":{"line":185,"column":36}},"loc":{"start":{"line":187,"column":29},"end":{"line":278,"column":1}}},"20":{"name":"(anonymous_20)","decl":{"start":{"line":212,"column":36},"end":{"line":212,"column":37}},"loc":{"start":{"line":212,"column":52},"end":{"line":212,"column":69}}},"21":{"name":"(anonymous_21)","decl":{"start":{"line":213,"column":37},"end":{"line":213,"column":38}},"loc":{"start":{"line":213,"column":53},"end":{"line":213,"column":71}}},"22":{"name":"(anonymous_22)","decl":{"start":{"line":214,"column":38},"end":{"line":214,"column":39}},"loc":{"start":{"line":214,"column":54},"end":{"line":214,"column":73}}},"23":{"name":"(anonymous_23)","decl":{"start":{"line":218,"column":35},"end":{"line":218,"column":40}},"loc":{"start":{"line":218,"column":44},"end":{"line":218,"column":66}}},"24":{"name":"(anonymous_24)","decl":{"start":{"line":219,"column":37},"end":{"line":219,"column":42}},"loc":{"start":{"line":219,"column":46},"end":{"line":219,"column":69}}},"25":{"name":"(anonymous_25)","decl":{"start":{"line":223,"column":40},"end":{"line":223,"column":41}},"loc":{"start":{"line":223,"column":56},"end":{"line":223,"column":77}}},"26":{"name":"(anonymous_26)","decl":{"start":{"line":227,"column":44},"end":{"line":227,"column":45}},"loc":{"start":{"line":227,"column":60},"end":{"line":227,"column":80}}},"27":{"name":"(anonymous_27)","decl":{"start":{"line":231,"column":41},"end":{"line":231,"column":42}},"loc":{"start":{"line":231,"column":57},"end":{"line":231,"column":74}}},"28":{"name":"(anonymous_28)","decl":{"start":{"line":245,"column":23},"end":{"line":245,"column":28}},"loc":{"start":{"line":245,"column":31},"end":{"line":249,"column":3}}},"29":{"name":"comparePlayerStats","decl":{"start":{"line":286,"column":16},"end":{"line":286,"column":34}},"loc":{"start":{"line":288,"column":27},"end":{"line":313,"column":1}}}},"branchMap":{"0":{"loc":{"start":{"line":10,"column":2},"end":{"line":10,"column":33}},"type":"if","locations":[{"start":{"line":10,"column":2},"end":{"line":10,"column":33}},{"start":{},"end":{}}]},"1":{"loc":{"start":{"line":22,"column":2},"end":{"line":22,"column":28}},"type":"if","locations":[{"start":{"line":22,"column":2},"end":{"line":22,"column":28}},{"start":{},"end":{}}]},"2":{"loc":{"start":{"line":33,"column":2},"end":{"line":33,"column":28}},"type":"if","locations":[{"start":{"line":33,"column":2},"end":{"line":33,"column":28}},{"start":{},"end":{}}]},"3":{"loc":{"start":{"line":44,"column":2},"end":{"line":44,"column":36}},"type":"if","locations":[{"start":{"line":44,"column":2},"end":{"line":44,"column":36}},{"start":{},"end":{}}]},"4":{"loc":{"start":{"line":55,"column":2},"end":{"line":55,"column":36}},"type":"if","locations":[{"start":{"line":55,"column":2},"end":{"line":55,"column":36}},{"start":{},"end":{}}]},"5":{"loc":{"start":{"line":66,"column":2},"end":{"line":66,"column":36}},"type":"if","locations":[{"start":{"line":66,"column":2},"end":{"line":66,"column":36}},{"start":{},"end":{}}]},"6":{"loc":{"start":{"line":78,"column":2},"end":{"line":78,"column":25}},"type":"default-arg","locations":[{"start":{"line":78,"column":24},"end":{"line":78,"column":25}}]},"7":{"loc":{"start":{"line":80,"column":2},"end":{"line":82,"column":3}},"type":"if","locations":[{"start":{"line":80,"column":2},"end":{"line":82,"column":3}},{"start":{},"end":{}}]},"8":{"loc":{"start":{"line":88,"column":2},"end":{"line":90,"column":3}},"type":"if","locations":[{"start":{"line":88,"column":2},"end":{"line":90,"column":3}},{"start":{},"end":{}}]},"9":{"loc":{"start":{"line":113,"column":2},"end":{"line":119,"column":3}},"type":"if","locations":[{"start":{"line":113,"column":2},"end":{"line":119,"column":3}},{"start":{"line":115,"column":9},"end":{"line":119,"column":3}}]},"10":{"loc":{"start":{"line":115,"column":9},"end":{"line":119,"column":3}},"type":"if","locations":[{"start":{"line":115,"column":9},"end":{"line":119,"column":3}},{"start":{"line":117,"column":9},"end":{"line":119,"column":3}}]},"11":{"loc":{"start":{"line":128,"column":2},"end":{"line":128,"column":50}},"type":"if","locations":[{"start":{"line":128,"column":2},"end":{"line":128,"column":50}},{"start":{},"end":{}}]},"12":{"loc":{"start":{"line":141,"column":2},"end":{"line":141,"column":42}},"type":"if","locations":[{"start":{"line":141,"column":2},"end":{"line":141,"column":42}},{"start":{},"end":{}}]},"13":{"loc":{"start":{"line":170,"column":4},"end":{"line":173,"column":5}},"type":"if","locations":[{"start":{"line":170,"column":4},"end":{"line":173,"column":5}},{"start":{},"end":{}}]},"14":{"loc":{"start":{"line":170,"column":8},"end":{"line":170,"column":40}},"type":"binary-expr","locations":[{"start":{"line":170,"column":8},"end":{"line":170,"column":23}},{"start":{"line":170,"column":27},"end":{"line":170,"column":40}}]},"15":{"loc":{"start":{"line":189,"column":2},"end":{"line":209,"column":3}},"type":"if","locations":[{"start":{"line":189,"column":2},"end":{"line":209,"column":3}},{"start":{},"end":{}}]},"16":{"loc":{"start":{"line":246,"column":4},"end":{"line":248,"column":5}},"type":"if","locations":[{"start":{"line":246,"column":4},"end":{"line":248,"column":5}},{"start":{},"end":{}}]}},"s":{"0":0,"1":0,"2":0,"3":0,"4":0,"5":0,"6":0,"7":0,"8":0,"9":0,"10":0,"11":0,"12":0,"13":0,"14":0,"15":0,"16":0,"17":0,"18":0,"19":0,"20":0,"21":0,"22":0,"23":0,"24":0,"25":0,"26":0,"27":0,"28":0,"29":0,"30":0,"31":0,"32":0,"33":0,"34":0,"35":0,"36":0,"37":0,"38":0,"39":0,"40":0,"41":0,"42":0,"43":0,"44":0,"45":0,"46":0,"47":0,"48":0,"49":0,"50":0,"51":0,"52":0,"53":0,"54":0,"55":0,"56":0,"57":0,"58":0,"59":0,"60":0,"61":0,"62":0,"63":0,"64":0,"65":0,"66":0,"67":0,"68":0,"69":0,"70":0,"71":0,"72":0,"73":0,"74":0,"75":0,"76":0,"77":0,"78":0,"79":0,"80":0,"81":0,"82":0,"83":0,"84":0,"85":0,"86":0,"87":0,"88":0,"89":0,"90":0,"91":0,"92":0,"93":0,"94":0,"95":0,"96":0,"97":0,"98":0,"99":0,"100":0,"101":0,"102":0,"103":0,"104":0,"105":0,"106":0,"107":0,"108":0,"109":0,"110":0,"111":0,"112":0,"113":0,"114":0},"f":{"0":0,"1":0,"2":0,"3":0,"4":0,"5":0,"6":0,"7":0,"8":0,"9":0,"10":0,"11":0,"12":0,"13":0,"14":0,"15":0,"16":0,"17":0,"18":0,"19":0,"20":0,"21":0,"22":0,"23":0,"24":0,"25":0,"26":0,"27":0,"28":0,"29":0},"b":{"0":[0,0],"1":[0,0],"2":[0,0],"3":[0,0],"4":[0,0],"5":[0,0],"6":[0],"7":[0,0],"8":[0,0],"9":[0,0],"10":[0,0],"11":[0,0],"12":[0,0],"13":[0,0],"14":[0,0],"15":[0,0],"16":[0,0]}}
}
