TN:
SF:src/App.tsx
FN:20,(anonymous_1)
FN:32,(anonymous_2)
FNF:2
FNH:0
FNDA:0,(anonymous_1)
FNDA:0,(anonymous_2)
DA:1,0
DA:2,0
DA:3,0
DA:4,0
DA:5,0
DA:6,0
DA:7,0
DA:9,0
DA:10,0
DA:11,0
DA:14,0
DA:20,0
DA:32,0
DA:33,0
DA:59,0
LF:15
LH:0
BRF:0
BRH:0
end_of_record
TN:
SF:src/server.ts
FN:24,(anonymous_17)
FN:62,(anonymous_18)
FN:80,(anonymous_19)
FN:80,(anonymous_20)
FN:94,(anonymous_21)
FN:107,(anonymous_22)
FN:107,(anonymous_23)
FN:111,(anonymous_24)
FN:111,(anonymous_25)
FN:115,(anonymous_26)
FN:128,(anonymous_27)
FN:135,(anonymous_28)
FN:136,(anonymous_29)
FN:139,(anonymous_30)
FN:144,(anonymous_31)
FNF:15
FNH:0
FNDA:0,(anonymous_17)
FNDA:0,(anonymous_18)
FNDA:0,(anonymous_19)
FNDA:0,(anonymous_20)
FNDA:0,(anonymous_21)
FNDA:0,(anonymous_22)
FNDA:0,(anonymous_23)
FNDA:0,(anonymous_24)
FNDA:0,(anonymous_25)
FNDA:0,(anonymous_26)
FNDA:0,(anonymous_27)
FNDA:0,(anonymous_28)
FNDA:0,(anonymous_29)
FNDA:0,(anonymous_30)
FNDA:0,(anonymous_31)
DA:1,0
DA:2,0
DA:3,0
DA:6,0
DA:7,0
DA:8,0
DA:11,0
DA:14,0
DA:19,0
DA:20,0
DA:23,0
DA:24,0
DA:26,0
DA:27,0
DA:28,0
DA:34,0
DA:39,0
DA:48,0
DA:51,0
DA:52,0
DA:55,0
DA:56,0
DA:59,0
DA:62,0
DA:63,0
DA:72,0
DA:75,0
DA:80,0
DA:81,0
DA:83,0
DA:84,0
DA:87,0
DA:90,0
DA:91,0
DA:94,0
DA:95,0
DA:96,0
DA:97,0
DA:98,0
DA:99,0
DA:100,0
DA:101,0
DA:102,0
DA:103,0
DA:107,0
DA:108,0
DA:111,0
DA:112,0
DA:115,0
DA:116,0
DA:117,0
DA:120,0
DA:121,0
DA:123,0
DA:124,0
DA:128,0
DA:129,0
DA:130,0
DA:135,0
DA:136,0
DA:139,0
DA:140,0
DA:141,0
DA:144,0
DA:145,0
DA:146,0
DA:150,0
DA:151,0
DA:156,0
DA:157,0
DA:160,0
LF:71
LH:0
BRDA:19,0,0,0
BRDA:19,0,1,0
BRDA:20,1,0,0
BRDA:20,1,1,0
BRDA:26,2,0,0
BRDA:26,2,1,0
BRDA:26,3,0,0
BRDA:26,3,1,0
BRDA:40,4,0,0
BRDA:40,4,1,0
BRDA:156,5,0,0
BRDA:156,5,1,0
BRF:12
BRH:0
end_of_record
TN:
SF:src/__tests__/fixtures/sampleData.ts
FNF:0
FNH:0
DA:6,0
DA:109,0
DA:163,0
DA:202,0
DA:325,0
DA:331,0
LF:6
LH:0
BRF:0
BRH:0
end_of_record
TN:
SF:src/__tests__/setup/jest.polyfills.ts
FN:31,(anonymous_0)
FN:35,(anonymous_1)
FN:39,(anonymous_2)
FNF:3
FNH:0
FNDA:0,(anonymous_0)
FNDA:0,(anonymous_1)
FNDA:0,(anonymous_2)
DA:6,0
DA:7,0
DA:8,0
DA:11,0
DA:12,0
DA:15,0
DA:16,0
DA:18,0
DA:19,0
DA:21,0
DA:22,0
DA:24,0
DA:25,0
DA:29,0
DA:31,0
DA:32,0
DA:36,0
DA:40,0
DA:44,0
DA:48,0
DA:49,0
DA:50,0
DA:51,0
DA:58,0
DA:59,0
DA:60,0
DA:61,0
DA:68,0
DA:69,0
DA:70,0
DA:71,0
LF:31
LH:0
BRDA:15,0,0,0
BRDA:15,0,1,0
BRDA:18,1,0,0
BRDA:18,1,1,0
BRDA:21,2,0,0
BRDA:21,2,1,0
BRDA:24,3,0,0
BRDA:24,3,1,0
BRDA:29,4,0,0
BRDA:29,4,1,0
BRDA:49,5,0,0
BRDA:49,5,1,0
BRDA:49,6,0,0
BRDA:49,6,1,0
BRDA:59,7,0,0
BRDA:59,7,1,0
BRDA:59,8,0,0
BRDA:59,8,1,0
BRDA:69,9,0,0
BRDA:69,9,1,0
BRDA:69,10,0,0
BRDA:69,10,1,0
BRF:22
BRH:0
end_of_record
TN:
SF:src/__tests__/utils/mockApiClient.ts
FN:31,(anonymous_7)
FN:43,(anonymous_8)
FN:54,(anonymous_9)
FN:61,(anonymous_10)
FN:68,(anonymous_11)
FN:70,(anonymous_13)
FN:77,(anonymous_14)
FN:88,(anonymous_15)
FN:99,(anonymous_16)
FN:121,(anonymous_17)
FN:216,(anonymous_19)
FN:248,(anonymous_21)
FN:275,(anonymous_23)
FN:305,(anonymous_25)
FN:327,(anonymous_27)
FN:334,(anonymous_28)
FN:347,createMockApiClient
FN:354,mockFetch
FN:355,(anonymous_31)
FN:362,(anonymous_32)
FN:370,mockAxios
FNF:21
FNH:13
FNDA:31,(anonymous_7)
FNDA:21,(anonymous_8)
FNDA:7,(anonymous_9)
FNDA:32,(anonymous_10)
FNDA:21,(anonymous_11)
FNDA:0,(anonymous_13)
FNDA:2,(anonymous_14)
FNDA:0,(anonymous_15)
FNDA:18,(anonymous_16)
FNDA:19,(anonymous_17)
FNDA:1,(anonymous_19)
FNDA:1,(anonymous_21)
FNDA:0,(anonymous_23)
FNDA:0,(anonymous_25)
FNDA:2,(anonymous_27)
FNDA:31,(anonymous_28)
FNDA:31,createMockApiClient
FNDA:0,mockFetch
FNDA:0,(anonymous_31)
FNDA:0,(anonymous_32)
FNDA:0,mockAxios
DA:27,2
DA:29,31
DA:32,31
DA:44,21
DA:55,7
DA:62,32
DA:69,21
DA:70,0
DA:78,2
DA:89,0
DA:104,18
DA:125,19
DA:126,19
DA:128,19
DA:129,1
DA:132,18
DA:198,18
DA:200,18
DA:217,1
DA:218,1
DA:220,1
DA:221,0
DA:224,1
DA:242,1
DA:249,1
DA:250,1
DA:252,1
DA:253,0
DA:256,1
DA:269,1
DA:279,0
DA:280,0
DA:282,0
DA:283,0
DA:286,0
DA:299,0
DA:309,0
DA:310,0
DA:312,0
DA:313,0
DA:316,0
DA:328,2
DA:335,31
DA:340,31
DA:347,2
DA:348,31
DA:354,2
DA:355,0
DA:356,0
DA:357,0
DA:359,0
DA:362,0
DA:370,2
DA:371,0
LF:54
LH:33
BRDA:31,0,0,31
BRDA:69,1,0,0
BRDA:69,1,1,21
BRDA:69,2,0,21
BRDA:69,2,1,0
BRDA:101,3,0,0
BRDA:102,4,0,0
BRDA:128,5,0,1
BRDA:128,5,1,18
BRDA:201,6,0,18
BRDA:201,6,1,18
BRDA:201,7,0,13
BRDA:201,7,1,5
BRDA:201,8,0,18
BRDA:201,8,1,18
BRDA:201,9,0,18
BRDA:201,9,1,18
BRDA:201,10,0,13
BRDA:201,10,1,5
BRDA:201,11,0,18
BRDA:201,11,1,18
BRDA:203,12,0,11
BRDA:203,12,1,7
BRDA:203,13,0,5
BRDA:203,13,1,2
BRDA:204,14,0,18
BRDA:204,14,1,18
BRDA:204,15,0,13
BRDA:204,15,1,5
BRDA:204,16,0,18
BRDA:204,16,1,18
BRDA:205,17,0,13
BRDA:205,17,1,5
BRDA:205,18,0,18
BRDA:205,18,1,18
BRDA:206,19,0,18
BRDA:206,19,1,18
BRDA:206,20,0,13
BRDA:206,20,1,5
BRDA:206,21,0,18
BRDA:206,21,1,18
BRDA:207,22,0,18
BRDA:207,22,1,18
BRDA:207,23,0,13
BRDA:207,23,1,5
BRDA:207,24,0,18
BRDA:207,24,1,18
BRDA:208,25,0,18
BRDA:208,25,1,18
BRDA:208,26,0,13
BRDA:208,26,1,5
BRDA:208,27,0,18
BRDA:208,27,1,18
BRDA:220,28,0,0
BRDA:220,28,1,1
BRDA:252,29,0,0
BRDA:252,29,1,1
BRDA:282,30,0,0
BRDA:282,30,1,0
BRDA:290,31,0,0
BRDA:290,31,1,0
BRDA:291,32,0,0
BRDA:291,32,1,0
BRDA:312,33,0,0
BRDA:312,33,1,0
BRDA:354,34,0,0
BRDA:356,35,0,0
BRDA:356,35,1,0
BRF:68
BRH:51
end_of_record
TN:
SF:src/__tests__/utils/mockApiGateway.ts
FN:8,mockApiGateway
FN:15,(anonymous_8)
FN:19,(anonymous_9)
FN:36,(anonymous_10)
FN:48,mockSuccessResponse
FN:61,mockErrorResponse
FN:78,createMockRequestContext
FNF:7
FNH:0
FNDA:0,mockApiGateway
FNDA:0,(anonymous_8)
FNDA:0,(anonymous_9)
FNDA:0,(anonymous_10)
FNDA:0,mockSuccessResponse
FNDA:0,mockErrorResponse
FNDA:0,createMockRequestContext
DA:2,0
DA:8,0
DA:10,0
DA:11,0
DA:12,0
DA:15,0
DA:19,0
DA:20,0
DA:27,0
DA:28,0
DA:31,0
DA:32,0
DA:33,0
DA:36,0
DA:37,0
DA:38,0
DA:39,0
DA:48,0
DA:49,0
DA:61,0
DA:62,0
DA:78,0
DA:85,0
LF:23
LH:0
BRDA:79,0,0,0
BRDA:81,1,0,0
BRDA:93,2,0,0
BRDA:93,2,1,0
BRF:4
BRH:0
end_of_record
TN:
SF:src/__tests__/utils/mockPrisma.ts
FN:13,(anonymous_0)
FN:18,(anonymous_1)
FN:22,(anonymous_2)
FN:29,(anonymous_3)
FN:36,(anonymous_4)
FN:58,(anonymous_5)
FN:77,(anonymous_6)
FN:97,(anonymous_7)
FNF:8
FNH:4
FNDA:19,(anonymous_0)
FNDA:19,(anonymous_1)
FNDA:0,(anonymous_2)
FNDA:0,(anonymous_3)
FNDA:6,(anonymous_4)
FNDA:0,(anonymous_5)
FNDA:0,(anonymous_6)
FNDA:38,(anonymous_7)
DA:7,1
DA:13,1
DA:14,19
DA:15,19
DA:18,1
DA:19,19
DA:22,1
DA:23,0
DA:24,0
DA:26,0
DA:29,1
DA:30,0
DA:31,0
DA:36,6
DA:58,1
DA:77,1
DA:97,38
DA:123,1
LF:18
LH:13
BRDA:23,0,0,0
BRDA:23,0,1,0
BRDA:30,1,0,0
BRDA:30,1,1,0
BRDA:36,2,0,0
BRDA:58,3,0,0
BRDA:77,4,0,0
BRDA:97,5,0,12
BRF:8
BRH:1
end_of_record
TN:
SF:src/__tests__/utils/mockRedis.ts
FN:6,(anonymous_7)
FN:11,(anonymous_8)
FN:24,(anonymous_10)
FN:30,(anonymous_12)
FN:34,(anonymous_14)
FN:40,(anonymous_16)
FN:53,(anonymous_18)
FN:61,(anonymous_20)
FN:71,(anonymous_22)
FN:79,(anonymous_24)
FN:87,(anonymous_26)
FN:96,(anonymous_28)
FN:105,(anonymous_30)
FN:114,(anonymous_32)
FN:122,(anonymous_34)
FN:129,(anonymous_36)
FN:142,(anonymous_38)
FN:146,(anonymous_40)
FN:151,(anonymous_41)
FN:157,(anonymous_43)
FN:166,(anonymous_45)
FN:169,(anonymous_47)
FN:182,(anonymous_48)
FN:187,(anonymous_50)
FN:193,(anonymous_51)
FN:196,(anonymous_52)
FN:199,(anonymous_53)
FN:204,(anonymous_55)
FN:210,(anonymous_56)
FN:213,(anonymous_57)
FN:216,(anonymous_58)
FN:221,(anonymous_60)
FN:223,(anonymous_61)
FN:228,(anonymous_62)
FN:232,(anonymous_64)
FN:236,(anonymous_65)
FN:244,(anonymous_67)
FN:250,(anonymous_69)
FN:252,(anonymous_71)
FN:255,(anonymous_72)
FN:260,(anonymous_74)
FN:264,(anonymous_76)
FN:270,(anonymous_78)
FN:276,(anonymous_79)
FN:283,(anonymous_80)
FN:283,(anonymous_81)
FNF:46
FNH:4
FNDA:19,(anonymous_7)
FNDA:0,(anonymous_8)
FNDA:0,(anonymous_10)
FNDA:0,(anonymous_12)
FNDA:26,(anonymous_14)
FNDA:0,(anonymous_16)
FNDA:0,(anonymous_18)
FNDA:0,(anonymous_20)
FNDA:0,(anonymous_22)
FNDA:0,(anonymous_24)
FNDA:0,(anonymous_26)
FNDA:0,(anonymous_28)
FNDA:0,(anonymous_30)
FNDA:0,(anonymous_32)
FNDA:0,(anonymous_34)
FNDA:0,(anonymous_36)
FNDA:0,(anonymous_38)
FNDA:0,(anonymous_40)
FNDA:0,(anonymous_41)
FNDA:0,(anonymous_43)
FNDA:0,(anonymous_45)
FNDA:0,(anonymous_47)
FNDA:0,(anonymous_48)
FNDA:0,(anonymous_50)
FNDA:0,(anonymous_51)
FNDA:0,(anonymous_52)
FNDA:0,(anonymous_53)
FNDA:0,(anonymous_55)
FNDA:0,(anonymous_56)
FNDA:0,(anonymous_57)
FNDA:0,(anonymous_58)
FNDA:0,(anonymous_60)
FNDA:0,(anonymous_61)
FNDA:26,(anonymous_62)
FNDA:0,(anonymous_64)
FNDA:0,(anonymous_65)
FNDA:0,(anonymous_67)
FNDA:0,(anonymous_69)
FNDA:0,(anonymous_71)
FNDA:0,(anonymous_72)
FNDA:0,(anonymous_74)
FNDA:0,(anonymous_76)
FNDA:19,(anonymous_78)
FNDA:0,(anonymous_79)
FNDA:0,(anonymous_80)
FNDA:0,(anonymous_81)
DA:6,1
DA:7,19
DA:8,19
DA:12,0
DA:13,0
DA:16,0
DA:17,0
DA:18,0
DA:21,0
DA:25,0
DA:26,0
DA:27,0
DA:31,0
DA:35,26
DA:36,26
DA:37,26
DA:41,0
DA:42,0
DA:45,0
DA:46,0
DA:47,0
DA:50,0
DA:54,0
DA:55,0
DA:57,0
DA:58,0
DA:62,0
DA:63,0
DA:64,0
DA:66,0
DA:67,0
DA:72,0
DA:73,0
DA:74,0
DA:75,0
DA:76,0
DA:80,0
DA:81,0
DA:82,0
DA:83,0
DA:84,0
DA:88,0
DA:89,0
DA:91,0
DA:92,0
DA:93,0
DA:97,0
DA:98,0
DA:100,0
DA:101,0
DA:106,0
DA:107,0
DA:108,0
DA:109,0
DA:110,0
DA:111,0
DA:115,0
DA:116,0
DA:118,0
DA:119,0
DA:123,0
DA:124,0
DA:126,0
DA:130,0
DA:131,0
DA:133,0
DA:134,0
DA:136,0
DA:137,0
DA:138,0
DA:143,0
DA:144,0
DA:145,0
DA:146,0
DA:147,0
DA:148,0
DA:152,0
DA:153,0
DA:154,0
DA:158,0
DA:159,0
DA:161,0
DA:162,0
DA:167,0
DA:168,0
DA:169,0
DA:171,0
DA:172,0
DA:173,0
DA:174,0
DA:177,0
DA:178,0
DA:179,0
DA:183,0
DA:184,0
DA:186,0
DA:187,0
DA:189,0
DA:190,0
DA:192,0
DA:193,0
DA:196,0
DA:200,0
DA:201,0
DA:203,0
DA:204,0
DA:206,0
DA:207,0
DA:209,0
DA:210,0
DA:213,0
DA:217,0
DA:218,0
DA:220,0
DA:221,0
DA:223,0
DA:224,0
DA:229,26
DA:230,26
DA:232,0
DA:233,0
DA:237,0
DA:238,0
DA:240,0
DA:245,0
DA:246,0
DA:247,0
DA:251,0
DA:252,0
DA:256,0
DA:265,0
DA:266,0
DA:270,1
DA:271,19
DA:276,1
DA:277,0
DA:278,0
DA:280,0
DA:283,1
DA:284,0
DA:285,0
DA:289,1
LF:142
LH:13
BRDA:13,0,0,0
BRDA:13,0,1,0
BRDA:16,1,0,0
BRDA:16,1,1,0
BRDA:16,2,0,0
BRDA:16,2,1,0
BRDA:25,3,0,0
BRDA:25,3,1,0
BRDA:25,4,0,0
BRDA:25,4,1,0
BRDA:25,5,0,0
BRDA:25,5,1,0
BRDA:37,6,0,0
BRDA:37,6,1,26
BRDA:42,7,0,0
BRDA:42,7,1,0
BRDA:45,8,0,0
BRDA:45,8,1,0
BRDA:45,9,0,0
BRDA:45,9,1,0
BRDA:55,10,0,0
BRDA:55,10,1,0
BRDA:63,11,0,0
BRDA:63,11,1,0
BRDA:64,12,0,0
BRDA:64,12,1,0
BRDA:67,13,0,0
BRDA:67,13,1,0
BRDA:73,14,0,0
BRDA:73,14,1,0
BRDA:81,15,0,0
BRDA:81,15,1,0
BRDA:89,16,0,0
BRDA:89,16,1,0
BRDA:92,17,0,0
BRDA:92,17,1,0
BRDA:98,18,0,0
BRDA:98,18,1,0
BRDA:107,19,0,0
BRDA:107,19,1,0
BRDA:111,20,0,0
BRDA:111,20,1,0
BRDA:116,21,0,0
BRDA:116,21,1,0
BRDA:119,22,0,0
BRDA:119,22,1,0
BRDA:124,23,0,0
BRDA:124,23,1,0
BRDA:131,24,0,0
BRDA:131,24,1,0
BRDA:134,25,0,0
BRDA:134,25,1,0
BRDA:144,26,0,0
BRDA:144,26,1,0
BRDA:153,27,0,0
BRDA:153,27,1,0
BRDA:159,28,0,0
BRDA:159,28,1,0
BRDA:162,29,0,0
BRDA:162,29,1,0
BRDA:168,30,0,0
BRDA:168,30,1,0
BRDA:171,31,0,0
BRDA:171,31,1,0
BRDA:184,32,0,0
BRDA:184,32,1,0
BRDA:189,33,0,0
BRDA:189,33,1,0
BRDA:192,34,0,0
BRDA:192,34,1,0
BRDA:192,35,0,0
BRDA:192,35,1,0
BRDA:192,36,0,0
BRDA:192,36,1,0
BRDA:201,37,0,0
BRDA:201,37,1,0
BRDA:206,38,0,0
BRDA:206,38,1,0
BRDA:209,39,0,0
BRDA:209,39,1,0
BRDA:209,40,0,0
BRDA:209,40,1,0
BRDA:209,41,0,0
BRDA:209,41,1,0
BRDA:218,42,0,0
BRDA:218,42,1,0
BRDA:224,43,0,0
BRDA:224,43,1,0
BRDA:230,44,0,26
BRDA:230,44,1,0
BRDA:237,45,0,0
BRDA:237,45,1,0
BRDA:277,46,0,0
BRDA:277,46,1,0
BRDA:284,47,0,0
BRDA:284,47,1,0
BRF:96
BRH:2
end_of_record
TN:
SF:src/__tests__/utils/mockSocketClient.ts
FN:30,(anonymous_7)
FN:42,(anonymous_8)
FN:45,(anonymous_9)
FN:55,(anonymous_10)
FN:66,(anonymous_11)
FN:78,(anonymous_12)
FN:85,(anonymous_13)
FN:93,(anonymous_14)
FN:95,(anonymous_15)
FN:103,(anonymous_16)
FN:110,(anonymous_17)
FN:117,(anonymous_18)
FN:118,(anonymous_19)
FN:124,(anonymous_20)
FN:125,(anonymous_21)
FN:131,(anonymous_22)
FN:138,(anonymous_23)
FN:148,createMockSocketClient
FN:155,mockSocketIO
FN:157,(anonymous_26)
FN:201,(anonymous_27)
FN:209,(anonymous_28)
FN:215,(anonymous_29)
FN:221,(anonymous_30)
FN:227,(anonymous_31)
FN:241,(anonymous_32)
FN:242,(anonymous_33)
FN:243,(anonymous_34)
FN:247,(anonymous_35)
FN:257,(anonymous_36)
FN:261,(anonymous_37)
FN:263,(anonymous_38)
FN:270,(anonymous_39)
FNF:33
FNH:26
FNDA:19,(anonymous_7)
FNDA:18,(anonymous_8)
FNDA:17,(anonymous_9)
FNDA:22,(anonymous_10)
FNDA:62,(anonymous_11)
FNDA:18,(anonymous_12)
FNDA:1,(anonymous_13)
FNDA:1,(anonymous_14)
FNDA:1,(anonymous_15)
FNDA:3,(anonymous_16)
FNDA:20,(anonymous_17)
FNDA:4,(anonymous_18)
FNDA:8,(anonymous_19)
FNDA:2,(anonymous_20)
FNDA:3,(anonymous_21)
FNDA:0,(anonymous_22)
FNDA:19,(anonymous_23)
FNDA:19,createMockSocketClient
FNDA:0,mockSocketIO
FNDA:0,(anonymous_26)
FNDA:6,(anonymous_27)
FNDA:2,(anonymous_28)
FNDA:0,(anonymous_29)
FNDA:1,(anonymous_30)
FNDA:1,(anonymous_31)
FNDA:2,(anonymous_32)
FNDA:2,(anonymous_33)
FNDA:1,(anonymous_34)
FNDA:1,(anonymous_35)
FNDA:0,(anonymous_36)
FNDA:0,(anonymous_37)
FNDA:0,(anonymous_38)
FNDA:2,(anonymous_39)
DA:6,1
DA:24,1
DA:25,19
DA:26,19
DA:27,19
DA:31,19
DA:32,19
DA:34,19
DA:35,0
DA:43,18
DA:44,18
DA:45,18
DA:46,17
DA:49,18
DA:56,22
DA:57,18
DA:58,18
DA:60,22
DA:67,62
DA:72,62
DA:79,18
DA:86,1
DA:87,1
DA:94,1
DA:95,1
DA:96,1
DA:104,3
DA:111,20
DA:118,8
DA:125,3
DA:132,0
DA:139,19
DA:140,19
DA:141,19
DA:148,1
DA:149,19
DA:155,1
DA:156,0
DA:157,0
DA:200,1
DA:201,6
DA:209,2
DA:215,0
DA:221,1
DA:227,1
DA:237,1
DA:242,2
DA:243,2
DA:244,1
DA:247,2
DA:248,1
DA:249,1
DA:261,0
DA:262,0
DA:263,0
DA:275,2
DA:277,2
DA:278,1
DA:281,1
DA:282,0
DA:283,0
LF:61
LH:51
BRDA:30,0,0,0
BRDA:34,1,0,0
BRDA:34,1,1,19
BRDA:43,2,0,18
BRDA:43,2,1,0
BRDA:56,3,0,18
BRDA:56,3,1,4
BRDA:86,4,0,0
BRDA:86,4,1,1
BRDA:148,5,0,0
BRDA:201,6,0,1
BRDA:209,7,0,1
BRDA:209,8,0,1
BRDA:215,9,0,0
BRDA:215,10,0,0
BRDA:221,11,0,1
BRDA:221,12,0,1
BRDA:227,13,0,0
BRDA:241,14,0,0
BRDA:260,15,0,0
BRDA:277,16,0,1
BRDA:277,16,1,1
BRDA:281,17,0,0
BRDA:281,17,1,1
BRF:24
BRH:13
end_of_record
TN:
SF:src/__tests__/utils/performanceUtils.ts
FN:11,measureExecutionTime
FN:28,measurePageLoadTime
FN:29,(anonymous_10)
FN:41,(anonymous_11)
FN:65,measureApiResponseTime
FN:66,(anonymous_13)
FN:96,simulateConcurrentUsers
FN:97,(anonymous_15)
FN:106,(anonymous_16)
FN:110,(anonymous_17)
FN:116,(anonymous_18)
FN:125,measureMemoryUsage
FN:140,formatExecutionTime
FNF:13
FNH:0
FNDA:0,measureExecutionTime
FNDA:0,measurePageLoadTime
FNDA:0,(anonymous_10)
FNDA:0,(anonymous_11)
FNDA:0,measureApiResponseTime
FNDA:0,(anonymous_13)
FNDA:0,simulateConcurrentUsers
FNDA:0,(anonymous_15)
FNDA:0,(anonymous_16)
FNDA:0,(anonymous_17)
FNDA:0,(anonymous_18)
FNDA:0,measureMemoryUsage
FNDA:0,formatExecutionTime
DA:11,0
DA:15,0
DA:16,0
DA:17,0
DA:18,0
DA:20,0
DA:28,0
DA:29,0
DA:30,0
DA:33,0
DA:34,0
DA:35,0
DA:36,0
DA:37,0
DA:38,0
DA:41,0
DA:42,0
DA:43,0
DA:46,0
DA:48,0
DA:52,0
DA:53,0
DA:65,0
DA:66,0
DA:71,0
DA:73,0
DA:82,0
DA:83,0
DA:84,0
DA:86,0
DA:96,0
DA:97,0
DA:101,0
DA:103,0
DA:105,0
DA:106,0
DA:110,0
DA:111,0
DA:116,0
DA:118,0
DA:125,0
DA:127,0
DA:128,0
DA:129,0
DA:132,0
DA:140,0
DA:141,0
DA:142,0
DA:143,0
DA:144,0
DA:146,0
LF:51
LH:0
BRDA:67,0,0,0
BRDA:79,1,0,0
BRDA:79,1,1,0
BRDA:99,2,0,0
BRDA:105,3,0,0
BRDA:105,3,1,0
BRDA:128,4,0,0
BRDA:128,4,1,0
BRDA:128,5,0,0
BRDA:128,5,1,0
BRDA:141,6,0,0
BRDA:141,6,1,0
BRDA:143,7,0,0
BRDA:143,7,1,0
BRF:14
BRH:0
end_of_record
TN:
SF:src/__tests__/utils/testQueryProvider.tsx
FN:17,createTestQueryClient
FN:43,TestQueryProvider
FN:56,renderWithQuery
FN:63,Wrapper
FN:80,renderWithAllProviders
FN:95,AllProviders
FN:114,waitForQueryToSettle
FN:121,(anonymous_16)
FN:128,(anonymous_17)
FN:138,clearQueryCache
FN:145,getQueryState
FN:152,getQueryData
FN:159,setQueryData
FN:170,invalidateQueries
FN:180,prefetchQuery
FN:194,mockUseQuery
FN:211,mockUseMutation
FN:217,(anonymous_28)
FN:217,(anonymous_29)
FNF:19
FNH:7
FNDA:66,createTestQueryClient
FNDA:55,TestQueryProvider
FNDA:0,renderWithQuery
FNDA:0,Wrapper
FNDA:27,renderWithAllProviders
FNDA:27,AllProviders
FNDA:0,waitForQueryToSettle
FNDA:0,(anonymous_16)
FNDA:0,(anonymous_17)
FNDA:0,clearQueryCache
FNDA:0,getQueryState
FNDA:8,getQueryData
FNDA:11,setQueryData
FNDA:5,invalidateQueries
FNDA:0,prefetchQuery
FNDA:0,mockUseQuery
FNDA:0,mockUseMutation
FNDA:0,(anonymous_28)
FNDA:0,(anonymous_29)
DA:7,5
DA:8,5
DA:9,5
DA:17,5
DA:18,66
DA:43,5
DA:44,55
DA:46,55
DA:56,5
DA:60,0
DA:61,0
DA:64,0
DA:71,0
DA:80,5
DA:87,27
DA:88,27
DA:91,27
DA:92,0
DA:96,27
DA:105,27
DA:114,5
DA:115,0
DA:116,0
DA:118,0
DA:119,0
DA:120,0
DA:121,0
DA:124,0
DA:125,0
DA:128,0
DA:129,0
DA:132,0
DA:138,5
DA:139,0
DA:145,5
DA:146,0
DA:152,5
DA:153,8
DA:159,5
DA:164,11
DA:170,5
DA:174,5
DA:180,5
DA:185,0
DA:194,5
DA:195,0
DA:211,5
DA:217,0
DA:218,0
DA:219,0
DA:220,0
DA:221,0
DA:223,0
DA:224,0
DA:228,0
DA:244,5
LF:56
LH:28
BRDA:44,0,0,55
BRDA:44,0,1,0
BRDA:60,1,0,0
BRDA:60,1,1,0
BRDA:61,2,0,0
BRDA:61,2,1,0
BRDA:87,3,0,27
BRDA:87,3,1,9
BRDA:87,4,0,27
BRDA:88,5,0,27
BRDA:88,5,1,9
BRDA:91,6,0,0
BRDA:91,6,1,27
BRDA:124,7,0,0
BRDA:124,7,1,0
BRDA:194,8,0,0
BRDA:194,9,0,0
BRDA:200,10,0,0
BRDA:200,10,1,0
BRDA:204,11,0,0
BRDA:204,11,1,0
BRDA:204,12,0,0
BRDA:204,12,1,0
BRDA:220,13,0,0
BRDA:220,13,1,0
BRDA:220,14,0,0
BRDA:220,14,1,0
BRDA:220,15,0,0
BRDA:220,15,1,0
BRDA:220,16,0,0
BRDA:220,16,1,0
BRDA:223,17,0,0
BRDA:223,17,1,0
BRDA:223,18,0,0
BRDA:223,18,1,0
BRDA:223,19,0,0
BRDA:223,19,1,0
BRDA:223,20,0,0
BRDA:223,20,1,0
BRF:39
BRH:7
end_of_record
TN:
SF:src/__tests__/utils/websocketTestUtils.ts
FN:22,createTestServer
FN:31,(anonymous_10)
FN:32,(anonymous_11)
FN:38,(anonymous_12)
FN:38,(anonymous_13)
FN:39,(anonymous_14)
FN:40,(anonymous_15)
FN:41,(anonymous_16)
FN:52,createTestClient
FN:59,(anonymous_18)
FN:69,waitForEvent
FN:74,(anonymous_20)
FN:75,(anonymous_21)
FN:79,(anonymous_22)
FN:89,waitForEvents
FN:94,(anonymous_24)
FN:95,(anonymous_25)
FN:102,(anonymous_26)
FN:103,(anonymous_27)
FN:119,generateTestToken
FN:130,generateExpiredToken
FN:138,createMockRedisClient
FN:143,(anonymous_31)
FN:144,(anonymous_32)
FN:145,(anonymous_33)
FN:148,(anonymous_34)
FN:152,(anonymous_35)
FN:159,(anonymous_36)
FN:160,(anonymous_37)
FN:164,(anonymous_38)
FN:169,(anonymous_39)
FN:171,(anonymous_40)
FN:175,(anonymous_41)
FN:178,(anonymous_42)
FN:187,waitForCondition
FN:188,(anonymous_44)
FN:198,(anonymous_45)
FN:205,createMultipleClients
FN:225,disconnectAllClients
FN:226,(anonymous_48)
FN:232,measureEventLatency
FN:250,createTestLeaderboardData
FN:251,(anonymous_52)
FN:265,createTestMatchData
FN:285,expectEventEmitted
FN:296,expectEventNotEmitted
FN:297,(anonymous_56)
FN:303,(anonymous_57)
FN:307,(anonymous_58)
FNF:49
FNH:2
FNDA:63,createTestServer
FNDA:0,(anonymous_10)
FNDA:0,(anonymous_11)
FNDA:0,(anonymous_12)
FNDA:0,(anonymous_13)
FNDA:0,(anonymous_14)
FNDA:0,(anonymous_15)
FNDA:0,(anonymous_16)
FNDA:0,createTestClient
FNDA:0,(anonymous_18)
FNDA:0,waitForEvent
FNDA:0,(anonymous_20)
FNDA:0,(anonymous_21)
FNDA:0,(anonymous_22)
FNDA:0,waitForEvents
FNDA:0,(anonymous_24)
FNDA:0,(anonymous_25)
FNDA:0,(anonymous_26)
FNDA:0,(anonymous_27)
FNDA:0,generateTestToken
FNDA:0,generateExpiredToken
FNDA:0,createMockRedisClient
FNDA:0,(anonymous_31)
FNDA:0,(anonymous_32)
FNDA:0,(anonymous_33)
FNDA:0,(anonymous_34)
FNDA:0,(anonymous_35)
FNDA:0,(anonymous_36)
FNDA:0,(anonymous_37)
FNDA:0,(anonymous_38)
FNDA:0,(anonymous_39)
FNDA:0,(anonymous_40)
FNDA:0,(anonymous_41)
FNDA:0,(anonymous_42)
FNDA:0,waitForCondition
FNDA:0,(anonymous_44)
FNDA:0,(anonymous_45)
FNDA:0,createMultipleClients
FNDA:63,disconnectAllClients
FNDA:0,(anonymous_48)
FNDA:0,measureEventLatency
FNDA:0,createTestLeaderboardData
FNDA:0,(anonymous_52)
FNDA:0,createTestMatchData
FNDA:0,expectEventEmitted
FNDA:0,expectEventNotEmitted
FNDA:0,(anonymous_56)
FNDA:0,(anonymous_57)
FNDA:0,(anonymous_58)
DA:1,4
DA:2,4
DA:3,4
DA:5,4
DA:22,4
DA:23,63
DA:24,63
DA:31,0
DA:32,0
DA:35,0
DA:36,0
DA:38,0
DA:39,0
DA:40,0
DA:41,0
DA:46,0
DA:52,4
DA:53,0
DA:59,0
DA:60,0
DA:63,0
DA:69,4
DA:74,0
DA:75,0
DA:76,0
DA:79,0
DA:80,0
DA:81,0
DA:89,4
DA:94,0
DA:95,0
DA:96,0
DA:99,0
DA:100,0
DA:102,0
DA:103,0
DA:104,0
DA:105,0
DA:107,0
DA:108,0
DA:109,0
DA:119,4
DA:123,0
DA:124,0
DA:130,4
DA:131,0
DA:132,0
DA:138,4
DA:139,0
DA:140,0
DA:142,0
DA:143,0
DA:144,0
DA:146,0
DA:147,0
DA:148,0
DA:150,0
DA:153,0
DA:155,0
DA:156,0
DA:159,0
DA:161,0
DA:162,0
DA:165,0
DA:166,0
DA:167,0
DA:169,0
DA:172,0
DA:176,0
DA:177,0
DA:178,0
DA:187,4
DA:188,0
DA:192,0
DA:194,0
DA:195,0
DA:196,0
DA:198,0
DA:205,4
DA:210,0
DA:212,0
DA:213,0
DA:216,0
DA:219,0
DA:225,4
DA:226,63
DA:232,4
DA:238,0
DA:240,0
DA:241,0
DA:242,0
DA:244,0
DA:250,4
DA:251,0
DA:265,4
DA:270,0
DA:285,4
DA:290,0
DA:296,4
DA:297,0
DA:301,0
DA:303,0
DA:304,0
DA:307,0
DA:309,0
DA:310,0
LF:106
LH:22
BRDA:54,0,0,0
BRDA:54,0,1,0
BRDA:72,1,0,0
BRDA:92,2,0,0
BRDA:107,3,0,0
BRDA:107,3,1,0
BRDA:121,4,0,0
BRDA:123,5,0,0
BRDA:123,5,1,0
BRDA:131,6,0,0
BRDA:131,6,1,0
BRDA:147,7,0,0
BRDA:147,7,1,0
BRDA:153,8,0,0
BRDA:153,8,1,0
BRDA:155,9,0,0
BRDA:155,9,1,0
BRDA:159,10,0,0
BRDA:159,10,1,0
BRDA:167,11,0,0
BRDA:167,11,1,0
BRDA:177,12,0,0
BRDA:177,12,1,0
BRDA:189,13,0,0
BRDA:190,14,0,0
BRDA:195,15,0,0
BRDA:195,15,1,0
BRDA:213,16,0,0
BRDA:213,16,1,0
BRDA:213,17,0,0
BRDA:213,17,1,0
BRDA:250,18,0,0
BRDA:274,19,0,0
BRDA:274,19,1,0
BRDA:275,20,0,0
BRDA:275,20,1,0
BRDA:276,21,0,0
BRDA:276,21,1,0
BRDA:288,22,0,0
BRDA:299,23,0,0
BRDA:309,24,0,0
BRDA:309,24,1,0
BRF:42
BRH:0
end_of_record
TN:
SF:src/__tests__/websocket/loadTest.ts
FN:38,(anonymous_7)
FN:42,(anonymous_8)
FN:42,(anonymous_9)
FN:46,(anonymous_10)
FN:47,(anonymous_11)
FN:51,(anonymous_12)
FN:55,(anonymous_13)
FN:59,(anonymous_14)
FN:65,(anonymous_15)
FN:65,(anonymous_16)
FN:72,createMultipleConnections
FN:79,(anonymous_19)
FN:79,(anonymous_20)
FN:88,(anonymous_21)
FN:89,(anonymous_22)
FN:93,(anonymous_23)
FN:98,(anonymous_24)
FN:124,disconnectAll
FN:125,(anonymous_26)
FN:135,measureMessageLatency
FN:146,(anonymous_29)
FN:147,(anonymous_30)
FN:151,(anonymous_31)
FN:177,calculateMetrics
FN:184,(anonymous_33)
FN:185,(anonymous_34)
FN:188,(anonymous_35)
FN:189,(anonymous_36)
FN:191,(anonymous_37)
FN:191,(anonymous_38)
FN:201,(anonymous_39)
FN:204,(anonymous_40)
FN:212,(anonymous_41)
FN:213,(anonymous_42)
FN:218,(anonymous_43)
FN:221,(anonymous_44)
FN:221,(anonymous_45)
FN:232,(anonymous_46)
FN:238,(anonymous_47)
FN:255,(anonymous_48)
FN:255,(anonymous_49)
FN:269,(anonymous_50)
FN:278,(anonymous_51)
FN:294,(anonymous_52)
FN:297,(anonymous_53)
FN:297,(anonymous_54)
FN:304,(anonymous_55)
FN:311,(anonymous_56)
FN:319,(anonymous_57)
FN:328,(anonymous_58)
FN:328,(anonymous_59)
FN:337,(anonymous_60)
FN:338,(anonymous_61)
FN:346,(anonymous_62)
FN:355,(anonymous_63)
FN:357,(anonymous_64)
FN:373,(anonymous_65)
FN:376,(anonymous_66)
FN:376,(anonymous_67)
FN:391,(anonymous_68)
FN:401,(anonymous_69)
FN:417,(anonymous_70)
FN:420,(anonymous_71)
FN:420,(anonymous_72)
FN:423,(anonymous_73)
FN:424,(anonymous_74)
FN:431,(anonymous_75)
FN:433,(anonymous_76)
FN:435,(anonymous_77)
FN:436,(anonymous_78)
FN:444,(anonymous_79)
FN:446,(anonymous_80)
FN:447,(anonymous_81)
FN:456,(anonymous_82)
FN:459,(anonymous_83)
FN:459,(anonymous_84)
FN:475,(anonymous_85)
FNF:77
FNH:0
FNDA:0,(anonymous_7)
FNDA:0,(anonymous_8)
FNDA:0,(anonymous_9)
FNDA:0,(anonymous_10)
FNDA:0,(anonymous_11)
FNDA:0,(anonymous_12)
FNDA:0,(anonymous_13)
FNDA:0,(anonymous_14)
FNDA:0,(anonymous_15)
FNDA:0,(anonymous_16)
FNDA:0,createMultipleConnections
FNDA:0,(anonymous_19)
FNDA:0,(anonymous_20)
FNDA:0,(anonymous_21)
FNDA:0,(anonymous_22)
FNDA:0,(anonymous_23)
FNDA:0,(anonymous_24)
FNDA:0,disconnectAll
FNDA:0,(anonymous_26)
FNDA:0,measureMessageLatency
FNDA:0,(anonymous_29)
FNDA:0,(anonymous_30)
FNDA:0,(anonymous_31)
FNDA:0,calculateMetrics
FNDA:0,(anonymous_33)
FNDA:0,(anonymous_34)
FNDA:0,(anonymous_35)
FNDA:0,(anonymous_36)
FNDA:0,(anonymous_37)
FNDA:0,(anonymous_38)
FNDA:0,(anonymous_39)
FNDA:0,(anonymous_40)
FNDA:0,(anonymous_41)
FNDA:0,(anonymous_42)
FNDA:0,(anonymous_43)
FNDA:0,(anonymous_44)
FNDA:0,(anonymous_45)
FNDA:0,(anonymous_46)
FNDA:0,(anonymous_47)
FNDA:0,(anonymous_48)
FNDA:0,(anonymous_49)
FNDA:0,(anonymous_50)
FNDA:0,(anonymous_51)
FNDA:0,(anonymous_52)
FNDA:0,(anonymous_53)
FNDA:0,(anonymous_54)
FNDA:0,(anonymous_55)
FNDA:0,(anonymous_56)
FNDA:0,(anonymous_57)
FNDA:0,(anonymous_58)
FNDA:0,(anonymous_59)
FNDA:0,(anonymous_60)
FNDA:0,(anonymous_61)
FNDA:0,(anonymous_62)
FNDA:0,(anonymous_63)
FNDA:0,(anonymous_64)
FNDA:0,(anonymous_65)
FNDA:0,(anonymous_66)
FNDA:0,(anonymous_67)
FNDA:0,(anonymous_68)
FNDA:0,(anonymous_69)
FNDA:0,(anonymous_70)
FNDA:0,(anonymous_71)
FNDA:0,(anonymous_72)
FNDA:0,(anonymous_73)
FNDA:0,(anonymous_74)
FNDA:0,(anonymous_75)
FNDA:0,(anonymous_76)
FNDA:0,(anonymous_77)
FNDA:0,(anonymous_78)
FNDA:0,(anonymous_79)
FNDA:0,(anonymous_80)
FNDA:0,(anonymous_81)
FNDA:0,(anonymous_82)
FNDA:0,(anonymous_83)
FNDA:0,(anonymous_84)
FNDA:0,(anonymous_85)
DA:1,0
DA:2,0
DA:3,0
DA:38,0
DA:40,0
DA:42,0
DA:43,0
DA:46,0
DA:47,0
DA:48,0
DA:51,0
DA:52,0
DA:55,0
DA:56,0
DA:59,0
DA:60,0
DA:65,0
DA:66,0
DA:76,0
DA:77,0
DA:79,0
DA:80,0
DA:82,0
DA:83,0
DA:88,0
DA:89,0
DA:90,0
DA:93,0
DA:94,0
DA:95,0
DA:98,0
DA:99,0
DA:100,0
DA:104,0
DA:105,0
DA:106,0
DA:108,0
DA:109,0
DA:117,0
DA:118,0
DA:125,0
DA:126,0
DA:127,0
DA:139,0
DA:141,0
DA:142,0
DA:143,0
DA:145,0
DA:146,0
DA:147,0
DA:148,0
DA:151,0
DA:152,0
DA:153,0
DA:154,0
DA:159,0
DA:163,0
DA:171,0
DA:184,0
DA:185,0
DA:187,0
DA:188,0
DA:189,0
DA:191,0
DA:193,0
DA:194,0
DA:196,0
DA:201,0
DA:204,0
DA:212,0
DA:213,0
DA:218,0
DA:219,0
DA:221,0
DA:222,0
DA:223,0
DA:225,0
DA:230,0
DA:232,0
DA:234,0
DA:235,0
DA:238,0
DA:239,0
DA:242,0
DA:243,0
DA:245,0
DA:246,0
DA:248,0
DA:253,0
DA:255,0
DA:256,0
DA:257,0
DA:258,0
DA:260,0
DA:261,0
DA:266,0
DA:269,0
DA:271,0
DA:274,0
DA:275,0
DA:278,0
DA:282,0
DA:283,0
DA:284,0
DA:285,0
DA:287,0
DA:288,0
DA:294,0
DA:295,0
DA:297,0
DA:298,0
DA:300,0
DA:301,0
DA:303,0
DA:304,0
DA:307,0
DA:308,0
DA:311,0
DA:313,0
DA:314,0
DA:315,0
DA:316,0
DA:318,0
DA:319,0
DA:321,0
DA:326,0
DA:328,0
DA:329,0
DA:331,0
DA:332,0
DA:333,0
DA:335,0
DA:337,0
DA:338,0
DA:339,0
DA:343,0
DA:344,0
DA:346,0
DA:347,0
DA:348,0
DA:349,0
DA:352,0
DA:355,0
DA:357,0
DA:358,0
DA:360,0
DA:361,0
DA:362,0
DA:363,0
DA:365,0
DA:367,0
DA:373,0
DA:374,0
DA:376,0
DA:377,0
DA:378,0
DA:379,0
DA:381,0
DA:383,0
DA:384,0
DA:390,0
DA:391,0
DA:394,0
DA:397,0
DA:398,0
DA:401,0
DA:404,0
DA:405,0
DA:406,0
DA:408,0
DA:409,0
DA:411,0
DA:417,0
DA:418,0
DA:420,0
DA:421,0
DA:423,0
DA:424,0
DA:427,0
DA:430,0
DA:431,0
DA:433,0
DA:435,0
DA:436,0
DA:439,0
DA:442,0
DA:444,0
DA:446,0
DA:447,0
DA:450,0
DA:456,0
DA:457,0
DA:459,0
DA:460,0
DA:461,0
DA:463,0
DA:464,0
DA:467,0
DA:473,0
DA:475,0
DA:479,0
DA:480,0
DA:482,0
DA:491,0
DA:492,0
DA:493,0
DA:494,0
DA:495,0
DA:496,0
DA:497,0
DA:498,0
DA:499,0
DA:500,0
DA:501,0
DA:502,0
DA:503,0
DA:504,0
DA:505,0
DA:506,0
DA:509,0
DA:512,0
DA:515,0
DA:516,0
DA:517,0
DA:520,0
DA:523,0
DA:524,0
DA:525,0
DA:527,0
LF:229
LH:0
BRDA:126,0,0,0
BRDA:126,0,1,0
BRDA:213,1,0,0
BRDA:213,1,1,0
BRDA:274,2,0,0
BRDA:274,2,1,0
BRDA:347,3,0,0
BRDA:347,3,1,0
BRDA:397,4,0,0
BRDA:397,4,1,0
BRDA:515,5,0,0
BRDA:515,5,1,0
BRF:12
BRH:0
end_of_record
TN:
SF:src/api-gateway/ApiGateway.ts
FN:57,(anonymous_7)
FN:71,(anonymous_8)
FN:80,(anonymous_9)
FN:81,(anonymous_10)
FN:91,(anonymous_11)
FN:162,(anonymous_13)
FN:176,(anonymous_14)
FN:194,(anonymous_15)
FN:211,(anonymous_16)
FN:218,(anonymous_17)
FN:219,(anonymous_18)
FN:232,(anonymous_19)
FN:242,(anonymous_20)
FN:261,(anonymous_21)
FN:269,(anonymous_22)
FN:281,(anonymous_23)
FNF:16
FNH:0
FNDA:0,(anonymous_7)
FNDA:0,(anonymous_8)
FNDA:0,(anonymous_9)
FNDA:0,(anonymous_10)
FNDA:0,(anonymous_11)
FNDA:0,(anonymous_13)
FNDA:0,(anonymous_14)
FNDA:0,(anonymous_15)
FNDA:0,(anonymous_16)
FNDA:0,(anonymous_17)
FNDA:0,(anonymous_18)
FNDA:0,(anonymous_19)
FNDA:0,(anonymous_20)
FNDA:0,(anonymous_21)
FNDA:0,(anonymous_22)
FNDA:0,(anonymous_23)
DA:52,0
DA:53,0
DA:54,0
DA:58,0
DA:72,0
DA:73,0
DA:81,0
DA:96,0
DA:97,0
DA:99,0
DA:100,0
DA:104,0
DA:105,0
DA:109,0
DA:114,0
DA:115,0
DA:117,0
DA:118,0
DA:122,0
DA:124,0
DA:125,0
DA:133,0
DA:136,0
DA:139,0
DA:144,0
DA:145,0
DA:146,0
DA:149,0
DA:152,0
DA:153,0
DA:163,0
DA:180,0
DA:198,0
DA:213,0
DA:216,0
DA:218,0
DA:219,0
DA:223,0
DA:233,0
DA:234,0
DA:243,0
DA:245,0
DA:246,0
DA:250,0
DA:251,0
DA:252,0
DA:255,0
DA:262,0
DA:270,0
DA:271,0
DA:272,0
DA:282,0
DA:284,0
DA:285,0
DA:286,0
DA:293,0
LF:56
LH:0
BRDA:57,0,0,0
BRDA:99,1,0,0
BRDA:99,1,1,0
BRDA:104,2,0,0
BRDA:104,2,1,0
BRDA:104,3,0,0
BRDA:104,3,1,0
BRDA:109,4,0,0
BRDA:109,4,1,0
BRDA:110,5,0,0
BRDA:110,5,1,0
BRDA:110,5,2,0
BRDA:117,6,0,0
BRDA:117,6,1,0
BRDA:124,7,0,0
BRDA:124,7,1,0
BRDA:127,8,0,0
BRDA:127,8,1,0
BRDA:139,9,0,0
BRDA:139,9,1,0
BRDA:140,10,0,0
BRDA:140,10,1,0
BRDA:140,10,2,0
BRDA:144,11,0,0
BRDA:144,11,1,0
BRDA:152,12,0,0
BRDA:152,12,1,0
BRDA:195,13,0,0
BRDA:196,14,0,0
BRDA:213,15,0,0
BRDA:213,15,1,0
BRDA:216,16,0,0
BRDA:216,16,1,0
BRDA:223,17,0,0
BRDA:223,17,1,0
BRDA:245,18,0,0
BRDA:245,18,1,0
BRDA:250,19,0,0
BRDA:250,19,1,0
BRDA:271,20,0,0
BRDA:271,20,1,0
BRDA:285,21,0,0
BRDA:285,21,1,0
BRF:43
BRH:0
end_of_record
TN:
SF:src/api-gateway/index.ts
FN:123,(anonymous_7)
FN:11,(anonymous_8)
FN:12,(anonymous_9)
FN:13,(anonymous_10)
FN:14,(anonymous_11)
FN:15,(anonymous_12)
FN:19,(anonymous_13)
FN:20,(anonymous_14)
FN:21,(anonymous_15)
FN:22,(anonymous_16)
FN:23,(anonymous_17)
FN:27,(anonymous_18)
FN:28,(anonymous_19)
FN:32,(anonymous_20)
FN:33,(anonymous_21)
FN:37,(anonymous_22)
FN:38,(anonymous_23)
FN:39,(anonymous_24)
FN:40,(anonymous_25)
FN:44,(anonymous_26)
FN:45,(anonymous_27)
FN:46,(anonymous_28)
FN:77,processRequest
FN:78,(anonymous_30)
FN:108,clearCache
FN:120,(anonymous_32)
FNF:26
FNH:0
FNDA:0,(anonymous_7)
FNDA:0,(anonymous_8)
FNDA:0,(anonymous_9)
FNDA:0,(anonymous_10)
FNDA:0,(anonymous_11)
FNDA:0,(anonymous_12)
FNDA:0,(anonymous_13)
FNDA:0,(anonymous_14)
FNDA:0,(anonymous_15)
FNDA:0,(anonymous_16)
FNDA:0,(anonymous_17)
FNDA:0,(anonymous_18)
FNDA:0,(anonymous_19)
FNDA:0,(anonymous_20)
FNDA:0,(anonymous_21)
FNDA:0,(anonymous_22)
FNDA:0,(anonymous_23)
FNDA:0,(anonymous_24)
FNDA:0,(anonymous_25)
FNDA:0,(anonymous_26)
FNDA:0,(anonymous_27)
FNDA:0,(anonymous_28)
FNDA:0,processRequest
FNDA:0,(anonymous_30)
FNDA:0,clearCache
FNDA:0,(anonymous_32)
DA:1,0
DA:2,0
DA:3,0
DA:4,0
DA:5,0
DA:10,0
DA:11,0
DA:12,0
DA:13,0
DA:14,0
DA:15,0
DA:18,0
DA:19,0
DA:20,0
DA:21,0
DA:22,0
DA:23,0
DA:26,0
DA:27,0
DA:28,0
DA:31,0
DA:32,0
DA:33,0
DA:36,0
DA:37,0
DA:38,0
DA:39,0
DA:40,0
DA:43,0
DA:44,0
DA:45,0
DA:46,0
DA:66,0
DA:77,0
DA:78,0
DA:85,0
DA:87,0
DA:90,0
DA:93,0
DA:96,0
DA:99,0
DA:108,0
DA:109,0
DA:110,0
DA:111,0
DA:112,0
DA:114,0
DA:120,0
DA:123,0
LF:49
LH:0
BRDA:80,0,0,0
BRDA:81,1,0,0
BRDA:109,2,0,0
BRDA:109,2,1,0
BRDA:111,3,0,0
BRDA:111,3,1,0
BRF:6
BRH:0
end_of_record
TN:
SF:src/api-gateway/middleware/authMiddleware.ts
FN:15,extractAuthToken
FN:56,authenticateRequest
FN:87,checkPermission
FN:121,requireAuth
FN:122,(anonymous_4)
FN:137,requirePermission
FN:141,(anonymous_6)
FNF:7
FNH:7
FNDA:22,extractAuthToken
FNDA:7,authenticateRequest
FNDA:24,checkPermission
FNDA:6,requireAuth
FNDA:8,(anonymous_4)
FNDA:8,requirePermission
FNDA:8,(anonymous_6)
DA:15,2
DA:16,22
DA:18,22
DA:19,10
DA:22,12
DA:28,12
DA:29,12
DA:31,12
DA:32,3
DA:36,9
DA:37,2
DA:41,7
DA:42,7
DA:43,5
DA:45,2
DA:46,2
DA:56,2
DA:60,7
DA:62,7
DA:63,5
DA:72,2
DA:87,2
DA:96,24
DA:97,9
DA:101,15
DA:106,9
DA:113,6
DA:121,2
DA:122,6
DA:123,8
DA:124,3
DA:127,5
DA:137,2
DA:141,8
DA:142,8
DA:143,1
DA:146,7
DA:148,7
DA:149,2
DA:152,5
LF:40
LH:40
BRDA:18,0,0,10
BRDA:18,0,1,12
BRDA:18,1,0,22
BRDA:18,1,1,16
BRDA:31,2,0,3
BRDA:31,2,1,9
BRDA:31,3,0,12
BRDA:31,3,1,10
BRDA:36,4,0,2
BRDA:36,4,1,7
BRDA:62,5,0,5
BRDA:62,5,1,2
BRDA:76,6,0,0
BRDA:76,6,1,2
BRDA:76,7,0,2
BRDA:76,7,1,2
BRDA:96,8,0,9
BRDA:96,8,1,15
BRDA:101,9,0,9
BRDA:101,9,1,6
BRDA:102,10,0,15
BRDA:102,10,1,11
BRDA:102,10,2,8
BRDA:102,10,3,8
BRDA:121,11,0,1
BRDA:123,12,0,3
BRDA:123,12,1,5
BRDA:123,13,0,8
BRDA:123,13,1,5
BRDA:142,14,0,1
BRDA:142,14,1,7
BRDA:142,15,0,8
BRDA:142,15,1,7
BRDA:148,16,0,2
BRDA:148,16,1,5
BRF:35
BRH:34
end_of_record
TN:
SF:src/api-gateway/middleware/corsMiddleware.ts
FN:33,getAllowedOrigins
FN:49,(anonymous_2)
FN:57,createCorsMiddleware
FN:80,(anonymous_4)
FN:139,getCorsMiddleware
FN:156,handleCorsError
FNF:6
FNH:4
FNDA:14,getAllowedOrigins
FNDA:0,(anonymous_2)
FNDA:18,createCorsMiddleware
FNDA:0,(anonymous_4)
FNDA:3,getCorsMiddleware
FNDA:2,handleCorsError
DA:1,1
DA:34,14
DA:36,14
DA:38,14
DA:49,0
DA:57,1
DA:77,18
DA:79,18
DA:82,0
DA:83,0
DA:87,0
DA:88,0
DA:89,0
DA:91,0
DA:94,0
DA:95,0
DA:112,1
DA:121,1
DA:130,1
DA:139,1
DA:140,3
DA:142,3
DA:143,1
DA:146,2
DA:156,1
DA:157,2
DA:158,1
DA:169,1
LF:28
LH:19
BRDA:34,0,0,14
BRDA:34,0,1,14
BRDA:34,0,2,14
BRDA:36,1,0,14
BRDA:36,1,1,0
BRDA:57,2,0,4
BRDA:59,3,0,12
BRDA:60,4,0,13
BRDA:61,5,0,17
BRDA:62,6,0,17
BRDA:69,7,0,16
BRDA:76,8,0,16
BRDA:82,9,0,0
BRDA:82,9,1,0
BRDA:87,10,0,0
BRDA:87,10,1,0
BRDA:89,11,0,0
BRDA:89,11,1,0
BRDA:140,12,0,3
BRDA:140,12,1,1
BRDA:142,13,0,1
BRDA:142,13,1,2
BRDA:157,14,0,1
BRDA:157,14,1,1
BRDA:157,15,0,2
BRDA:157,15,1,2
BRF:26
BRH:19
end_of_record
TN:
SF:src/api-gateway/middleware/errorMiddleware.ts
FN:21,(anonymous_7)
FN:45,(anonymous_8)
FN:48,(anonymous_9)
FN:52,(anonymous_10)
FN:60,(anonymous_11)
FN:63,(anonymous_12)
FN:74,(anonymous_13)
FN:77,(anonymous_14)
FN:81,(anonymous_15)
FN:84,(anonymous_16)
FN:98,formatErrorResponse
FN:141,handleApiError
FN:153,withErrorHandling
FN:156,(anonymous_20)
FN:156,(anonymous_21)
FN:178,(anonymous_22)
FN:313,(anonymous_23)
FN:334,(anonymous_24)
FN:337,(anonymous_25)
FNF:19
FNH:0
FNDA:0,(anonymous_7)
FNDA:0,(anonymous_8)
FNDA:0,(anonymous_9)
FNDA:0,(anonymous_10)
FNDA:0,(anonymous_11)
FNDA:0,(anonymous_12)
FNDA:0,(anonymous_13)
FNDA:0,(anonymous_14)
FNDA:0,(anonymous_15)
FNDA:0,(anonymous_16)
FNDA:0,formatErrorResponse
FNDA:0,handleApiError
FNDA:0,withErrorHandling
FNDA:0,(anonymous_20)
FNDA:0,(anonymous_21)
FNDA:0,(anonymous_22)
FNDA:0,(anonymous_23)
FNDA:0,(anonymous_24)
FNDA:0,(anonymous_25)
DA:3,0
DA:15,0
DA:28,0
DA:29,0
DA:30,0
DA:31,0
DA:32,0
DA:33,0
DA:36,0
DA:43,0
DA:46,0
DA:49,0
DA:53,0
DA:61,0
DA:64,0
DA:75,0
DA:78,0
DA:82,0
DA:85,0
DA:98,0
DA:100,0
DA:101,0
DA:111,0
DA:112,0
DA:120,0
DA:121,0
DA:129,0
DA:141,0
DA:143,0
DA:145,0
DA:153,0
DA:156,0
DA:157,0
DA:158,0
DA:160,0
DA:178,0
DA:185,0
DA:188,0
DA:189,0
DA:197,0
DA:201,0
DA:202,0
DA:210,0
DA:214,0
DA:215,0
DA:222,0
DA:225,0
DA:226,0
DA:233,0
DA:237,0
DA:238,0
DA:239,0
DA:241,0
DA:243,0
DA:244,0
DA:246,0
DA:247,0
DA:249,0
DA:250,0
DA:253,0
DA:261,0
DA:265,0
DA:266,0
DA:273,0
DA:277,0
DA:278,0
DA:286,0
DA:290,0
DA:291,0
DA:295,0
DA:313,0
DA:318,0
DA:324,0
DA:334,0
DA:337,0
DA:338,0
LF:76
LH:0
BRDA:23,0,0,0
BRDA:26,1,0,0
BRDA:45,2,0,0
BRDA:48,3,0,0
BRDA:52,4,0,0
BRDA:54,5,0,0
BRDA:54,5,1,0
BRDA:60,6,0,0
BRDA:68,7,0,0
BRDA:68,7,1,0
BRDA:68,8,0,0
BRDA:68,8,1,0
BRDA:74,9,0,0
BRDA:77,10,0,0
BRDA:81,11,0,0
BRDA:84,12,0,0
BRDA:89,13,0,0
BRDA:89,13,1,0
BRDA:100,14,0,0
BRDA:100,14,1,0
BRDA:111,15,0,0
BRDA:111,15,1,0
BRDA:120,16,0,0
BRDA:120,16,1,0
BRDA:160,17,0,0
BRDA:160,17,1,0
BRDA:163,18,0,0
BRDA:163,18,1,0
BRDA:188,19,0,0
BRDA:188,19,1,0
BRDA:194,20,0,0
BRDA:194,20,1,0
BRDA:201,21,0,0
BRDA:201,21,1,0
BRDA:206,22,0,0
BRDA:206,22,1,0
BRDA:207,23,0,0
BRDA:207,23,1,0
BRDA:214,24,0,0
BRDA:214,24,1,0
BRDA:219,25,0,0
BRDA:219,25,1,0
BRDA:225,26,0,0
BRDA:225,26,1,0
BRDA:230,27,0,0
BRDA:230,27,1,0
BRDA:237,28,0,0
BRDA:237,28,1,0
BRDA:241,29,0,0
BRDA:241,29,1,0
BRDA:241,29,2,0
BRDA:258,30,0,0
BRDA:258,30,1,0
BRDA:265,31,0,0
BRDA:265,31,1,0
BRDA:265,32,0,0
BRDA:265,32,1,0
BRDA:270,33,0,0
BRDA:270,33,1,0
BRDA:277,34,0,0
BRDA:277,34,1,0
BRDA:277,35,0,0
BRDA:277,35,1,0
BRDA:282,36,0,0
BRDA:282,36,1,0
BRDA:283,37,0,0
BRDA:283,37,1,0
BRDA:290,38,0,0
BRDA:290,38,1,0
BRDA:290,38,2,0
BRDA:291,39,0,0
BRDA:291,39,1,0
BRDA:293,40,0,0
BRDA:293,40,1,0
BRDA:299,41,0,0
BRDA:299,41,1,0
BRDA:300,42,0,0
BRDA:300,42,1,0
BRF:78
BRH:0
end_of_record
TN:
SF:src/api-gateway/middleware/loggingMiddleware.ts
FN:25,(anonymous_1)
FN:32,(anonymous_2)
FN:39,(anonymous_3)
FN:71,createLoggingMiddleware
FN:82,(anonymous_5)
FN:122,getLoggingMiddleware
FN:144,logError
FN:170,logAccess
FNF:8
FNH:0
FNDA:0,(anonymous_1)
FNDA:0,(anonymous_2)
FNDA:0,(anonymous_3)
FNDA:0,createLoggingMiddleware
FNDA:0,(anonymous_5)
FNDA:0,getLoggingMiddleware
FNDA:0,logError
FNDA:0,logAccess
DA:1,0
DA:25,0
DA:26,0
DA:32,0
DA:33,0
DA:39,0
DA:40,0
DA:41,0
DA:44,0
DA:47,0
DA:53,0
DA:71,0
DA:76,0
DA:79,0
DA:81,0
DA:84,0
DA:85,0
DA:98,0
DA:106,0
DA:114,0
DA:122,0
DA:123,0
DA:124,0
DA:127,0
DA:128,0
DA:132,0
DA:133,0
DA:136,0
DA:144,0
DA:145,0
DA:162,0
DA:170,0
DA:171,0
DA:178,0
LF:34
LH:0
BRDA:26,0,0,0
BRDA:26,0,1,0
BRDA:26,0,2,0
BRDA:33,1,0,0
BRDA:33,1,1,0
BRDA:33,1,2,0
BRDA:33,2,0,0
BRDA:33,2,1,0
BRDA:33,3,0,0
BRDA:33,3,1,0
BRDA:40,4,0,0
BRDA:40,4,1,0
BRDA:40,5,0,0
BRDA:40,5,1,0
BRDA:71,6,0,0
BRDA:73,7,0,0
BRDA:73,8,0,0
BRDA:73,8,1,0
BRDA:79,9,0,0
BRDA:79,9,1,0
BRDA:82,10,0,0
BRDA:82,10,1,0
BRDA:84,11,0,0
BRDA:84,11,1,0
BRDA:85,12,0,0
BRDA:85,12,1,0
BRDA:85,12,2,0
BRDA:85,12,3,0
BRDA:90,13,0,0
BRDA:90,13,1,0
BRDA:123,14,0,0
BRDA:123,14,1,0
BRDA:124,15,0,0
BRDA:124,15,1,0
BRDA:127,16,0,0
BRDA:127,16,1,0
BRDA:132,17,0,0
BRDA:132,17,1,0
BRDA:148,18,0,0
BRDA:148,18,1,0
BRDA:153,19,0,0
BRDA:153,19,1,0
BRDA:157,20,0,0
BRDA:157,20,1,0
BRDA:158,21,0,0
BRDA:158,21,1,0
BRDA:158,22,0,0
BRDA:158,22,1,0
BRDA:158,23,0,0
BRDA:158,23,1,0
BRF:50
BRH:0
end_of_record
TN:
SF:src/api-gateway/middleware/rateLimitMiddleware.ts
FN:31,createRateLimiter
FN:54,(anonymous_2)
FN:64,(anonymous_3)
FNF:3
FNH:0
FNDA:0,createRateLimiter
FNDA:0,(anonymous_2)
FNDA:0,(anonymous_3)
DA:1,0
DA:31,0
DA:38,0
DA:40,0
DA:56,0
DA:57,0
DA:58,0
DA:59,0
DA:61,0
DA:65,0
DA:66,0
DA:85,0
DA:91,0
DA:100,0
DA:109,0
LF:15
LH:0
BRDA:31,0,0,0
BRDA:33,1,0,0
BRDA:34,2,0,0
BRDA:35,3,0,0
BRDA:36,4,0,0
BRDA:37,5,0,0
BRDA:57,6,0,0
BRDA:57,6,1,0
BRDA:58,7,0,0
BRDA:58,7,1,0
BRDA:61,8,0,0
BRDA:61,8,1,0
BRF:12
BRH:0
end_of_record
TN:
SF:src/api-gateway/middleware/requestMiddleware.ts
FN:21,createRequestContext
FN:42,logRequest
FN:60,normalizeQueryParams
FN:66,(anonymous_3)
FN:79,(anonymous_4)
FN:96,validateParams
FN:109,(anonymous_6)
FN:179,sanitizeData
FN:186,(anonymous_8)
FN:193,(anonymous_9)
FNF:10
FNH:10
FNDA:7,createRequestContext
FNDA:4,logRequest
FNDA:9,normalizeQueryParams
FNDA:9,(anonymous_3)
FNDA:6,(anonymous_4)
FNDA:15,validateParams
FNDA:16,(anonymous_6)
FNDA:21,sanitizeData
FNDA:2,(anonymous_8)
FNDA:16,(anonymous_9)
DA:2,1
DA:21,1
DA:26,7
DA:42,1
DA:47,4
DA:60,1
DA:63,9
DA:66,9
DA:68,9
DA:69,1
DA:70,8
DA:71,1
DA:74,7
DA:75,2
DA:78,5
DA:79,6
DA:83,3
DA:87,9
DA:96,1
DA:106,15
DA:109,15
DA:110,16
DA:113,16
DA:114,2
DA:115,2
DA:119,14
DA:120,1
DA:124,13
DA:126,5
DA:127,0
DA:128,5
DA:129,1
DA:130,4
DA:131,1
DA:133,5
DA:136,5
DA:137,2
DA:138,3
DA:139,1
DA:140,2
DA:141,1
DA:143,5
DA:146,1
DA:147,0
DA:149,1
DA:152,2
DA:153,0
DA:154,2
DA:155,1
DA:156,1
DA:157,0
DA:159,2
DA:163,13
DA:164,1
DA:168,15
DA:179,1
DA:180,21
DA:181,2
DA:185,19
DA:186,2
DA:190,18
DA:191,8
DA:193,8
DA:195,16
DA:196,8
DA:198,8
DA:202,8
DA:206,10
LF:68
LH:64
BRDA:22,0,0,4
BRDA:49,1,0,4
BRDA:49,1,1,3
BRDA:61,2,0,1
BRDA:68,3,0,1
BRDA:68,3,1,8
BRDA:70,4,0,1
BRDA:70,4,1,7
BRDA:74,5,0,2
BRDA:74,5,1,5
BRDA:74,6,0,7
BRDA:74,6,1,3
BRDA:78,7,0,2
BRDA:78,7,1,3
BRDA:78,8,0,5
BRDA:78,8,1,5
BRDA:113,9,0,2
BRDA:113,9,1,14
BRDA:113,10,0,16
BRDA:113,10,1,4
BRDA:113,10,2,3
BRDA:113,10,3,3
BRDA:119,11,0,1
BRDA:119,11,1,13
BRDA:119,12,0,14
BRDA:119,12,1,13
BRDA:124,13,0,5
BRDA:124,13,1,5
BRDA:124,13,2,1
BRDA:124,13,3,2
BRDA:126,14,0,0
BRDA:126,14,1,5
BRDA:128,15,0,1
BRDA:128,15,1,4
BRDA:128,16,0,5
BRDA:128,16,1,1
BRDA:130,17,0,1
BRDA:130,17,1,3
BRDA:130,18,0,4
BRDA:130,18,1,1
BRDA:136,19,0,2
BRDA:136,19,1,3
BRDA:138,20,0,1
BRDA:138,20,1,2
BRDA:138,21,0,3
BRDA:138,21,1,1
BRDA:140,22,0,1
BRDA:140,22,1,1
BRDA:140,23,0,2
BRDA:140,23,1,1
BRDA:146,24,0,0
BRDA:146,24,1,1
BRDA:152,25,0,0
BRDA:152,25,1,2
BRDA:154,26,0,1
BRDA:154,26,1,1
BRDA:154,27,0,2
BRDA:154,27,1,1
BRDA:156,28,0,0
BRDA:156,28,1,1
BRDA:156,29,0,1
BRDA:156,29,1,0
BRDA:163,30,0,1
BRDA:163,30,1,12
BRDA:163,31,0,13
BRDA:163,31,1,2
BRDA:170,32,0,9
BRDA:170,32,1,6
BRDA:180,33,0,2
BRDA:180,33,1,19
BRDA:185,34,0,1
BRDA:185,34,1,18
BRDA:190,35,0,8
BRDA:190,35,1,10
BRDA:195,36,0,8
BRDA:195,36,1,8
BRF:76
BRH:71
end_of_record
TN:
SF:src/api-gateway/middleware/securityMiddleware.ts
FN:33,createSecurityMiddleware
FN:123,getSecurityMiddleware
FNF:2
FNH:2
FNDA:30,createSecurityMiddleware
FNDA:3,getSecurityMiddleware
DA:1,1
DA:33,1
DA:40,30
DA:43,30
DA:55,30
DA:102,1
DA:112,1
DA:123,1
DA:124,3
DA:126,3
DA:127,1
DA:130,2
LF:12
LH:12
BRDA:33,0,0,12
BRDA:35,1,0,21
BRDA:36,2,0,24
BRDA:37,3,0,25
BRDA:38,4,0,26
BRDA:39,5,0,29
BRDA:57,6,0,29
BRDA:57,6,1,1
BRDA:62,7,0,29
BRDA:62,7,1,1
BRDA:69,8,0,29
BRDA:69,8,1,1
BRDA:124,9,0,3
BRDA:124,9,1,1
BRDA:126,10,0,1
BRDA:126,10,1,2
BRF:16
BRH:16
end_of_record
TN:
SF:src/api-gateway/middleware/validationMiddleware.ts
FN:25,validateRequest
FN:29,(anonymous_1)
FN:38,(anonymous_2)
FN:61,validateMultiple
FN:66,(anonymous_4)
FN:78,(anonymous_5)
FN:104,sanitizeRequest
FN:105,(anonymous_7)
FN:123,sanitizeObject
FN:129,(anonymous_9)
FN:149,validateUUID
FN:152,(anonymous_11)
FN:169,validatePagination
FN:170,(anonymous_13)
FN:208,requireFields
FN:212,(anonymous_15)
FN:223,(anonymous_16)
FNF:17
FNH:0
FNDA:0,validateRequest
FNDA:0,(anonymous_1)
FNDA:0,(anonymous_2)
FNDA:0,validateMultiple
FNDA:0,(anonymous_4)
FNDA:0,(anonymous_5)
FNDA:0,sanitizeRequest
FNDA:0,(anonymous_7)
FNDA:0,sanitizeObject
FNDA:0,(anonymous_9)
FNDA:0,validateUUID
FNDA:0,(anonymous_11)
FNDA:0,validatePagination
FNDA:0,(anonymous_13)
FNDA:0,requireFields
FNDA:0,(anonymous_15)
FNDA:0,(anonymous_16)
DA:10,0
DA:11,0
DA:25,0
DA:29,0
DA:31,0
DA:34,0
DA:36,0
DA:38,0
DA:39,0
DA:40,0
DA:44,0
DA:45,0
DA:49,0
DA:51,0
DA:61,0
DA:66,0
DA:67,0
DA:68,0
DA:71,0
DA:72,0
DA:74,0
DA:75,0
DA:77,0
DA:78,0
DA:79,0
DA:82,0
DA:87,0
DA:88,0
DA:89,0
DA:93,0
DA:95,0
DA:104,0
DA:105,0
DA:107,0
DA:108,0
DA:112,0
DA:113,0
DA:116,0
DA:124,0
DA:125,0
DA:128,0
DA:129,0
DA:132,0
DA:133,0
DA:134,0
DA:135,0
DA:137,0
DA:140,0
DA:149,0
DA:150,0
DA:152,0
DA:153,0
DA:155,0
DA:156,0
DA:157,0
DA:160,0
DA:169,0
DA:170,0
DA:171,0
DA:174,0
DA:175,0
DA:176,0
DA:177,0
DA:178,0
DA:180,0
DA:182,0
DA:186,0
DA:187,0
DA:188,0
DA:189,0
DA:190,0
DA:192,0
DA:194,0
DA:197,0
DA:208,0
DA:212,0
DA:213,0
DA:214,0
DA:216,0
DA:217,0
DA:218,0
DA:222,0
DA:223,0
DA:224,0
DA:225,0
DA:228,0
DA:229,0
DA:232,0
LF:88
LH:0
BRDA:27,0,0,0
BRDA:36,1,0,0
BRDA:36,1,1,0
BRDA:38,2,0,0
BRDA:38,2,1,0
BRDA:38,3,0,0
BRDA:38,3,1,0
BRDA:44,4,0,0
BRDA:44,4,1,0
BRDA:72,5,0,0
BRDA:72,5,1,0
BRDA:77,6,0,0
BRDA:77,6,1,0
BRDA:78,7,0,0
BRDA:78,7,1,0
BRDA:78,8,0,0
BRDA:78,8,1,0
BRDA:87,9,0,0
BRDA:87,9,1,0
BRDA:107,10,0,0
BRDA:107,10,1,0
BRDA:107,11,0,0
BRDA:107,11,1,0
BRDA:112,12,0,0
BRDA:112,12,1,0
BRDA:112,13,0,0
BRDA:112,13,1,0
BRDA:124,14,0,0
BRDA:124,14,1,0
BRDA:128,15,0,0
BRDA:128,15,1,0
BRDA:132,16,0,0
BRDA:132,16,1,0
BRDA:132,17,0,0
BRDA:132,17,1,0
BRDA:149,18,0,0
BRDA:155,19,0,0
BRDA:155,19,1,0
BRDA:155,20,0,0
BRDA:155,20,1,0
BRDA:174,21,0,0
BRDA:174,21,1,0
BRDA:176,22,0,0
BRDA:176,22,1,0
BRDA:176,23,0,0
BRDA:176,23,1,0
BRDA:176,23,2,0
BRDA:186,24,0,0
BRDA:186,24,1,0
BRDA:188,25,0,0
BRDA:188,25,1,0
BRDA:188,26,0,0
BRDA:188,26,1,0
BRDA:210,27,0,0
BRDA:217,28,0,0
BRDA:217,28,1,0
BRDA:217,29,0,0
BRDA:217,29,1,0
BRDA:217,29,2,0
BRDA:217,29,3,0
BRDA:222,30,0,0
BRDA:222,30,1,0
BRF:62
BRH:0
end_of_record
TN:
SF:src/api-gateway/routes/index.ts
FN:9,registerAllRoutes
FN:25,(anonymous_1)
FN:26,(anonymous_2)
FN:27,(anonymous_3)
FNF:4
FNH:0
FNDA:0,registerAllRoutes
FNDA:0,(anonymous_1)
FNDA:0,(anonymous_2)
FNDA:0,(anonymous_3)
DA:1,0
DA:2,0
DA:3,0
DA:4,0
DA:9,0
DA:11,0
DA:14,0
DA:17,0
DA:19,0
DA:25,0
DA:26,0
DA:27,0
LF:12
LH:0
BRF:0
BRH:0
end_of_record
TN:
SF:src/components/AuthModal.tsx
FN:31,(anonymous_9)
FN:41,(anonymous_10)
FN:47,(anonymous_11)
FN:56,(anonymous_12)
FN:61,(anonymous_13)
FN:92,(anonymous_14)
FNF:6
FNH:0
FNDA:0,(anonymous_9)
FNDA:0,(anonymous_10)
FNDA:0,(anonymous_11)
FNDA:0,(anonymous_12)
FNDA:0,(anonymous_13)
FNDA:0,(anonymous_14)
DA:1,0
DA:2,0
DA:3,0
DA:10,0
DA:19,0
DA:20,0
DA:21,0
DA:22,0
DA:23,0
DA:31,0
DA:36,0
DA:37,0
DA:38,0
DA:41,0
DA:42,0
DA:43,0
DA:47,0
DA:48,0
DA:52,0
DA:56,0
DA:61,0
DA:68,0
DA:69,0
DA:92,0
DA:101,0
LF:25
LH:0
BRDA:34,0,0,0
BRDA:42,1,0,0
BRDA:42,1,1,0
BRDA:53,2,0,0
BRDA:53,2,1,0
BRDA:68,3,0,0
BRDA:68,3,1,0
BRDA:74,4,0,0
BRDA:74,4,1,0
BRDA:82,5,0,0
BRDA:82,5,1,0
BRDA:106,6,0,0
BRDA:106,6,1,0
BRDA:109,7,0,0
BRDA:109,7,1,0
BRF:15
BRH:0
end_of_record
TN:
SF:src/components/AuthTest.tsx
FN:10,(anonymous_1)
FN:52,(anonymous_2)
FN:66,(anonymous_3)
FNF:3
FNH:0
FNDA:0,(anonymous_1)
FNDA:0,(anonymous_2)
FNDA:0,(anonymous_3)
DA:1,0
DA:2,0
DA:3,0
DA:4,0
DA:5,0
DA:10,0
DA:11,0
DA:12,0
DA:14,0
DA:15,0
DA:22,0
DA:52,0
DA:66,0
LF:13
LH:0
BRDA:14,0,0,0
BRDA:14,0,1,0
BRDA:38,1,0,0
BRDA:38,1,1,0
BRDA:43,2,0,0
BRDA:43,2,1,0
BRDA:43,3,0,0
BRDA:43,3,1,0
BRDA:44,4,0,0
BRDA:44,4,1,0
BRDA:44,5,0,0
BRDA:44,5,1,0
BRDA:45,6,0,0
BRDA:45,6,1,0
BRDA:45,7,0,0
BRDA:45,7,1,0
BRF:16
BRH:0
end_of_record
TN:
SF:src/components/ConnectionStatus.tsx
FN:14,(anonymous_9)
FN:22,(anonymous_10)
FN:73,(anonymous_11)
FN:74,(anonymous_12)
FN:148,(anonymous_13)
FN:154,(anonymous_14)
FN:165,(anonymous_15)
FN:170,(anonymous_16)
FN:173,(anonymous_17)
FN:179,(anonymous_18)
FN:187,(anonymous_19)
FN:198,(anonymous_20)
FN:203,(anonymous_21)
FN:208,(anonymous_22)
FNF:14
FNH:0
FNDA:0,(anonymous_9)
FNDA:0,(anonymous_10)
FNDA:0,(anonymous_11)
FNDA:0,(anonymous_12)
FNDA:0,(anonymous_13)
FNDA:0,(anonymous_14)
FNDA:0,(anonymous_15)
FNDA:0,(anonymous_16)
FNDA:0,(anonymous_17)
FNDA:0,(anonymous_18)
FNDA:0,(anonymous_19)
FNDA:0,(anonymous_20)
FNDA:0,(anonymous_21)
FNDA:0,(anonymous_22)
DA:1,0
DA:2,0
DA:3,0
DA:14,0
DA:20,0
DA:22,0
DA:23,0
DA:25,0
DA:34,0
DA:43,0
DA:53,0
DA:64,0
DA:65,0
DA:67,0
DA:73,0
DA:74,0
DA:148,0
DA:149,0
DA:150,0
DA:151,0
DA:152,0
DA:154,0
DA:155,0
DA:157,0
DA:159,0
DA:160,0
DA:161,0
DA:163,0
DA:165,0
DA:166,0
DA:167,0
DA:170,0
DA:171,0
DA:173,0
DA:174,0
DA:175,0
DA:179,0
DA:180,0
DA:183,0
DA:187,0
DA:188,0
DA:189,0
DA:190,0
DA:192,0
DA:193,0
DA:195,0
DA:198,0
DA:199,0
DA:200,0
DA:203,0
DA:204,0
DA:205,0
DA:208,0
DA:209,0
DA:213,0
LF:55
LH:0
BRDA:23,0,0,0
BRDA:23,0,1,0
BRDA:23,0,2,0
BRDA:23,0,3,0
BRDA:23,0,4,0
BRDA:86,1,0,0
BRDA:86,1,1,0
BRDA:93,2,0,0
BRDA:93,2,1,0
BRDA:100,3,0,0
BRDA:100,3,1,0
BRDA:100,4,0,0
BRDA:100,4,1,0
BRDA:106,5,0,0
BRDA:106,5,1,0
BRDA:106,5,2,0
BRDA:106,5,3,0
BRDA:121,6,0,0
BRDA:121,6,1,0
BRDA:121,6,2,0
BRDA:121,6,3,0
BRDA:155,7,0,0
BRDA:155,7,1,0
BRDA:188,8,0,0
BRDA:188,8,1,0
BRDA:192,9,0,0
BRDA:192,9,1,0
BRDA:204,10,0,0
BRDA:204,10,1,0
BRF:29
BRH:0
end_of_record
TN:
SF:src/components/ErrorBoundary.tsx
FN:18,(anonymous_9)
FN:39,(anonymous_10)
FN:27,(anonymous_11)
FN:31,(anonymous_12)
FN:52,(anonymous_13)
FN:120,(anonymous_14)
FN:123,(anonymous_15)
FNF:7
FNH:0
FNDA:0,(anonymous_9)
FNDA:0,(anonymous_10)
FNDA:0,(anonymous_11)
FNDA:0,(anonymous_12)
FNDA:0,(anonymous_13)
FNDA:0,(anonymous_14)
FNDA:0,(anonymous_15)
DA:1,0
DA:2,0
DA:3,0
DA:17,0
DA:19,0
DA:20,0
DA:28,0
DA:32,0
DA:33,0
DA:39,0
DA:40,0
DA:47,0
DA:48,0
DA:53,0
DA:55,0
DA:56,0
DA:60,0
DA:115,0
DA:120,0
DA:121,0
DA:123,0
DA:124,0
DA:125,0
DA:129,0
LF:24
LH:0
BRDA:47,0,0,0
BRDA:47,0,1,0
BRDA:53,1,0,0
BRDA:53,1,1,0
BRDA:55,2,0,0
BRDA:55,2,1,0
BRDA:78,3,0,0
BRDA:78,3,1,0
BRDA:78,3,2,0
BRDA:83,4,0,0
BRDA:83,4,1,0
BRDA:124,5,0,0
BRDA:124,5,1,0
BRF:13
BRH:0
end_of_record
TN:
SF:src/components/FilterBar.tsx
FN:46,(anonymous_9)
FN:51,(anonymous_10)
FN:52,(anonymous_11)
FN:54,(anonymous_12)
FN:57,(anonymous_13)
FN:63,(anonymous_14)
FN:84,(anonymous_15)
FN:89,(anonymous_16)
FN:107,(anonymous_17)
FN:127,(anonymous_18)
FN:210,(anonymous_19)
FN:214,(anonymous_20)
FN:227,(anonymous_21)
FN:253,(anonymous_22)
FNF:14
FNH:0
FNDA:0,(anonymous_9)
FNDA:0,(anonymous_10)
FNDA:0,(anonymous_11)
FNDA:0,(anonymous_12)
FNDA:0,(anonymous_13)
FNDA:0,(anonymous_14)
FNDA:0,(anonymous_15)
FNDA:0,(anonymous_16)
FNDA:0,(anonymous_17)
FNDA:0,(anonymous_18)
FNDA:0,(anonymous_19)
FNDA:0,(anonymous_20)
FNDA:0,(anonymous_21)
FNDA:0,(anonymous_22)
DA:1,0
DA:2,0
DA:3,0
DA:4,0
DA:5,0
DA:6,0
DA:11,0
DA:12,0
DA:13,0
DA:14,0
DA:20,0
DA:46,0
DA:59,0
DA:60,0
DA:61,0
DA:63,0
DA:64,0
DA:68,0
DA:84,0
DA:90,0
DA:107,0
DA:127,0
DA:210,0
DA:215,0
DA:227,0
DA:253,0
LF:26
LH:0
BRDA:49,0,0,0
BRDA:50,1,0,0
BRDA:51,2,0,0
BRDA:52,3,0,0
BRDA:53,4,0,0
BRDA:54,5,0,0
BRDA:55,6,0,0
BRDA:56,7,0,0
BRDA:57,8,0,0
BRDA:64,9,0,0
BRDA:64,9,1,0
BRDA:72,10,0,0
BRDA:72,10,1,0
BRDA:76,11,0,0
BRDA:76,11,1,0
BRDA:88,12,0,0
BRDA:88,12,1,0
BRDA:108,13,0,0
BRDA:108,13,1,0
BRDA:123,14,0,0
BRDA:123,14,1,0
BRDA:142,15,0,0
BRDA:142,15,1,0
BRDA:161,16,0,0
BRDA:161,16,1,0
BRDA:180,17,0,0
BRDA:180,17,1,0
BRDA:198,18,0,0
BRDA:198,18,1,0
BRF:29
BRH:0
end_of_record
TN:
SF:src/components/Header.tsx
FN:14,(anonymous_9)
FN:20,(anonymous_10)
FN:24,(anonymous_11)
FN:32,(anonymous_12)
FN:58,(anonymous_13)
FN:69,(anonymous_14)
FN:80,(anonymous_15)
FN:171,(anonymous_16)
FN:182,(anonymous_17)
FN:193,(anonymous_18)
FNF:10
FNH:0
FNDA:0,(anonymous_9)
FNDA:0,(anonymous_10)
FNDA:0,(anonymous_11)
FNDA:0,(anonymous_12)
FNDA:0,(anonymous_13)
FNDA:0,(anonymous_14)
FNDA:0,(anonymous_15)
FNDA:0,(anonymous_16)
FNDA:0,(anonymous_17)
FNDA:0,(anonymous_18)
DA:1,0
DA:2,0
DA:3,0
DA:4,0
DA:5,0
DA:6,0
DA:14,0
DA:15,0
DA:16,0
DA:17,0
DA:18,0
DA:20,0
DA:21,0
DA:24,0
DA:25,0
DA:26,0
DA:28,0
DA:32,0
DA:33,0
DA:36,0
DA:58,0
DA:69,0
DA:80,0
DA:172,0
DA:173,0
DA:183,0
DA:184,0
DA:194,0
DA:195,0
LF:29
LH:0
BRDA:25,0,0,0
BRDA:25,0,1,0
BRDA:53,1,0,0
BRDA:53,1,1,0
BRDA:60,2,0,0
BRDA:60,2,1,0
BRDA:71,3,0,0
BRDA:71,3,1,0
BRDA:82,4,0,0
BRDA:82,4,1,0
BRDA:108,5,0,0
BRDA:108,5,1,0
BRDA:110,6,0,0
BRDA:110,6,1,0
BRDA:127,7,0,0
BRDA:127,7,1,0
BRDA:144,8,0,0
BRDA:144,8,1,0
BRDA:146,9,0,0
BRDA:146,9,1,0
BRDA:158,10,0,0
BRDA:158,10,1,0
BRDA:167,11,0,0
BRDA:167,11,1,0
BRDA:167,11,2,0
BRDA:176,12,0,0
BRDA:176,12,1,0
BRDA:187,13,0,0
BRDA:187,13,1,0
BRDA:198,14,0,0
BRDA:198,14,1,0
BRF:31
BRH:0
end_of_record
TN:
SF:src/components/LeaderboardRow.tsx
FN:21,(anonymous_0)
FN:28,(anonymous_1)
FN:32,(anonymous_2)
FN:36,(anonymous_3)
FNF:4
FNH:4
FNDA:34,(anonymous_0)
FNDA:228,(anonymous_1)
FNDA:456,(anonymous_2)
FNDA:228,(anonymous_3)
DA:2,1
DA:4,1
DA:21,1
DA:22,34
DA:23,20
DA:24,10
DA:25,0
DA:28,1
DA:29,228
DA:32,456
DA:33,228
DA:36,1
DA:50,228
DA:51,228
DA:54,228
LF:15
LH:14
BRDA:22,0,0,14
BRDA:22,0,1,20
BRDA:23,1,0,10
BRDA:23,1,1,10
BRDA:24,2,0,10
BRDA:24,2,1,0
BRDA:45,3,0,0
BRDA:46,4,0,222
BRDA:47,5,0,222
BRDA:48,6,0,222
BRDA:51,7,0,228
BRDA:51,7,1,0
BRDA:52,8,0,0
BRDA:52,8,1,0
BRDA:56,9,0,3
BRDA:56,9,1,225
BRDA:57,10,0,2
BRDA:57,10,1,226
BRDA:62,11,0,34
BRDA:62,11,1,194
BRDA:73,12,0,3
BRDA:73,12,1,225
BRDA:85,13,0,228
BRDA:85,13,1,6
BRDA:85,13,2,6
BRDA:99,14,0,228
BRDA:99,14,1,0
BRDA:117,15,0,228
BRDA:117,15,1,225
BRDA:126,16,0,225
BRDA:126,16,1,6
BRDA:132,17,0,6
BRDA:132,17,1,219
BRDA:147,18,0,125
BRDA:147,18,1,100
BRDA:152,19,0,125
BRDA:152,19,1,100
BRF:37
BRH:31
end_of_record
TN:
SF:src/components/LeaderboardTable.tsx
FN:28,(anonymous_9)
FN:39,(anonymous_10)
FN:43,(anonymous_11)
FN:67,(anonymous_12)
FN:152,(anonymous_13)
FN:155,(anonymous_14)
FNF:6
FNH:3
FNDA:20,(anonymous_9)
FNDA:0,(anonymous_10)
FNDA:0,(anonymous_11)
FNDA:20,(anonymous_12)
FNDA:228,(anonymous_13)
FNDA:0,(anonymous_14)
DA:1,1
DA:2,1
DA:3,1
DA:28,1
DA:35,20
DA:36,20
DA:39,20
DA:40,0
DA:43,20
DA:44,0
DA:48,20
DA:49,2
DA:68,20
DA:87,18
DA:88,2
DA:114,16
DA:115,2
DA:134,14
DA:153,228
DA:155,0
LF:20
LH:17
BRDA:31,0,0,16
BRDA:32,1,0,18
BRDA:48,2,0,2
BRDA:48,2,1,18
BRDA:52,3,0,0
BRDA:52,3,1,2
BRDA:54,4,0,0
BRDA:54,4,1,2
BRDA:56,5,0,2
BRDA:56,5,1,2
BRDA:68,6,0,0
BRDA:68,6,1,20
BRDA:70,7,0,0
BRDA:70,7,1,20
BRDA:72,8,0,20
BRDA:72,8,1,20
BRDA:87,9,0,2
BRDA:87,9,1,16
BRDA:100,10,0,2
BRDA:100,10,1,0
BRDA:114,11,0,2
BRDA:114,11,1,14
BRDA:137,12,0,1
BRDA:137,12,1,13
BRDA:139,13,0,1
BRDA:139,13,1,13
BRDA:141,14,0,14
BRDA:141,14,1,13
BRDA:158,15,0,0
BRDA:158,15,1,228
BRF:30
BRH:24
end_of_record
TN:
SF:src/components/LoginForm.tsx
FN:15,(anonymous_7)
FN:24,(anonymous_8)
FN:24,(anonymous_9)
FN:62,(anonymous_10)
FN:78,(anonymous_11)
FN:91,(anonymous_12)
FNF:6
FNH:0
FNDA:0,(anonymous_7)
FNDA:0,(anonymous_8)
FNDA:0,(anonymous_9)
FNDA:0,(anonymous_10)
FNDA:0,(anonymous_11)
FNDA:0,(anonymous_12)
DA:1,0
DA:2,0
DA:3,0
DA:4,0
DA:5,0
DA:6,0
DA:7,0
DA:8,0
DA:15,0
DA:19,0
DA:21,0
DA:22,0
DA:24,0
DA:25,0
DA:27,0
DA:28,0
DA:31,0
DA:33,0
DA:34,0
DA:38,0
DA:63,0
DA:64,0
DA:79,0
DA:81,0
DA:92,0
DA:93,0
LF:26
LH:0
BRDA:27,0,0,0
BRDA:27,0,1,0
BRDA:27,1,0,0
BRDA:27,1,1,0
BRDA:33,2,0,0
BRDA:33,2,1,0
BRDA:33,3,0,0
BRDA:33,3,1,0
BRDA:49,4,0,0
BRDA:49,4,1,0
BRDA:106,5,0,0
BRDA:106,5,1,0
BRF:12
BRH:0
end_of_record
TN:
SF:src/components/MyStatsModal.tsx
FN:69,(anonymous_9)
FN:73,(anonymous_10)
FN:77,(anonymous_11)
FN:95,(anonymous_12)
FN:104,(anonymous_13)
FN:117,(anonymous_14)
FN:437,(anonymous_15)
FNF:7
FNH:0
FNDA:0,(anonymous_9)
FNDA:0,(anonymous_10)
FNDA:0,(anonymous_11)
FNDA:0,(anonymous_12)
FNDA:0,(anonymous_13)
FNDA:0,(anonymous_14)
FNDA:0,(anonymous_15)
DA:1,0
DA:2,0
DA:3,0
DA:4,0
DA:11,0
DA:20,0
DA:21,0
DA:22,0
DA:23,0
DA:24,0
DA:69,0
DA:70,0
DA:73,0
DA:74,0
DA:77,0
DA:78,0
DA:79,0
DA:80,0
DA:81,0
DA:84,0
DA:86,0
DA:96,0
DA:104,0
DA:113,0
DA:114,0
DA:118,0
DA:119,0
DA:120,0
DA:128,0
DA:129,0
DA:150,0
DA:165,0
DA:167,0
DA:168,0
DA:171,0
DA:419,0
DA:420,0
DA:437,0
DA:446,0
LF:39
LH:0
BRDA:84,0,0,0
BRDA:84,0,1,0
BRDA:113,1,0,0
BRDA:113,1,1,0
BRDA:116,2,0,0
BRDA:116,2,1,0
BRDA:118,3,0,0
BRDA:118,3,1,0
BRDA:128,4,0,0
BRDA:128,4,1,0
BRDA:165,5,0,0
BRDA:165,5,1,0
BRDA:168,6,0,0
BRDA:168,6,1,0
BRDA:181,7,0,0
BRDA:181,7,1,0
BRDA:183,8,0,0
BRDA:183,8,1,0
BRDA:185,9,0,0
BRDA:185,9,1,0
BRDA:189,10,0,0
BRDA:189,10,1,0
BRDA:190,11,0,0
BRDA:190,11,1,0
BRDA:191,12,0,0
BRDA:191,12,1,0
BRDA:196,13,0,0
BRDA:196,13,1,0
BRDA:215,14,0,0
BRDA:215,14,1,0
BRDA:220,15,0,0
BRDA:220,15,1,0
BRDA:254,16,0,0
BRDA:254,16,1,0
BRDA:267,17,0,0
BRDA:267,17,1,0
BRDA:280,18,0,0
BRDA:280,18,1,0
BRDA:290,19,0,0
BRDA:290,19,1,0
BRDA:303,20,0,0
BRDA:303,20,1,0
BRDA:405,21,0,0
BRDA:405,21,1,0
BRDA:419,22,0,0
BRDA:419,22,1,0
BRF:46
BRH:0
end_of_record
TN:
SF:src/components/ProtectedRoute.tsx
FN:14,(anonymous_0)
FN:47,(anonymous_1)
FNF:2
FNH:0
FNDA:0,(anonymous_0)
FNDA:0,(anonymous_1)
DA:2,0
DA:3,0
DA:14,0
DA:18,0
DA:19,0
DA:22,0
DA:23,0
DA:31,0
DA:32,0
DA:36,0
DA:47,0
DA:51,0
DA:53,0
DA:54,0
DA:57,0
LF:15
LH:0
BRDA:16,0,0,0
BRDA:22,1,0,0
BRDA:22,1,1,0
BRDA:31,2,0,0
BRDA:31,2,1,0
BRDA:53,3,0,0
BRDA:53,3,1,0
BRDA:54,4,0,0
BRDA:54,4,1,0
BRF:9
BRH:0
end_of_record
TN:
SF:src/components/RegisterForm.tsx
FN:35,(anonymous_7)
FN:48,(anonymous_8)
FN:85,(anonymous_9)
FN:85,(anonymous_10)
FN:127,(anonymous_11)
FN:144,(anonymous_12)
FN:159,(anonymous_13)
FN:170,(anonymous_14)
FN:185,(anonymous_15)
FN:201,(anonymous_16)
FNF:10
FNH:0
FNDA:0,(anonymous_7)
FNDA:0,(anonymous_8)
FNDA:0,(anonymous_9)
FNDA:0,(anonymous_10)
FNDA:0,(anonymous_11)
FNDA:0,(anonymous_12)
FNDA:0,(anonymous_13)
FNDA:0,(anonymous_14)
FNDA:0,(anonymous_15)
FNDA:0,(anonymous_16)
DA:1,0
DA:2,0
DA:3,0
DA:4,0
DA:5,0
DA:6,0
DA:7,0
DA:8,0
DA:9,0
DA:12,0
DA:35,0
DA:39,0
DA:41,0
DA:42,0
DA:43,0
DA:44,0
DA:45,0
DA:46,0
DA:48,0
DA:50,0
DA:53,0
DA:54,0
DA:55,0
DA:59,0
DA:60,0
DA:61,0
DA:65,0
DA:66,0
DA:67,0
DA:71,0
DA:72,0
DA:73,0
DA:77,0
DA:78,0
DA:79,0
DA:82,0
DA:85,0
DA:86,0
DA:88,0
DA:89,0
DA:92,0
DA:99,0
DA:100,0
DA:104,0
DA:128,0
DA:129,0
DA:130,0
DA:145,0
DA:146,0
DA:147,0
DA:160,0
DA:161,0
DA:162,0
DA:171,0
DA:186,0
DA:187,0
DA:188,0
DA:202,0
DA:203,0
DA:204,0
LF:60
LH:0
BRDA:53,0,0,0
BRDA:53,0,1,0
BRDA:53,1,0,0
BRDA:53,1,1,0
BRDA:53,1,2,0
BRDA:53,1,3,0
BRDA:53,1,4,0
BRDA:59,2,0,0
BRDA:59,2,1,0
BRDA:65,3,0,0
BRDA:65,3,1,0
BRDA:71,4,0,0
BRDA:71,4,1,0
BRDA:77,5,0,0
BRDA:77,5,1,0
BRDA:88,6,0,0
BRDA:88,6,1,0
BRDA:99,7,0,0
BRDA:99,7,1,0
BRDA:99,8,0,0
BRDA:99,8,1,0
BRDA:115,9,0,0
BRDA:115,9,1,0
BRDA:115,9,2,0
BRDA:117,10,0,0
BRDA:117,10,1,0
BRDA:216,11,0,0
BRDA:216,11,1,0
BRF:28
BRH:0
end_of_record
TN:
SF:src/config/queryKeys.ts
FN:12,(anonymous_0)
FN:13,(anonymous_1)
FN:21,(anonymous_2)
FN:22,(anonymous_3)
FN:28,(anonymous_4)
FN:29,(anonymous_5)
FN:30,(anonymous_6)
FN:36,(anonymous_7)
FN:37,(anonymous_8)
FN:38,(anonymous_9)
FN:44,(anonymous_10)
FN:45,(anonymous_11)
FNF:12
FNH:3
FNDA:0,(anonymous_0)
FNDA:0,(anonymous_1)
FNDA:0,(anonymous_2)
FNDA:0,(anonymous_3)
FNDA:52,(anonymous_4)
FNDA:49,(anonymous_5)
FNDA:3,(anonymous_6)
FNDA:0,(anonymous_7)
FNDA:0,(anonymous_8)
FNDA:0,(anonymous_9)
FNDA:0,(anonymous_10)
FNDA:0,(anonymous_11)
DA:8,1
DA:12,0
DA:20,0
DA:21,0
DA:22,0
DA:28,52
DA:29,49
DA:30,3
DA:36,0
DA:37,0
DA:38,0
DA:44,0
DA:46,0
LF:13
LH:4
BRF:0
BRH:0
end_of_record
TN:
SF:src/hooks/use-mobile.tsx
FN:5,useIsMobile
FN:8,(anonymous_10)
FN:10,(anonymous_11)
FN:15,(anonymous_12)
FNF:4
FNH:3
FNDA:20,useIsMobile
FNDA:10,(anonymous_10)
FNDA:0,(anonymous_11)
FNDA:10,(anonymous_12)
DA:1,1
DA:3,1
DA:5,1
DA:6,20
DA:8,20
DA:9,10
DA:10,10
DA:11,0
DA:13,10
DA:14,10
DA:15,10
DA:18,20
LF:12
LH:11
BRF:0
BRH:0
end_of_record
TN:
SF:src/hooks/use-toast.ts
FN:24,genId
FN:55,(anonymous_11)
FN:60,(anonymous_12)
FN:71,(anonymous_13)
FN:82,(anonymous_14)
FN:93,(anonymous_15)
FN:100,(anonymous_16)
FN:119,(anonymous_17)
FN:128,dispatch
FN:130,(anonymous_19)
FN:137,toast
FN:140,(anonymous_21)
FN:145,(anonymous_22)
FN:153,(anonymous_23)
FN:166,useToast
FN:169,(anonymous_25)
FN:171,(anonymous_26)
FN:182,(anonymous_27)
FNF:18
FNH:0
FNDA:0,genId
FNDA:0,(anonymous_11)
FNDA:0,(anonymous_12)
FNDA:0,(anonymous_13)
FNDA:0,(anonymous_14)
FNDA:0,(anonymous_15)
FNDA:0,(anonymous_16)
FNDA:0,(anonymous_17)
FNDA:0,dispatch
FNDA:0,(anonymous_19)
FNDA:0,toast
FNDA:0,(anonymous_21)
FNDA:0,(anonymous_22)
FNDA:0,(anonymous_23)
FNDA:0,useToast
FNDA:0,(anonymous_25)
FNDA:0,(anonymous_26)
FNDA:0,(anonymous_27)
DA:1,0
DA:5,0
DA:6,0
DA:15,0
DA:22,0
DA:25,0
DA:26,0
DA:53,0
DA:55,0
DA:56,0
DA:57,0
DA:60,0
DA:61,0
DA:62,0
DA:68,0
DA:71,0
DA:72,0
DA:74,0
DA:80,0
DA:82,0
DA:86,0
DA:90,0
DA:91,0
DA:93,0
DA:94,0
DA:98,0
DA:101,0
DA:111,0
DA:112,0
DA:117,0
DA:119,0
DA:124,0
DA:126,0
DA:129,0
DA:130,0
DA:131,0
DA:137,0
DA:138,0
DA:140,0
DA:141,0
DA:145,0
DA:147,0
DA:154,0
DA:159,0
DA:167,0
DA:169,0
DA:170,0
DA:171,0
DA:172,0
DA:173,0
DA:174,0
DA:179,0
DA:182,0
DA:186,0
LF:54
LH:0
BRDA:56,0,0,0
BRDA:56,0,1,0
BRDA:72,1,0,0
BRDA:72,1,1,0
BRDA:72,1,2,0
BRDA:72,1,3,0
BRDA:82,2,0,0
BRDA:82,2,1,0
BRDA:90,3,0,0
BRDA:90,3,1,0
BRDA:101,4,0,0
BRDA:101,4,1,0
BRDA:101,5,0,0
BRDA:101,5,1,0
BRDA:111,6,0,0
BRDA:111,6,1,0
BRDA:154,7,0,0
BRDA:154,7,1,0
BRDA:173,8,0,0
BRDA:173,8,1,0
BRF:20
BRH:0
end_of_record
TN:
SF:src/hooks/useAuth.ts
FN:63,(anonymous_7)
FN:63,(anonymous_8)
FN:81,(anonymous_9)
FN:81,(anonymous_10)
FN:99,(anonymous_11)
FN:99,(anonymous_12)
FN:117,(anonymous_13)
FN:117,(anonymous_14)
FN:154,(anonymous_15)
FN:169,(anonymous_16)
FN:178,(anonymous_17)
FN:187,(anonymous_18)
FNF:12
FNH:0
FNDA:0,(anonymous_7)
FNDA:0,(anonymous_8)
FNDA:0,(anonymous_9)
FNDA:0,(anonymous_10)
FNDA:0,(anonymous_11)
FNDA:0,(anonymous_12)
FNDA:0,(anonymous_13)
FNDA:0,(anonymous_14)
FNDA:0,(anonymous_15)
FNDA:0,(anonymous_16)
FNDA:0,(anonymous_17)
FNDA:0,(anonymous_18)
DA:14,0
DA:15,0
DA:63,0
DA:64,0
DA:65,0
DA:68,0
DA:69,0
DA:70,0
DA:73,0
DA:74,0
DA:81,0
DA:82,0
DA:83,0
DA:84,0
DA:87,0
DA:88,0
DA:90,0
DA:92,0
DA:99,0
DA:100,0
DA:101,0
DA:102,0
DA:105,0
DA:106,0
DA:108,0
DA:110,0
DA:117,0
DA:118,0
DA:119,0
DA:122,0
DA:125,0
DA:154,0
DA:155,0
DA:158,0
DA:167,0
DA:171,0
DA:176,0
DA:180,0
DA:185,0
DA:189,0
DA:190,0
DA:194,0
DA:229,0
LF:43
LH:0
BRDA:64,0,0,0
BRDA:64,0,1,0
BRDA:200,1,0,0
BRDA:200,1,1,0
BRF:4
BRH:0
end_of_record
TN:
SF:src/hooks/useLeaderboard.ts
FN:81,(anonymous_7)
FN:83,(anonymous_8)
FN:133,(anonymous_9)
FN:149,(anonymous_10)
FN:161,(anonymous_11)
FN:178,(anonymous_12)
FNF:6
FNH:6
FNDA:13,(anonymous_7)
FNDA:13,(anonymous_8)
FNDA:23,(anonymous_9)
FNDA:13,(anonymous_10)
FNDA:23,(anonymous_11)
FNDA:23,(anonymous_12)
DA:14,1
DA:15,1
DA:81,1
DA:83,13
DA:91,13
DA:93,13
DA:100,13
DA:101,1
DA:104,13
DA:105,0
DA:108,13
DA:109,13
DA:112,12
DA:114,1
DA:133,1
DA:145,23
DA:147,23
DA:149,13
DA:161,1
DA:162,23
DA:164,19
DA:166,2
DA:168,2
DA:170,0
DA:178,1
DA:179,23
DA:181,19
DA:183,2
DA:185,2
DA:187,0
DA:191,1
LF:31
LH:28
BRDA:86,0,0,12
BRDA:89,1,0,11
BRDA:90,2,0,11
BRDA:100,3,0,1
BRDA:100,3,1,12
BRDA:104,4,0,0
BRDA:104,4,1,13
BRDA:138,5,0,21
BRDA:141,6,0,20
BRDA:142,7,0,20
BRDA:143,8,0,23
BRDA:144,9,0,23
BRDA:162,10,0,19
BRDA:162,10,1,2
BRDA:162,10,2,2
BRDA:162,10,3,0
BRDA:179,11,0,19
BRDA:179,11,1,2
BRDA:179,11,2,2
BRDA:179,11,3,0
BRF:20
BRH:17
end_of_record
TN:
SF:src/hooks/usePlayerStats.ts
FN:9,(anonymous_7)
FN:9,(anonymous_8)
FN:10,(anonymous_9)
FN:39,(anonymous_10)
FN:46,(anonymous_11)
FN:52,(anonymous_12)
FN:60,(anonymous_13)
FN:65,(anonymous_14)
FNF:8
FNH:8
FNDA:34,(anonymous_7)
FNDA:34,(anonymous_8)
FNDA:34,(anonymous_9)
FNDA:50,(anonymous_10)
FNDA:34,(anonymous_11)
FNDA:1,(anonymous_12)
FNDA:1,(anonymous_13)
FNDA:1,(anonymous_14)
DA:1,1
DA:2,1
DA:9,34
DA:10,34
DA:12,19
DA:39,1
DA:40,50
DA:42,50
DA:46,34
DA:52,50
DA:53,1
DA:60,50
DA:61,1
DA:65,1
DA:66,1
DA:67,1
DA:71,50
LF:17
LH:17
BRDA:39,0,0,3
BRDA:43,1,0,3
BRDA:43,1,1,47
BRDA:54,2,0,0
BRDA:54,2,1,1
BRDA:61,3,0,0
BRDA:61,3,1,1
BRDA:66,4,0,0
BRDA:66,4,1,1
BRF:9
BRH:6
end_of_record
TN:
SF:src/middleware/errorHandler.ts
FN:23,(anonymous_0)
FN:37,(anonymous_1)
FN:46,(anonymous_2)
FN:55,(anonymous_3)
FN:64,(anonymous_4)
FN:73,(anonymous_5)
FN:82,(anonymous_6)
FN:96,(anonymous_7)
FN:118,(anonymous_8)
FN:139,(anonymous_9)
FN:187,(anonymous_10)
FN:204,(anonymous_11)
FN:216,(anonymous_12)
FN:219,(anonymous_13)
FN:227,(anonymous_14)
FNF:15
FNH:0
FNDA:0,(anonymous_0)
FNDA:0,(anonymous_1)
FNDA:0,(anonymous_2)
FNDA:0,(anonymous_3)
FNDA:0,(anonymous_4)
FNDA:0,(anonymous_5)
FNDA:0,(anonymous_6)
FNDA:0,(anonymous_7)
FNDA:0,(anonymous_8)
FNDA:0,(anonymous_9)
FNDA:0,(anonymous_10)
FNDA:0,(anonymous_11)
FNDA:0,(anonymous_12)
FNDA:0,(anonymous_13)
FNDA:0,(anonymous_14)
DA:2,0
DA:18,0
DA:24,0
DA:25,0
DA:26,0
DA:27,0
DA:29,0
DA:36,0
DA:38,0
DA:45,0
DA:47,0
DA:54,0
DA:56,0
DA:63,0
DA:65,0
DA:72,0
DA:74,0
DA:81,0
DA:83,0
DA:90,0
DA:91,0
DA:96,0
DA:97,0
DA:112,0
DA:118,0
DA:124,0
DA:125,0
DA:126,0
DA:127,0
DA:130,0
DA:131,0
DA:132,0
DA:133,0
DA:134,0
DA:135,0
DA:136,0
DA:137,0
DA:138,0
DA:139,0
DA:143,0
DA:144,0
DA:145,0
DA:146,0
DA:147,0
DA:148,0
DA:149,0
DA:150,0
DA:151,0
DA:153,0
DA:155,0
DA:156,0
DA:157,0
DA:158,0
DA:159,0
DA:160,0
DA:161,0
DA:162,0
DA:163,0
DA:168,0
DA:176,0
DA:177,0
DA:180,0
DA:187,0
DA:194,0
DA:197,0
DA:204,0
DA:209,0
DA:210,0
DA:216,0
DA:219,0
DA:220,0
DA:227,0
DA:228,0
DA:229,0
LF:74
LH:0
BRDA:23,0,0,0
BRDA:37,1,0,0
BRDA:46,2,0,0
BRDA:55,3,0,0
BRDA:64,4,0,0
BRDA:73,5,0,0
BRDA:82,6,0,0
BRDA:90,7,0,0
BRDA:90,7,1,0
BRDA:103,8,0,0
BRDA:103,8,1,0
BRDA:103,9,0,0
BRDA:103,9,1,0
BRDA:130,10,0,0
BRDA:130,10,1,0
BRDA:135,11,0,0
BRDA:135,11,1,0
BRDA:143,12,0,0
BRDA:143,12,1,0
BRDA:147,13,0,0
BRDA:147,13,1,0
BRDA:151,14,0,0
BRDA:151,14,1,0
BRDA:155,15,0,0
BRDA:155,15,1,0
BRDA:159,16,0,0
BRDA:159,16,1,0
BRDA:159,17,0,0
BRDA:159,17,1,0
BRDA:160,18,0,0
BRDA:160,18,1,0
BRDA:172,19,0,0
BRDA:172,19,1,0
BRDA:176,20,0,0
BRDA:176,20,1,0
BRDA:176,21,0,0
BRDA:176,21,1,0
BRDA:227,22,0,0
BRDA:228,23,0,0
BRDA:228,23,1,0
BRF:40
BRH:0
end_of_record
TN:
SF:src/middleware/logger.ts
FN:37,(anonymous_1)
FN:45,(anonymous_2)
FN:53,(anonymous_3)
FN:86,(anonymous_4)
FN:97,(anonymous_5)
FN:108,(anonymous_6)
FN:118,(anonymous_7)
FN:132,(anonymous_8)
FN:157,(anonymous_9)
FN:161,(anonymous_10)
FN:165,(anonymous_11)
FN:169,(anonymous_12)
FN:179,log
FN:218,generateRequestId
FN:225,serializeError
FNF:15
FNH:0
FNDA:0,(anonymous_1)
FNDA:0,(anonymous_2)
FNDA:0,(anonymous_3)
FNDA:0,(anonymous_4)
FNDA:0,(anonymous_5)
FNDA:0,(anonymous_6)
FNDA:0,(anonymous_7)
FNDA:0,(anonymous_8)
FNDA:0,(anonymous_9)
FNDA:0,(anonymous_10)
FNDA:0,(anonymous_11)
FNDA:0,(anonymous_12)
FNDA:0,log
FNDA:0,generateRequestId
FNDA:0,serializeError
DA:2,0
DA:3,0
DA:4,0
DA:9,0
DA:10,0
DA:11,0
DA:16,0
DA:17,0
DA:18,0
DA:24,0
DA:29,0
DA:37,0
DA:38,0
DA:39,0
DA:45,0
DA:46,0
DA:47,0
DA:53,0
DA:54,0
DA:60,0
DA:65,0
DA:80,0
DA:85,0
DA:88,0
DA:95,0
DA:99,0
DA:106,0
DA:110,0
DA:118,0
DA:119,0
DA:122,0
DA:123,0
DA:127,0
DA:128,0
DA:132,0
DA:133,0
DA:134,0
DA:137,0
DA:138,0
DA:143,0
DA:150,0
DA:156,0
DA:158,0
DA:162,0
DA:166,0
DA:170,0
DA:171,0
DA:180,0
DA:187,0
DA:189,0
DA:191,0
DA:192,0
DA:194,0
DA:199,0
DA:206,0
DA:207,0
DA:209,0
DA:219,0
DA:226,0
DA:228,0
DA:229,0
DA:236,0
DA:242,0
LF:63
LH:0
BRDA:9,0,0,0
BRDA:9,0,1,0
BRDA:17,1,0,0
BRDA:17,1,1,0
BRDA:39,2,0,0
BRDA:39,2,1,0
BRDA:47,3,0,0
BRDA:47,3,1,0
BRDA:47,4,0,0
BRDA:47,4,1,0
BRDA:47,5,0,0
BRDA:47,5,1,0
BRDA:54,6,0,0
BRDA:54,6,1,0
BRDA:88,7,0,0
BRDA:88,7,1,0
BRDA:99,8,0,0
BRDA:99,8,1,0
BRDA:122,9,0,0
BRDA:122,9,1,0
BRDA:127,10,0,0
BRDA:127,10,1,0
BRDA:137,11,0,0
BRDA:137,11,1,0
BRDA:138,12,0,0
BRDA:138,12,1,0
BRDA:139,13,0,0
BRDA:139,13,1,0
BRDA:140,14,0,0
BRDA:140,14,1,0
BRDA:170,15,0,0
BRDA:170,15,1,0
BRDA:187,16,0,0
BRDA:187,16,1,0
BRDA:191,17,0,0
BRDA:191,17,1,0
BRDA:206,18,0,0
BRDA:206,18,1,0
BRDA:211,19,0,0
BRDA:211,19,1,0
BRDA:226,20,0,0
BRDA:226,20,1,0
BRDA:228,21,0,0
BRDA:228,21,1,0
BRDA:242,22,0,0
BRDA:242,22,1,0
BRF:46
BRH:0
end_of_record
TN:
SF:src/middleware/security.ts
FN:77,(anonymous_1)
FN:101,(anonymous_2)
FN:131,(anonymous_3)
FN:133,(anonymous_4)
FN:177,(anonymous_5)
FN:181,(anonymous_6)
FNF:6
FNH:0
FNDA:0,(anonymous_1)
FNDA:0,(anonymous_2)
FNDA:0,(anonymous_3)
FNDA:0,(anonymous_4)
FNDA:0,(anonymous_5)
FNDA:0,(anonymous_6)
DA:1,0
DA:2,0
DA:8,0
DA:9,0
DA:10,0
DA:16,0
DA:76,0
DA:79,0
DA:80,0
DA:84,0
DA:85,0
DA:87,0
DA:101,0
DA:103,0
DA:104,0
DA:108,0
DA:109,0
DA:113,0
DA:114,0
DA:116,0
DA:117,0
DA:124,0
DA:131,0
DA:133,0
DA:134,0
DA:135,0
DA:143,0
DA:144,0
DA:147,0
DA:148,0
DA:149,0
DA:150,0
DA:152,0
DA:155,0
DA:159,0
DA:160,0
DA:163,0
DA:164,0
DA:167,0
DA:168,0
DA:171,0
DA:177,0
DA:179,0
DA:181,0
DA:182,0
DA:184,0
DA:185,0
DA:186,0
DA:189,0
DA:190,0
DA:194,0
DA:197,0
DA:198,0
DA:206,0
DA:207,0
DA:209,0
DA:213,0
DA:219,0
LF:58
LH:0
BRDA:8,0,0,0
BRDA:8,0,1,0
BRDA:9,1,0,0
BRDA:9,1,1,0
BRDA:10,2,0,0
BRDA:10,2,1,0
BRDA:10,3,0,0
BRDA:10,3,1,0
BRDA:10,4,0,0
BRDA:10,4,1,0
BRDA:28,5,0,0
BRDA:28,5,1,0
BRDA:79,6,0,0
BRDA:79,6,1,0
BRDA:84,7,0,0
BRDA:84,7,1,0
BRDA:84,8,0,0
BRDA:84,8,1,0
BRDA:103,9,0,0
BRDA:103,9,1,0
BRDA:108,10,0,0
BRDA:108,10,1,0
BRDA:113,11,0,0
BRDA:113,11,1,0
BRDA:113,12,0,0
BRDA:113,12,1,0
BRDA:113,13,0,0
BRDA:113,13,1,0
BRDA:114,14,0,0
BRDA:114,14,1,0
BRDA:114,15,0,0
BRDA:114,15,1,0
BRDA:116,16,0,0
BRDA:116,16,1,0
BRDA:116,17,0,0
BRDA:116,17,1,0
BRDA:134,18,0,0
BRDA:134,18,1,0
BRDA:143,19,0,0
BRDA:143,19,1,0
BRDA:147,20,0,0
BRDA:147,20,1,0
BRDA:147,21,0,0
BRDA:147,21,1,0
BRDA:159,22,0,0
BRDA:159,22,1,0
BRDA:163,23,0,0
BRDA:163,23,1,0
BRDA:167,24,0,0
BRDA:167,24,1,0
BRDA:182,25,0,0
BRDA:182,25,1,0
BRDA:182,26,0,0
BRDA:182,26,1,0
BRDA:185,27,0,0
BRDA:185,27,1,0
BRDA:189,28,0,0
BRDA:189,28,1,0
BRDA:189,29,0,0
BRDA:189,29,1,0
BRDA:197,30,0,0
BRDA:197,30,1,0
BRDA:197,31,0,0
BRDA:197,31,1,0
BRDA:197,31,2,0
BRDA:207,32,0,0
BRDA:207,32,1,0
BRDA:207,33,0,0
BRDA:207,33,1,0
BRDA:207,33,2,0
BRF:70
BRH:0
end_of_record
TN:
SF:src/middleware/validation.ts
FN:23,(anonymous_7)
FN:24,(anonymous_8)
FN:35,(anonymous_9)
FN:139,(anonymous_10)
FN:145,(anonymous_11)
FN:165,(anonymous_12)
FN:175,(anonymous_13)
FN:183,(anonymous_14)
FN:191,(anonymous_15)
FN:223,(anonymous_16)
FN:226,(anonymous_17)
FN:226,(anonymous_18)
FNF:12
FNH:12
FNDA:4,(anonymous_7)
FNDA:4,(anonymous_8)
FNDA:2,(anonymous_9)
FNDA:2,(anonymous_10)
FNDA:3,(anonymous_11)
FNDA:2,(anonymous_12)
FNDA:4,(anonymous_13)
FNDA:1,(anonymous_14)
FNDA:2,(anonymous_15)
FNDA:3,(anonymous_16)
FNDA:3,(anonymous_17)
FNDA:3,(anonymous_18)
DA:2,1
DA:23,1
DA:24,4
DA:25,4
DA:26,4
DA:27,4
DA:30,3
DA:32,3
DA:34,1
DA:35,2
DA:40,1
DA:49,0
DA:59,1
DA:83,1
DA:93,1
DA:106,1
DA:115,1
DA:135,1
DA:139,2
DA:145,3
DA:151,1
DA:156,1
DA:165,1
DA:166,2
DA:175,1
DA:176,4
DA:177,4
DA:183,1
DA:184,1
DA:185,1
DA:191,1
DA:192,2
DA:194,2
DA:195,0
DA:198,2
DA:199,1
DA:202,2
DA:203,0
DA:206,2
DA:207,1
DA:210,2
DA:211,1
DA:214,2
DA:223,1
DA:226,3
DA:227,3
DA:228,3
DA:230,2
DA:231,1
DA:239,1
DA:241,1
LF:51
LH:48
BRDA:23,0,0,0
BRDA:34,1,0,1
BRDA:34,1,1,0
BRDA:145,2,0,3
BRDA:145,2,1,3
BRDA:194,3,0,0
BRDA:194,3,1,2
BRDA:198,4,0,1
BRDA:198,4,1,1
BRDA:202,5,0,0
BRDA:202,5,1,2
BRDA:206,6,0,1
BRDA:206,6,1,1
BRDA:210,7,0,1
BRDA:210,7,1,1
BRDA:216,8,0,1
BRDA:216,8,1,1
BRDA:230,9,0,1
BRDA:230,9,1,1
BRF:19
BRH:15
end_of_record
TN:
SF:src/models/Leaderboard.ts
FN:32,(anonymous_0)
FN:41,(anonymous_1)
FN:53,(anonymous_2)
FNF:3
FNH:3
FNDA:2,(anonymous_0)
FNDA:2,(anonymous_1)
FNDA:2,(anonymous_2)
DA:32,2
DA:33,2
DA:34,2
DA:35,2
DA:41,2
DA:42,2
DA:43,2
DA:44,2
DA:45,2
DA:46,2
DA:47,2
DA:53,2
DA:54,2
DA:55,2
DA:56,2
DA:57,2
DA:58,2
DA:59,2
DA:60,2
LF:19
LH:19
BRDA:32,0,0,2
BRDA:32,0,1,2
BRDA:41,1,0,2
BRDA:41,1,1,2
BRDA:53,2,0,2
BRDA:53,2,1,2
BRF:6
BRH:6
end_of_record
TN:
SF:src/models/Match.ts
FN:41,(anonymous_0)
FN:52,(anonymous_1)
FN:62,(anonymous_2)
FNF:3
FNH:3
FNDA:2,(anonymous_0)
FNDA:2,(anonymous_1)
FNDA:2,(anonymous_2)
DA:41,2
DA:42,2
DA:43,2
DA:44,2
DA:45,2
DA:46,2
DA:52,2
DA:53,2
DA:54,2
DA:55,2
DA:56,2
DA:62,2
DA:63,2
DA:64,2
DA:65,2
DA:66,2
LF:16
LH:16
BRDA:41,0,0,2
BRDA:41,0,1,2
BRDA:52,1,0,2
BRDA:52,1,1,2
BRDA:62,2,0,2
BRDA:62,2,1,2
BRF:6
BRH:6
end_of_record
TN:
SF:src/models/Player.ts
FN:47,(anonymous_0)
FNF:1
FNH:1
FNDA:2,(anonymous_0)
DA:47,2
DA:48,2
DA:49,2
DA:50,2
LF:4
LH:4
BRDA:47,0,0,2
BRDA:47,0,1,2
BRF:2
BRH:2
end_of_record
TN:
SF:src/models/index.ts
FNF:0
FNH:0
DA:2,2
DA:3,2
DA:4,2
DA:5,2
LF:4
LH:4
BRF:0
BRH:0
end_of_record
TN:
SF:src/pages/AuthTestPage.tsx
FN:9,(anonymous_1)
FN:18,(anonymous_2)
FNF:2
FNH:0
FNDA:0,(anonymous_1)
FNDA:0,(anonymous_2)
DA:1,0
DA:2,0
DA:3,0
DA:4,0
DA:9,0
DA:10,0
DA:11,0
DA:13,0
DA:18,0
DA:67,0
LF:10
LH:0
BRF:0
BRH:0
end_of_record
TN:
SF:src/pages/NotFound.tsx
FN:4,(anonymous_0)
FN:7,(anonymous_1)
FNF:2
FNH:0
FNDA:0,(anonymous_0)
FNDA:0,(anonymous_1)
DA:1,0
DA:2,0
DA:4,0
DA:5,0
DA:7,0
DA:8,0
DA:11,0
DA:24,0
LF:8
LH:0
BRF:0
BRH:0
end_of_record
TN:
SF:src/routes/friends.routes.ts
FN:34,(anonymous_7)
FN:34,(anonymous_8)
FN:71,(anonymous_9)
FN:71,(anonymous_10)
FN:110,(anonymous_11)
FN:110,(anonymous_12)
FN:153,(anonymous_13)
FN:153,(anonymous_14)
FNF:8
FNH:0
FNDA:0,(anonymous_7)
FNDA:0,(anonymous_8)
FNDA:0,(anonymous_9)
FNDA:0,(anonymous_10)
FNDA:0,(anonymous_11)
FNDA:0,(anonymous_12)
FNDA:0,(anonymous_13)
FNDA:0,(anonymous_14)
DA:1,0
DA:2,0
DA:3,0
DA:5,0
DA:6,0
DA:7,0
DA:9,0
DA:10,0
DA:12,0
DA:16,0
DA:21,0
DA:30,0
DA:34,0
DA:35,0
DA:36,0
DA:39,0
DA:43,0
DA:44,0
DA:51,0
DA:67,0
DA:71,0
DA:72,0
DA:73,0
DA:76,0
DA:80,0
DA:81,0
DA:88,0
DA:106,0
DA:110,0
DA:111,0
DA:112,0
DA:115,0
DA:119,0
DA:120,0
DA:124,0
DA:125,0
DA:132,0
DA:149,0
DA:153,0
DA:154,0
DA:157,0
DA:165,0
LF:42
LH:0
BRDA:43,0,0,0
BRDA:43,0,1,0
BRDA:80,1,0,0
BRDA:80,1,1,0
BRDA:119,2,0,0
BRDA:119,2,1,0
BRDA:124,3,0,0
BRDA:124,3,1,0
BRDA:124,4,0,0
BRDA:124,4,1,0
BRF:10
BRH:0
end_of_record
TN:
SF:src/routes/health.routes.ts
FN:12,(anonymous_8)
FN:12,(anonymous_9)
FN:50,(anonymous_10)
FN:50,(anonymous_11)
FNF:4
FNH:0
FNDA:0,(anonymous_8)
FNDA:0,(anonymous_9)
FNDA:0,(anonymous_10)
FNDA:0,(anonymous_11)
DA:1,0
DA:2,0
DA:3,0
DA:5,0
DA:6,0
DA:12,0
DA:13,0
DA:24,0
DA:26,0
DA:27,0
DA:29,0
DA:30,0
DA:33,0
DA:35,0
DA:36,0
DA:37,0
DA:39,0
DA:43,0
DA:44,0
DA:50,0
DA:51,0
DA:54,0
LF:22
LH:0
BRDA:17,0,0,0
BRDA:17,0,1,0
BRDA:43,1,0,0
BRDA:43,1,1,0
BRF:4
BRH:0
end_of_record
TN:
SF:src/routes/index.ts
FNF:0
FNH:0
DA:1,0
DA:2,0
DA:3,0
DA:4,0
DA:5,0
DA:6,0
DA:7,0
DA:9,0
DA:14,0
DA:15,0
DA:16,0
DA:17,0
DA:18,0
DA:19,0
DA:21,0
LF:15
LH:0
BRF:0
BRH:0
end_of_record
TN:
SF:src/routes/leaderboard.routes.ts
FN:20,(anonymous_7)
FN:20,(anonymous_8)
FN:47,(anonymous_9)
FN:81,(anonymous_10)
FN:81,(anonymous_11)
FN:117,(anonymous_12)
FN:150,(anonymous_13)
FN:150,(anonymous_14)
FN:168,(anonymous_15)
FNF:9
FNH:0
FNDA:0,(anonymous_7)
FNDA:0,(anonymous_8)
FNDA:0,(anonymous_9)
FNDA:0,(anonymous_10)
FNDA:0,(anonymous_11)
FNDA:0,(anonymous_12)
FNDA:0,(anonymous_13)
FNDA:0,(anonymous_14)
FNDA:0,(anonymous_15)
DA:1,0
DA:2,0
DA:3,0
DA:4,0
DA:5,0
DA:6,0
DA:8,0
DA:9,0
DA:15,0
DA:20,0
DA:21,0
DA:22,0
DA:24,0
DA:45,0
DA:47,0
DA:75,0
DA:81,0
DA:82,0
DA:83,0
DA:84,0
DA:86,0
DA:115,0
DA:117,0
DA:146,0
DA:150,0
DA:151,0
DA:166,0
DA:168,0
DA:183,0
LF:29
LH:0
BRDA:59,0,0,0
BRDA:59,0,1,0
BRDA:129,1,0,0
BRDA:129,1,1,0
BRF:4
BRH:0
end_of_record
TN:
SF:src/routes/matches.routes.ts
FN:22,(anonymous_8)
FN:22,(anonymous_9)
FN:37,(anonymous_10)
FN:80,(anonymous_11)
FN:80,(anonymous_12)
FN:122,(anonymous_13)
FN:122,(anonymous_14)
FN:158,(anonymous_15)
FN:158,(anonymous_16)
FN:209,(anonymous_17)
FN:209,(anonymous_18)
FN:241,(anonymous_19)
FN:241,(anonymous_20)
FNF:13
FNH:0
FNDA:0,(anonymous_8)
FNDA:0,(anonymous_9)
FNDA:0,(anonymous_10)
FNDA:0,(anonymous_11)
FNDA:0,(anonymous_12)
FNDA:0,(anonymous_13)
FNDA:0,(anonymous_14)
FNDA:0,(anonymous_15)
FNDA:0,(anonymous_16)
FNDA:0,(anonymous_17)
FNDA:0,(anonymous_18)
FNDA:0,(anonymous_19)
FNDA:0,(anonymous_20)
DA:1,0
DA:2,0
DA:3,0
DA:4,0
DA:5,0
DA:6,0
DA:7,0
DA:9,0
DA:10,0
DA:11,0
DA:17,0
DA:22,0
DA:23,0
DA:24,0
DA:26,0
DA:35,0
DA:37,0
DA:75,0
DA:80,0
DA:81,0
DA:84,0
DA:85,0
DA:88,0
DA:89,0
DA:92,0
DA:98,0
DA:117,0
DA:122,0
DA:123,0
DA:125,0
DA:127,0
DA:128,0
DA:131,0
DA:153,0
DA:158,0
DA:159,0
DA:161,0
DA:163,0
DA:164,0
DA:168,0
DA:169,0
DA:173,0
DA:174,0
DA:177,0
DA:179,0
DA:192,0
DA:204,0
DA:209,0
DA:210,0
DA:212,0
DA:214,0
DA:215,0
DA:219,0
DA:220,0
DA:223,0
DA:225,0
DA:236,0
DA:241,0
DA:242,0
DA:243,0
DA:245,0
DA:247,0
DA:248,0
DA:252,0
DA:253,0
DA:256,0
DA:264,0
DA:283,0
LF:68
LH:0
BRDA:51,0,0,0
BRDA:51,0,1,0
BRDA:84,1,0,0
BRDA:84,1,1,0
BRDA:84,2,0,0
BRDA:84,2,1,0
BRDA:88,3,0,0
BRDA:88,3,1,0
BRDA:127,4,0,0
BRDA:127,4,1,0
BRDA:163,5,0,0
BRDA:163,5,1,0
BRDA:168,6,0,0
BRDA:168,6,1,0
BRDA:168,7,0,0
BRDA:168,7,1,0
BRDA:173,8,0,0
BRDA:173,8,1,0
BRDA:214,9,0,0
BRDA:214,9,1,0
BRDA:219,10,0,0
BRDA:219,10,1,0
BRDA:219,11,0,0
BRDA:219,11,1,0
BRDA:247,12,0,0
BRDA:247,12,1,0
BRDA:252,13,0,0
BRDA:252,13,1,0
BRDA:252,14,0,0
BRDA:252,14,1,0
BRF:30
BRH:0
end_of_record
TN:
SF:src/services/ApiGatewayAdapter.ts
FN:13,getAuthHeaders
FN:23,(anonymous_8)
FN:39,(anonymous_10)
FN:55,(anonymous_12)
FN:70,(anonymous_14)
FN:90,(anonymous_16)
FN:105,(anonymous_18)
FN:120,(anonymous_20)
FN:137,(anonymous_22)
FN:154,(anonymous_24)
FN:171,(anonymous_26)
FN:187,(anonymous_28)
FN:202,(anonymous_30)
FN:217,(anonymous_32)
FN:237,(anonymous_34)
FN:252,(anonymous_36)
FN:267,(anonymous_38)
FN:282,(anonymous_40)
FN:297,(anonymous_42)
FN:312,(anonymous_44)
FN:312,(anonymous_45)
FN:329,(anonymous_46)
FN:345,(anonymous_48)
FN:361,(anonymous_50)
FN:376,(anonymous_52)
FN:396,(anonymous_54)
FN:417,(anonymous_56)
FN:432,(anonymous_58)
FN:447,(anonymous_60)
FN:462,(anonymous_62)
FN:477,(anonymous_64)
FN:492,(anonymous_66)
FN:492,(anonymous_67)
FN:509,(anonymous_68)
FN:524,(anonymous_70)
FN:539,(anonymous_72)
FN:554,(anonymous_74)
FN:569,(anonymous_76)
FN:599,(anonymous_78)
FN:600,(anonymous_79)
FN:601,(anonymous_80)
FNF:41
FNH:0
FNDA:0,getAuthHeaders
FNDA:0,(anonymous_8)
FNDA:0,(anonymous_10)
FNDA:0,(anonymous_12)
FNDA:0,(anonymous_14)
FNDA:0,(anonymous_16)
FNDA:0,(anonymous_18)
FNDA:0,(anonymous_20)
FNDA:0,(anonymous_22)
FNDA:0,(anonymous_24)
FNDA:0,(anonymous_26)
FNDA:0,(anonymous_28)
FNDA:0,(anonymous_30)
FNDA:0,(anonymous_32)
FNDA:0,(anonymous_34)
FNDA:0,(anonymous_36)
FNDA:0,(anonymous_38)
FNDA:0,(anonymous_40)
FNDA:0,(anonymous_42)
FNDA:0,(anonymous_44)
FNDA:0,(anonymous_45)
FNDA:0,(anonymous_46)
FNDA:0,(anonymous_48)
FNDA:0,(anonymous_50)
FNDA:0,(anonymous_52)
FNDA:0,(anonymous_54)
FNDA:0,(anonymous_56)
FNDA:0,(anonymous_58)
FNDA:0,(anonymous_60)
FNDA:0,(anonymous_62)
FNDA:0,(anonymous_64)
FNDA:0,(anonymous_66)
FNDA:0,(anonymous_67)
FNDA:0,(anonymous_68)
FNDA:0,(anonymous_70)
FNDA:0,(anonymous_72)
FNDA:0,(anonymous_74)
FNDA:0,(anonymous_76)
FNDA:0,(anonymous_78)
FNDA:0,(anonymous_79)
FNDA:0,(anonymous_80)
DA:1,0
DA:14,0
DA:15,0
DA:21,0
DA:24,0
DA:32,0
DA:33,0
DA:36,0
DA:40,0
DA:48,0
DA:49,0
DA:52,0
DA:56,0
DA:63,0
DA:64,0
DA:67,0
DA:71,0
DA:72,0
DA:79,0
DA:80,0
DA:83,0
DA:85,0
DA:91,0
DA:98,0
DA:99,0
DA:102,0
DA:106,0
DA:113,0
DA:114,0
DA:117,0
DA:121,0
DA:130,0
DA:131,0
DA:134,0
DA:138,0
DA:147,0
DA:148,0
DA:151,0
DA:155,0
DA:163,0
DA:164,0
DA:167,0
DA:172,0
DA:179,0
DA:180,0
DA:183,0
DA:188,0
DA:195,0
DA:196,0
DA:199,0
DA:203,0
DA:210,0
DA:211,0
DA:214,0
DA:218,0
DA:225,0
DA:226,0
DA:229,0
DA:236,0
DA:238,0
DA:245,0
DA:246,0
DA:249,0
DA:253,0
DA:260,0
DA:261,0
DA:264,0
DA:268,0
DA:275,0
DA:276,0
DA:279,0
DA:283,0
DA:290,0
DA:291,0
DA:294,0
DA:298,0
DA:305,0
DA:306,0
DA:309,0
DA:312,0
DA:313,0
DA:322,0
DA:323,0
DA:326,0
DA:330,0
DA:338,0
DA:339,0
DA:342,0
DA:346,0
DA:354,0
DA:355,0
DA:358,0
DA:362,0
DA:369,0
DA:370,0
DA:373,0
DA:381,0
DA:389,0
DA:390,0
DA:393,0
DA:397,0
DA:405,0
DA:406,0
DA:409,0
DA:416,0
DA:418,0
DA:425,0
DA:426,0
DA:429,0
DA:433,0
DA:440,0
DA:441,0
DA:444,0
DA:448,0
DA:455,0
DA:456,0
DA:459,0
DA:463,0
DA:470,0
DA:471,0
DA:474,0
DA:478,0
DA:485,0
DA:486,0
DA:489,0
DA:492,0
DA:493,0
DA:502,0
DA:503,0
DA:506,0
DA:510,0
DA:517,0
DA:518,0
DA:521,0
DA:525,0
DA:532,0
DA:533,0
DA:536,0
DA:540,0
DA:547,0
DA:548,0
DA:551,0
DA:555,0
DA:562,0
DA:563,0
DA:566,0
DA:580,0
DA:589,0
DA:590,0
DA:593,0
DA:598,0
DA:599,0
DA:600,0
DA:601,0
LF:154
LH:0
BRDA:15,0,0,0
BRDA:15,0,1,0
BRDA:32,1,0,0
BRDA:32,1,1,0
BRDA:32,2,0,0
BRDA:32,2,1,0
BRDA:33,3,0,0
BRDA:33,3,1,0
BRDA:48,4,0,0
BRDA:48,4,1,0
BRDA:48,5,0,0
BRDA:48,5,1,0
BRDA:49,6,0,0
BRDA:49,6,1,0
BRDA:63,7,0,0
BRDA:63,7,1,0
BRDA:63,8,0,0
BRDA:63,8,1,0
BRDA:64,9,0,0
BRDA:64,9,1,0
BRDA:79,10,0,0
BRDA:79,10,1,0
BRDA:79,11,0,0
BRDA:79,11,1,0
BRDA:98,12,0,0
BRDA:98,12,1,0
BRDA:98,13,0,0
BRDA:98,13,1,0
BRDA:99,14,0,0
BRDA:99,14,1,0
BRDA:113,15,0,0
BRDA:113,15,1,0
BRDA:113,16,0,0
BRDA:113,16,1,0
BRDA:114,17,0,0
BRDA:114,17,1,0
BRDA:130,18,0,0
BRDA:130,18,1,0
BRDA:130,19,0,0
BRDA:130,19,1,0
BRDA:131,20,0,0
BRDA:131,20,1,0
BRDA:147,21,0,0
BRDA:147,21,1,0
BRDA:147,22,0,0
BRDA:147,22,1,0
BRDA:148,23,0,0
BRDA:148,23,1,0
BRDA:163,24,0,0
BRDA:163,24,1,0
BRDA:163,25,0,0
BRDA:163,25,1,0
BRDA:164,26,0,0
BRDA:164,26,1,0
BRDA:179,27,0,0
BRDA:179,27,1,0
BRDA:179,28,0,0
BRDA:179,28,1,0
BRDA:180,29,0,0
BRDA:180,29,1,0
BRDA:195,30,0,0
BRDA:195,30,1,0
BRDA:195,31,0,0
BRDA:195,31,1,0
BRDA:196,32,0,0
BRDA:196,32,1,0
BRDA:210,33,0,0
BRDA:210,33,1,0
BRDA:210,34,0,0
BRDA:210,34,1,0
BRDA:211,35,0,0
BRDA:211,35,1,0
BRDA:225,36,0,0
BRDA:225,36,1,0
BRDA:225,37,0,0
BRDA:225,37,1,0
BRDA:226,38,0,0
BRDA:226,38,1,0
BRDA:245,39,0,0
BRDA:245,39,1,0
BRDA:245,40,0,0
BRDA:245,40,1,0
BRDA:246,41,0,0
BRDA:246,41,1,0
BRDA:260,42,0,0
BRDA:260,42,1,0
BRDA:260,43,0,0
BRDA:260,43,1,0
BRDA:261,44,0,0
BRDA:261,44,1,0
BRDA:275,45,0,0
BRDA:275,45,1,0
BRDA:275,46,0,0
BRDA:275,46,1,0
BRDA:276,47,0,0
BRDA:276,47,1,0
BRDA:290,48,0,0
BRDA:290,48,1,0
BRDA:290,49,0,0
BRDA:290,49,1,0
BRDA:291,50,0,0
BRDA:291,50,1,0
BRDA:305,51,0,0
BRDA:305,51,1,0
BRDA:305,52,0,0
BRDA:305,52,1,0
BRDA:306,53,0,0
BRDA:306,53,1,0
BRDA:312,54,0,0
BRDA:322,55,0,0
BRDA:322,55,1,0
BRDA:322,56,0,0
BRDA:322,56,1,0
BRDA:323,57,0,0
BRDA:323,57,1,0
BRDA:338,58,0,0
BRDA:338,58,1,0
BRDA:338,59,0,0
BRDA:338,59,1,0
BRDA:339,60,0,0
BRDA:339,60,1,0
BRDA:354,61,0,0
BRDA:354,61,1,0
BRDA:354,62,0,0
BRDA:354,62,1,0
BRDA:355,63,0,0
BRDA:355,63,1,0
BRDA:369,64,0,0
BRDA:369,64,1,0
BRDA:369,65,0,0
BRDA:369,65,1,0
BRDA:370,66,0,0
BRDA:370,66,1,0
BRDA:389,67,0,0
BRDA:389,67,1,0
BRDA:389,68,0,0
BRDA:389,68,1,0
BRDA:390,69,0,0
BRDA:390,69,1,0
BRDA:405,70,0,0
BRDA:405,70,1,0
BRDA:405,71,0,0
BRDA:405,71,1,0
BRDA:406,72,0,0
BRDA:406,72,1,0
BRDA:425,73,0,0
BRDA:425,73,1,0
BRDA:425,74,0,0
BRDA:425,74,1,0
BRDA:426,75,0,0
BRDA:426,75,1,0
BRDA:440,76,0,0
BRDA:440,76,1,0
BRDA:440,77,0,0
BRDA:440,77,1,0
BRDA:441,78,0,0
BRDA:441,78,1,0
BRDA:455,79,0,0
BRDA:455,79,1,0
BRDA:455,80,0,0
BRDA:455,80,1,0
BRDA:456,81,0,0
BRDA:456,81,1,0
BRDA:470,82,0,0
BRDA:470,82,1,0
BRDA:470,83,0,0
BRDA:470,83,1,0
BRDA:471,84,0,0
BRDA:471,84,1,0
BRDA:485,85,0,0
BRDA:485,85,1,0
BRDA:485,86,0,0
BRDA:485,86,1,0
BRDA:486,87,0,0
BRDA:486,87,1,0
BRDA:492,88,0,0
BRDA:502,89,0,0
BRDA:502,89,1,0
BRDA:502,90,0,0
BRDA:502,90,1,0
BRDA:503,91,0,0
BRDA:503,91,1,0
BRDA:517,92,0,0
BRDA:517,92,1,0
BRDA:517,93,0,0
BRDA:517,93,1,0
BRDA:518,94,0,0
BRDA:518,94,1,0
BRDA:532,95,0,0
BRDA:532,95,1,0
BRDA:532,96,0,0
[...]
DA:221,0
DA:224,4
LF:75
LH:34
BRDA:45,0,0,40
BRDA:45,0,1,2
BRDA:46,1,0,40
BRDA:46,1,1,2
BRDA:48,2,0,40
BRDA:48,2,1,2
BRDA:62,3,0,0
BRDA:62,3,1,40
BRDA:62,4,0,40
BRDA:62,4,1,36
BRDA:70,5,0,40
BRDA:70,5,1,2
BRDA:79,6,0,0
BRDA:79,6,1,0
BRDA:123,7,0,0
BRDA:123,7,1,0
BRDA:134,8,0,53
BRDA:135,9,0,40
BRDA:135,9,1,13
BRDA:135,10,0,53
BRDA:135,10,1,49
BRDA:136,11,0,0
BRDA:136,11,1,40
BRDA:150,12,0,0
BRDA:150,12,1,0
BRDA:150,13,0,0
BRDA:150,13,1,0
BRDA:171,14,0,0
BRDA:171,14,1,0
BRDA:181,15,0,0
BRDA:181,15,1,0
BRDA:181,16,0,0
BRDA:181,16,1,0
BRF:33
BRH:17
end_of_record
TN:
SF:src/utils/statsUtils.ts
FN:9,calculateKdRatio
FN:20,calculateWinRate
FN:32,calculateHeadshotRatio
FN:43,calculateAverageScore
FN:54,calculateAverageKills
FN:65,calculateAverageDeaths
FN:76,calculatePerformanceTrend
FN:93,(anonymous_7)
FN:94,(anonymous_8)
FN:100,(anonymous_9)
FN:101,(anonymous_10)
FN:127,findFavoriteWeapon
FN:131,(anonymous_12)
FN:140,calculateOverallWeaponAccuracy
FN:143,(anonymous_14)
FN:152,calculateHighestKillStreak
FN:157,(anonymous_16)
FN:166,calculateTotalPlaytime
FN:169,(anonymous_18)
FN:185,calculatePlayerStats
FN:212,(anonymous_20)
FN:213,(anonymous_21)
FN:214,(anonymous_22)
FN:218,(anonymous_23)
FN:219,(anonymous_24)
FN:223,(anonymous_25)
FN:227,(anonymous_26)
FN:231,(anonymous_27)
FN:245,(anonymous_28)
FN:286,comparePlayerStats
FNF:30
FNH:0
FNDA:0,calculateKdRatio
FNDA:0,calculateWinRate
FNDA:0,calculateHeadshotRatio
FNDA:0,calculateAverageScore
FNDA:0,calculateAverageKills
FNDA:0,calculateAverageDeaths
FNDA:0,calculatePerformanceTrend
FNDA:0,(anonymous_7)
FNDA:0,(anonymous_8)
FNDA:0,(anonymous_9)
FNDA:0,(anonymous_10)
FNDA:0,findFavoriteWeapon
FNDA:0,(anonymous_12)
FNDA:0,calculateOverallWeaponAccuracy
FNDA:0,(anonymous_14)
FNDA:0,calculateHighestKillStreak
FNDA:0,(anonymous_16)
FNDA:0,calculateTotalPlaytime
FNDA:0,(anonymous_18)
FNDA:0,calculatePlayerStats
FNDA:0,(anonymous_20)
FNDA:0,(anonymous_21)
FNDA:0,(anonymous_22)
FNDA:0,(anonymous_23)
FNDA:0,(anonymous_24)
FNDA:0,(anonymous_25)
FNDA:0,(anonymous_26)
FNDA:0,(anonymous_27)
FNDA:0,(anonymous_28)
FNDA:0,comparePlayerStats
DA:9,0
DA:10,0
DA:11,0
DA:20,0
DA:21,0
DA:22,0
DA:23,0
DA:32,0
DA:33,0
DA:34,0
DA:43,0
DA:44,0
DA:45,0
DA:54,0
DA:55,0
DA:56,0
DA:65,0
DA:66,0
DA:67,0
DA:76,0
DA:80,0
DA:81,0
DA:85,0
DA:86,0
DA:88,0
DA:89,0
DA:93,0
DA:94,0
DA:96,0
DA:97,0
DA:100,0
DA:101,0
DA:103,0
DA:104,0
DA:107,0
DA:108,0
DA:111,0
DA:113,0
DA:114,0
DA:115,0
DA:116,0
DA:118,0
DA:127,0
DA:128,0
DA:131,0
DA:132,0
DA:140,0
DA:141,0
DA:143,0
DA:144,0
DA:152,0
DA:157,0
DA:158,0
DA:166,0
DA:167,0
DA:169,0
DA:170,0
DA:171,0
DA:172,0
DA:176,0
DA:185,0
DA:189,0
DA:190,0
DA:212,0
DA:213,0
DA:214,0
DA:215,0
DA:218,0
DA:219,0
DA:220,0
DA:223,0
DA:224,0
DA:227,0
DA:228,0
DA:231,0
DA:232,0
DA:235,0
DA:238,0
DA:241,0
DA:244,0
DA:245,0
DA:246,0
DA:247,0
DA:252,0
DA:255,0
DA:257,0
DA:286,0
DA:298,0
DA:299,0
DA:300,0
DA:303,0
DA:307,0
LF:92
LH:0
BRDA:10,0,0,0
BRDA:10,0,1,0
BRDA:22,1,0,0
BRDA:22,1,1,0
BRDA:33,2,0,0
BRDA:33,2,1,0
BRDA:44,3,0,0
BRDA:44,3,1,0
BRDA:55,4,0,0
BRDA:55,4,1,0
BRDA:66,5,0,0
BRDA:66,5,1,0
BRDA:78,6,0,0
BRDA:80,7,0,0
BRDA:80,7,1,0
BRDA:88,8,0,0
BRDA:88,8,1,0
BRDA:113,9,0,0
BRDA:113,9,1,0
BRDA:115,10,0,0
BRDA:115,10,1,0
BRDA:128,11,0,0
BRDA:128,11,1,0
BRDA:141,12,0,0
BRDA:141,12,1,0
BRDA:170,13,0,0
BRDA:170,13,1,0
BRDA:170,14,0,0
BRDA:170,14,1,0
BRDA:189,15,0,0
BRDA:189,15,1,0
BRDA:246,16,0,0
BRDA:246,16,1,0
BRF:33
BRH:0
end_of_record
TN:
SF:src/websocket/auth.ts
FN:32,extractToken
FN:67,verifySocketToken
FN:111,attachUserToSocket
FN:124,isSocketAuthenticated
FN:135,getSocketUser
FN:148,disconnectWithError
FN:164,refreshSocketToken
FN:214,hasRole
FN:229,hasAnyRole
FN:234,(anonymous_18)
FN:244,hasAllRoles
FN:249,(anonymous_20)
FNF:12
FNH:12
FNDA:16,extractToken
FNDA:10,verifySocketToken
FNDA:15,attachUserToSocket
FNDA:16,isSocketAuthenticated
FNDA:14,getSocketUser
FNDA:2,disconnectWithError
FNDA:2,refreshSocketToken
FNDA:4,hasRole
FNDA:3,hasAnyRole
FNDA:4,(anonymous_18)
FNDA:3,hasAllRoles
FNDA:4,(anonymous_20)
DA:2,1
DA:32,1
DA:34,16
DA:35,16
DA:36,11
DA:40,5
DA:41,5
DA:43,2
DA:44,2
DA:45,1
DA:48,1
DA:52,3
DA:53,3
DA:54,1
DA:57,2
DA:67,1
DA:69,10
DA:71,10
DA:72,1
DA:76,9
DA:78,7
DA:79,2
DA:83,5
DA:85,5
DA:86,1
DA:89,4
DA:90,1
DA:94,3
DA:102,3
DA:111,1
DA:112,15
DA:124,1
DA:125,16
DA:126,16
DA:135,1
DA:136,14
DA:137,4
DA:139,10
DA:148,1
DA:149,2
DA:153,2
DA:164,1
DA:165,2
DA:167,2
DA:169,2
DA:170,1
DA:174,1
DA:176,1
DA:177,0
DA:181,1
DA:189,1
DA:192,1
DA:198,1
DA:202,1
DA:214,1
DA:215,4
DA:216,4
DA:217,1
DA:219,3
DA:229,1
DA:230,3
DA:231,3
DA:232,1
DA:234,4
DA:244,1
DA:245,3
DA:246,3
DA:247,1
DA:249,4
LF:69
LH:68
BRDA:35,0,0,11
BRDA:35,0,1,5
BRDA:35,1,0,16
BRDA:35,1,1,11
BRDA:41,2,0,2
BRDA:41,2,1,3
BRDA:41,3,0,5
BRDA:41,3,1,2
BRDA:44,4,0,1
BRDA:44,4,1,1
BRDA:44,5,0,2
BRDA:44,5,1,1
BRDA:52,6,0,0
BRDA:52,6,1,3
BRDA:52,7,0,3
BRDA:52,7,1,3
BRDA:53,8,0,1
BRDA:53,8,1,2
BRDA:53,9,0,3
BRDA:53,9,1,1
BRDA:71,10,0,1
BRDA:71,10,1,9
BRDA:78,11,0,2
BRDA:78,11,1,5
BRDA:78,12,0,7
BRDA:78,12,1,5
BRDA:78,12,2,5
BRDA:78,12,3,5
BRDA:79,13,0,2
BRDA:79,13,1,0
BRDA:85,14,0,1
BRDA:85,14,1,4
BRDA:89,15,0,1
BRDA:89,15,1,3
BRDA:126,16,0,16
BRDA:126,16,1,11
BRDA:126,17,0,0
BRDA:126,17,1,16
BRDA:126,18,0,16
BRDA:126,18,1,16
BRDA:126,19,0,0
BRDA:126,19,1,11
BRDA:126,20,0,11
BRDA:126,20,1,11
BRDA:136,21,0,4
BRDA:136,21,1,10
BRDA:139,22,0,10
BRDA:139,22,1,0
BRDA:169,23,0,1
BRDA:169,23,1,1
BRDA:169,24,0,2
BRDA:169,24,1,1
BRDA:169,24,2,1
BRDA:169,24,3,1
BRDA:170,25,0,1
BRDA:170,25,1,0
BRDA:176,26,0,0
BRDA:176,26,1,1
BRDA:176,27,0,1
BRDA:176,27,1,1
BRDA:186,28,0,1
BRDA:186,28,1,0
BRDA:186,29,0,0
BRDA:186,29,1,1
BRDA:186,30,0,1
BRDA:186,30,1,1
BRDA:200,31,0,1
BRDA:200,31,1,0
BRDA:216,32,0,1
BRDA:216,32,1,3
BRDA:216,33,0,4
BRDA:216,33,1,3
BRDA:231,34,0,1
BRDA:231,34,1,2
BRDA:231,35,0,3
BRDA:231,35,1,2
BRDA:246,36,0,1
BRDA:246,36,1,2
BRDA:246,37,0,3
BRDA:246,37,1,2
BRF:80
BRH:70
end_of_record
TN:
SF:src/websocket/connectionManager.ts
FN:30,(anonymous_7)
FN:37,(anonymous_8)
FN:79,(anonymous_9)
FN:84,(anonymous_10)
FN:105,(anonymous_11)
FN:119,(anonymous_12)
FN:145,(anonymous_14)
FN:152,(anonymous_16)
FN:170,(anonymous_17)
FN:180,(anonymous_18)
FN:190,(anonymous_19)
FN:198,(anonymous_20)
FN:205,(anonymous_21)
FN:206,(anonymous_22)
FN:214,(anonymous_23)
FN:225,(anonymous_24)
FN:229,(anonymous_25)
FN:244,(anonymous_26)
FN:246,(anonymous_27)
FN:252,(anonymous_28)
FN:252,(anonymous_29)
FN:257,(anonymous_30)
FN:257,(anonymous_31)
FN:263,(anonymous_32)
FN:269,(anonymous_33)
FN:277,(anonymous_34)
FN:287,(anonymous_35)
FN:289,(anonymous_36)
FN:290,(anonymous_37)
FN:298,(anonymous_38)
FN:305,(anonymous_39)
FN:319,(anonymous_40)
FN:321,(anonymous_41)
FN:326,(anonymous_42)
FN:334,(anonymous_43)
FNF:35
FNH:0
FNDA:0,(anonymous_7)
FNDA:0,(anonymous_8)
FNDA:0,(anonymous_9)
FNDA:0,(anonymous_10)
FNDA:0,(anonymous_11)
FNDA:0,(anonymous_12)
FNDA:0,(anonymous_14)
FNDA:0,(anonymous_16)
FNDA:0,(anonymous_17)
FNDA:0,(anonymous_18)
FNDA:0,(anonymous_19)
FNDA:0,(anonymous_20)
FNDA:0,(anonymous_21)
FNDA:0,(anonymous_22)
FNDA:0,(anonymous_23)
FNDA:0,(anonymous_24)
FNDA:0,(anonymous_25)
FNDA:0,(anonymous_26)
FNDA:0,(anonymous_27)
FNDA:0,(anonymous_28)
FNDA:0,(anonymous_29)
FNDA:0,(anonymous_30)
FNDA:0,(anonymous_31)
FNDA:0,(anonymous_32)
FNDA:0,(anonymous_33)
FNDA:0,(anonymous_34)
FNDA:0,(anonymous_35)
FNDA:0,(anonymous_36)
FNDA:0,(anonymous_37)
FNDA:0,(anonymous_38)
FNDA:0,(anonymous_39)
FNDA:0,(anonymous_40)
FNDA:0,(anonymous_41)
FNDA:0,(anonymous_42)
FNDA:0,(anonymous_43)
DA:17,0
DA:18,0
DA:19,0
DA:30,0
DA:31,0
DA:38,0
DA:39,0
DA:49,0
DA:50,0
DA:51,0
DA:52,0
DA:55,0
DA:56,0
DA:59,0
DA:68,0
DA:70,0
DA:73,0
DA:80,0
DA:82,0
DA:84,0
DA:85,0
DA:89,0
DA:90,0
DA:92,0
DA:93,0
DA:97,0
DA:98,0
DA:106,0
DA:108,0
DA:111,0
DA:120,0
DA:121,0
DA:124,0
DA:125,0
DA:126,0
DA:130,0
DA:132,0
DA:135,0
DA:137,0
DA:138,0
DA:146,0
DA:147,0
DA:150,0
DA:151,0
DA:152,0
DA:156,0
DA:158,0
DA:161,0
DA:163,0
DA:171,0
DA:172,0
DA:174,0
DA:181,0
DA:182,0
DA:184,0
DA:191,0
DA:192,0
DA:199,0
DA:206,0
DA:207,0
DA:215,0
DA:226,0
DA:227,0
DA:229,0
DA:230,0
DA:231,0
DA:232,0
DA:236,0
DA:237,0
DA:246,0
DA:247,0
DA:248,0
DA:252,0
DA:253,0
DA:254,0
DA:257,0
DA:258,0
DA:259,0
DA:263,0
DA:264,0
DA:265,0
DA:269,0
DA:270,0
DA:278,0
DA:279,0
DA:280,0
DA:288,0
DA:289,0
DA:290,0
DA:292,0
DA:299,0
DA:306,0
DA:312,0
DA:313,0
DA:321,0
DA:322,0
DA:326,0
DA:327,0
DA:335,0
DA:338,0
DA:345,0
DA:346,0
DA:347,0
DA:350,0
DA:351,0
LF:105
LH:0
BRDA:37,0,0,0
BRDA:82,1,0,0
BRDA:82,1,1,0
BRDA:97,2,0,0
BRDA:97,2,1,0
BRDA:108,3,0,0
BRDA:108,3,1,0
BRDA:111,4,0,0
BRDA:111,4,1,0
BRDA:125,5,0,0
BRDA:125,5,1,0
BRDA:132,6,0,0
BRDA:132,6,1,0
BRDA:151,7,0,0
BRDA:151,7,1,0
BRDA:225,8,0,0
BRDA:230,9,0,0
BRDA:230,9,1,0
BRDA:236,10,0,0
BRDA:236,10,1,0
BRDA:279,11,0,0
BRDA:279,11,1,0
BRF:22
BRH:0
end_of_record
TN:
SF:src/websocket/index.ts
FN:7,(anonymous_0)
FN:8,(anonymous_1)
FN:9,(anonymous_2)
FN:10,(anonymous_3)
FN:13,(anonymous_4)
FN:37,(anonymous_5)
FN:38,(anonymous_6)
FNF:7
FNH:0
FNDA:0,(anonymous_0)
FNDA:0,(anonymous_1)
FNDA:0,(anonymous_2)
FNDA:0,(anonymous_3)
FNDA:0,(anonymous_4)
FNDA:0,(anonymous_5)
FNDA:0,(anonymous_6)
DA:6,0
DA:7,0
DA:8,0
DA:9,0
DA:10,0
DA:13,0
DA:15,0
DA:37,0
DA:38,0
LF:9
LH:0
BRF:0
BRH:0
end_of_record
TN:
SF:src/websocket/server.ts
FN:39,(anonymous_7)
FN:46,(anonymous_8)
FN:92,(anonymous_9)
FN:93,(anonymous_10)
FN:106,(anonymous_11)
FN:109,(anonymous_12)
FN:113,(anonymous_13)
FN:113,(anonymous_14)
FN:119,(anonymous_15)
FN:119,(anonymous_16)
FN:128,(anonymous_17)
FN:132,(anonymous_18)
FN:132,(anonymous_19)
FN:138,(anonymous_20)
FN:138,(anonymous_21)
FN:147,(anonymous_22)
FN:151,(anonymous_23)
FN:151,(anonymous_24)
FN:157,(anonymous_25)
FN:157,(anonymous_26)
FN:170,(anonymous_27)
FN:172,(anonymous_28)
FN:177,(anonymous_29)
FN:186,(anonymous_30)
FN:193,(anonymous_31)
FN:200,(anonymous_32)
FN:207,(anonymous_33)
FN:214,(anonymous_34)
FN:221,(anonymous_35)
FN:228,(anonymous_36)
FN:249,initializeWebSocketServer
FN:256,getWebSocketServer
FNF:32
FNH:0
FNDA:0,(anonymous_7)
FNDA:0,(anonymous_8)
FNDA:0,(anonymous_9)
FNDA:0,(anonymous_10)
FNDA:0,(anonymous_11)
FNDA:0,(anonymous_12)
FNDA:0,(anonymous_13)
FNDA:0,(anonymous_14)
FNDA:0,(anonymous_15)
FNDA:0,(anonymous_16)
FNDA:0,(anonymous_17)
FNDA:0,(anonymous_18)
FNDA:0,(anonymous_19)
FNDA:0,(anonymous_20)
FNDA:0,(anonymous_21)
FNDA:0,(anonymous_22)
FNDA:0,(anonymous_23)
FNDA:0,(anonymous_24)
FNDA:0,(anonymous_25)
FNDA:0,(anonymous_26)
FNDA:0,(anonymous_27)
FNDA:0,(anonymous_28)
FNDA:0,(anonymous_29)
FNDA:0,(anonymous_30)
FNDA:0,(anonymous_31)
FNDA:0,(anonymous_32)
FNDA:0,(anonymous_33)
FNDA:0,(anonymous_34)
FNDA:0,(anonymous_35)
FNDA:0,(anonymous_36)
FNDA:0,initializeWebSocketServer
FNDA:0,getWebSocketServer
DA:6,0
DA:8,0
DA:9,0
DA:22,0
DA:33,0
DA:40,0
DA:47,0
DA:50,0
DA:68,0
DA:71,0
DA:72,0
DA:73,0
DA:75,0
DA:76,0
DA:77,0
DA:78,0
DA:79,0
DA:81,0
DA:82,0
DA:83,0
DA:84,0
DA:86,0
DA:93,0
DA:94,0
DA:97,0
DA:98,0
DA:99,0
DA:108,0
DA:109,0
DA:110,0
DA:113,0
DA:114,0
DA:115,0
DA:116,0
DA:119,0
DA:120,0
DA:121,0
DA:122,0
DA:127,0
DA:128,0
DA:129,0
DA:132,0
DA:133,0
DA:134,0
DA:135,0
DA:138,0
DA:139,0
DA:140,0
DA:141,0
DA:146,0
DA:147,0
DA:148,0
DA:151,0
DA:152,0
DA:153,0
DA:154,0
DA:157,0
DA:158,0
DA:159,0
DA:160,0
DA:164,0
DA:172,0
DA:173,0
DA:177,0
DA:178,0
DA:179,0
DA:187,0
DA:194,0
DA:201,0
DA:208,0
DA:215,0
DA:222,0
DA:229,0
DA:231,0
DA:233,0
DA:234,0
DA:237,0
DA:244,0
DA:249,0
DA:250,0
DA:256,0
DA:257,0
DA:260,0
LF:83
LH:0
BRDA:23,0,0,0
BRDA:23,0,1,0
BRDA:24,1,0,0
BRDA:24,1,1,0
BRDA:24,2,0,0
BRDA:24,2,1,0
BRDA:24,3,0,0
BRDA:24,3,1,0
BRDA:39,4,0,0
BRDA:51,5,0,0
BRDA:51,5,1,0
BRDA:78,6,0,0
BRDA:78,6,1,0
BRDA:114,7,0,0
BRDA:114,7,1,0
BRDA:116,8,0,0
BRDA:116,8,1,0
BRDA:120,9,0,0
BRDA:120,9,1,0
BRDA:122,10,0,0
BRDA:122,10,1,0
BRDA:233,11,0,0
BRDA:233,11,1,0
BRF:23
BRH:0
end_of_record
TN:
SF:src/websocket/types.ts
FN:185,(anonymous_0)
FN:192,(anonymous_1)
FNF:2
FNH:0
FNDA:0,(anonymous_0)
FNDA:0,(anonymous_1)
DA:185,0
DA:186,0
DA:187,0
DA:188,0
DA:189,0
DA:192,0
DA:193,0
DA:194,0
DA:195,0
DA:196,0
LF:10
LH:0
BRDA:185,0,0,0
BRDA:185,0,1,0
BRDA:192,1,0,0
BRDA:192,1,1,0
BRF:4
BRH:0
end_of_record
TN:
SF:src/websocket/events/index.ts
FN:12,(anonymous_7)
FN:12,(anonymous_8)
FN:12,(anonymous_9)
FN:17,(anonymous_10)
FN:31,(anonymous_11)
FN:39,(anonymous_12)
FN:58,(anonymous_14)
FN:59,(anonymous_15)
FN:64,(anonymous_16)
FN:70,(anonymous_17)
FN:76,(anonymous_18)
FN:83,(anonymous_19)
FN:90,(anonymous_20)
FN:97,(anonymous_21)
FN:106,(anonymous_22)
FN:108,(anonymous_23)
FN:111,(anonymous_24)
FN:122,(anonymous_25)
FN:129,(anonymous_26)
FN:136,(anonymous_27)
FN:155,(anonymous_28)
FN:163,(anonymous_29)
FN:178,(anonymous_31)
FN:190,(anonymous_33)
FN:204,(anonymous_35)
FN:218,(anonymous_37)
FN:232,(anonymous_39)
FN:255,(anonymous_41)
FN:283,(anonymous_43)
FN:298,(anonymous_45)
FN:319,createEventSystem
FNF:31
FNH:0
FNDA:0,(anonymous_7)
FNDA:0,(anonymous_8)
FNDA:0,(anonymous_9)
FNDA:0,(anonymous_10)
FNDA:0,(anonymous_11)
FNDA:0,(anonymous_12)
FNDA:0,(anonymous_14)
FNDA:0,(anonymous_15)
FNDA:0,(anonymous_16)
FNDA:0,(anonymous_17)
FNDA:0,(anonymous_18)
FNDA:0,(anonymous_19)
FNDA:0,(anonymous_20)
FNDA:0,(anonymous_21)
FNDA:0,(anonymous_22)
FNDA:0,(anonymous_23)
FNDA:0,(anonymous_24)
FNDA:0,(anonymous_25)
FNDA:0,(anonymous_26)
FNDA:0,(anonymous_27)
FNDA:0,(anonymous_28)
FNDA:0,(anonymous_29)
FNDA:0,(anonymous_31)
FNDA:0,(anonymous_33)
FNDA:0,(anonymous_35)
FNDA:0,(anonymous_37)
FNDA:0,(anonymous_39)
FNDA:0,(anonymous_41)
FNDA:0,(anonymous_43)
FNDA:0,(anonymous_45)
FNDA:0,createEventSystem
DA:2,0
DA:6,0
DA:12,0
DA:17,0
DA:18,0
DA:19,0
DA:20,0
DA:26,0
DA:29,0
DA:32,0
DA:33,0
DA:41,0
DA:42,0
DA:45,0
DA:48,0
DA:51,0
DA:52,0
DA:59,0
DA:61,0
DA:64,0
DA:65,0
DA:66,0
DA:70,0
DA:71,0
DA:72,0
DA:76,0
DA:77,0
DA:78,0
DA:79,0
DA:83,0
DA:84,0
DA:85,0
DA:86,0
DA:90,0
DA:91,0
DA:92,0
DA:93,0
DA:97,0
DA:108,0
DA:109,0
DA:112,0
DA:116,0
DA:123,0
DA:130,0
DA:138,0
DA:139,0
DA:141,0
DA:144,0
DA:151,0
DA:156,0
DA:157,0
DA:170,0
DA:182,0
DA:196,0
DA:210,0
DA:224,0
DA:247,0
DA:265,0
DA:290,0
DA:310,0
DA:319,0
DA:323,0
DA:324,0
DA:326,0
DA:328,0
LF:65
LH:0
BRDA:17,0,0,0
BRDA:17,0,1,0
BRF:2
BRH:0
end_of_record
TN:
SF:src/websocket/examples/advanced-auth.ts
FN:40,(anonymous_8)
FN:49,(anonymous_9)
FN:62,(anonymous_10)
FN:76,(anonymous_11)
FN:101,(anonymous_12)
FN:120,(anonymous_13)
FN:120,(anonymous_14)
FN:129,(anonymous_15)
FN:142,(anonymous_16)
FN:154,(anonymous_17)
FN:154,(anonymous_18)
FN:168,(anonymous_19)
FN:168,(anonymous_20)
FN:181,(anonymous_21)
FN:181,(anonymous_22)
FN:208,(anonymous_23)
FN:220,(anonymous_24)
FN:220,(anonymous_25)
FN:236,(anonymous_26)
FN:236,(anonymous_27)
FN:258,(anonymous_28)
FNF:21
FNH:0
FNDA:0,(anonymous_8)
FNDA:0,(anonymous_9)
FNDA:0,(anonymous_10)
FNDA:0,(anonymous_11)
FNDA:0,(anonymous_12)
FNDA:0,(anonymous_13)
FNDA:0,(anonymous_14)
FNDA:0,(anonymous_15)
FNDA:0,(anonymous_16)
FNDA:0,(anonymous_17)
FNDA:0,(anonymous_18)
FNDA:0,(anonymous_19)
FNDA:0,(anonymous_20)
FNDA:0,(anonymous_21)
FNDA:0,(anonymous_22)
FNDA:0,(anonymous_23)
FNDA:0,(anonymous_24)
FNDA:0,(anonymous_25)
FNDA:0,(anonymous_26)
FNDA:0,(anonymous_27)
FNDA:0,(anonymous_28)
DA:11,0
DA:12,0
DA:13,0
DA:14,0
DA:22,0
DA:25,0
DA:26,0
DA:29,0
DA:37,0
DA:38,0
DA:40,0
DA:41,0
DA:43,0
DA:44,0
DA:46,0
DA:49,0
DA:50,0
DA:59,0
DA:60,0
DA:62,0
DA:63,0
DA:65,0
DA:66,0
DA:67,0
DA:70,0
DA:73,0
DA:76,0
DA:77,0
DA:78,0
DA:79,0
DA:83,0
DA:92,0
DA:101,0
DA:102,0
DA:105,0
DA:106,0
DA:107,0
DA:110,0
DA:120,0
DA:121,0
DA:122,0
DA:123,0
DA:125,0
DA:129,0
DA:130,0
DA:135,0
DA:136,0
DA:142,0
DA:143,0
DA:145,0
DA:146,0
DA:147,0
DA:150,0
DA:153,0
DA:154,0
DA:155,0
DA:156,0
DA:159,0
DA:168,0
DA:169,0
DA:176,0
DA:180,0
DA:181,0
DA:182,0
DA:183,0
DA:186,0
DA:187,0
DA:188,0
DA:189,0
DA:190,0
DA:193,0
DA:201,0
DA:202,0
DA:208,0
DA:209,0
DA:211,0
DA:212,0
DA:213,0
DA:216,0
DA:219,0
DA:220,0
DA:221,0
DA:222,0
DA:225,0
DA:235,0
DA:236,0
DA:237,0
DA:238,0
DA:241,0
DA:242,0
DA:243,0
DA:244,0
DA:245,0
DA:246,0
DA:257,0
DA:258,0
DA:259,0
DA:260,0
DA:263,0
LF:99
LH:0
BRDA:31,0,0,0
BRDA:31,0,1,0
BRDA:43,1,0,0
BRDA:43,1,1,0
BRDA:51,2,0,0
BRDA:51,2,1,0
BRDA:51,3,0,0
BRDA:51,3,1,0
BRDA:51,4,0,0
BRDA:51,4,1,0
BRDA:65,5,0,0
BRDA:65,5,1,0
BRDA:105,6,0,0
BRDA:105,6,1,0
BRDA:145,7,0,0
BRDA:145,7,1,0
BRDA:156,8,0,0
BRDA:156,8,1,0
BRDA:156,9,0,0
BRDA:156,9,1,0
BRDA:183,10,0,0
BRDA:183,10,1,0
BRDA:183,11,0,0
BRDA:183,11,1,0
BRDA:189,12,0,0
BRDA:189,12,1,0
BRDA:189,13,0,0
BRDA:189,13,1,0
BRDA:189,14,0,0
BRDA:189,14,1,0
BRDA:191,15,0,0
BRDA:191,15,1,0
BRDA:211,16,0,0
BRDA:211,16,1,0
BRDA:222,17,0,0
BRDA:222,17,1,0
BRDA:222,18,0,0
BRDA:222,18,1,0
BRDA:227,19,0,0
BRDA:227,19,1,0
BRDA:227,20,0,0
BRDA:227,20,1,0
BRDA:238,21,0,0
BRDA:238,21,1,0
BRDA:238,22,0,0
BRDA:238,22,1,0
BRDA:244,23,0,0
BRDA:244,23,1,0
BRDA:244,24,0,0
BRDA:244,24,1,0
BRDA:244,25,0,0
BRDA:244,25,1,0
BRDA:248,26,0,0
BRDA:248,26,1,0
BRDA:248,27,0,0
BRDA:248,27,1,0
BRDA:257,28,0,0
BRDA:257,28,1,0
BRF:58
BRH:0
end_of_record
TN:
SF:src/websocket/examples/basic-auth.ts
FN:29,(anonymous_1)
FN:44,(anonymous_2)
FN:57,(anonymous_3)
FN:64,(anonymous_4)
FNF:4
FNH:0
FNDA:0,(anonymous_1)
FNDA:0,(anonymous_2)
FNDA:0,(anonymous_3)
FNDA:0,(anonymous_4)
DA:7,0
DA:8,0
DA:9,0
DA:10,0
DA:11,0
DA:14,0
DA:15,0
DA:18,0
DA:26,0
DA:29,0
DA:30,0
DA:32,0
DA:33,0
DA:34,0
DA:35,0
DA:38,0
DA:41,0
DA:44,0
DA:45,0
DA:48,0
DA:57,0
DA:58,0
DA:63,0
DA:64,0
DA:65,0
DA:68,0
LF:26
LH:0
BRDA:20,0,0,0
BRDA:20,0,1,0
BRDA:32,1,0,0
BRDA:32,1,1,0
BRDA:63,2,0,0
BRDA:63,2,1,0
BRF:6
BRH:0
end_of_record
TN:
SF:src/websocket/redis/channels.ts
FN:132,getChannelPattern
FN:139,extractServerId
FN:146,createServerId
FN:153,isValidEventPayload
FNF:4
FNH:3
FNDA:0,getChannelPattern
FNDA:1,extractServerId
FNDA:3,createServerId
FNDA:21,isValidEventPayload
DA:13,1
DA:132,1
DA:133,0
DA:139,1
DA:140,1
DA:146,1
DA:147,3
DA:153,1
DA:155,21
DA:156,2
DA:159,19
LF:11
LH:10
BRDA:155,0,0,2
BRDA:155,0,1,19
BRDA:155,1,0,21
BRDA:155,1,1,20
BRDA:160,2,0,19
BRDA:160,2,1,19
BRDA:160,2,2,19
BRDA:160,2,3,18
BRDA:160,2,4,17
BRDA:160,2,5,16
BRF:10
BRH:10
end_of_record
TN:
SF:src/websocket/redis/index.ts
FN:8,(anonymous_0)
FN:9,(anonymous_1)
FN:10,(anonymous_2)
FN:14,(anonymous_3)
FN:22,(anonymous_4)
FN:23,(anonymous_5)
FN:24,(anonymous_6)
FN:25,(anonymous_7)
FNF:8
FNH:0
FNDA:0,(anonymous_0)
FNDA:0,(anonymous_1)
FNDA:0,(anonymous_2)
FNDA:0,(anonymous_3)
FNDA:0,(anonymous_4)
FNDA:0,(anonymous_5)
FNDA:0,(anonymous_6)
FNDA:0,(anonymous_7)
DA:7,0
DA:8,0
DA:9,0
DA:10,0
DA:13,0
DA:14,0
DA:22,0
DA:23,0
DA:24,0
DA:25,0
LF:10
LH:0
BRF:0
BRH:0
end_of_record
TN:
SF:src/websocket/redis/examples/integration-example.ts
FN:17,(anonymous_7)
FN:21,(anonymous_9)
FN:48,(anonymous_11)
FN:63,(anonymous_13)
FN:67,(anonymous_14)
FN:85,(anonymous_16)
FN:96,(anonymous_18)
FN:121,(anonymous_20)
FN:122,(anonymous_21)
FN:127,(anonymous_22)
FN:134,(anonymous_23)
FN:146,(anonymous_25)
FN:150,(anonymous_27)
FN:169,(anonymous_29)
FN:197,setupServerWithPubSub
FN:217,(anonymous_33)
FN:217,(anonymous_34)
FN:226,monitorPubSubStats
FN:251,(anonymous_37)
FNF:19
FNH:0
FNDA:0,(anonymous_7)
FNDA:0,(anonymous_9)
FNDA:0,(anonymous_11)
FNDA:0,(anonymous_13)
FNDA:0,(anonymous_14)
FNDA:0,(anonymous_16)
FNDA:0,(anonymous_18)
FNDA:0,(anonymous_20)
FNDA:0,(anonymous_21)
FNDA:0,(anonymous_22)
FNDA:0,(anonymous_23)
FNDA:0,(anonymous_25)
FNDA:0,(anonymous_27)
FNDA:0,(anonymous_29)
FNDA:0,setupServerWithPubSub
FNDA:0,(anonymous_33)
FNDA:0,(anonymous_34)
FNDA:0,monitorPubSubStats
FNDA:0,(anonymous_37)
DA:7,0
DA:8,0
DA:14,0
DA:18,0
DA:26,0
DA:36,0
DA:45,0
DA:50,0
DA:63,0
DA:65,0
DA:68,0
DA:71,0
DA:77,0
DA:82,0
DA:86,0
DA:89,0
DA:97,0
DA:99,0
DA:101,0
DA:110,0
DA:122,0
DA:123,0
DA:128,0
DA:129,0
DA:130,0
DA:135,0
DA:143,0
DA:147,0
DA:151,0
DA:157,0
DA:166,0
DA:174,0
DA:175,0
DA:178,0
DA:197,0
DA:199,0
DA:202,0
DA:203,0
DA:205,0
DA:206,0
DA:209,0
DA:210,0
DA:213,0
DA:214,0
DA:217,0
DA:218,0
DA:219,0
DA:226,0
DA:227,0
DA:230,0
DA:231,0
DA:240,0
DA:241,0
DA:250,0
DA:251,0
DA:252,0
LF:56
LH:0
BRDA:99,0,0,0
BRDA:99,0,1,0
BRDA:105,1,0,0
BRDA:105,1,1,0
BRDA:114,2,0,0
BRDA:114,2,1,0
BRDA:129,3,0,0
BRDA:129,3,1,0
BRF:8
BRH:0
end_of_record
