TN:
SF:src/App.tsx
FN:14,(anonymous_1)
FNF:1
FNH:0
FNDA:0,(anonymous_1)
DA:1,0
DA:2,0
DA:3,0
DA:4,0
DA:5,0
DA:6,0
DA:8,0
DA:9,0
DA:10,0
DA:12,0
DA:14,0
DA:15,0
DA:39,0
LF:13
LH:0
BRF:0
BRH:0
end_of_record
TN:
SF:src/api-gateway/ApiGateway.ts
FN:57,(anonymous_7)
FN:71,(anonymous_8)
FN:80,(anonymous_9)
FN:81,(anonymous_10)
FN:91,(anonymous_11)
FN:162,(anonymous_13)
FN:176,(anonymous_14)
FN:194,(anonymous_15)
FN:211,(anonymous_16)
FN:218,(anonymous_17)
FN:219,(anonymous_18)
FN:232,(anonymous_19)
FN:242,(anonymous_20)
FN:261,(anonymous_21)
FN:269,(anonymous_22)
FN:281,(anonymous_23)
FNF:16
FNH:0
FNDA:0,(anonymous_7)
FNDA:0,(anonymous_8)
FNDA:0,(anonymous_9)
FNDA:0,(anonymous_10)
FNDA:0,(anonymous_11)
FNDA:0,(anonymous_13)
FNDA:0,(anonymous_14)
FNDA:0,(anonymous_15)
FNDA:0,(anonymous_16)
FNDA:0,(anonymous_17)
FNDA:0,(anonymous_18)
FNDA:0,(anonymous_19)
FNDA:0,(anonymous_20)
FNDA:0,(anonymous_21)
FNDA:0,(anonymous_22)
FNDA:0,(anonymous_23)
DA:52,0
DA:53,0
DA:54,0
DA:58,0
DA:72,0
DA:73,0
DA:81,0
DA:96,0
DA:97,0
DA:99,0
DA:100,0
DA:104,0
DA:105,0
DA:109,0
DA:114,0
DA:115,0
DA:117,0
DA:118,0
DA:122,0
DA:124,0
DA:125,0
DA:133,0
DA:136,0
DA:139,0
DA:144,0
DA:145,0
DA:146,0
DA:149,0
DA:152,0
DA:153,0
DA:163,0
DA:180,0
DA:198,0
DA:213,0
DA:216,0
DA:218,0
DA:219,0
DA:223,0
DA:233,0
DA:234,0
DA:243,0
DA:245,0
DA:246,0
DA:250,0
DA:251,0
DA:252,0
DA:255,0
DA:262,0
DA:270,0
DA:271,0
DA:272,0
DA:282,0
DA:284,0
DA:285,0
DA:286,0
DA:293,0
LF:56
LH:0
BRDA:57,0,0,0
BRDA:99,1,0,0
BRDA:99,1,1,0
BRDA:104,2,0,0
BRDA:104,2,1,0
BRDA:104,3,0,0
BRDA:104,3,1,0
BRDA:109,4,0,0
BRDA:109,4,1,0
BRDA:110,5,0,0
BRDA:110,5,1,0
BRDA:110,5,2,0
BRDA:117,6,0,0
BRDA:117,6,1,0
BRDA:124,7,0,0
BRDA:124,7,1,0
BRDA:127,8,0,0
BRDA:127,8,1,0
BRDA:139,9,0,0
BRDA:139,9,1,0
BRDA:140,10,0,0
BRDA:140,10,1,0
BRDA:140,10,2,0
BRDA:144,11,0,0
BRDA:144,11,1,0
BRDA:152,12,0,0
BRDA:152,12,1,0
BRDA:195,13,0,0
BRDA:196,14,0,0
BRDA:213,15,0,0
BRDA:213,15,1,0
BRDA:216,16,0,0
BRDA:216,16,1,0
BRDA:223,17,0,0
BRDA:223,17,1,0
BRDA:245,18,0,0
BRDA:245,18,1,0
BRDA:250,19,0,0
BRDA:250,19,1,0
BRDA:271,20,0,0
BRDA:271,20,1,0
BRDA:285,21,0,0
BRDA:285,21,1,0
BRF:43
BRH:0
end_of_record
TN:
SF:src/api-gateway/index.ts
FN:123,(anonymous_7)
FN:11,(anonymous_8)
FN:12,(anonymous_9)
FN:13,(anonymous_10)
FN:14,(anonymous_11)
FN:15,(anonymous_12)
FN:19,(anonymous_13)
FN:20,(anonymous_14)
FN:21,(anonymous_15)
FN:22,(anonymous_16)
FN:23,(anonymous_17)
FN:27,(anonymous_18)
FN:28,(anonymous_19)
FN:32,(anonymous_20)
FN:33,(anonymous_21)
FN:37,(anonymous_22)
FN:38,(anonymous_23)
FN:39,(anonymous_24)
FN:40,(anonymous_25)
FN:44,(anonymous_26)
FN:45,(anonymous_27)
FN:46,(anonymous_28)
FN:77,processRequest
FN:78,(anonymous_30)
FN:108,clearCache
FN:120,(anonymous_32)
FNF:26
FNH:0
FNDA:0,(anonymous_7)
FNDA:0,(anonymous_8)
FNDA:0,(anonymous_9)
FNDA:0,(anonymous_10)
FNDA:0,(anonymous_11)
FNDA:0,(anonymous_12)
FNDA:0,(anonymous_13)
FNDA:0,(anonymous_14)
FNDA:0,(anonymous_15)
FNDA:0,(anonymous_16)
FNDA:0,(anonymous_17)
FNDA:0,(anonymous_18)
FNDA:0,(anonymous_19)
FNDA:0,(anonymous_20)
FNDA:0,(anonymous_21)
FNDA:0,(anonymous_22)
FNDA:0,(anonymous_23)
FNDA:0,(anonymous_24)
FNDA:0,(anonymous_25)
FNDA:0,(anonymous_26)
FNDA:0,(anonymous_27)
FNDA:0,(anonymous_28)
FNDA:0,processRequest
FNDA:0,(anonymous_30)
FNDA:0,clearCache
FNDA:0,(anonymous_32)
DA:1,0
DA:2,0
DA:3,0
DA:4,0
DA:5,0
DA:10,0
DA:11,0
DA:12,0
DA:13,0
DA:14,0
DA:15,0
DA:18,0
DA:19,0
DA:20,0
DA:21,0
DA:22,0
DA:23,0
DA:26,0
DA:27,0
DA:28,0
DA:31,0
DA:32,0
DA:33,0
DA:36,0
DA:37,0
DA:38,0
DA:39,0
DA:40,0
DA:43,0
DA:44,0
DA:45,0
DA:46,0
DA:66,0
DA:77,0
DA:78,0
DA:85,0
DA:87,0
DA:90,0
DA:93,0
DA:96,0
DA:99,0
DA:108,0
DA:109,0
DA:110,0
DA:111,0
DA:112,0
DA:114,0
DA:120,0
DA:123,0
LF:49
LH:0
BRDA:80,0,0,0
BRDA:81,1,0,0
BRDA:109,2,0,0
BRDA:109,2,1,0
BRDA:111,3,0,0
BRDA:111,3,1,0
BRF:6
BRH:0
end_of_record
TN:
SF:src/api-gateway/middleware/authMiddleware.ts
FN:15,extractAuthToken
FN:56,authenticateRequest
FN:87,checkPermission
FN:121,requireAuth
FN:122,(anonymous_4)
FN:137,requirePermission
FN:141,(anonymous_6)
FNF:7
FNH:7
FNDA:9,extractAuthToken
FNDA:3,authenticateRequest
FNDA:12,checkPermission
FNDA:4,requireAuth
FNDA:4,(anonymous_4)
FNDA:6,requirePermission
FNDA:6,(anonymous_6)
DA:15,1
DA:16,9
DA:18,9
DA:19,4
DA:22,5
DA:28,5
DA:29,5
DA:31,5
DA:32,1
DA:36,4
DA:37,1
DA:41,3
DA:42,3
DA:43,2
DA:45,1
DA:46,1
DA:56,1
DA:60,3
DA:62,3
DA:63,2
DA:72,1
DA:87,1
DA:96,12
DA:97,5
DA:101,7
DA:106,4
DA:113,3
DA:121,1
DA:122,4
DA:123,4
DA:124,2
DA:127,2
DA:137,1
DA:141,6
DA:142,6
DA:143,1
DA:146,5
DA:148,5
DA:149,1
DA:152,4
LF:40
LH:40
BRDA:18,0,0,4
BRDA:18,0,1,5
BRDA:18,1,0,9
BRDA:18,1,1,6
BRDA:31,2,0,1
BRDA:31,2,1,4
BRDA:31,3,0,5
BRDA:31,3,1,5
BRDA:36,4,0,1
BRDA:36,4,1,3
BRDA:62,5,0,2
BRDA:62,5,1,1
BRDA:76,6,0,0
BRDA:76,6,1,1
BRDA:76,7,0,1
BRDA:76,7,1,1
BRDA:96,8,0,5
BRDA:96,8,1,7
BRDA:101,9,0,4
BRDA:101,9,1,3
BRDA:102,10,0,7
BRDA:102,10,1,5
BRDA:102,10,2,4
BRDA:102,10,3,4
BRDA:121,11,0,1
BRDA:123,12,0,2
BRDA:123,12,1,2
BRDA:123,13,0,4
BRDA:123,13,1,3
BRDA:142,14,0,1
BRDA:142,14,1,5
BRDA:142,15,0,6
BRDA:142,15,1,5
BRDA:148,16,0,1
BRDA:148,16,1,4
BRF:35
BRH:34
end_of_record
TN:
SF:src/api-gateway/middleware/corsMiddleware.ts
FN:33,getAllowedOrigins
FN:49,(anonymous_2)
FN:57,createCorsMiddleware
FN:80,(anonymous_4)
FN:139,getCorsMiddleware
FN:156,handleCorsError
FNF:6
FNH:0
FNDA:0,getAllowedOrigins
FNDA:0,(anonymous_2)
FNDA:0,createCorsMiddleware
FNDA:0,(anonymous_4)
FNDA:0,getCorsMiddleware
FNDA:0,handleCorsError
DA:1,0
DA:34,0
DA:36,0
DA:38,0
DA:49,0
DA:57,0
DA:77,0
DA:79,0
DA:82,0
DA:83,0
DA:87,0
DA:88,0
DA:89,0
DA:91,0
DA:94,0
DA:95,0
DA:112,0
DA:121,0
DA:130,0
DA:139,0
DA:140,0
DA:142,0
DA:143,0
DA:146,0
DA:156,0
DA:157,0
DA:158,0
DA:169,0
LF:28
LH:0
BRDA:34,0,0,0
BRDA:34,0,1,0
BRDA:34,0,2,0
BRDA:36,1,0,0
BRDA:36,1,1,0
BRDA:57,2,0,0
BRDA:59,3,0,0
BRDA:60,4,0,0
BRDA:61,5,0,0
BRDA:62,6,0,0
BRDA:69,7,0,0
BRDA:76,8,0,0
BRDA:82,9,0,0
BRDA:82,9,1,0
BRDA:87,10,0,0
BRDA:87,10,1,0
BRDA:89,11,0,0
BRDA:89,11,1,0
BRDA:140,12,0,0
BRDA:140,12,1,0
BRDA:142,13,0,0
BRDA:142,13,1,0
BRDA:157,14,0,0
BRDA:157,14,1,0
BRDA:157,15,0,0
BRDA:157,15,1,0
BRF:26
BRH:0
end_of_record
TN:
SF:src/api-gateway/middleware/errorMiddleware.ts
FN:21,(anonymous_7)
FN:45,(anonymous_8)
FN:48,(anonymous_9)
FN:52,(anonymous_10)
FN:60,(anonymous_11)
FN:63,(anonymous_12)
FN:74,(anonymous_13)
FN:77,(anonymous_14)
FN:81,(anonymous_15)
FN:84,(anonymous_16)
FN:98,formatErrorResponse
FN:141,handleApiError
FN:153,withErrorHandling
FN:156,(anonymous_20)
FN:156,(anonymous_21)
FN:178,(anonymous_22)
FN:313,(anonymous_23)
FN:334,(anonymous_24)
FN:337,(anonymous_25)
FNF:19
FNH:0
FNDA:0,(anonymous_7)
FNDA:0,(anonymous_8)
FNDA:0,(anonymous_9)
FNDA:0,(anonymous_10)
FNDA:0,(anonymous_11)
FNDA:0,(anonymous_12)
FNDA:0,(anonymous_13)
FNDA:0,(anonymous_14)
FNDA:0,(anonymous_15)
FNDA:0,(anonymous_16)
FNDA:0,formatErrorResponse
FNDA:0,handleApiError
FNDA:0,withErrorHandling
FNDA:0,(anonymous_20)
FNDA:0,(anonymous_21)
FNDA:0,(anonymous_22)
FNDA:0,(anonymous_23)
FNDA:0,(anonymous_24)
FNDA:0,(anonymous_25)
DA:3,0
DA:15,0
DA:28,0
DA:29,0
DA:30,0
DA:31,0
DA:32,0
DA:33,0
DA:36,0
DA:43,0
DA:46,0
DA:49,0
DA:53,0
DA:61,0
DA:64,0
DA:75,0
DA:78,0
DA:82,0
DA:85,0
DA:98,0
DA:100,0
DA:101,0
DA:111,0
DA:112,0
DA:120,0
DA:121,0
DA:129,0
DA:141,0
DA:143,0
DA:145,0
DA:153,0
DA:156,0
DA:157,0
DA:158,0
DA:160,0
DA:178,0
DA:185,0
DA:188,0
DA:189,0
DA:197,0
DA:201,0
DA:202,0
DA:210,0
DA:214,0
DA:215,0
DA:222,0
DA:225,0
DA:226,0
DA:233,0
DA:237,0
DA:238,0
DA:239,0
DA:241,0
DA:243,0
DA:244,0
DA:246,0
DA:247,0
DA:249,0
DA:250,0
DA:253,0
DA:261,0
DA:265,0
DA:266,0
DA:273,0
DA:277,0
DA:278,0
DA:286,0
DA:290,0
DA:291,0
DA:295,0
DA:313,0
DA:318,0
DA:324,0
DA:334,0
DA:337,0
DA:338,0
LF:76
LH:0
BRDA:23,0,0,0
BRDA:26,1,0,0
BRDA:45,2,0,0
BRDA:48,3,0,0
BRDA:52,4,0,0
BRDA:54,5,0,0
BRDA:54,5,1,0
BRDA:60,6,0,0
BRDA:68,7,0,0
BRDA:68,7,1,0
BRDA:68,8,0,0
BRDA:68,8,1,0
BRDA:74,9,0,0
BRDA:77,10,0,0
BRDA:81,11,0,0
BRDA:84,12,0,0
BRDA:89,13,0,0
BRDA:89,13,1,0
BRDA:100,14,0,0
BRDA:100,14,1,0
BRDA:111,15,0,0
BRDA:111,15,1,0
BRDA:120,16,0,0
BRDA:120,16,1,0
BRDA:160,17,0,0
BRDA:160,17,1,0
BRDA:163,18,0,0
BRDA:163,18,1,0
BRDA:188,19,0,0
BRDA:188,19,1,0
BRDA:194,20,0,0
BRDA:194,20,1,0
BRDA:201,21,0,0
BRDA:201,21,1,0
BRDA:206,22,0,0
BRDA:206,22,1,0
BRDA:207,23,0,0
BRDA:207,23,1,0
BRDA:214,24,0,0
BRDA:214,24,1,0
BRDA:219,25,0,0
BRDA:219,25,1,0
BRDA:225,26,0,0
BRDA:225,26,1,0
BRDA:230,27,0,0
BRDA:230,27,1,0
BRDA:237,28,0,0
BRDA:237,28,1,0
BRDA:241,29,0,0
BRDA:241,29,1,0
BRDA:241,29,2,0
BRDA:258,30,0,0
BRDA:258,30,1,0
BRDA:265,31,0,0
BRDA:265,31,1,0
BRDA:265,32,0,0
BRDA:265,32,1,0
BRDA:270,33,0,0
BRDA:270,33,1,0
BRDA:277,34,0,0
BRDA:277,34,1,0
BRDA:277,35,0,0
BRDA:277,35,1,0
BRDA:282,36,0,0
BRDA:282,36,1,0
BRDA:283,37,0,0
BRDA:283,37,1,0
BRDA:290,38,0,0
BRDA:290,38,1,0
BRDA:290,38,2,0
BRDA:291,39,0,0
BRDA:291,39,1,0
BRDA:293,40,0,0
BRDA:293,40,1,0
BRDA:299,41,0,0
BRDA:299,41,1,0
BRDA:300,42,0,0
BRDA:300,42,1,0
BRF:78
BRH:0
end_of_record
TN:
SF:src/api-gateway/middleware/rateLimitMiddleware.ts
FN:31,createRateLimiter
FN:54,(anonymous_2)
FN:64,(anonymous_3)
FNF:3
FNH:0
FNDA:0,createRateLimiter
FNDA:0,(anonymous_2)
FNDA:0,(anonymous_3)
DA:1,0
DA:31,0
DA:38,0
DA:40,0
DA:56,0
DA:57,0
DA:58,0
DA:59,0
DA:61,0
DA:65,0
DA:66,0
DA:85,0
DA:91,0
DA:100,0
DA:109,0
LF:15
LH:0
BRDA:31,0,0,0
BRDA:33,1,0,0
BRDA:34,2,0,0
BRDA:35,3,0,0
BRDA:36,4,0,0
BRDA:37,5,0,0
BRDA:57,6,0,0
BRDA:57,6,1,0
BRDA:58,7,0,0
BRDA:58,7,1,0
BRDA:61,8,0,0
BRDA:61,8,1,0
BRF:12
BRH:0
end_of_record
TN:
SF:src/api-gateway/middleware/requestMiddleware.ts
FN:21,createRequestContext
FN:42,logRequest
FN:60,normalizeQueryParams
FN:66,(anonymous_3)
FN:79,(anonymous_4)
FN:96,validateParams
FN:109,(anonymous_6)
FN:179,sanitizeData
FN:186,(anonymous_8)
FN:193,(anonymous_9)
FNF:10
FNH:10
FNDA:7,createRequestContext
FNDA:4,logRequest
FNDA:9,normalizeQueryParams
FNDA:9,(anonymous_3)
FNDA:6,(anonymous_4)
FNDA:15,validateParams
FNDA:16,(anonymous_6)
FNDA:21,sanitizeData
FNDA:2,(anonymous_8)
FNDA:16,(anonymous_9)
DA:2,1
DA:21,1
DA:26,7
DA:42,1
DA:47,4
DA:60,1
DA:63,9
DA:66,9
DA:68,9
DA:69,1
DA:70,8
DA:71,1
DA:74,7
DA:75,2
DA:78,5
DA:79,6
DA:83,3
DA:87,9
DA:96,1
DA:106,15
DA:109,15
DA:110,16
DA:113,16
DA:114,2
DA:115,2
DA:119,14
DA:120,1
DA:124,13
DA:126,5
DA:127,0
DA:128,5
DA:129,1
DA:130,4
DA:131,1
DA:133,5
DA:136,5
DA:137,2
DA:138,3
DA:139,1
DA:140,2
DA:141,1
DA:143,5
DA:146,1
DA:147,0
DA:149,1
DA:152,2
DA:153,0
DA:154,2
DA:155,1
DA:156,1
DA:157,0
DA:159,2
DA:163,13
DA:164,1
DA:168,15
DA:179,1
DA:180,21
DA:181,2
DA:185,19
DA:186,2
DA:190,18
DA:191,8
DA:193,8
DA:195,16
DA:196,8
DA:198,8
DA:202,8
DA:206,10
LF:68
LH:64
BRDA:22,0,0,4
BRDA:49,1,0,4
BRDA:49,1,1,3
BRDA:61,2,0,1
BRDA:68,3,0,1
BRDA:68,3,1,8
BRDA:70,4,0,1
BRDA:70,4,1,7
BRDA:74,5,0,2
BRDA:74,5,1,5
BRDA:74,6,0,7
BRDA:74,6,1,3
BRDA:78,7,0,2
BRDA:78,7,1,3
BRDA:78,8,0,5
BRDA:78,8,1,5
BRDA:113,9,0,2
BRDA:113,9,1,14
BRDA:113,10,0,16
BRDA:113,10,1,4
BRDA:113,10,2,3
BRDA:113,10,3,3
BRDA:119,11,0,1
BRDA:119,11,1,13
BRDA:119,12,0,14
BRDA:119,12,1,13
BRDA:124,13,0,5
BRDA:124,13,1,5
BRDA:124,13,2,1
BRDA:124,13,3,2
BRDA:126,14,0,0
BRDA:126,14,1,5
BRDA:128,15,0,1
BRDA:128,15,1,4
BRDA:128,16,0,5
BRDA:128,16,1,1
BRDA:130,17,0,1
BRDA:130,17,1,3
BRDA:130,18,0,4
BRDA:130,18,1,1
BRDA:136,19,0,2
BRDA:136,19,1,3
BRDA:138,20,0,1
BRDA:138,20,1,2
BRDA:138,21,0,3
BRDA:138,21,1,1
BRDA:140,22,0,1
BRDA:140,22,1,1
BRDA:140,23,0,2
BRDA:140,23,1,1
BRDA:146,24,0,0
BRDA:146,24,1,1
BRDA:152,25,0,0
BRDA:152,25,1,2
BRDA:154,26,0,1
BRDA:154,26,1,1
BRDA:154,27,0,2
BRDA:154,27,1,1
BRDA:156,28,0,0
BRDA:156,28,1,1
BRDA:156,29,0,1
BRDA:156,29,1,0
BRDA:163,30,0,1
BRDA:163,30,1,12
BRDA:163,31,0,13
BRDA:163,31,1,2
BRDA:170,32,0,9
BRDA:170,32,1,6
BRDA:180,33,0,2
BRDA:180,33,1,19
BRDA:185,34,0,1
BRDA:185,34,1,18
BRDA:190,35,0,8
BRDA:190,35,1,10
BRDA:195,36,0,8
BRDA:195,36,1,8
BRF:76
BRH:71
end_of_record
TN:
SF:src/api-gateway/middleware/securityMiddleware.ts
FN:33,createSecurityMiddleware
FN:123,getSecurityMiddleware
FNF:2
FNH:0
FNDA:0,createSecurityMiddleware
FNDA:0,getSecurityMiddleware
DA:1,0
DA:33,0
DA:40,0
DA:43,0
DA:55,0
DA:102,0
DA:112,0
DA:123,0
DA:124,0
DA:126,0
DA:127,0
DA:130,0
LF:12
LH:0
BRDA:33,0,0,0
BRDA:35,1,0,0
BRDA:36,2,0,0
BRDA:37,3,0,0
BRDA:38,4,0,0
BRDA:39,5,0,0
BRDA:57,6,0,0
BRDA:57,6,1,0
BRDA:62,7,0,0
BRDA:62,7,1,0
BRDA:69,8,0,0
BRDA:69,8,1,0
BRDA:124,9,0,0
BRDA:124,9,1,0
BRDA:126,10,0,0
BRDA:126,10,1,0
BRF:16
BRH:0
end_of_record
TN:
SF:src/api-gateway/middleware/securityOrchestrator.ts
FN:40,(anonymous_0)
FN:57,(anonymous_1)
FN:61,(anonymous_2)
FN:73,(anonymous_3)
FN:92,applySecurityMiddleware
FN:153,(anonymous_5)
FN:175,applyMinimalSecurityMiddleware
FN:188,applyProductionSecurityMiddleware
FN:202,applyStrictSecurityMiddleware
FN:217,getSecurityMiddlewareStack
FNF:10
FNH:0
FNDA:0,(anonymous_0)
FNDA:0,(anonymous_1)
FNDA:0,(anonymous_2)
FNDA:0,(anonymous_3)
FNDA:0,applySecurityMiddleware
FNDA:0,(anonymous_5)
FNDA:0,applyMinimalSecurityMiddleware
FNDA:0,applyProductionSecurityMiddleware
FNDA:0,applyStrictSecurityMiddleware
FNDA:0,getSecurityMiddlewareStack
DA:1,0
DA:2,0
DA:3,0
DA:4,0
DA:5,0
DA:6,0
DA:7,0
DA:40,0
DA:42,0
DA:45,0
DA:48,0
DA:50,0
DA:57,0
DA:58,0
DA:61,0
DA:62,0
DA:63,0
DA:66,0
DA:73,0
DA:74,0
DA:75,0
DA:81,0
DA:84,0
DA:92,0
DA:103,0
DA:106,0
DA:109,0
DA:112,0
DA:115,0
DA:116,0
DA:120,0
DA:121,0
DA:125,0
DA:126,0
DA:130,0
DA:131,0
DA:134,0
DA:137,0
DA:139,0
DA:140,0
DA:142,0
DA:143,0
DA:145,0
DA:148,0
DA:152,0
DA:153,0
DA:160,0
DA:161,0
DA:165,0
DA:168,0
DA:175,0
DA:176,0
DA:188,0
DA:189,0
DA:202,0
DA:203,0
DA:217,0
DA:227,0
DA:229,0
DA:232,0
DA:235,0
DA:238,0
DA:241,0
DA:242,0
DA:246,0
DA:247,0
DA:251,0
DA:252,0
DA:256,0
DA:257,0
DA:259,0
DA:260,0
DA:262,0
DA:263,0
DA:265,0
DA:270,0
DA:272,0
LF:77
LH:0
BRDA:42,0,0,0
BRDA:42,0,1,0
BRDA:74,1,0,0
BRDA:74,1,1,0
BRDA:74,2,0,0
BRDA:74,2,1,0
BRDA:94,3,0,0
BRDA:97,4,0,0
BRDA:98,5,0,0
BRDA:99,6,0,0
BRDA:100,7,0,0
BRDA:101,8,0,0
BRDA:102,9,0,0
BRDA:115,10,0,0
BRDA:115,10,1,0
BRDA:120,11,0,0
BRDA:120,11,1,0
BRDA:125,12,0,0
BRDA:125,12,1,0
BRDA:134,13,0,0
BRDA:134,13,1,0
BRDA:137,14,0,0
BRDA:137,14,1,0
BRDA:137,14,2,0
BRDA:152,15,0,0
BRDA:152,15,1,0
BRDA:160,16,0,0
BRDA:160,16,1,0
BRDA:218,17,0,0
BRDA:221,18,0,0
BRDA:222,19,0,0
BRDA:223,20,0,0
BRDA:224,21,0,0
BRDA:225,22,0,0
BRDA:226,23,0,0
BRDA:241,24,0,0
BRDA:241,24,1,0
BRDA:246,25,0,0
BRDA:246,25,1,0
BRDA:251,26,0,0
BRDA:251,26,1,0
BRDA:256,27,0,0
BRDA:256,27,1,0
BRDA:257,28,0,0
BRDA:257,28,1,0
BRDA:257,28,2,0
BRF:46
BRH:0
end_of_record
TN:
SF:src/api-gateway/routes/index.ts
FN:9,registerAllRoutes
FN:25,(anonymous_1)
FN:26,(anonymous_2)
FN:27,(anonymous_3)
FNF:4
FNH:0
FNDA:0,registerAllRoutes
FNDA:0,(anonymous_1)
FNDA:0,(anonymous_2)
FNDA:0,(anonymous_3)
DA:1,0
DA:2,0
DA:3,0
DA:4,0
DA:9,0
DA:11,0
DA:14,0
DA:17,0
DA:19,0
DA:25,0
DA:26,0
DA:27,0
LF:12
LH:0
BRF:0
BRH:0
end_of_record
TN:
SF:src/components/AuthModal.tsx
FN:31,(anonymous_9)
FN:41,(anonymous_10)
FN:47,(anonymous_11)
FN:56,(anonymous_12)
FN:61,(anonymous_13)
FN:92,(anonymous_14)
FNF:6
FNH:0
FNDA:0,(anonymous_9)
FNDA:0,(anonymous_10)
FNDA:0,(anonymous_11)
FNDA:0,(anonymous_12)
FNDA:0,(anonymous_13)
FNDA:0,(anonymous_14)
DA:1,0
DA:2,0
DA:3,0
DA:10,0
DA:19,0
DA:20,0
DA:21,0
DA:22,0
DA:23,0
DA:31,0
DA:36,0
DA:37,0
DA:38,0
DA:41,0
DA:42,0
DA:43,0
DA:47,0
DA:48,0
DA:52,0
DA:56,0
DA:61,0
DA:68,0
DA:69,0
DA:92,0
DA:101,0
LF:25
LH:0
BRDA:34,0,0,0
BRDA:42,1,0,0
BRDA:42,1,1,0
BRDA:53,2,0,0
BRDA:53,2,1,0
BRDA:68,3,0,0
BRDA:68,3,1,0
BRDA:74,4,0,0
BRDA:74,4,1,0
BRDA:82,5,0,0
BRDA:82,5,1,0
BRDA:106,6,0,0
BRDA:106,6,1,0
BRDA:109,7,0,0
BRDA:109,7,1,0
BRF:15
BRH:0
end_of_record
TN:
SF:src/components/AuthTest.tsx
FN:10,(anonymous_1)
FN:52,(anonymous_2)
FN:66,(anonymous_3)
FNF:3
FNH:0
FNDA:0,(anonymous_1)
FNDA:0,(anonymous_2)
FNDA:0,(anonymous_3)
DA:1,0
DA:2,0
DA:3,0
DA:4,0
DA:5,0
DA:10,0
DA:11,0
DA:12,0
DA:14,0
DA:15,0
DA:22,0
DA:52,0
DA:66,0
LF:13
LH:0
BRDA:14,0,0,0
BRDA:14,0,1,0
BRDA:38,1,0,0
BRDA:38,1,1,0
BRDA:43,2,0,0
BRDA:43,2,1,0
BRDA:43,3,0,0
BRDA:43,3,1,0
BRDA:44,4,0,0
BRDA:44,4,1,0
BRDA:44,5,0,0
BRDA:44,5,1,0
BRDA:45,6,0,0
BRDA:45,6,1,0
BRDA:45,7,0,0
BRDA:45,7,1,0
BRF:16
BRH:0
end_of_record
TN:
SF:src/components/FilterBar.tsx
FN:29,(anonymous_9)
FN:34,(anonymous_10)
FN:35,(anonymous_11)
FN:37,(anonymous_12)
FN:48,(anonymous_13)
FN:68,(anonymous_14)
FN:141,(anonymous_15)
FN:167,(anonymous_16)
FNF:8
FNH:0
FNDA:0,(anonymous_9)
FNDA:0,(anonymous_10)
FNDA:0,(anonymous_11)
FNDA:0,(anonymous_12)
FNDA:0,(anonymous_13)
FNDA:0,(anonymous_14)
FNDA:0,(anonymous_15)
FNDA:0,(anonymous_16)
DA:1,0
DA:2,0
DA:3,0
DA:4,0
DA:5,0
DA:6,0
DA:11,0
DA:12,0
DA:13,0
DA:29,0
DA:39,0
DA:40,0
DA:42,0
DA:48,0
DA:68,0
DA:141,0
DA:167,0
LF:17
LH:0
BRDA:32,0,0,0
BRDA:33,1,0,0
BRDA:34,2,0,0
BRDA:35,3,0,0
BRDA:36,4,0,0
BRDA:37,5,0,0
BRDA:49,6,0,0
BRDA:49,6,1,0
BRDA:64,7,0,0
BRDA:64,7,1,0
BRDA:83,8,0,0
BRDA:83,8,1,0
BRDA:102,9,0,0
BRDA:102,9,1,0
BRDA:121,10,0,0
BRDA:121,10,1,0
BRF:16
BRH:0
end_of_record
TN:
SF:src/components/Header.tsx
FN:14,(anonymous_9)
FN:20,(anonymous_10)
FN:24,(anonymous_11)
FN:32,(anonymous_12)
FN:58,(anonymous_13)
FN:69,(anonymous_14)
FN:80,(anonymous_15)
FN:171,(anonymous_16)
FN:182,(anonymous_17)
FN:193,(anonymous_18)
FNF:10
FNH:0
FNDA:0,(anonymous_9)
FNDA:0,(anonymous_10)
FNDA:0,(anonymous_11)
FNDA:0,(anonymous_12)
FNDA:0,(anonymous_13)
FNDA:0,(anonymous_14)
FNDA:0,(anonymous_15)
FNDA:0,(anonymous_16)
FNDA:0,(anonymous_17)
FNDA:0,(anonymous_18)
DA:1,0
DA:2,0
DA:3,0
DA:4,0
DA:5,0
DA:6,0
DA:14,0
DA:15,0
DA:16,0
DA:17,0
DA:18,0
DA:20,0
DA:21,0
DA:24,0
DA:25,0
DA:26,0
DA:28,0
DA:32,0
DA:33,0
DA:36,0
DA:58,0
DA:69,0
DA:80,0
DA:172,0
DA:173,0
DA:183,0
DA:184,0
DA:194,0
DA:195,0
LF:29
LH:0
BRDA:25,0,0,0
BRDA:25,0,1,0
BRDA:53,1,0,0
BRDA:53,1,1,0
BRDA:60,2,0,0
BRDA:60,2,1,0
BRDA:71,3,0,0
BRDA:71,3,1,0
BRDA:82,4,0,0
BRDA:82,4,1,0
BRDA:108,5,0,0
BRDA:108,5,1,0
BRDA:110,6,0,0
BRDA:110,6,1,0
BRDA:127,7,0,0
BRDA:127,7,1,0
BRDA:144,8,0,0
BRDA:144,8,1,0
BRDA:146,9,0,0
BRDA:146,9,1,0
BRDA:158,10,0,0
BRDA:158,10,1,0
BRDA:167,11,0,0
BRDA:167,11,1,0
BRDA:167,11,2,0
BRDA:176,12,0,0
BRDA:176,12,1,0
BRDA:187,13,0,0
BRDA:187,13,1,0
BRDA:198,14,0,0
BRDA:198,14,1,0
BRF:31
BRH:0
end_of_record
TN:
SF:src/components/LeaderboardRow.tsx
FN:21,(anonymous_0)
FN:28,(anonymous_1)
FN:32,(anonymous_2)
FN:36,(anonymous_3)
FNF:4
FNH:0
FNDA:0,(anonymous_0)
FNDA:0,(anonymous_1)
FNDA:0,(anonymous_2)
FNDA:0,(anonymous_3)
DA:2,0
DA:4,0
DA:21,0
DA:22,0
DA:23,0
DA:24,0
DA:25,0
DA:28,0
DA:29,0
DA:32,0
DA:33,0
DA:36,0
DA:50,0
DA:51,0
DA:54,0
LF:15
LH:0
BRDA:22,0,0,0
BRDA:22,0,1,0
BRDA:23,1,0,0
BRDA:23,1,1,0
BRDA:24,2,0,0
BRDA:24,2,1,0
BRDA:45,3,0,0
BRDA:46,4,0,0
BRDA:47,5,0,0
BRDA:48,6,0,0
BRDA:51,7,0,0
BRDA:51,7,1,0
BRDA:52,8,0,0
BRDA:52,8,1,0
BRDA:56,9,0,0
BRDA:56,9,1,0
BRDA:57,10,0,0
BRDA:57,10,1,0
BRDA:62,11,0,0
BRDA:62,11,1,0
BRDA:73,12,0,0
BRDA:73,12,1,0
BRDA:85,13,0,0
BRDA:85,13,1,0
BRDA:85,13,2,0
BRDA:99,14,0,0
BRDA:99,14,1,0
BRDA:117,15,0,0
BRDA:117,15,1,0
BRDA:126,16,0,0
BRDA:126,16,1,0
BRDA:132,17,0,0
BRDA:132,17,1,0
BRDA:147,18,0,0
BRDA:147,18,1,0
BRDA:152,19,0,0
BRDA:152,19,1,0
BRF:37
BRH:0
end_of_record
TN:
SF:src/components/LeaderboardTable.tsx
FN:26,(anonymous_9)
FN:35,(anonymous_10)
FN:39,(anonymous_11)
FN:82,(anonymous_12)
FN:85,(anonymous_13)
FNF:5
FNH:0
FNDA:0,(anonymous_9)
FNDA:0,(anonymous_10)
FNDA:0,(anonymous_11)
FNDA:0,(anonymous_12)
FNDA:0,(anonymous_13)
DA:1,0
DA:2,0
DA:3,0
DA:26,0
DA:31,0
DA:32,0
DA:35,0
DA:36,0
DA:39,0
DA:40,0
DA:43,0
DA:44,0
DA:54,0
DA:55,0
DA:64,0
DA:83,0
DA:85,0
LF:17
LH:0
BRDA:29,0,0,0
BRDA:43,1,0,0
BRDA:43,1,1,0
BRDA:54,2,0,0
BRDA:54,2,1,0
BRDA:67,3,0,0
BRDA:67,3,1,0
BRDA:69,4,0,0
BRDA:69,4,1,0
BRDA:71,5,0,0
BRDA:71,5,1,0
BRDA:88,6,0,0
BRDA:88,6,1,0
BRF:13
BRH:0
end_of_record
TN:
SF:src/components/LoginForm.tsx
FN:15,(anonymous_7)
FN:24,(anonymous_8)
FN:24,(anonymous_9)
FN:62,(anonymous_10)
FN:78,(anonymous_11)
FN:91,(anonymous_12)
FNF:6
FNH:0
FNDA:0,(anonymous_7)
FNDA:0,(anonymous_8)
FNDA:0,(anonymous_9)
FNDA:0,(anonymous_10)
FNDA:0,(anonymous_11)
FNDA:0,(anonymous_12)
DA:1,0
DA:2,0
DA:3,0
DA:4,0
DA:5,0
DA:6,0
DA:7,0
DA:8,0
DA:15,0
DA:19,0
DA:21,0
DA:22,0
DA:24,0
DA:25,0
DA:27,0
DA:28,0
DA:31,0
DA:33,0
DA:34,0
DA:38,0
DA:63,0
DA:64,0
DA:79,0
DA:81,0
DA:92,0
DA:93,0
LF:26
LH:0
BRDA:27,0,0,0
BRDA:27,0,1,0
BRDA:27,1,0,0
BRDA:27,1,1,0
BRDA:33,2,0,0
BRDA:33,2,1,0
BRDA:33,3,0,0
BRDA:33,3,1,0
BRDA:49,4,0,0
BRDA:49,4,1,0
BRDA:106,5,0,0
BRDA:106,5,1,0
BRF:12
BRH:0
end_of_record
TN:
SF:src/components/MyStatsModal.tsx
FN:69,(anonymous_9)
FN:73,(anonymous_10)
FN:77,(anonymous_11)
FN:95,(anonymous_12)
FN:104,(anonymous_13)
FN:117,(anonymous_14)
FN:437,(anonymous_15)
FNF:7
FNH:0
FNDA:0,(anonymous_9)
FNDA:0,(anonymous_10)
FNDA:0,(anonymous_11)
FNDA:0,(anonymous_12)
FNDA:0,(anonymous_13)
FNDA:0,(anonymous_14)
FNDA:0,(anonymous_15)
DA:1,0
DA:2,0
DA:3,0
DA:4,0
DA:11,0
DA:20,0
DA:21,0
DA:22,0
DA:23,0
DA:24,0
DA:69,0
DA:70,0
DA:73,0
DA:74,0
DA:77,0
DA:78,0
DA:79,0
DA:80,0
DA:81,0
DA:84,0
DA:86,0
DA:96,0
DA:104,0
DA:113,0
DA:114,0
DA:118,0
DA:119,0
DA:120,0
DA:128,0
DA:129,0
DA:150,0
DA:165,0
DA:167,0
DA:168,0
DA:171,0
DA:419,0
DA:420,0
DA:437,0
DA:446,0
LF:39
LH:0
BRDA:84,0,0,0
BRDA:84,0,1,0
BRDA:113,1,0,0
BRDA:113,1,1,0
BRDA:116,2,0,0
BRDA:116,2,1,0
BRDA:118,3,0,0
BRDA:118,3,1,0
BRDA:128,4,0,0
BRDA:128,4,1,0
BRDA:165,5,0,0
BRDA:165,5,1,0
BRDA:168,6,0,0
BRDA:168,6,1,0
BRDA:181,7,0,0
BRDA:181,7,1,0
BRDA:183,8,0,0
BRDA:183,8,1,0
BRDA:185,9,0,0
BRDA:185,9,1,0
BRDA:189,10,0,0
BRDA:189,10,1,0
BRDA:190,11,0,0
BRDA:190,11,1,0
BRDA:191,12,0,0
BRDA:191,12,1,0
BRDA:196,13,0,0
BRDA:196,13,1,0
BRDA:215,14,0,0
BRDA:215,14,1,0
BRDA:220,15,0,0
BRDA:220,15,1,0
BRDA:254,16,0,0
BRDA:254,16,1,0
BRDA:267,17,0,0
BRDA:267,17,1,0
BRDA:280,18,0,0
BRDA:280,18,1,0
BRDA:290,19,0,0
BRDA:290,19,1,0
BRDA:303,20,0,0
BRDA:303,20,1,0
BRDA:405,21,0,0
BRDA:405,21,1,0
BRDA:419,22,0,0
BRDA:419,22,1,0
BRF:46
BRH:0
end_of_record
TN:
SF:src/components/ProtectedRoute.tsx
FN:14,(anonymous_0)
FN:47,(anonymous_1)
FNF:2
FNH:0
FNDA:0,(anonymous_0)
FNDA:0,(anonymous_1)
DA:2,0
DA:3,0
DA:14,0
DA:18,0
DA:19,0
DA:22,0
DA:23,0
DA:31,0
DA:32,0
DA:36,0
DA:47,0
DA:51,0
DA:53,0
DA:54,0
DA:57,0
LF:15
LH:0
BRDA:16,0,0,0
BRDA:22,1,0,0
BRDA:22,1,1,0
BRDA:31,2,0,0
BRDA:31,2,1,0
BRDA:53,3,0,0
BRDA:53,3,1,0
BRDA:54,4,0,0
BRDA:54,4,1,0
BRF:9
BRH:0
end_of_record
TN:
SF:src/components/RegisterForm.tsx
FN:35,(anonymous_7)
FN:48,(anonymous_8)
FN:85,(anonymous_9)
FN:85,(anonymous_10)
FN:127,(anonymous_11)
FN:144,(anonymous_12)
FN:159,(anonymous_13)
FN:170,(anonymous_14)
FN:185,(anonymous_15)
FN:201,(anonymous_16)
FNF:10
FNH:0
FNDA:0,(anonymous_7)
FNDA:0,(anonymous_8)
FNDA:0,(anonymous_9)
FNDA:0,(anonymous_10)
FNDA:0,(anonymous_11)
FNDA:0,(anonymous_12)
FNDA:0,(anonymous_13)
FNDA:0,(anonymous_14)
FNDA:0,(anonymous_15)
FNDA:0,(anonymous_16)
DA:1,0
DA:2,0
DA:3,0
DA:4,0
DA:5,0
DA:6,0
DA:7,0
DA:8,0
DA:9,0
DA:12,0
DA:35,0
DA:39,0
DA:41,0
DA:42,0
DA:43,0
DA:44,0
DA:45,0
DA:46,0
DA:48,0
DA:50,0
DA:53,0
DA:54,0
DA:55,0
DA:59,0
DA:60,0
DA:61,0
DA:65,0
DA:66,0
DA:67,0
DA:71,0
DA:72,0
DA:73,0
DA:77,0
DA:78,0
DA:79,0
DA:82,0
DA:85,0
DA:86,0
DA:88,0
DA:89,0
DA:92,0
DA:99,0
DA:100,0
DA:104,0
DA:128,0
DA:129,0
DA:130,0
DA:145,0
DA:146,0
DA:147,0
DA:160,0
DA:161,0
DA:162,0
DA:171,0
DA:186,0
DA:187,0
DA:188,0
DA:202,0
DA:203,0
DA:204,0
LF:60
LH:0
BRDA:53,0,0,0
BRDA:53,0,1,0
BRDA:53,1,0,0
BRDA:53,1,1,0
BRDA:53,1,2,0
BRDA:53,1,3,0
BRDA:53,1,4,0
BRDA:59,2,0,0
BRDA:59,2,1,0
BRDA:65,3,0,0
BRDA:65,3,1,0
BRDA:71,4,0,0
BRDA:71,4,1,0
BRDA:77,5,0,0
BRDA:77,5,1,0
BRDA:88,6,0,0
BRDA:88,6,1,0
BRDA:99,7,0,0
BRDA:99,7,1,0
BRDA:99,8,0,0
BRDA:99,8,1,0
BRDA:115,9,0,0
BRDA:115,9,1,0
BRDA:115,9,2,0
BRDA:117,10,0,0
BRDA:117,10,1,0
BRDA:216,11,0,0
BRDA:216,11,1,0
BRF:28
BRH:0
end_of_record
TN:
SF:src/hooks/use-mobile.tsx
FN:5,useIsMobile
FN:8,(anonymous_10)
FN:10,(anonymous_11)
FN:15,(anonymous_12)
FNF:4
FNH:0
FNDA:0,useIsMobile
FNDA:0,(anonymous_10)
FNDA:0,(anonymous_11)
FNDA:0,(anonymous_12)
DA:1,0
DA:3,0
DA:5,0
DA:6,0
DA:8,0
DA:9,0
DA:10,0
DA:11,0
DA:13,0
DA:14,0
DA:15,0
DA:18,0
LF:12
LH:0
BRF:0
BRH:0
end_of_record
TN:
SF:src/hooks/use-toast.ts
FN:24,genId
FN:55,(anonymous_11)
FN:60,(anonymous_12)
FN:71,(anonymous_13)
FN:82,(anonymous_14)
FN:93,(anonymous_15)
FN:100,(anonymous_16)
FN:119,(anonymous_17)
FN:128,dispatch
FN:130,(anonymous_19)
FN:137,toast
FN:140,(anonymous_21)
FN:145,(anonymous_22)
FN:153,(anonymous_23)
FN:166,useToast
FN:169,(anonymous_25)
FN:171,(anonymous_26)
FN:182,(anonymous_27)
FNF:18
FNH:0
FNDA:0,genId
FNDA:0,(anonymous_11)
FNDA:0,(anonymous_12)
FNDA:0,(anonymous_13)
FNDA:0,(anonymous_14)
FNDA:0,(anonymous_15)
FNDA:0,(anonymous_16)
FNDA:0,(anonymous_17)
FNDA:0,dispatch
FNDA:0,(anonymous_19)
FNDA:0,toast
FNDA:0,(anonymous_21)
FNDA:0,(anonymous_22)
FNDA:0,(anonymous_23)
FNDA:0,useToast
FNDA:0,(anonymous_25)
FNDA:0,(anonymous_26)
FNDA:0,(anonymous_27)
DA:1,0
DA:5,0
DA:6,0
DA:15,0
DA:22,0
DA:25,0
DA:26,0
DA:53,0
DA:55,0
DA:56,0
DA:57,0
DA:60,0
DA:61,0
DA:62,0
DA:68,0
DA:71,0
DA:72,0
DA:74,0
DA:80,0
DA:82,0
DA:86,0
DA:90,0
DA:91,0
DA:93,0
DA:94,0
DA:98,0
DA:101,0
DA:111,0
DA:112,0
DA:117,0
DA:119,0
DA:124,0
DA:126,0
DA:129,0
DA:130,0
DA:131,0
DA:137,0
DA:138,0
DA:140,0
DA:141,0
DA:145,0
DA:147,0
DA:154,0
DA:159,0
DA:167,0
DA:169,0
DA:170,0
DA:171,0
DA:172,0
DA:173,0
DA:174,0
DA:179,0
DA:182,0
DA:186,0
LF:54
LH:0
BRDA:56,0,0,0
BRDA:56,0,1,0
BRDA:72,1,0,0
BRDA:72,1,1,0
BRDA:72,1,2,0
BRDA:72,1,3,0
BRDA:82,2,0,0
BRDA:82,2,1,0
BRDA:90,3,0,0
BRDA:90,3,1,0
BRDA:101,4,0,0
BRDA:101,4,1,0
BRDA:101,5,0,0
BRDA:101,5,1,0
BRDA:111,6,0,0
BRDA:111,6,1,0
BRDA:154,7,0,0
BRDA:154,7,1,0
BRDA:173,8,0,0
BRDA:173,8,1,0
BRF:20
BRH:0
end_of_record
TN:
SF:src/models/Leaderboard.ts
FN:32,(anonymous_0)
FN:41,(anonymous_1)
FN:53,(anonymous_2)
FNF:3
FNH:3
FNDA:1,(anonymous_0)
FNDA:1,(anonymous_1)
FNDA:1,(anonymous_2)
DA:32,1
DA:33,1
DA:34,1
DA:35,1
DA:41,1
DA:42,1
DA:43,1
DA:44,1
DA:45,1
DA:46,1
DA:47,1
DA:53,1
DA:54,1
DA:55,1
DA:56,1
DA:57,1
DA:58,1
DA:59,1
DA:60,1
LF:19
LH:19
BRDA:32,0,0,1
BRDA:32,0,1,1
BRDA:41,1,0,1
BRDA:41,1,1,1
BRDA:53,2,0,1
BRDA:53,2,1,1
BRF:6
BRH:6
end_of_record
TN:
SF:src/models/Match.ts
FN:41,(anonymous_0)
FN:52,(anonymous_1)
FN:62,(anonymous_2)
FNF:3
FNH:3
FNDA:1,(anonymous_0)
FNDA:1,(anonymous_1)
FNDA:1,(anonymous_2)
DA:41,1
DA:42,1
DA:43,1
DA:44,1
DA:45,1
DA:46,1
DA:52,1
DA:53,1
DA:54,1
DA:55,1
DA:56,1
DA:62,1
DA:63,1
DA:64,1
DA:65,1
DA:66,1
LF:16
LH:16
BRDA:41,0,0,1
BRDA:41,0,1,1
BRDA:52,1,0,1
BRDA:52,1,1,1
BRDA:62,2,0,1
BRDA:62,2,1,1
BRF:6
BRH:6
end_of_record
TN:
SF:src/models/Player.ts
FN:41,(anonymous_0)
FNF:1
FNH:1
FNDA:1,(anonymous_0)
DA:41,1
DA:42,1
DA:43,1
DA:44,1
LF:4
LH:4
BRDA:41,0,0,1
BRDA:41,0,1,1
BRF:2
BRH:2
end_of_record
TN:
SF:src/models/index.ts
FNF:0
FNH:0
DA:2,1
DA:3,1
DA:4,1
DA:5,1
LF:4
LH:4
BRF:0
BRH:0
end_of_record
TN:
SF:src/pages/AuthTestPage.tsx
FN:9,(anonymous_1)
FN:18,(anonymous_2)
FNF:2
FNH:0
FNDA:0,(anonymous_1)
FNDA:0,(anonymous_2)
DA:1,0
DA:2,0
DA:3,0
DA:4,0
DA:9,0
DA:10,0
DA:11,0
DA:13,0
DA:18,0
DA:67,0
LF:10
LH:0
BRF:0
BRH:0
end_of_record
TN:
SF:src/pages/Index.tsx
FN:181,(anonymous_9)
FN:195,(anonymous_10)
FN:225,(anonymous_11)
FN:228,(anonymous_12)
FNF:4
FNH:0
FNDA:0,(anonymous_9)
FNDA:0,(anonymous_10)
FNDA:0,(anonymous_11)
FNDA:0,(anonymous_12)
DA:1,0
DA:2,0
DA:3,0
DA:4,0
DA:5,0
DA:6,0
DA:9,0
DA:155,0
DA:181,0
DA:182,0
DA:183,0
DA:184,0
DA:185,0
DA:186,0
DA:187,0
DA:188,0
DA:190,0
DA:195,0
DA:226,0
DA:228,0
DA:275,0
LF:21
LH:0
BRDA:200,0,0,0
BRDA:200,0,1,0
BRDA:216,1,0,0
BRDA:216,1,1,0
BRDA:216,1,2,0
BRF:5
BRH:0
end_of_record
TN:
SF:src/pages/NotFound.tsx
FN:4,(anonymous_0)
FN:7,(anonymous_1)
FNF:2
FNH:0
FNDA:0,(anonymous_0)
FNDA:0,(anonymous_1)
DA:1,0
DA:2,0
DA:4,0
DA:5,0
DA:7,0
DA:8,0
DA:11,0
DA:24,0
LF:8
LH:0
BRF:0
BRH:0
end_of_record
TN:
SF:src/services/ApiGatewayAdapter.ts
FN:13,getAuthHeaders
FN:23,(anonymous_8)
FN:39,(anonymous_10)
FN:55,(anonymous_12)
FN:70,(anonymous_14)
FN:90,(anonymous_16)
FN:105,(anonymous_18)
FN:120,(anonymous_20)
FN:137,(anonymous_22)
FN:154,(anonymous_24)
FN:171,(anonymous_26)
FN:187,(anonymous_28)
FN:202,(anonymous_30)
FN:217,(anonymous_32)
FN:237,(anonymous_34)
FN:252,(anonymous_36)
FN:267,(anonymous_38)
FN:282,(anonymous_40)
FN:297,(anonymous_42)
FN:312,(anonymous_44)
FN:312,(anonymous_45)
FN:329,(anonymous_46)
FN:345,(anonymous_48)
FN:361,(anonymous_50)
FN:376,(anonymous_52)
FN:396,(anonymous_54)
FN:417,(anonymous_56)
FN:432,(anonymous_58)
FN:447,(anonymous_60)
FN:462,(anonymous_62)
FN:477,(anonymous_64)
FN:492,(anonymous_66)
FN:492,(anonymous_67)
FN:509,(anonymous_68)
FN:524,(anonymous_70)
FN:539,(anonymous_72)
FN:554,(anonymous_74)
FN:569,(anonymous_76)
FN:599,(anonymous_78)
FN:600,(anonymous_79)
FN:601,(anonymous_80)
FNF:41
FNH:8
FNDA:9,getAuthHeaders
FNDA:2,(anonymous_8)
FNDA:1,(anonymous_10)
FNDA:1,(anonymous_12)
FNDA:2,(anonymous_14)
FNDA:2,(anonymous_16)
FNDA:0,(anonymous_18)
FNDA:0,(anonymous_20)
FNDA:0,(anonymous_22)
FNDA:0,(anonymous_24)
FNDA:0,(anonymous_26)
FNDA:0,(anonymous_28)
FNDA:0,(anonymous_30)
FNDA:0,(anonymous_32)
FNDA:2,(anonymous_34)
FNDA:0,(anonymous_36)
FNDA:0,(anonymous_38)
FNDA:0,(anonymous_40)
FNDA:0,(anonymous_42)
FNDA:0,(anonymous_44)
FNDA:0,(anonymous_45)
FNDA:0,(anonymous_46)
FNDA:0,(anonymous_48)
FNDA:0,(anonymous_50)
FNDA:0,(anonymous_52)
FNDA:0,(anonymous_54)
FNDA:2,(anonymous_56)
FNDA:0,(anonymous_58)
FNDA:0,(anonymous_60)
FNDA:0,(anonymous_62)
FNDA:0,(anonymous_64)
FNDA:0,(anonymous_66)
FNDA:0,(anonymous_67)
FNDA:0,(anonymous_68)
FNDA:0,(anonymous_70)
FNDA:0,(anonymous_72)
FNDA:0,(anonymous_74)
FNDA:0,(anonymous_76)
FNDA:0,(anonymous_78)
FNDA:0,(anonymous_79)
FNDA:0,(anonymous_80)
DA:1,1
DA:14,9
DA:15,9
DA:21,1
DA:24,2
DA:32,2
DA:33,1
DA:36,1
DA:40,1
DA:48,1
DA:49,0
DA:52,1
DA:56,1
DA:63,1
DA:64,0
DA:67,1
DA:71,2
DA:72,2
DA:79,1
DA:80,0
DA:83,1
DA:85,1
DA:91,2
DA:98,2
DA:99,0
DA:102,2
DA:106,0
DA:113,0
DA:114,0
DA:117,0
DA:121,0
DA:130,0
DA:131,0
DA:134,0
DA:138,0
DA:147,0
DA:148,0
DA:151,0
DA:155,0
DA:163,0
DA:164,0
DA:167,0
DA:172,0
DA:179,0
DA:180,0
DA:183,0
DA:188,0
DA:195,0
DA:196,0
DA:199,0
DA:203,0
DA:210,0
DA:211,0
DA:214,0
DA:218,0
DA:225,0
DA:226,0
DA:229,0
DA:236,1
DA:238,2
DA:245,2
DA:246,0
DA:249,2
DA:253,0
DA:260,0
DA:261,0
DA:264,0
DA:268,0
DA:275,0
DA:276,0
DA:279,0
DA:283,0
DA:290,0
DA:291,0
DA:294,0
DA:298,0
DA:305,0
DA:306,0
DA:309,0
DA:312,0
DA:313,0
DA:322,0
DA:323,0
DA:326,0
DA:330,0
DA:338,0
DA:339,0
DA:342,0
DA:346,0
DA:354,0
DA:355,0
DA:358,0
DA:362,0
DA:369,0
DA:370,0
DA:373,0
DA:381,0
DA:389,0
DA:390,0
DA:393,0
DA:397,0
DA:405,0
DA:406,0
DA:409,0
DA:416,1
DA:418,2
DA:425,2
DA:426,0
DA:429,2
DA:433,0
DA:440,0
DA:441,0
DA:444,0
DA:448,0
DA:455,0
DA:456,0
DA:459,0
DA:463,0
DA:470,0
DA:471,0
DA:474,0
DA:478,0
DA:485,0
DA:486,0
DA:489,0
DA:492,0
DA:493,0
DA:502,0
DA:503,0
DA:506,0
DA:510,0
DA:517,0
DA:518,0
DA:521,0
DA:525,0
DA:532,0
DA:533,0
DA:536,0
DA:540,0
DA:547,0
DA:548,0
DA:551,0
DA:555,0
DA:562,0
DA:563,0
DA:566,0
DA:580,0
DA:589,0
DA:590,0
DA:593,0
DA:598,1
DA:599,0
DA:600,0
DA:601,0
LF:154
LH:31
BRDA:15,0,0,9
BRDA:15,0,1,0
BRDA:32,1,0,1
BRDA:32,1,1,1
BRDA:32,2,0,2
BRDA:32,2,1,1
BRDA:33,3,0,1
BRDA:33,3,1,0
BRDA:48,4,0,0
BRDA:48,4,1,1
BRDA:48,5,0,1
BRDA:48,5,1,1
BRDA:49,6,0,0
BRDA:49,6,1,0
BRDA:63,7,0,0
BRDA:63,7,1,1
BRDA:63,8,0,1
BRDA:63,8,1,1
BRDA:64,9,0,0
BRDA:64,9,1,0
BRDA:79,10,0,0
BRDA:79,10,1,1
BRDA:79,11,0,1
BRDA:79,11,1,1
BRDA:98,12,0,0
BRDA:98,12,1,2
BRDA:98,13,0,2
BRDA:98,13,1,2
BRDA:99,14,0,0
BRDA:99,14,1,0
BRDA:113,15,0,0
BRDA:113,15,1,0
BRDA:113,16,0,0
BRDA:113,16,1,0
BRDA:114,17,0,0
BRDA:114,17,1,0
BRDA:130,18,0,0
BRDA:130,18,1,0
BRDA:130,19,0,0
BRDA:130,19,1,0
BRDA:131,20,0,0
BRDA:131,20,1,0
BRDA:147,21,0,0
BRDA:147,21,1,0
BRDA:147,22,0,0
BRDA:147,22,1,0
BRDA:148,23,0,0
BRDA:148,23,1,0
BRDA:163,24,0,0
BRDA:163,24,1,0
BRDA:163,25,0,0
BRDA:163,25,1,0
BRDA:164,26,0,0
BRDA:164,26,1,0
BRDA:179,27,0,0
BRDA:179,27,1,0
BRDA:179,28,0,0
BRDA:179,28,1,0
BRDA:180,29,0,0
BRDA:180,29,1,0
BRDA:195,30,0,0
BRDA:195,30,1,0
BRDA:195,31,0,0
BRDA:195,31,1,0
BRDA:196,32,0,0
BRDA:196,32,1,0
BRDA:210,33,0,0
BRDA:210,33,1,0
BRDA:210,34,0,0
BRDA:210,34,1,0
BRDA:211,35,0,0
BRDA:211,35,1,0
BRDA:225,36,0,0
BRDA:225,36,1,0
BRDA:225,37,0,0
BRDA:225,37,1,0
BRDA:226,38,0,0
BRDA:226,38,1,0
BRDA:245,39,0,0
BRDA:245,39,1,2
BRDA:245,40,0,2
BRDA:245,40,1,2
BRDA:246,41,0,0
BRDA:246,41,1,0
BRDA:260,42,0,0
BRDA:260,42,1,0
BRDA:260,43,0,0
BRDA:260,43,1,0
BRDA:261,44,0,0
BRDA:261,44,1,0
BRDA:275,45,0,0
BRDA:275,45,1,0
BRDA:275,46,0,0
BRDA:275,46,1,0
BRDA:276,47,0,0
BRDA:276,47,1,0
BRDA:290,48,0,0
BRDA:290,48,1,0
BRDA:290,49,0,0
BRDA:290,49,1,0
BRDA:291,50,0,0
BRDA:291,50,1,0
BRDA:305,51,0,0
BRDA:305,51,1,0
BRDA:305,52,0,0
BRDA:305,52,1,0
BRDA:306,53,0,0
BRDA:306,53,1,0
BRDA:312,54,0,0
BRDA:322,55,0,0
BRDA:322,55,1,0
BRDA:322,56,0,0
BRDA:322,56,1,0
BRDA:323,57,0,0
BRDA:323,57,1,0
BRDA:338,58,0,0
BRDA:338,58,1,0
BRDA:338,59,0,0
BRDA:338,59,1,0
BRDA:339,60,0,0
BRDA:339,60,1,0
BRDA:354,61,0,0
BRDA:354,61,1,0
BRDA:354,62,0,0
BRDA:354,62,1,0
BRDA:355,63,0,0
BRDA:355,63,1,0
BRDA:369,64,0,0
BRDA:369,64,1,0
BRDA:369,65,0,0
BRDA:369,65,1,0
BRDA:370,66,0,0
BRDA:370,66,1,0
BRDA:389,67,0,0
BRDA:389,67,1,0
BRDA:389,68,0,0
BRDA:389,68,1,0
BRDA:390,69,0,0
BRDA:390,69,1,0
BRDA:405,70,0,0
BRDA:405,70,1,0
BRDA:405,71,0,0
BRDA:405,71,1,0
BRDA:406,72,0,0
BRDA:406,72,1,0
BRDA:425,73,0,0
BRDA:425,73,1,2
BRDA:425,74,0,2
BRDA:425,74,1,2
BRDA:426,75,0,0
BRDA:426,75,1,0
BRDA:440,76,0,0
BRDA:440,76,1,0
BRDA:440,77,0,0
BRDA:440,77,1,0
BRDA:441,78,0,0
BRDA:441,78,1,0
BRDA:455,79,0,0
BRDA:455,79,1,0
BRDA:455,80,0,0
BRDA:455,80,1,0
BRDA:456,81,0,0
BRDA:456,81,1,0
BRDA:470,82,0,0
BRDA:470,82,1,0
BRDA:470,83,0,0
BRDA:470,83,1,0
BRDA:471,84,0,0
BRDA:471,84,1,0
BRDA:485,85,0,0
BRDA:485,85,1,0
BRDA:485,86,0,0
BRDA:485,86,1,0
BRDA:486,87,0,0
BRDA:486,87,1,0
BRDA:492,88,0,0
BRDA:502,89,0,0
BRDA:502,89,1,0
BRDA:502,90,0,0
BRDA:502,90,1,0
BRDA:503,91,0,0
BRDA:503,91,1,0
BRDA:517,92,0,0
BRDA:517,92,1,0
BRDA:517,93,0,0
BRDA:517,93,1,0
BRDA:518,94,0,0
BRDA:518,94,1,0
BRDA:532,95,0,0
BRDA:532,95,1,0
BRDA:532,96,0,0
BRDA:532,96,1,0
BRDA:533,97,0,0
BRDA:533,97,1,0
BRDA:547,98,0,0
BRDA:547,98,1,0
BRDA:547,99,0,0
BRDA:547,99,1,0
BRDA:548,100,0,0
BRDA:548,100,1,0
BRDA:562,101,0,0
BRDA:562,101,1,0
BRDA:562,102,0,0
BRDA:562,102,1,0
BRDA:563,103,0,0
BRDA:563,103,1,0
BRDA:589,104,0,0
BRDA:589,104,1,0
BRDA:589,105,0,0
BRDA:589,105,1,0
BRDA:590,106,0,0
BRDA:590,106,1,0
BRF:212
BRH:24
end_of_record
TN:
SF:src/services/LeaderboardService.ts
FN:61,(anonymous_17)
FN:68,(anonymous_18)
FN:86,(anonymous_20)
FN:142,(anonymous_22)
FN:179,(anonymous_24)
FN:203,(anonymous_26)
FN:204,(anonymous_27)
FN:258,(anonymous_28)
FN:259,(anonymous_29)
FN:309,(anonymous_30)
FN:310,(anonymous_31)
FN:327,(anonymous_32)
FN:360,(anonymous_34)
FN:374,(anonymous_35)
FN:394,(anonymous_37)
FN:409,(anonymous_39)
FN:437,(anonymous_40)
FN:438,(anonymous_41)
FN:487,(anonymous_42)
FN:488,(anonymous_43)
FN:508,(anonymous_44)
FNF:21
FNH:0
FNDA:0,(anonymous_17)
FNDA:0,(anonymous_18)
FNDA:0,(anonymous_20)
FNDA:0,(anonymous_22)
FNDA:0,(anonymous_24)
FNDA:0,(anonymous_26)
FNDA:0,(anonymous_27)
FNDA:0,(anonymous_28)
FNDA:0,(anonymous_29)
FNDA:0,(anonymous_30)
FNDA:0,(anonymous_31)
FNDA:0,(anonymous_32)
FNDA:0,(anonymous_34)
FNDA:0,(anonymous_35)
FNDA:0,(anonymous_37)
FNDA:0,(anonymous_39)
FNDA:0,(anonymous_40)
FNDA:0,(anonymous_41)
FNDA:0,(anonymous_42)
FNDA:0,(anonymous_43)
FNDA:0,(anonymous_44)
DA:14,0
DA:15,0
DA:16,0
DA:57,0
DA:58,0
DA:59,0
DA:62,0
DA:69,0
DA:70,0
DA:71,0
DA:72,0
DA:74,0
DA:75,0
DA:76,0
DA:99,0
DA:102,0
DA:103,0
DA:106,0
DA:107,0
DA:110,0
DA:111,0
DA:112,0
DA:113,0
DA:116,0
DA:119,0
DA:124,0
DA:134,0
DA:136,0
DA:149,0
DA:151,0
DA:184,0
DA:186,0
DA:204,0
DA:209,0
DA:210,0
DA:213,0
DA:214,0
DA:216,0
DA:217,0
DA:220,0
DA:245,0
DA:246,0
DA:248,0
DA:259,0
DA:263,0
DA:264,0
DA:266,0
DA:267,0
DA:270,0
DA:284,0
DA:285,0
DA:288,0
DA:290,0
DA:297,0
DA:299,0
DA:310,0
DA:314,0
DA:315,0
DA:318,0
DA:328,0
DA:329,0
DA:332,0
DA:334,0
DA:335,0
DA:337,0
DA:338,0
DA:339,0
DA:343,0
DA:344,0
DA:345,0
DA:347,0
DA:348,0
DA:349,0
DA:353,0
DA:367,0
DA:368,0
DA:375,0
DA:376,0
DA:379,0
DA:380,0
DA:381,0
DA:382,0
DA:385,0
DA:388,0
DA:395,0
DA:396,0
DA:399,0
DA:400,0
DA:402,0
DA:410,0
DA:438,0
DA:449,0
DA:451,0
DA:476,0
DA:478,0
DA:479,0
DA:488,0
DA:491,0
DA:493,0
DA:508,0
DA:509,0
DA:510,0
DA:511,0
DA:513,0
DA:524,0
DA:527,0
DA:529,0
DA:531,0
DA:532,0
DA:538,0
LF:110
LH:0
BRDA:94,0,0,0
BRDA:95,1,0,0
BRDA:96,2,0,0
BRDA:97,3,0,0
BRDA:98,4,0,0
BRDA:102,5,0,0
BRDA:102,5,1,0
BRDA:102,6,0,0
BRDA:102,6,1,0
BRDA:102,6,2,0
BRDA:111,7,0,0
BRDA:111,7,1,0
BRDA:155,8,0,0
BRDA:155,8,1,0
BRDA:190,9,0,0
BRDA:190,9,1,0
BRDA:206,10,0,0
BRDA:207,11,0,0
BRDA:209,12,0,0
BRDA:209,12,1,0
BRDA:209,13,0,0
BRDA:209,13,1,0
BRDA:216,14,0,0
BRDA:216,14,1,0
BRDA:260,15,0,0
BRDA:261,16,0,0
BRDA:266,17,0,0
BRDA:266,17,1,0
BRDA:284,18,0,0
BRDA:284,18,1,0
BRDA:310,19,0,0
BRDA:311,20,0,0
BRDA:312,21,0,0
BRDA:314,22,0,0
BRDA:314,22,1,0
BRDA:314,23,0,0
BRDA:314,23,1,0
BRDA:328,24,0,0
BRDA:328,24,1,0
BRDA:328,25,0,0
BRDA:328,25,1,0
BRDA:337,26,0,0
BRDA:337,26,1,0
BRDA:343,27,0,0
BRDA:343,27,1,0
BRDA:347,28,0,0
BRDA:347,28,1,0
BRDA:375,29,0,0
BRDA:375,29,1,0
BRDA:375,30,0,0
BRDA:375,30,1,0
BRDA:381,31,0,0
BRDA:381,31,1,0
BRDA:395,32,0,0
BRDA:395,32,1,0
BRDA:395,33,0,0
BRDA:395,33,1,0
BRDA:446,34,0,0
BRDA:447,35,0,0
BRDA:469,36,0,0
BRDA:469,36,1,0
BRDA:469,37,0,0
BRDA:469,37,1,0
BRDA:470,38,0,0
BRDA:470,38,1,0
BRDA:488,39,0,0
BRDA:489,40,0,0
BRF:67
BRH:0
end_of_record
TN:
SF:src/services/database.ts
FN:53,getDatabaseConfig
FN:67,createPrismaClient
FN:103,initializeDatabase
FN:104,(anonymous_10)
FN:135,(anonymous_11)
FN:141,(anonymous_12)
FN:154,setupEventListeners
FN:157,(anonymous_14)
FN:165,(anonymous_15)
FN:170,(anonymous_16)
FN:179,getPrismaClient
FN:190,closeDatabase
FN:211,healthCheck
FN:260,withTransaction
FN:261,(anonymous_23)
FN:269,(anonymous_24)
FN:269,(anonymous_25)
FN:281,(anonymous_26)
FN:296,executeRawQuery
FN:314,getConnectionMetrics
FN:332,(anonymous_30)
FN:332,(anonymous_31)
FN:338,(anonymous_32)
FN:338,(anonymous_33)
FNF:24
FNH:0
FNDA:0,getDatabaseConfig
FNDA:0,createPrismaClient
FNDA:0,initializeDatabase
FNDA:0,(anonymous_10)
FNDA:0,(anonymous_11)
FNDA:0,(anonymous_12)
FNDA:0,setupEventListeners
FNDA:0,(anonymous_14)
FNDA:0,(anonymous_15)
FNDA:0,(anonymous_16)
FNDA:0,getPrismaClient
FNDA:0,closeDatabase
FNDA:0,healthCheck
FNDA:0,withTransaction
FNDA:0,(anonymous_23)
FNDA:0,(anonymous_24)
FNDA:0,(anonymous_25)
FNDA:0,(anonymous_26)
FNDA:0,executeRawQuery
FNDA:0,getConnectionMetrics
FNDA:0,(anonymous_30)
FNDA:0,(anonymous_31)
FNDA:0,(anonymous_32)
FNDA:0,(anonymous_33)
DA:6,0
DA:9,0
DA:10,0
DA:11,0
DA:12,0
DA:13,0
DA:14,0
DA:15,0
DA:21,0
DA:54,0
DA:68,0
DA:70,0
DA:103,0
DA:104,0
DA:107,0
DA:108,0
DA:109,0
DA:112,0
DA:114,0
DA:115,0
DA:116,0
DA:118,0
DA:121,0
DA:124,0
DA:126,0
DA:127,0
DA:129,0
DA:131,0
DA:132,0
DA:134,0
DA:135,0
DA:136,0
DA:139,0
DA:140,0
DA:141,0
DA:146,0
DA:156,0
DA:157,0
DA:158,0
DA:159,0
DA:160,0
DA:165,0
DA:166,0
DA:170,0
DA:171,0
DA:179,0
DA:180,0
DA:181,0
DA:183,0
DA:190,0
DA:191,0
DA:192,0
DA:193,0
DA:196,0
DA:197,0
DA:198,0
DA:199,0
DA:200,0
DA:202,0
DA:203,0
DA:211,0
DA:212,0
DA:214,0
DA:215,0
DA:226,0
DA:228,0
DA:230,0
DA:232,0
DA:241,0
DA:243,0
DA:260,0
DA:261,0
DA:264,0
DA:265,0
DA:267,0
DA:268,0
DA:269,0
DA:270,0
DA:275,0
DA:276,0
DA:278,0
DA:279,0
DA:280,0
DA:281,0
DA:286,0
DA:296,0
DA:300,0
DA:302,0
DA:303,0
DA:304,0
DA:306,0
DA:307,0
DA:314,0
DA:315,0
DA:328,0
DA:331,0
DA:332,0
DA:333,0
DA:334,0
DA:335,0
DA:338,0
DA:339,0
DA:340,0
DA:341,0
LF:104
LH:0
BRDA:9,0,0,0
BRDA:9,0,1,0
BRDA:10,1,0,0
BRDA:10,1,1,0
BRDA:11,2,0,0
BRDA:11,2,1,0
BRDA:12,3,0,0
BRDA:12,3,1,0
BRDA:13,4,0,0
BRDA:13,4,1,0
BRDA:14,5,0,0
BRDA:14,5,1,0
BRDA:15,6,0,0
BRDA:15,6,1,0
BRDA:60,7,0,0
BRDA:60,7,1,0
BRDA:94,8,0,0
BRDA:94,8,1,0
BRDA:104,9,0,0
BRDA:105,10,0,0
BRDA:107,11,0,0
BRDA:107,11,1,0
BRDA:134,12,0,0
BRDA:134,12,1,0
BRDA:139,13,0,0
BRDA:139,13,1,0
BRDA:147,14,0,0
BRDA:147,14,1,0
BRDA:147,15,0,0
BRDA:147,15,1,0
BRDA:156,16,0,0
BRDA:156,16,1,0
BRDA:180,17,0,0
BRDA:180,17,1,0
BRDA:191,18,0,0
BRDA:191,18,1,0
BRDA:214,19,0,0
BRDA:214,19,1,0
BRDA:262,20,0,0
BRDA:278,21,0,0
BRDA:278,21,1,0
BRDA:287,22,0,0
BRDA:287,22,1,0
BRDA:287,23,0,0
BRDA:287,23,1,0
BRDA:331,24,0,0
BRDA:331,24,1,0
BRF:47
BRH:0
end_of_record
TN:
SF:src/services/healthCheck.ts
FN:41,checkSystemHealth
FN:104,isSystemReady
FN:112,isSystemAlive
FN:120,formatHealthStatus
FN:135,(anonymous_14)
FN:141,createHealthCheckHandler
FN:142,(anonymous_16)
FN:142,(anonymous_17)
FN:165,createReadinessHandler
FN:166,(anonymous_19)
FN:166,(anonymous_20)
FN:186,createLivenessHandler
FN:187,(anonymous_22)
FN:187,(anonymous_23)
FNF:14
FNH:0
FNDA:0,checkSystemHealth
FNDA:0,isSystemReady
FNDA:0,isSystemAlive
FNDA:0,formatHealthStatus
FNDA:0,(anonymous_14)
FNDA:0,createHealthCheckHandler
FNDA:0,(anonymous_16)
FNDA:0,(anonymous_17)
FNDA:0,createReadinessHandler
FNDA:0,(anonymous_19)
FNDA:0,(anonymous_20)
FNDA:0,createLivenessHandler
FNDA:0,(anonymous_22)
FNDA:0,(anonymous_23)
DA:6,0
DA:7,0
DA:41,0
DA:42,0
DA:45,0
DA:51,0
DA:60,0
DA:69,0
DA:70,0
DA:82,0
DA:83,0
DA:84,0
DA:85,0
DA:87,0
DA:90,0
DA:104,0
DA:105,0
DA:106,0
DA:112,0
DA:113,0
DA:114,0
DA:120,0
DA:121,0
DA:135,0
DA:141,0
DA:142,0
DA:143,0
DA:144,0
DA:147,0
DA:151,0
DA:153,0
DA:165,0
DA:166,0
DA:167,0
DA:168,0
DA:169,0
DA:174,0
DA:186,0
DA:187,0
DA:188,0
DA:189,0
DA:190,0
DA:195,0
LF:43
LH:0
BRDA:52,0,0,0
BRDA:52,0,1,0
BRDA:52,1,0,0
BRDA:52,1,1,0
BRDA:55,2,0,0
BRDA:55,2,1,0
BRDA:56,3,0,0
BRDA:56,3,1,0
BRDA:56,4,0,0
BRDA:56,4,1,0
BRDA:56,5,0,0
BRDA:56,5,1,0
BRDA:61,6,0,0
BRDA:61,6,1,0
BRDA:61,7,0,0
BRDA:61,7,1,0
BRDA:64,8,0,0
BRDA:64,8,1,0
BRDA:65,9,0,0
BRDA:65,9,1,0
BRDA:65,10,0,0
BRDA:65,10,1,0
BRDA:65,11,0,0
BRDA:65,11,1,0
BRDA:82,12,0,0
BRDA:82,12,1,0
BRDA:82,13,0,0
BRDA:82,13,1,0
BRDA:84,14,0,0
BRDA:84,14,1,0
BRDA:84,15,0,0
BRDA:84,15,1,0
BRDA:106,16,0,0
BRDA:106,16,1,0
BRDA:127,17,0,0
BRDA:127,17,1,0
BRDA:129,18,0,0
BRDA:129,18,1,0
BRDA:147,19,0,0
BRDA:147,19,1,0
BRDA:148,20,0,0
BRDA:148,20,1,0
BRDA:169,21,0,0
BRDA:169,21,1,0
BRDA:190,22,0,0
BRDA:190,22,1,0
BRF:46
BRH:0
end_of_record
TN:
SF:src/services/index.ts
FN:17,(anonymous_4)
FN:18,(anonymous_5)
FN:19,(anonymous_6)
FN:20,(anonymous_7)
FN:21,(anonymous_8)
FN:22,(anonymous_9)
FN:23,(anonymous_10)
FN:27,(anonymous_11)
FN:28,(anonymous_12)
FN:29,(anonymous_13)
FN:30,(anonymous_14)
FN:31,(anonymous_15)
FN:32,(anonymous_16)
FN:33,(anonymous_17)
FN:34,(anonymous_18)
FN:35,(anonymous_19)
FN:36,(anonymous_20)
FN:37,(anonymous_21)
FN:38,(anonymous_22)
FN:39,(anonymous_23)
FN:40,(anonymous_24)
FN:41,(anonymous_25)
FN:42,(anonymous_26)
FN:47,(anonymous_27)
FN:48,(anonymous_28)
FN:49,(anonymous_29)
FN:50,(anonymous_30)
FN:51,(anonymous_31)
FN:52,(anonymous_32)
FN:53,(anonymous_33)
FNF:30
FNH:0
FNDA:0,(anonymous_4)
FNDA:0,(anonymous_5)
FNDA:0,(anonymous_6)
FNDA:0,(anonymous_7)
FNDA:0,(anonymous_8)
FNDA:0,(anonymous_9)
FNDA:0,(anonymous_10)
FNDA:0,(anonymous_11)
FNDA:0,(anonymous_12)
FNDA:0,(anonymous_13)
FNDA:0,(anonymous_14)
FNDA:0,(anonymous_15)
FNDA:0,(anonymous_16)
FNDA:0,(anonymous_17)
FNDA:0,(anonymous_18)
FNDA:0,(anonymous_19)
FNDA:0,(anonymous_20)
FNDA:0,(anonymous_21)
FNDA:0,(anonymous_22)
FNDA:0,(anonymous_23)
FNDA:0,(anonymous_24)
FNDA:0,(anonymous_25)
FNDA:0,(anonymous_26)
FNDA:0,(anonymous_27)
FNDA:0,(anonymous_28)
FNDA:0,(anonymous_29)
FNDA:0,(anonymous_30)
FNDA:0,(anonymous_31)
FNDA:0,(anonymous_32)
FNDA:0,(anonymous_33)
DA:4,0
DA:5,0
DA:6,0
DA:9,0
DA:12,0
DA:13,0
DA:16,0
DA:17,0
DA:18,0
DA:19,0
DA:20,0
DA:21,0
DA:22,0
DA:23,0
DA:26,0
DA:27,0
DA:28,0
DA:29,0
DA:30,0
DA:31,0
DA:32,0
DA:33,0
DA:34,0
DA:35,0
DA:36,0
DA:37,0
DA:38,0
DA:39,0
DA:40,0
DA:41,0
DA:42,0
DA:46,0
DA:47,0
DA:48,0
DA:49,0
DA:50,0
DA:51,0
DA:52,0
DA:53,0
LF:39
LH:0
BRF:0
BRH:0
end_of_record
TN:
SF:src/types/index.ts
FNF:0
FNH:0
DA:2,0
DA:3,0
LF:2
LH:0
BRF:0
BRH:0
end_of_record
TN:
SF:src/utils/index.ts
FNF:0
FNH:0
DA:2,0
DA:3,0
DA:4,0
DA:5,0
LF:4
LH:0
BRF:0
BRH:0
end_of_record
TN:
SF:src/utils/leaderboardUtils.ts
FN:15,filterByTimePeriod
FN:50,(anonymous_1)
FN:59,filterByCountry
FN:63,(anonymous_3)
FN:71,filterFriendsOnly
FN:74,(anonymous_5)
FN:83,applyFilters
FN:111,sortEntries
FN:118,(anonymous_8)
FN:164,paginateEntries
FN:179,getPlayerRank
FN:183,(anonymous_11)
FN:193,getPlayerPercentile
FN:210,getNearbyPlayers
FN:215,(anonymous_14)
FN:229,calculateDerivedStats
FN:260,formatScope
FN:281,formatTimePeriod
FN:311,formatSortCriterion
FNF:19
FNH:0
FNDA:0,filterByTimePeriod
FNDA:0,(anonymous_1)
FNDA:0,filterByCountry
FNDA:0,(anonymous_3)
FNDA:0,filterFriendsOnly
FNDA:0,(anonymous_5)
FNDA:0,applyFilters
FNDA:0,sortEntries
FNDA:0,(anonymous_8)
FNDA:0,paginateEntries
FNDA:0,getPlayerRank
FNDA:0,(anonymous_11)
FNDA:0,getPlayerPercentile
FNDA:0,getNearbyPlayers
FNDA:0,(anonymous_14)
FNDA:0,calculateDerivedStats
FNDA:0,formatScope
FNDA:0,formatTimePeriod
FNDA:0,formatSortCriterion
DA:1,0
DA:15,0
DA:19,0
DA:22,0
DA:25,0
DA:28,0
DA:29,0
DA:32,0
DA:33,0
DA:36,0
DA:37,0
DA:38,0
DA:39,0
DA:42,0
DA:43,0
DA:47,0
DA:50,0
DA:59,0
DA:63,0
DA:71,0
DA:74,0
DA:83,0
DA:87,0
DA:89,0
DA:90,0
DA:93,0
DA:94,0
DA:97,0
DA:98,0
DA:101,0
DA:111,0
DA:116,0
DA:118,0
DA:119,0
DA:121,0
DA:123,0
DA:124,0
DA:127,0
DA:128,0
DA:131,0
DA:132,0
DA:135,0
DA:136,0
DA:139,0
DA:140,0
DA:143,0
DA:144,0
DA:147,0
DA:148,0
DA:151,0
DA:154,0
DA:164,0
DA:169,0
DA:170,0
DA:179,0
DA:183,0
DA:184,0
DA:193,0
DA:197,0
DA:198,0
DA:200,0
DA:210,0
DA:215,0
DA:216,0
DA:218,0
DA:219,0
DA:221,0
DA:229,0
DA:235,0
DA:238,0
DA:241,0
DA:244,0
DA:247,0
DA:260,0
DA:261,0
DA:263,0
DA:266,0
DA:269,0
DA:272,0
DA:281,0
DA:282,0
DA:284,0
DA:287,0
DA:290,0
DA:293,0
DA:296,0
DA:299,0
DA:302,0
DA:311,0
DA:312,0
DA:314,0
DA:317,0
DA:320,0
DA:323,0
DA:326,0
DA:329,0
DA:332,0
DA:335,0
LF:98
LH:0
BRDA:22,0,0,0
BRDA:22,0,1,0
BRDA:22,0,2,0
BRDA:22,0,3,0
BRDA:22,0,4,0
BRDA:22,0,5,0
BRDA:22,0,6,0
BRDA:89,1,0,0
BRDA:89,1,1,0
BRDA:93,2,0,0
BRDA:93,2,1,0
BRDA:97,3,0,0
BRDA:97,3,1,0
BRDA:114,4,0,0
BRDA:121,5,0,0
BRDA:121,5,1,0
BRDA:121,5,2,0
BRDA:121,5,3,0
BRDA:121,5,4,0
BRDA:121,5,5,0
BRDA:121,5,6,0
BRDA:151,6,0,0
BRDA:151,6,1,0
BRDA:166,7,0,0
BRDA:167,8,0,0
BRDA:184,9,0,0
BRDA:184,9,1,0
BRDA:198,10,0,0
BRDA:198,10,1,0
BRDA:213,11,0,0
BRDA:216,12,0,0
BRDA:216,12,1,0
BRDA:235,13,0,0
BRDA:235,13,1,0
BRDA:238,14,0,0
BRDA:238,14,1,0
BRDA:241,15,0,0
BRDA:241,15,1,0
BRDA:244,16,0,0
BRDA:244,16,1,0
BRDA:261,17,0,0
BRDA:261,17,1,0
BRDA:261,17,2,0
BRDA:261,17,3,0
BRDA:282,18,0,0
BRDA:282,18,1,0
BRDA:282,18,2,0
BRDA:282,18,3,0
BRDA:282,18,4,0
BRDA:282,18,5,0
BRDA:282,18,6,0
BRDA:312,19,0,0
BRDA:312,19,1,0
BRDA:312,19,2,0
BRDA:312,19,3,0
BRDA:312,19,4,0
BRDA:312,19,5,0
BRDA:312,19,6,0
BRDA:312,19,7,0
BRF:59
BRH:0
end_of_record
TN:
SF:src/utils/mockDataGenerators.ts
FN:56,randomInt
FN:67,randomFloat
FN:77,randomBoolean
FN:87,randomDate
FN:96,randomElement
FN:106,randomSubset
FN:107,(anonymous_6)
FN:115,randomUsername
FN:123,randomCountryCode
FN:131,randomMapName
FN:139,randomWeaponName
FN:148,randomEmail
FN:158,randomId
FN:167,randomKdRatio
FN:179,randomPerformanceMetrics
FN:206,randomWinRate
FN:217,randomMatchStats
FN:233,randomPerformanceTrend
FN:243,randomAvatarUrl
FN:244,(anonymous_19)
FNF:20
FNH:0
FNDA:0,randomInt
FNDA:0,randomFloat
FNDA:0,randomBoolean
FNDA:0,randomDate
FNDA:0,randomElement
FNDA:0,randomSubset
FNDA:0,(anonymous_6)
FNDA:0,randomUsername
FNDA:0,randomCountryCode
FNDA:0,randomMapName
FNDA:0,randomWeaponName
FNDA:0,randomEmail
FNDA:0,randomId
FNDA:0,randomKdRatio
FNDA:0,randomPerformanceMetrics
FNDA:0,randomWinRate
FNDA:0,randomMatchStats
FNDA:0,randomPerformanceTrend
FNDA:0,randomAvatarUrl
FNDA:0,(anonymous_19)
DA:6,0
DA:29,0
DA:36,0
DA:43,0
DA:56,0
DA:57,0
DA:67,0
DA:68,0
DA:69,0
DA:77,0
DA:78,0
DA:87,0
DA:88,0
DA:96,0
DA:97,0
DA:106,0
DA:107,0
DA:108,0
DA:115,0
DA:116,0
DA:123,0
DA:124,0
DA:131,0
DA:132,0
DA:139,0
DA:140,0
DA:148,0
DA:149,0
DA:150,0
DA:158,0
DA:159,0
DA:167,0
DA:169,0
DA:171,0
DA:179,0
DA:186,0
DA:187,0
DA:188,0
DA:189,0
DA:190,0
DA:192,0
DA:206,0
DA:208,0
DA:210,0
DA:217,0
DA:222,0
DA:233,0
DA:234,0
DA:235,0
DA:243,0
DA:244,0
DA:245,0
LF:52
LH:0
BRDA:67,0,0,0
BRDA:77,1,0,0
BRDA:158,2,0,0
BRF:3
BRH:0
end_of_record
TN:
SF:src/utils/statsUtils.ts
FN:9,calculateKdRatio
FN:20,calculateWinRate
FN:32,calculateHeadshotRatio
FN:43,calculateAverageScore
FN:54,calculateAverageKills
FN:65,calculateAverageDeaths
FN:76,calculatePerformanceTrend
FN:93,(anonymous_7)
FN:94,(anonymous_8)
FN:100,(anonymous_9)
FN:101,(anonymous_10)
FN:127,findFavoriteWeapon
FN:131,(anonymous_12)
FN:140,calculateOverallWeaponAccuracy
FN:143,(anonymous_14)
FN:152,calculateHighestKillStreak
FN:157,(anonymous_16)
FN:166,calculateTotalPlaytime
FN:169,(anonymous_18)
FN:185,calculatePlayerStats
FN:212,(anonymous_20)
FN:213,(anonymous_21)
FN:214,(anonymous_22)
FN:218,(anonymous_23)
FN:219,(anonymous_24)
FN:223,(anonymous_25)
FN:227,(anonymous_26)
FN:231,(anonymous_27)
FN:245,(anonymous_28)
FN:286,comparePlayerStats
FNF:30
FNH:0
FNDA:0,calculateKdRatio
FNDA:0,calculateWinRate
FNDA:0,calculateHeadshotRatio
FNDA:0,calculateAverageScore
FNDA:0,calculateAverageKills
FNDA:0,calculateAverageDeaths
FNDA:0,calculatePerformanceTrend
FNDA:0,(anonymous_7)
FNDA:0,(anonymous_8)
FNDA:0,(anonymous_9)
FNDA:0,(anonymous_10)
FNDA:0,findFavoriteWeapon
FNDA:0,(anonymous_12)
FNDA:0,calculateOverallWeaponAccuracy
FNDA:0,(anonymous_14)
FNDA:0,calculateHighestKillStreak
FNDA:0,(anonymous_16)
FNDA:0,calculateTotalPlaytime
FNDA:0,(anonymous_18)
FNDA:0,calculatePlayerStats
FNDA:0,(anonymous_20)
FNDA:0,(anonymous_21)
FNDA:0,(anonymous_22)
FNDA:0,(anonymous_23)
FNDA:0,(anonymous_24)
FNDA:0,(anonymous_25)
FNDA:0,(anonymous_26)
FNDA:0,(anonymous_27)
FNDA:0,(anonymous_28)
FNDA:0,comparePlayerStats
DA:9,0
DA:10,0
DA:11,0
DA:20,0
DA:21,0
DA:22,0
DA:23,0
DA:32,0
DA:33,0
DA:34,0
DA:43,0
DA:44,0
DA:45,0
DA:54,0
DA:55,0
DA:56,0
DA:65,0
DA:66,0
DA:67,0
DA:76,0
DA:80,0
DA:81,0
DA:85,0
DA:86,0
DA:88,0
DA:89,0
DA:93,0
DA:94,0
DA:96,0
DA:97,0
DA:100,0
DA:101,0
DA:103,0
DA:104,0
DA:107,0
DA:108,0
DA:111,0
DA:113,0
DA:114,0
DA:115,0
DA:116,0
DA:118,0
DA:127,0
DA:128,0
DA:131,0
DA:132,0
DA:140,0
DA:141,0
DA:143,0
DA:144,0
DA:152,0
DA:157,0
DA:158,0
DA:166,0
DA:167,0
DA:169,0
DA:170,0
DA:171,0
DA:172,0
DA:176,0
DA:185,0
DA:189,0
DA:190,0
DA:212,0
DA:213,0
DA:214,0
DA:215,0
DA:218,0
DA:219,0
DA:220,0
DA:223,0
DA:224,0
DA:227,0
DA:228,0
DA:231,0
DA:232,0
DA:235,0
DA:238,0
DA:241,0
DA:244,0
DA:245,0
DA:246,0
DA:247,0
DA:252,0
DA:255,0
DA:257,0
DA:286,0
DA:298,0
DA:299,0
DA:300,0
DA:303,0
DA:307,0
LF:92
LH:0
BRDA:10,0,0,0
BRDA:10,0,1,0
BRDA:22,1,0,0
BRDA:22,1,1,0
BRDA:33,2,0,0
BRDA:33,2,1,0
BRDA:44,3,0,0
BRDA:44,3,1,0
BRDA:55,4,0,0
BRDA:55,4,1,0
BRDA:66,5,0,0
BRDA:66,5,1,0
BRDA:78,6,0,0
BRDA:80,7,0,0
BRDA:80,7,1,0
BRDA:88,8,0,0
BRDA:88,8,1,0
BRDA:113,9,0,0
BRDA:113,9,1,0
BRDA:115,10,0,0
BRDA:115,10,1,0
BRDA:128,11,0,0
BRDA:128,11,1,0
BRDA:141,12,0,0
BRDA:141,12,1,0
BRDA:170,13,0,0
BRDA:170,13,1,0
BRDA:170,14,0,0
BRDA:170,14,1,0
BRDA:189,15,0,0
BRDA:189,15,1,0
BRDA:246,16,0,0
BRDA:246,16,1,0
BRF:33
BRH:0
end_of_record
