TN:
SF:src/server.ts
FN:24,(anonymous_17)
FN:62,(anonymous_18)
FN:80,(anonymous_19)
FN:80,(anonymous_20)
FN:94,(anonymous_21)
FN:107,(anonymous_22)
FN:107,(anonymous_23)
FN:111,(anonymous_24)
FN:111,(anonymous_25)
FN:115,(anonymous_26)
FN:128,(anonymous_27)
FN:135,(anonymous_28)
FN:136,(anonymous_29)
FN:139,(anonymous_30)
FN:144,(anonymous_31)
FNF:15
FNH:0
FNDA:0,(anonymous_17)
FNDA:0,(anonymous_18)
FNDA:0,(anonymous_19)
FNDA:0,(anonymous_20)
FNDA:0,(anonymous_21)
FNDA:0,(anonymous_22)
FNDA:0,(anonymous_23)
FNDA:0,(anonymous_24)
FNDA:0,(anonymous_25)
FNDA:0,(anonymous_26)
FNDA:0,(anonymous_27)
FNDA:0,(anonymous_28)
FNDA:0,(anonymous_29)
FNDA:0,(anonymous_30)
FNDA:0,(anonymous_31)
DA:1,0
DA:2,0
DA:3,0
DA:6,0
DA:7,0
DA:8,0
DA:11,0
DA:14,0
DA:19,0
DA:20,0
DA:23,0
DA:24,0
DA:26,0
DA:27,0
DA:28,0
DA:34,0
DA:39,0
DA:48,0
DA:51,0
DA:52,0
DA:55,0
DA:56,0
DA:59,0
DA:62,0
DA:63,0
DA:72,0
DA:75,0
DA:80,0
DA:81,0
DA:83,0
DA:84,0
DA:87,0
DA:90,0
DA:91,0
DA:94,0
DA:95,0
DA:96,0
DA:97,0
DA:98,0
DA:99,0
DA:100,0
DA:101,0
DA:102,0
DA:103,0
DA:107,0
DA:108,0
DA:111,0
DA:112,0
DA:115,0
DA:116,0
DA:117,0
DA:120,0
DA:121,0
DA:123,0
DA:124,0
DA:128,0
DA:129,0
DA:130,0
DA:135,0
DA:136,0
DA:139,0
DA:140,0
DA:141,0
DA:144,0
DA:145,0
DA:146,0
DA:150,0
DA:151,0
DA:156,0
DA:157,0
DA:160,0
LF:71
LH:0
BRDA:19,0,0,0
BRDA:19,0,1,0
BRDA:20,1,0,0
BRDA:20,1,1,0
BRDA:26,2,0,0
BRDA:26,2,1,0
BRDA:26,3,0,0
BRDA:26,3,1,0
BRDA:40,4,0,0
BRDA:40,4,1,0
BRDA:156,5,0,0
BRDA:156,5,1,0
BRF:12
BRH:0
end_of_record
TN:
SF:src/__tests__/fixtures/sampleData.ts
FNF:0
FNH:0
DA:6,0
DA:109,0
DA:163,0
DA:202,0
DA:325,0
DA:331,0
LF:6
LH:0
BRF:0
BRH:0
end_of_record
TN:
SF:src/__tests__/utils/mockApiGateway.ts
FN:8,mockApiGateway
FN:15,(anonymous_8)
FN:19,(anonymous_9)
FN:36,(anonymous_10)
FN:48,mockSuccessResponse
FN:61,mockErrorResponse
FN:78,createMockRequestContext
FNF:7
FNH:0
FNDA:0,mockApiGateway
FNDA:0,(anonymous_8)
FNDA:0,(anonymous_9)
FNDA:0,(anonymous_10)
FNDA:0,mockSuccessResponse
FNDA:0,mockErrorResponse
FNDA:0,createMockRequestContext
DA:2,0
DA:8,0
DA:10,0
DA:11,0
DA:12,0
DA:15,0
DA:19,0
DA:20,0
DA:27,0
DA:28,0
DA:31,0
DA:32,0
DA:33,0
DA:36,0
DA:37,0
DA:38,0
DA:39,0
DA:48,0
DA:49,0
DA:61,0
DA:62,0
DA:78,0
DA:85,0
LF:23
LH:0
BRDA:79,0,0,0
BRDA:81,1,0,0
BRDA:93,2,0,0
BRDA:93,2,1,0
BRF:4
BRH:0
end_of_record
TN:
SF:src/__tests__/utils/mockPrisma.ts
FN:13,(anonymous_0)
FN:18,(anonymous_1)
FN:22,(anonymous_2)
FN:29,(anonymous_3)
FN:36,(anonymous_4)
FN:58,(anonymous_5)
FN:77,(anonymous_6)
FN:97,(anonymous_7)
FNF:8
FNH:0
FNDA:0,(anonymous_0)
FNDA:0,(anonymous_1)
FNDA:0,(anonymous_2)
FNDA:0,(anonymous_3)
FNDA:0,(anonymous_4)
FNDA:0,(anonymous_5)
FNDA:0,(anonymous_6)
FNDA:0,(anonymous_7)
DA:7,0
DA:13,0
DA:14,0
DA:15,0
DA:18,0
DA:19,0
DA:22,0
DA:23,0
DA:24,0
DA:26,0
DA:29,0
DA:30,0
DA:31,0
DA:36,0
DA:58,0
DA:77,0
DA:97,0
DA:123,0
LF:18
LH:0
BRDA:23,0,0,0
BRDA:23,0,1,0
BRDA:30,1,0,0
BRDA:30,1,1,0
BRDA:36,2,0,0
BRDA:58,3,0,0
BRDA:77,4,0,0
BRDA:97,5,0,0
BRF:8
BRH:0
end_of_record
TN:
SF:src/__tests__/utils/mockRedis.ts
FN:6,(anonymous_7)
FN:11,(anonymous_8)
FN:24,(anonymous_10)
FN:30,(anonymous_12)
FN:34,(anonymous_14)
FN:40,(anonymous_16)
FN:53,(anonymous_18)
FN:61,(anonymous_20)
FN:71,(anonymous_22)
FN:79,(anonymous_24)
FN:87,(anonymous_26)
FN:96,(anonymous_28)
FN:105,(anonymous_30)
FN:114,(anonymous_32)
FN:122,(anonymous_34)
FN:129,(anonymous_36)
FN:142,(anonymous_38)
FN:146,(anonymous_40)
FN:151,(anonymous_41)
FN:157,(anonymous_43)
FN:166,(anonymous_45)
FN:169,(anonymous_47)
FN:182,(anonymous_48)
FN:187,(anonymous_50)
FN:193,(anonymous_51)
FN:196,(anonymous_52)
FN:199,(anonymous_53)
FN:204,(anonymous_55)
FN:210,(anonymous_56)
FN:213,(anonymous_57)
FN:216,(anonymous_58)
FN:221,(anonymous_60)
FN:223,(anonymous_61)
FN:228,(anonymous_62)
FN:232,(anonymous_64)
FN:236,(anonymous_65)
FN:244,(anonymous_67)
FN:250,(anonymous_69)
FN:252,(anonymous_71)
FN:255,(anonymous_72)
FN:260,(anonymous_74)
FN:264,(anonymous_76)
FN:270,(anonymous_78)
FN:276,(anonymous_79)
FN:283,(anonymous_80)
FN:283,(anonymous_81)
FNF:46
FNH:0
FNDA:0,(anonymous_7)
FNDA:0,(anonymous_8)
FNDA:0,(anonymous_10)
FNDA:0,(anonymous_12)
FNDA:0,(anonymous_14)
FNDA:0,(anonymous_16)
FNDA:0,(anonymous_18)
FNDA:0,(anonymous_20)
FNDA:0,(anonymous_22)
FNDA:0,(anonymous_24)
FNDA:0,(anonymous_26)
FNDA:0,(anonymous_28)
FNDA:0,(anonymous_30)
FNDA:0,(anonymous_32)
FNDA:0,(anonymous_34)
FNDA:0,(anonymous_36)
FNDA:0,(anonymous_38)
FNDA:0,(anonymous_40)
FNDA:0,(anonymous_41)
FNDA:0,(anonymous_43)
FNDA:0,(anonymous_45)
FNDA:0,(anonymous_47)
FNDA:0,(anonymous_48)
FNDA:0,(anonymous_50)
FNDA:0,(anonymous_51)
FNDA:0,(anonymous_52)
FNDA:0,(anonymous_53)
FNDA:0,(anonymous_55)
FNDA:0,(anonymous_56)
FNDA:0,(anonymous_57)
FNDA:0,(anonymous_58)
FNDA:0,(anonymous_60)
FNDA:0,(anonymous_61)
FNDA:0,(anonymous_62)
FNDA:0,(anonymous_64)
FNDA:0,(anonymous_65)
FNDA:0,(anonymous_67)
FNDA:0,(anonymous_69)
FNDA:0,(anonymous_71)
FNDA:0,(anonymous_72)
FNDA:0,(anonymous_74)
FNDA:0,(anonymous_76)
FNDA:0,(anonymous_78)
FNDA:0,(anonymous_79)
FNDA:0,(anonymous_80)
FNDA:0,(anonymous_81)
DA:6,0
DA:7,0
DA:8,0
DA:12,0
DA:13,0
DA:16,0
DA:17,0
DA:18,0
DA:21,0
DA:25,0
DA:26,0
DA:27,0
DA:31,0
DA:35,0
DA:36,0
DA:37,0
DA:41,0
DA:42,0
DA:45,0
DA:46,0
DA:47,0
DA:50,0
DA:54,0
DA:55,0
DA:57,0
DA:58,0
DA:62,0
DA:63,0
DA:64,0
DA:66,0
DA:67,0
DA:72,0
DA:73,0
DA:74,0
DA:75,0
DA:76,0
DA:80,0
DA:81,0
DA:82,0
DA:83,0
DA:84,0
DA:88,0
DA:89,0
DA:91,0
DA:92,0
DA:93,0
DA:97,0
DA:98,0
DA:100,0
DA:101,0
DA:106,0
DA:107,0
DA:108,0
DA:109,0
DA:110,0
DA:111,0
DA:115,0
DA:116,0
DA:118,0
DA:119,0
DA:123,0
DA:124,0
DA:126,0
DA:130,0
DA:131,0
DA:133,0
DA:134,0
DA:136,0
DA:137,0
DA:138,0
DA:143,0
DA:144,0
DA:145,0
DA:146,0
DA:147,0
DA:148,0
DA:152,0
DA:153,0
DA:154,0
DA:158,0
DA:159,0
DA:161,0
DA:162,0
DA:167,0
DA:168,0
DA:169,0
DA:171,0
DA:172,0
DA:173,0
DA:174,0
DA:177,0
DA:178,0
DA:179,0
DA:183,0
DA:184,0
DA:186,0
DA:187,0
DA:189,0
DA:190,0
DA:192,0
DA:193,0
DA:196,0
DA:200,0
DA:201,0
DA:203,0
DA:204,0
DA:206,0
DA:207,0
DA:209,0
DA:210,0
DA:213,0
DA:217,0
DA:218,0
DA:220,0
DA:221,0
DA:223,0
DA:224,0
DA:229,0
DA:230,0
DA:232,0
DA:233,0
DA:237,0
DA:238,0
DA:240,0
DA:245,0
DA:246,0
DA:247,0
DA:251,0
DA:252,0
DA:256,0
DA:265,0
DA:266,0
DA:270,0
DA:271,0
DA:276,0
DA:277,0
DA:278,0
DA:280,0
DA:283,0
DA:284,0
DA:285,0
DA:289,0
LF:142
LH:0
BRDA:13,0,0,0
BRDA:13,0,1,0
BRDA:16,1,0,0
BRDA:16,1,1,0
BRDA:16,2,0,0
BRDA:16,2,1,0
BRDA:25,3,0,0
BRDA:25,3,1,0
BRDA:25,4,0,0
BRDA:25,4,1,0
BRDA:25,5,0,0
BRDA:25,5,1,0
BRDA:37,6,0,0
BRDA:37,6,1,0
BRDA:42,7,0,0
BRDA:42,7,1,0
BRDA:45,8,0,0
BRDA:45,8,1,0
BRDA:45,9,0,0
BRDA:45,9,1,0
BRDA:55,10,0,0
BRDA:55,10,1,0
BRDA:63,11,0,0
BRDA:63,11,1,0
BRDA:64,12,0,0
BRDA:64,12,1,0
BRDA:67,13,0,0
BRDA:67,13,1,0
BRDA:73,14,0,0
BRDA:73,14,1,0
BRDA:81,15,0,0
BRDA:81,15,1,0
BRDA:89,16,0,0
BRDA:89,16,1,0
BRDA:92,17,0,0
BRDA:92,17,1,0
BRDA:98,18,0,0
BRDA:98,18,1,0
BRDA:107,19,0,0
BRDA:107,19,1,0
BRDA:111,20,0,0
BRDA:111,20,1,0
BRDA:116,21,0,0
BRDA:116,21,1,0
BRDA:119,22,0,0
BRDA:119,22,1,0
BRDA:124,23,0,0
BRDA:124,23,1,0
BRDA:131,24,0,0
BRDA:131,24,1,0
BRDA:134,25,0,0
BRDA:134,25,1,0
BRDA:144,26,0,0
BRDA:144,26,1,0
BRDA:153,27,0,0
BRDA:153,27,1,0
BRDA:159,28,0,0
BRDA:159,28,1,0
BRDA:162,29,0,0
BRDA:162,29,1,0
BRDA:168,30,0,0
BRDA:168,30,1,0
BRDA:171,31,0,0
BRDA:171,31,1,0
BRDA:184,32,0,0
BRDA:184,32,1,0
BRDA:189,33,0,0
BRDA:189,33,1,0
BRDA:192,34,0,0
BRDA:192,34,1,0
BRDA:192,35,0,0
BRDA:192,35,1,0
BRDA:192,36,0,0
BRDA:192,36,1,0
BRDA:201,37,0,0
BRDA:201,37,1,0
BRDA:206,38,0,0
BRDA:206,38,1,0
BRDA:209,39,0,0
BRDA:209,39,1,0
BRDA:209,40,0,0
BRDA:209,40,1,0
BRDA:209,41,0,0
BRDA:209,41,1,0
BRDA:218,42,0,0
BRDA:218,42,1,0
BRDA:224,43,0,0
BRDA:224,43,1,0
BRDA:230,44,0,0
BRDA:230,44,1,0
BRDA:237,45,0,0
BRDA:237,45,1,0
BRDA:277,46,0,0
BRDA:277,46,1,0
BRDA:284,47,0,0
BRDA:284,47,1,0
BRF:96
BRH:0
end_of_record
TN:
SF:src/__tests__/utils/mockSocketClient.ts
FN:30,(anonymous_7)
FN:42,(anonymous_8)
FN:45,(anonymous_9)
FN:55,(anonymous_10)
FN:66,(anonymous_11)
FN:78,(anonymous_12)
FN:85,(anonymous_13)
FN:93,(anonymous_14)
FN:95,(anonymous_15)
FN:103,(anonymous_16)
FN:110,(anonymous_17)
FN:117,(anonymous_18)
FN:118,(anonymous_19)
FN:124,(anonymous_20)
FN:125,(anonymous_21)
FN:131,(anonymous_22)
FN:138,(anonymous_23)
FN:148,createMockSocketClient
FN:155,mockSocketIO
FN:157,(anonymous_26)
FN:201,(anonymous_27)
FN:209,(anonymous_28)
FN:215,(anonymous_29)
FN:221,(anonymous_30)
FN:227,(anonymous_31)
FN:241,(anonymous_32)
FN:242,(anonymous_33)
FN:243,(anonymous_34)
FN:247,(anonymous_35)
FN:257,(anonymous_36)
FN:261,(anonymous_37)
FN:263,(anonymous_38)
FN:270,(anonymous_39)
FNF:33
FNH:0
FNDA:0,(anonymous_7)
FNDA:0,(anonymous_8)
FNDA:0,(anonymous_9)
FNDA:0,(anonymous_10)
FNDA:0,(anonymous_11)
FNDA:0,(anonymous_12)
FNDA:0,(anonymous_13)
FNDA:0,(anonymous_14)
FNDA:0,(anonymous_15)
FNDA:0,(anonymous_16)
FNDA:0,(anonymous_17)
FNDA:0,(anonymous_18)
FNDA:0,(anonymous_19)
FNDA:0,(anonymous_20)
FNDA:0,(anonymous_21)
FNDA:0,(anonymous_22)
FNDA:0,(anonymous_23)
FNDA:0,createMockSocketClient
FNDA:0,mockSocketIO
FNDA:0,(anonymous_26)
FNDA:0,(anonymous_27)
FNDA:0,(anonymous_28)
FNDA:0,(anonymous_29)
FNDA:0,(anonymous_30)
FNDA:0,(anonymous_31)
FNDA:0,(anonymous_32)
FNDA:0,(anonymous_33)
FNDA:0,(anonymous_34)
FNDA:0,(anonymous_35)
FNDA:0,(anonymous_36)
FNDA:0,(anonymous_37)
FNDA:0,(anonymous_38)
FNDA:0,(anonymous_39)
DA:6,0
DA:24,0
DA:25,0
DA:26,0
DA:27,0
DA:31,0
DA:32,0
DA:34,0
DA:35,0
DA:43,0
DA:44,0
DA:45,0
DA:46,0
DA:49,0
DA:56,0
DA:57,0
DA:58,0
DA:60,0
DA:67,0
DA:72,0
DA:79,0
DA:86,0
DA:87,0
DA:94,0
DA:95,0
DA:96,0
DA:104,0
DA:111,0
DA:118,0
DA:125,0
DA:132,0
DA:139,0
DA:140,0
DA:141,0
DA:148,0
DA:149,0
DA:155,0
DA:156,0
DA:157,0
DA:200,0
DA:201,0
DA:209,0
DA:215,0
DA:221,0
DA:227,0
DA:237,0
DA:242,0
DA:243,0
DA:244,0
DA:247,0
DA:248,0
DA:249,0
DA:261,0
DA:262,0
DA:263,0
DA:275,0
DA:277,0
DA:278,0
DA:281,0
DA:282,0
DA:283,0
LF:61
LH:0
BRDA:30,0,0,0
BRDA:34,1,0,0
BRDA:34,1,1,0
BRDA:43,2,0,0
BRDA:43,2,1,0
BRDA:56,3,0,0
BRDA:56,3,1,0
BRDA:86,4,0,0
BRDA:86,4,1,0
BRDA:148,5,0,0
BRDA:201,6,0,0
BRDA:209,7,0,0
BRDA:209,8,0,0
BRDA:215,9,0,0
BRDA:215,10,0,0
BRDA:221,11,0,0
BRDA:221,12,0,0
BRDA:227,13,0,0
BRDA:241,14,0,0
BRDA:260,15,0,0
BRDA:277,16,0,0
BRDA:277,16,1,0
BRDA:281,17,0,0
BRDA:281,17,1,0
BRF:24
BRH:0
end_of_record
TN:
SF:src/__tests__/utils/performanceUtils.ts
FN:11,measureExecutionTime
FN:28,measurePageLoadTime
FN:29,(anonymous_10)
FN:41,(anonymous_11)
FN:65,measureApiResponseTime
FN:66,(anonymous_13)
FN:96,simulateConcurrentUsers
FN:97,(anonymous_15)
FN:106,(anonymous_16)
FN:110,(anonymous_17)
FN:116,(anonymous_18)
FN:125,measureMemoryUsage
FN:140,formatExecutionTime
FNF:13
FNH:0
FNDA:0,measureExecutionTime
FNDA:0,measurePageLoadTime
FNDA:0,(anonymous_10)
FNDA:0,(anonymous_11)
FNDA:0,measureApiResponseTime
FNDA:0,(anonymous_13)
FNDA:0,simulateConcurrentUsers
FNDA:0,(anonymous_15)
FNDA:0,(anonymous_16)
FNDA:0,(anonymous_17)
FNDA:0,(anonymous_18)
FNDA:0,measureMemoryUsage
FNDA:0,formatExecutionTime
DA:11,0
DA:15,0
DA:16,0
DA:17,0
DA:18,0
DA:20,0
DA:28,0
DA:29,0
DA:30,0
DA:33,0
DA:34,0
DA:35,0
DA:36,0
DA:37,0
DA:38,0
DA:41,0
DA:42,0
DA:43,0
DA:46,0
DA:48,0
DA:52,0
DA:53,0
DA:65,0
DA:66,0
DA:71,0
DA:73,0
DA:82,0
DA:83,0
DA:84,0
DA:86,0
DA:96,0
DA:97,0
DA:101,0
DA:103,0
DA:105,0
DA:106,0
DA:110,0
DA:111,0
DA:116,0
DA:118,0
DA:125,0
DA:127,0
DA:128,0
DA:129,0
DA:132,0
DA:140,0
DA:141,0
DA:142,0
DA:143,0
DA:144,0
DA:146,0
LF:51
LH:0
BRDA:67,0,0,0
BRDA:79,1,0,0
BRDA:79,1,1,0
BRDA:99,2,0,0
BRDA:105,3,0,0
BRDA:105,3,1,0
BRDA:128,4,0,0
BRDA:128,4,1,0
BRDA:128,5,0,0
BRDA:128,5,1,0
BRDA:141,6,0,0
BRDA:141,6,1,0
BRDA:143,7,0,0
BRDA:143,7,1,0
BRF:14
BRH:0
end_of_record
TN:
SF:src/__tests__/utils/websocketTestUtils.ts
FN:22,createTestServer
FN:31,(anonymous_10)
FN:32,(anonymous_11)
FN:38,(anonymous_12)
FN:38,(anonymous_13)
FN:39,(anonymous_14)
FN:40,(anonymous_15)
FN:41,(anonymous_16)
FN:52,createTestClient
FN:59,(anonymous_18)
FN:69,waitForEvent
FN:74,(anonymous_20)
FN:75,(anonymous_21)
FN:79,(anonymous_22)
FN:89,waitForEvents
FN:94,(anonymous_24)
FN:95,(anonymous_25)
FN:102,(anonymous_26)
FN:103,(anonymous_27)
FN:119,generateTestToken
FN:130,generateExpiredToken
FN:138,createMockRedisClient
FN:143,(anonymous_31)
FN:144,(anonymous_32)
FN:145,(anonymous_33)
FN:148,(anonymous_34)
FN:152,(anonymous_35)
FN:159,(anonymous_36)
FN:160,(anonymous_37)
FN:164,(anonymous_38)
FN:169,(anonymous_39)
FN:171,(anonymous_40)
FN:175,(anonymous_41)
FN:178,(anonymous_42)
FN:187,waitForCondition
FN:188,(anonymous_44)
FN:198,(anonymous_45)
FN:205,createMultipleClients
FN:225,disconnectAllClients
FN:226,(anonymous_48)
FN:232,measureEventLatency
FN:250,createTestLeaderboardData
FN:251,(anonymous_52)
FN:265,createTestMatchData
FN:285,expectEventEmitted
FN:296,expectEventNotEmitted
FN:297,(anonymous_56)
FN:303,(anonymous_57)
FN:307,(anonymous_58)
FNF:49
FNH:0
FNDA:0,createTestServer
FNDA:0,(anonymous_10)
FNDA:0,(anonymous_11)
FNDA:0,(anonymous_12)
FNDA:0,(anonymous_13)
FNDA:0,(anonymous_14)
FNDA:0,(anonymous_15)
FNDA:0,(anonymous_16)
FNDA:0,createTestClient
FNDA:0,(anonymous_18)
FNDA:0,waitForEvent
FNDA:0,(anonymous_20)
FNDA:0,(anonymous_21)
FNDA:0,(anonymous_22)
FNDA:0,waitForEvents
FNDA:0,(anonymous_24)
FNDA:0,(anonymous_25)
FNDA:0,(anonymous_26)
FNDA:0,(anonymous_27)
FNDA:0,generateTestToken
FNDA:0,generateExpiredToken
FNDA:0,createMockRedisClient
FNDA:0,(anonymous_31)
FNDA:0,(anonymous_32)
FNDA:0,(anonymous_33)
FNDA:0,(anonymous_34)
FNDA:0,(anonymous_35)
FNDA:0,(anonymous_36)
FNDA:0,(anonymous_37)
FNDA:0,(anonymous_38)
FNDA:0,(anonymous_39)
FNDA:0,(anonymous_40)
FNDA:0,(anonymous_41)
FNDA:0,(anonymous_42)
FNDA:0,waitForCondition
FNDA:0,(anonymous_44)
FNDA:0,(anonymous_45)
FNDA:0,createMultipleClients
FNDA:0,disconnectAllClients
FNDA:0,(anonymous_48)
FNDA:0,measureEventLatency
FNDA:0,createTestLeaderboardData
FNDA:0,(anonymous_52)
FNDA:0,createTestMatchData
FNDA:0,expectEventEmitted
FNDA:0,expectEventNotEmitted
FNDA:0,(anonymous_56)
FNDA:0,(anonymous_57)
FNDA:0,(anonymous_58)
DA:1,0
DA:2,0
DA:3,0
DA:5,0
DA:22,0
DA:23,0
DA:24,0
DA:31,0
DA:32,0
DA:35,0
DA:36,0
DA:38,0
DA:39,0
DA:40,0
DA:41,0
DA:46,0
DA:52,0
DA:53,0
DA:59,0
DA:60,0
DA:63,0
DA:69,0
DA:74,0
DA:75,0
DA:76,0
DA:79,0
DA:80,0
DA:81,0
DA:89,0
DA:94,0
DA:95,0
DA:96,0
DA:99,0
DA:100,0
DA:102,0
DA:103,0
DA:104,0
DA:105,0
DA:107,0
DA:108,0
DA:109,0
DA:119,0
DA:123,0
DA:124,0
DA:130,0
DA:131,0
DA:132,0
DA:138,0
DA:139,0
DA:140,0
DA:142,0
DA:143,0
DA:144,0
DA:146,0
DA:147,0
DA:148,0
DA:150,0
DA:153,0
DA:155,0
DA:156,0
DA:159,0
DA:161,0
DA:162,0
DA:165,0
DA:166,0
DA:167,0
DA:169,0
DA:172,0
DA:176,0
DA:177,0
DA:178,0
DA:187,0
DA:188,0
DA:192,0
DA:194,0
DA:195,0
DA:196,0
DA:198,0
DA:205,0
DA:210,0
DA:212,0
DA:213,0
DA:216,0
DA:219,0
DA:225,0
DA:226,0
DA:232,0
DA:238,0
DA:240,0
DA:241,0
DA:242,0
DA:244,0
DA:250,0
DA:251,0
DA:265,0
DA:270,0
DA:285,0
DA:290,0
DA:296,0
DA:297,0
DA:301,0
DA:303,0
DA:304,0
DA:307,0
DA:309,0
DA:310,0
LF:106
LH:0
BRDA:54,0,0,0
BRDA:54,0,1,0
BRDA:72,1,0,0
BRDA:92,2,0,0
BRDA:107,3,0,0
BRDA:107,3,1,0
BRDA:121,4,0,0
BRDA:123,5,0,0
BRDA:123,5,1,0
BRDA:131,6,0,0
BRDA:131,6,1,0
BRDA:147,7,0,0
BRDA:147,7,1,0
BRDA:153,8,0,0
BRDA:153,8,1,0
BRDA:155,9,0,0
BRDA:155,9,1,0
BRDA:159,10,0,0
BRDA:159,10,1,0
BRDA:167,11,0,0
BRDA:167,11,1,0
BRDA:177,12,0,0
BRDA:177,12,1,0
BRDA:189,13,0,0
BRDA:190,14,0,0
BRDA:195,15,0,0
BRDA:195,15,1,0
BRDA:213,16,0,0
BRDA:213,16,1,0
BRDA:213,17,0,0
BRDA:213,17,1,0
BRDA:250,18,0,0
BRDA:274,19,0,0
BRDA:274,19,1,0
BRDA:275,20,0,0
BRDA:275,20,1,0
BRDA:276,21,0,0
BRDA:276,21,1,0
BRDA:288,22,0,0
BRDA:299,23,0,0
BRDA:309,24,0,0
BRDA:309,24,1,0
BRF:42
BRH:0
end_of_record
TN:
SF:src/__tests__/websocket/loadTest.ts
FN:38,(anonymous_7)
FN:42,(anonymous_8)
FN:42,(anonymous_9)
FN:46,(anonymous_10)
FN:47,(anonymous_11)
FN:51,(anonymous_12)
FN:55,(anonymous_13)
FN:59,(anonymous_14)
FN:65,(anonymous_15)
FN:65,(anonymous_16)
FN:72,createMultipleConnections
FN:79,(anonymous_19)
FN:79,(anonymous_20)
FN:88,(anonymous_21)
FN:89,(anonymous_22)
FN:93,(anonymous_23)
FN:98,(anonymous_24)
FN:124,disconnectAll
FN:125,(anonymous_26)
FN:135,measureMessageLatency
FN:146,(anonymous_29)
FN:147,(anonymous_30)
FN:151,(anonymous_31)
FN:177,calculateMetrics
FN:184,(anonymous_33)
FN:185,(anonymous_34)
FN:188,(anonymous_35)
FN:189,(anonymous_36)
FN:191,(anonymous_37)
FN:191,(anonymous_38)
FN:201,(anonymous_39)
FN:204,(anonymous_40)
FN:212,(anonymous_41)
FN:213,(anonymous_42)
FN:218,(anonymous_43)
FN:221,(anonymous_44)
FN:221,(anonymous_45)
FN:232,(anonymous_46)
FN:238,(anonymous_47)
FN:255,(anonymous_48)
FN:255,(anonymous_49)
FN:269,(anonymous_50)
FN:278,(anonymous_51)
FN:294,(anonymous_52)
FN:297,(anonymous_53)
FN:297,(anonymous_54)
FN:304,(anonymous_55)
FN:311,(anonymous_56)
FN:319,(anonymous_57)
FN:328,(anonymous_58)
FN:328,(anonymous_59)
FN:337,(anonymous_60)
FN:338,(anonymous_61)
FN:346,(anonymous_62)
FN:355,(anonymous_63)
FN:357,(anonymous_64)
FN:373,(anonymous_65)
FN:376,(anonymous_66)
FN:376,(anonymous_67)
FN:391,(anonymous_68)
FN:401,(anonymous_69)
FN:417,(anonymous_70)
FN:420,(anonymous_71)
FN:420,(anonymous_72)
FN:423,(anonymous_73)
FN:424,(anonymous_74)
FN:431,(anonymous_75)
FN:433,(anonymous_76)
FN:435,(anonymous_77)
FN:436,(anonymous_78)
FN:444,(anonymous_79)
FN:446,(anonymous_80)
FN:447,(anonymous_81)
FN:456,(anonymous_82)
FN:459,(anonymous_83)
FN:459,(anonymous_84)
FN:475,(anonymous_85)
FNF:77
FNH:0
FNDA:0,(anonymous_7)
FNDA:0,(anonymous_8)
FNDA:0,(anonymous_9)
FNDA:0,(anonymous_10)
FNDA:0,(anonymous_11)
FNDA:0,(anonymous_12)
FNDA:0,(anonymous_13)
FNDA:0,(anonymous_14)
FNDA:0,(anonymous_15)
FNDA:0,(anonymous_16)
FNDA:0,createMultipleConnections
FNDA:0,(anonymous_19)
FNDA:0,(anonymous_20)
FNDA:0,(anonymous_21)
FNDA:0,(anonymous_22)
FNDA:0,(anonymous_23)
FNDA:0,(anonymous_24)
FNDA:0,disconnectAll
FNDA:0,(anonymous_26)
FNDA:0,measureMessageLatency
FNDA:0,(anonymous_29)
FNDA:0,(anonymous_30)
FNDA:0,(anonymous_31)
FNDA:0,calculateMetrics
FNDA:0,(anonymous_33)
FNDA:0,(anonymous_34)
FNDA:0,(anonymous_35)
FNDA:0,(anonymous_36)
FNDA:0,(anonymous_37)
FNDA:0,(anonymous_38)
FNDA:0,(anonymous_39)
FNDA:0,(anonymous_40)
FNDA:0,(anonymous_41)
FNDA:0,(anonymous_42)
FNDA:0,(anonymous_43)
FNDA:0,(anonymous_44)
FNDA:0,(anonymous_45)
FNDA:0,(anonymous_46)
FNDA:0,(anonymous_47)
FNDA:0,(anonymous_48)
FNDA:0,(anonymous_49)
FNDA:0,(anonymous_50)
FNDA:0,(anonymous_51)
FNDA:0,(anonymous_52)
FNDA:0,(anonymous_53)
FNDA:0,(anonymous_54)
FNDA:0,(anonymous_55)
FNDA:0,(anonymous_56)
FNDA:0,(anonymous_57)
FNDA:0,(anonymous_58)
FNDA:0,(anonymous_59)
FNDA:0,(anonymous_60)
FNDA:0,(anonymous_61)
FNDA:0,(anonymous_62)
FNDA:0,(anonymous_63)
FNDA:0,(anonymous_64)
FNDA:0,(anonymous_65)
FNDA:0,(anonymous_66)
FNDA:0,(anonymous_67)
FNDA:0,(anonymous_68)
FNDA:0,(anonymous_69)
FNDA:0,(anonymous_70)
FNDA:0,(anonymous_71)
FNDA:0,(anonymous_72)
FNDA:0,(anonymous_73)
FNDA:0,(anonymous_74)
FNDA:0,(anonymous_75)
FNDA:0,(anonymous_76)
FNDA:0,(anonymous_77)
FNDA:0,(anonymous_78)
FNDA:0,(anonymous_79)
FNDA:0,(anonymous_80)
FNDA:0,(anonymous_81)
FNDA:0,(anonymous_82)
FNDA:0,(anonymous_83)
FNDA:0,(anonymous_84)
FNDA:0,(anonymous_85)
DA:1,0
DA:2,0
DA:3,0
DA:38,0
DA:40,0
DA:42,0
DA:43,0
DA:46,0
DA:47,0
DA:48,0
DA:51,0
DA:52,0
DA:55,0
DA:56,0
DA:59,0
DA:60,0
DA:65,0
DA:66,0
DA:76,0
DA:77,0
DA:79,0
DA:80,0
DA:82,0
DA:83,0
DA:88,0
DA:89,0
DA:90,0
DA:93,0
DA:94,0
DA:95,0
DA:98,0
DA:99,0
DA:100,0
DA:104,0
DA:105,0
DA:106,0
DA:108,0
DA:109,0
DA:117,0
DA:118,0
DA:125,0
DA:126,0
DA:127,0
DA:139,0
DA:141,0
DA:142,0
DA:143,0
DA:145,0
DA:146,0
DA:147,0
DA:148,0
DA:151,0
DA:152,0
DA:153,0
DA:154,0
DA:159,0
DA:163,0
DA:171,0
DA:184,0
DA:185,0
DA:187,0
DA:188,0
DA:189,0
DA:191,0
DA:193,0
DA:194,0
DA:196,0
DA:201,0
DA:204,0
DA:212,0
DA:213,0
DA:218,0
DA:219,0
DA:221,0
DA:222,0
DA:223,0
DA:225,0
DA:230,0
DA:232,0
DA:234,0
DA:235,0
DA:238,0
DA:239,0
DA:242,0
DA:243,0
DA:245,0
DA:246,0
DA:248,0
DA:253,0
DA:255,0
DA:256,0
DA:257,0
DA:258,0
DA:260,0
DA:261,0
DA:266,0
DA:269,0
DA:271,0
DA:274,0
DA:275,0
DA:278,0
DA:282,0
DA:283,0
DA:284,0
DA:285,0
DA:287,0
DA:288,0
DA:294,0
DA:295,0
DA:297,0
DA:298,0
DA:300,0
DA:301,0
DA:303,0
DA:304,0
DA:307,0
DA:308,0
DA:311,0
DA:313,0
DA:314,0
DA:315,0
DA:316,0
DA:318,0
DA:319,0
DA:321,0
DA:326,0
DA:328,0
DA:329,0
DA:331,0
DA:332,0
DA:333,0
DA:335,0
DA:337,0
DA:338,0
DA:339,0
DA:343,0
DA:344,0
DA:346,0
DA:347,0
DA:348,0
DA:349,0
DA:352,0
DA:355,0
DA:357,0
DA:358,0
DA:360,0
DA:361,0
DA:362,0
DA:363,0
DA:365,0
DA:367,0
DA:373,0
DA:374,0
DA:376,0
DA:377,0
DA:378,0
DA:379,0
DA:381,0
DA:383,0
DA:384,0
DA:390,0
DA:391,0
DA:394,0
DA:397,0
DA:398,0
DA:401,0
DA:404,0
DA:405,0
DA:406,0
DA:408,0
DA:409,0
DA:411,0
DA:417,0
DA:418,0
DA:420,0
DA:421,0
DA:423,0
DA:424,0
DA:427,0
DA:430,0
DA:431,0
DA:433,0
DA:435,0
DA:436,0
DA:439,0
DA:442,0
DA:444,0
DA:446,0
DA:447,0
DA:450,0
DA:456,0
DA:457,0
DA:459,0
DA:460,0
DA:461,0
DA:463,0
DA:464,0
DA:467,0
DA:473,0
DA:475,0
DA:479,0
DA:480,0
DA:482,0
DA:491,0
DA:492,0
DA:493,0
DA:494,0
DA:495,0
DA:496,0
DA:497,0
DA:498,0
DA:499,0
DA:500,0
DA:501,0
DA:502,0
DA:503,0
DA:504,0
DA:505,0
DA:506,0
DA:509,0
DA:512,0
DA:515,0
DA:516,0
DA:517,0
DA:520,0
DA:523,0
DA:524,0
DA:525,0
DA:527,0
LF:229
LH:0
BRDA:126,0,0,0
BRDA:126,0,1,0
BRDA:213,1,0,0
BRDA:213,1,1,0
BRDA:274,2,0,0
BRDA:274,2,1,0
BRDA:347,3,0,0
BRDA:347,3,1,0
BRDA:397,4,0,0
BRDA:397,4,1,0
BRDA:515,5,0,0
BRDA:515,5,1,0
BRF:12
BRH:0
end_of_record
TN:
SF:src/api-gateway/ApiGateway.ts
FN:57,(anonymous_7)
FN:71,(anonymous_8)
FN:80,(anonymous_9)
FN:81,(anonymous_10)
FN:91,(anonymous_11)
FN:162,(anonymous_13)
FN:176,(anonymous_14)
FN:194,(anonymous_15)
FN:211,(anonymous_16)
FN:218,(anonymous_17)
FN:219,(anonymous_18)
FN:232,(anonymous_19)
FN:242,(anonymous_20)
FN:261,(anonymous_21)
FN:269,(anonymous_22)
FN:281,(anonymous_23)
FNF:16
FNH:0
FNDA:0,(anonymous_7)
FNDA:0,(anonymous_8)
FNDA:0,(anonymous_9)
FNDA:0,(anonymous_10)
FNDA:0,(anonymous_11)
FNDA:0,(anonymous_13)
FNDA:0,(anonymous_14)
FNDA:0,(anonymous_15)
FNDA:0,(anonymous_16)
FNDA:0,(anonymous_17)
FNDA:0,(anonymous_18)
FNDA:0,(anonymous_19)
FNDA:0,(anonymous_20)
FNDA:0,(anonymous_21)
FNDA:0,(anonymous_22)
FNDA:0,(anonymous_23)
DA:52,0
DA:53,0
DA:54,0
DA:58,0
DA:72,0
DA:73,0
DA:81,0
DA:96,0
DA:97,0
DA:99,0
DA:100,0
DA:104,0
DA:105,0
DA:109,0
DA:114,0
DA:115,0
DA:117,0
DA:118,0
DA:122,0
DA:124,0
DA:125,0
DA:133,0
DA:136,0
DA:139,0
DA:144,0
DA:145,0
DA:146,0
DA:149,0
DA:152,0
DA:153,0
DA:163,0
DA:180,0
DA:198,0
DA:213,0
DA:216,0
DA:218,0
DA:219,0
DA:223,0
DA:233,0
DA:234,0
DA:243,0
DA:245,0
DA:246,0
DA:250,0
DA:251,0
DA:252,0
DA:255,0
DA:262,0
DA:270,0
DA:271,0
DA:272,0
DA:282,0
DA:284,0
DA:285,0
DA:286,0
DA:293,0
LF:56
LH:0
BRDA:57,0,0,0
BRDA:99,1,0,0
BRDA:99,1,1,0
BRDA:104,2,0,0
BRDA:104,2,1,0
BRDA:104,3,0,0
BRDA:104,3,1,0
BRDA:109,4,0,0
BRDA:109,4,1,0
BRDA:110,5,0,0
BRDA:110,5,1,0
BRDA:110,5,2,0
BRDA:117,6,0,0
BRDA:117,6,1,0
BRDA:124,7,0,0
BRDA:124,7,1,0
BRDA:127,8,0,0
BRDA:127,8,1,0
BRDA:139,9,0,0
BRDA:139,9,1,0
BRDA:140,10,0,0
BRDA:140,10,1,0
BRDA:140,10,2,0
BRDA:144,11,0,0
BRDA:144,11,1,0
BRDA:152,12,0,0
BRDA:152,12,1,0
BRDA:195,13,0,0
BRDA:196,14,0,0
BRDA:213,15,0,0
BRDA:213,15,1,0
BRDA:216,16,0,0
BRDA:216,16,1,0
BRDA:223,17,0,0
BRDA:223,17,1,0
BRDA:245,18,0,0
BRDA:245,18,1,0
BRDA:250,19,0,0
BRDA:250,19,1,0
BRDA:271,20,0,0
BRDA:271,20,1,0
BRDA:285,21,0,0
BRDA:285,21,1,0
BRF:43
BRH:0
end_of_record
TN:
SF:src/api-gateway/index.ts
FN:123,(anonymous_7)
FN:11,(anonymous_8)
FN:12,(anonymous_9)
FN:13,(anonymous_10)
FN:14,(anonymous_11)
FN:15,(anonymous_12)
FN:19,(anonymous_13)
FN:20,(anonymous_14)
FN:21,(anonymous_15)
FN:22,(anonymous_16)
FN:23,(anonymous_17)
FN:27,(anonymous_18)
FN:28,(anonymous_19)
FN:32,(anonymous_20)
FN:33,(anonymous_21)
FN:37,(anonymous_22)
FN:38,(anonymous_23)
FN:39,(anonymous_24)
FN:40,(anonymous_25)
FN:44,(anonymous_26)
FN:45,(anonymous_27)
FN:46,(anonymous_28)
FN:77,processRequest
FN:78,(anonymous_30)
FN:108,clearCache
FN:120,(anonymous_32)
FNF:26
FNH:0
FNDA:0,(anonymous_7)
FNDA:0,(anonymous_8)
FNDA:0,(anonymous_9)
FNDA:0,(anonymous_10)
FNDA:0,(anonymous_11)
FNDA:0,(anonymous_12)
FNDA:0,(anonymous_13)
FNDA:0,(anonymous_14)
FNDA:0,(anonymous_15)
FNDA:0,(anonymous_16)
FNDA:0,(anonymous_17)
FNDA:0,(anonymous_18)
FNDA:0,(anonymous_19)
FNDA:0,(anonymous_20)
FNDA:0,(anonymous_21)
FNDA:0,(anonymous_22)
FNDA:0,(anonymous_23)
FNDA:0,(anonymous_24)
FNDA:0,(anonymous_25)
FNDA:0,(anonymous_26)
FNDA:0,(anonymous_27)
FNDA:0,(anonymous_28)
FNDA:0,processRequest
FNDA:0,(anonymous_30)
FNDA:0,clearCache
FNDA:0,(anonymous_32)
DA:1,0
DA:2,0
DA:3,0
DA:4,0
DA:5,0
DA:10,0
DA:11,0
DA:12,0
DA:13,0
DA:14,0
DA:15,0
DA:18,0
DA:19,0
DA:20,0
DA:21,0
DA:22,0
DA:23,0
DA:26,0
DA:27,0
DA:28,0
DA:31,0
DA:32,0
DA:33,0
DA:36,0
DA:37,0
DA:38,0
DA:39,0
DA:40,0
DA:43,0
DA:44,0
DA:45,0
DA:46,0
DA:66,0
DA:77,0
DA:78,0
DA:85,0
DA:87,0
DA:90,0
DA:93,0
DA:96,0
DA:99,0
DA:108,0
DA:109,0
DA:110,0
DA:111,0
DA:112,0
DA:114,0
DA:120,0
DA:123,0
LF:49
LH:0
BRDA:80,0,0,0
BRDA:81,1,0,0
BRDA:109,2,0,0
BRDA:109,2,1,0
BRDA:111,3,0,0
BRDA:111,3,1,0
BRF:6
BRH:0
end_of_record
TN:
SF:src/api-gateway/middleware/authMiddleware.ts
FN:15,extractAuthToken
FN:56,authenticateRequest
FN:87,checkPermission
FN:121,requireAuth
FN:122,(anonymous_4)
FN:137,requirePermission
FN:141,(anonymous_6)
FNF:7
FNH:0
FNDA:0,extractAuthToken
FNDA:0,authenticateRequest
FNDA:0,checkPermission
FNDA:0,requireAuth
FNDA:0,(anonymous_4)
FNDA:0,requirePermission
FNDA:0,(anonymous_6)
DA:15,0
DA:16,0
DA:18,0
DA:19,0
DA:22,0
DA:28,0
DA:29,0
DA:31,0
DA:32,0
DA:36,0
DA:37,0
DA:41,0
DA:42,0
DA:43,0
DA:45,0
DA:46,0
DA:56,0
DA:60,0
DA:62,0
DA:63,0
DA:72,0
DA:87,0
DA:96,0
DA:97,0
DA:101,0
DA:106,0
DA:113,0
DA:121,0
DA:122,0
DA:123,0
DA:124,0
DA:127,0
DA:137,0
DA:141,0
DA:142,0
DA:143,0
DA:146,0
DA:148,0
DA:149,0
DA:152,0
LF:40
LH:0
BRDA:18,0,0,0
BRDA:18,0,1,0
BRDA:18,1,0,0
BRDA:18,1,1,0
BRDA:31,2,0,0
BRDA:31,2,1,0
BRDA:31,3,0,0
BRDA:31,3,1,0
BRDA:36,4,0,0
BRDA:36,4,1,0
BRDA:62,5,0,0
BRDA:62,5,1,0
BRDA:76,6,0,0
BRDA:76,6,1,0
BRDA:76,7,0,0
BRDA:76,7,1,0
BRDA:96,8,0,0
BRDA:96,8,1,0
BRDA:101,9,0,0
BRDA:101,9,1,0
BRDA:102,10,0,0
BRDA:102,10,1,0
BRDA:102,10,2,0
BRDA:102,10,3,0
BRDA:121,11,0,0
BRDA:123,12,0,0
BRDA:123,12,1,0
BRDA:123,13,0,0
BRDA:123,13,1,0
BRDA:142,14,0,0
BRDA:142,14,1,0
BRDA:142,15,0,0
BRDA:142,15,1,0
BRDA:148,16,0,0
BRDA:148,16,1,0
BRF:35
BRH:0
end_of_record
TN:
SF:src/api-gateway/middleware/corsMiddleware.ts
FN:33,getAllowedOrigins
FN:49,(anonymous_2)
FN:57,createCorsMiddleware
FN:80,(anonymous_4)
FN:139,getCorsMiddleware
FN:156,handleCorsError
FNF:6
FNH:0
FNDA:0,getAllowedOrigins
FNDA:0,(anonymous_2)
FNDA:0,createCorsMiddleware
FNDA:0,(anonymous_4)
FNDA:0,getCorsMiddleware
FNDA:0,handleCorsError
DA:1,0
DA:34,0
DA:36,0
DA:38,0
DA:49,0
DA:57,0
DA:77,0
DA:79,0
DA:82,0
DA:83,0
DA:87,0
DA:88,0
DA:89,0
DA:91,0
DA:94,0
DA:95,0
DA:112,0
DA:121,0
DA:130,0
DA:139,0
DA:140,0
DA:142,0
DA:143,0
DA:146,0
DA:156,0
DA:157,0
DA:158,0
DA:169,0
LF:28
LH:0
BRDA:34,0,0,0
BRDA:34,0,1,0
BRDA:34,0,2,0
BRDA:36,1,0,0
BRDA:36,1,1,0
BRDA:57,2,0,0
BRDA:59,3,0,0
BRDA:60,4,0,0
BRDA:61,5,0,0
BRDA:62,6,0,0
BRDA:69,7,0,0
BRDA:76,8,0,0
BRDA:82,9,0,0
BRDA:82,9,1,0
BRDA:87,10,0,0
BRDA:87,10,1,0
BRDA:89,11,0,0
BRDA:89,11,1,0
BRDA:140,12,0,0
BRDA:140,12,1,0
BRDA:142,13,0,0
BRDA:142,13,1,0
BRDA:157,14,0,0
BRDA:157,14,1,0
BRDA:157,15,0,0
BRDA:157,15,1,0
BRF:26
BRH:0
end_of_record
TN:
SF:src/api-gateway/middleware/errorMiddleware.ts
FN:21,(anonymous_7)
FN:45,(anonymous_8)
FN:48,(anonymous_9)
FN:52,(anonymous_10)
FN:60,(anonymous_11)
FN:63,(anonymous_12)
FN:74,(anonymous_13)
FN:77,(anonymous_14)
FN:81,(anonymous_15)
FN:84,(anonymous_16)
FN:98,formatErrorResponse
FN:141,handleApiError
FN:153,withErrorHandling
FN:156,(anonymous_20)
FN:156,(anonymous_21)
FN:178,(anonymous_22)
FN:313,(anonymous_23)
FN:334,(anonymous_24)
FN:337,(anonymous_25)
FNF:19
FNH:0
FNDA:0,(anonymous_7)
FNDA:0,(anonymous_8)
FNDA:0,(anonymous_9)
FNDA:0,(anonymous_10)
FNDA:0,(anonymous_11)
FNDA:0,(anonymous_12)
FNDA:0,(anonymous_13)
FNDA:0,(anonymous_14)
FNDA:0,(anonymous_15)
FNDA:0,(anonymous_16)
FNDA:0,formatErrorResponse
FNDA:0,handleApiError
FNDA:0,withErrorHandling
FNDA:0,(anonymous_20)
FNDA:0,(anonymous_21)
FNDA:0,(anonymous_22)
FNDA:0,(anonymous_23)
FNDA:0,(anonymous_24)
FNDA:0,(anonymous_25)
DA:3,0
DA:15,0
DA:28,0
DA:29,0
DA:30,0
DA:31,0
DA:32,0
DA:33,0
DA:36,0
DA:43,0
DA:46,0
DA:49,0
DA:53,0
DA:61,0
DA:64,0
DA:75,0
DA:78,0
DA:82,0
DA:85,0
DA:98,0
DA:100,0
DA:101,0
DA:111,0
DA:112,0
DA:120,0
DA:121,0
DA:129,0
DA:141,0
DA:143,0
DA:145,0
DA:153,0
DA:156,0
DA:157,0
DA:158,0
DA:160,0
DA:178,0
DA:185,0
DA:188,0
DA:189,0
DA:197,0
DA:201,0
DA:202,0
DA:210,0
DA:214,0
DA:215,0
DA:222,0
DA:225,0
DA:226,0
DA:233,0
DA:237,0
DA:238,0
DA:239,0
DA:241,0
DA:243,0
DA:244,0
DA:246,0
DA:247,0
DA:249,0
DA:250,0
DA:253,0
DA:261,0
DA:265,0
DA:266,0
DA:273,0
DA:277,0
DA:278,0
DA:286,0
DA:290,0
DA:291,0
DA:295,0
DA:313,0
DA:318,0
DA:324,0
DA:334,0
DA:337,0
DA:338,0
LF:76
LH:0
BRDA:23,0,0,0
BRDA:26,1,0,0
BRDA:45,2,0,0
BRDA:48,3,0,0
BRDA:52,4,0,0
BRDA:54,5,0,0
BRDA:54,5,1,0
BRDA:60,6,0,0
BRDA:68,7,0,0
BRDA:68,7,1,0
BRDA:68,8,0,0
BRDA:68,8,1,0
BRDA:74,9,0,0
BRDA:77,10,0,0
BRDA:81,11,0,0
BRDA:84,12,0,0
BRDA:89,13,0,0
BRDA:89,13,1,0
BRDA:100,14,0,0
BRDA:100,14,1,0
BRDA:111,15,0,0
BRDA:111,15,1,0
BRDA:120,16,0,0
BRDA:120,16,1,0
BRDA:160,17,0,0
BRDA:160,17,1,0
BRDA:163,18,0,0
BRDA:163,18,1,0
BRDA:188,19,0,0
BRDA:188,19,1,0
BRDA:194,20,0,0
BRDA:194,20,1,0
BRDA:201,21,0,0
BRDA:201,21,1,0
BRDA:206,22,0,0
BRDA:206,22,1,0
BRDA:207,23,0,0
BRDA:207,23,1,0
BRDA:214,24,0,0
BRDA:214,24,1,0
BRDA:219,25,0,0
BRDA:219,25,1,0
BRDA:225,26,0,0
BRDA:225,26,1,0
BRDA:230,27,0,0
BRDA:230,27,1,0
BRDA:237,28,0,0
BRDA:237,28,1,0
BRDA:241,29,0,0
BRDA:241,29,1,0
BRDA:241,29,2,0
BRDA:258,30,0,0
BRDA:258,30,1,0
BRDA:265,31,0,0
BRDA:265,31,1,0
BRDA:265,32,0,0
BRDA:265,32,1,0
BRDA:270,33,0,0
BRDA:270,33,1,0
BRDA:277,34,0,0
BRDA:277,34,1,0
BRDA:277,35,0,0
BRDA:277,35,1,0
BRDA:282,36,0,0
BRDA:282,36,1,0
BRDA:283,37,0,0
BRDA:283,37,1,0
BRDA:290,38,0,0
BRDA:290,38,1,0
BRDA:290,38,2,0
BRDA:291,39,0,0
BRDA:291,39,1,0
BRDA:293,40,0,0
BRDA:293,40,1,0
BRDA:299,41,0,0
BRDA:299,41,1,0
BRDA:300,42,0,0
BRDA:300,42,1,0
BRF:78
BRH:0
end_of_record
TN:
SF:src/api-gateway/middleware/loggingMiddleware.ts
FN:25,(anonymous_1)
FN:32,(anonymous_2)
FN:39,(anonymous_3)
FN:71,createLoggingMiddleware
FN:82,(anonymous_5)
FN:122,getLoggingMiddleware
FN:144,logError
FN:170,logAccess
FNF:8
FNH:0
FNDA:0,(anonymous_1)
FNDA:0,(anonymous_2)
FNDA:0,(anonymous_3)
FNDA:0,createLoggingMiddleware
FNDA:0,(anonymous_5)
FNDA:0,getLoggingMiddleware
FNDA:0,logError
FNDA:0,logAccess
DA:1,0
DA:25,0
DA:26,0
DA:32,0
DA:33,0
DA:39,0
DA:40,0
DA:41,0
DA:44,0
DA:47,0
DA:53,0
DA:71,0
DA:76,0
DA:79,0
DA:81,0
DA:84,0
DA:85,0
DA:98,0
DA:106,0
DA:114,0
DA:122,0
DA:123,0
DA:124,0
DA:127,0
DA:128,0
DA:132,0
DA:133,0
DA:136,0
DA:144,0
DA:145,0
DA:162,0
DA:170,0
DA:171,0
DA:178,0
LF:34
LH:0
BRDA:26,0,0,0
BRDA:26,0,1,0
BRDA:26,0,2,0
BRDA:33,1,0,0
BRDA:33,1,1,0
BRDA:33,1,2,0
BRDA:33,2,0,0
BRDA:33,2,1,0
BRDA:33,3,0,0
BRDA:33,3,1,0
BRDA:40,4,0,0
BRDA:40,4,1,0
BRDA:40,5,0,0
BRDA:40,5,1,0
BRDA:71,6,0,0
BRDA:73,7,0,0
BRDA:73,8,0,0
BRDA:73,8,1,0
BRDA:79,9,0,0
BRDA:79,9,1,0
BRDA:82,10,0,0
BRDA:82,10,1,0
BRDA:84,11,0,0
BRDA:84,11,1,0
BRDA:85,12,0,0
BRDA:85,12,1,0
BRDA:85,12,2,0
BRDA:85,12,3,0
BRDA:90,13,0,0
BRDA:90,13,1,0
BRDA:123,14,0,0
BRDA:123,14,1,0
BRDA:124,15,0,0
BRDA:124,15,1,0
BRDA:127,16,0,0
BRDA:127,16,1,0
BRDA:132,17,0,0
BRDA:132,17,1,0
BRDA:148,18,0,0
BRDA:148,18,1,0
BRDA:153,19,0,0
BRDA:153,19,1,0
BRDA:157,20,0,0
BRDA:157,20,1,0
BRDA:158,21,0,0
BRDA:158,21,1,0
BRDA:158,22,0,0
BRDA:158,22,1,0
BRDA:158,23,0,0
BRDA:158,23,1,0
BRF:50
BRH:0
end_of_record
TN:
SF:src/api-gateway/middleware/rateLimitMiddleware.ts
FN:31,createRateLimiter
FN:54,(anonymous_2)
FN:64,(anonymous_3)
FNF:3
FNH:0
FNDA:0,createRateLimiter
FNDA:0,(anonymous_2)
FNDA:0,(anonymous_3)
DA:1,0
DA:31,0
DA:38,0
DA:40,0
DA:56,0
DA:57,0
DA:58,0
DA:59,0
DA:61,0
DA:65,0
DA:66,0
DA:85,0
DA:91,0
DA:100,0
DA:109,0
LF:15
LH:0
BRDA:31,0,0,0
BRDA:33,1,0,0
BRDA:34,2,0,0
BRDA:35,3,0,0
BRDA:36,4,0,0
BRDA:37,5,0,0
BRDA:57,6,0,0
BRDA:57,6,1,0
BRDA:58,7,0,0
BRDA:58,7,1,0
BRDA:61,8,0,0
BRDA:61,8,1,0
BRF:12
BRH:0
end_of_record
TN:
SF:src/api-gateway/middleware/requestMiddleware.ts
FN:21,createRequestContext
FN:42,logRequest
FN:60,normalizeQueryParams
FN:66,(anonymous_3)
FN:79,(anonymous_4)
FN:96,validateParams
FN:109,(anonymous_6)
FN:179,sanitizeData
FN:186,(anonymous_8)
FN:193,(anonymous_9)
FNF:10
FNH:0
FNDA:0,createRequestContext
FNDA:0,logRequest
FNDA:0,normalizeQueryParams
FNDA:0,(anonymous_3)
FNDA:0,(anonymous_4)
FNDA:0,validateParams
FNDA:0,(anonymous_6)
FNDA:0,sanitizeData
FNDA:0,(anonymous_8)
FNDA:0,(anonymous_9)
DA:2,0
DA:21,0
DA:26,0
DA:42,0
DA:47,0
DA:60,0
DA:63,0
DA:66,0
DA:68,0
DA:69,0
DA:70,0
DA:71,0
DA:74,0
DA:75,0
DA:78,0
DA:79,0
DA:83,0
DA:87,0
DA:96,0
DA:106,0
DA:109,0
DA:110,0
DA:113,0
DA:114,0
DA:115,0
DA:119,0
DA:120,0
DA:124,0
DA:126,0
DA:127,0
DA:128,0
DA:129,0
DA:130,0
DA:131,0
DA:133,0
DA:136,0
DA:137,0
DA:138,0
DA:139,0
DA:140,0
DA:141,0
DA:143,0
DA:146,0
DA:147,0
DA:149,0
DA:152,0
DA:153,0
DA:154,0
DA:155,0
DA:156,0
DA:157,0
DA:159,0
DA:163,0
DA:164,0
DA:168,0
DA:179,0
DA:180,0
DA:181,0
DA:185,0
DA:186,0
DA:190,0
DA:191,0
DA:193,0
DA:195,0
DA:196,0
DA:198,0
DA:202,0
DA:206,0
LF:68
LH:0
BRDA:22,0,0,0
BRDA:49,1,0,0
BRDA:49,1,1,0
BRDA:61,2,0,0
BRDA:68,3,0,0
BRDA:68,3,1,0
BRDA:70,4,0,0
BRDA:70,4,1,0
BRDA:74,5,0,0
BRDA:74,5,1,0
BRDA:74,6,0,0
BRDA:74,6,1,0
BRDA:78,7,0,0
BRDA:78,7,1,0
BRDA:78,8,0,0
BRDA:78,8,1,0
BRDA:113,9,0,0
BRDA:113,9,1,0
BRDA:113,10,0,0
BRDA:113,10,1,0
BRDA:113,10,2,0
BRDA:113,10,3,0
BRDA:119,11,0,0
BRDA:119,11,1,0
BRDA:119,12,0,0
BRDA:119,12,1,0
BRDA:124,13,0,0
BRDA:124,13,1,0
BRDA:124,13,2,0
BRDA:124,13,3,0
BRDA:126,14,0,0
BRDA:126,14,1,0
BRDA:128,15,0,0
BRDA:128,15,1,0
BRDA:128,16,0,0
BRDA:128,16,1,0
BRDA:130,17,0,0
BRDA:130,17,1,0
BRDA:130,18,0,0
BRDA:130,18,1,0
BRDA:136,19,0,0
BRDA:136,19,1,0
BRDA:138,20,0,0
BRDA:138,20,1,0
BRDA:138,21,0,0
BRDA:138,21,1,0
BRDA:140,22,0,0
BRDA:140,22,1,0
BRDA:140,23,0,0
BRDA:140,23,1,0
BRDA:146,24,0,0
BRDA:146,24,1,0
BRDA:152,25,0,0
BRDA:152,25,1,0
BRDA:154,26,0,0
BRDA:154,26,1,0
BRDA:154,27,0,0
BRDA:154,27,1,0
BRDA:156,28,0,0
BRDA:156,28,1,0
BRDA:156,29,0,0
BRDA:156,29,1,0
BRDA:163,30,0,0
BRDA:163,30,1,0
BRDA:163,31,0,0
BRDA:163,31,1,0
BRDA:170,32,0,0
BRDA:170,32,1,0
BRDA:180,33,0,0
BRDA:180,33,1,0
BRDA:185,34,0,0
BRDA:185,34,1,0
BRDA:190,35,0,0
BRDA:190,35,1,0
BRDA:195,36,0,0
BRDA:195,36,1,0
BRF:76
BRH:0
end_of_record
TN:
SF:src/api-gateway/middleware/securityMiddleware.ts
FN:33,createSecurityMiddleware
FN:123,getSecurityMiddleware
FNF:2
FNH:0
FNDA:0,createSecurityMiddleware
FNDA:0,getSecurityMiddleware
DA:1,0
DA:33,0
DA:40,0
DA:43,0
DA:55,0
DA:102,0
DA:112,0
DA:123,0
DA:124,0
DA:126,0
DA:127,0
DA:130,0
LF:12
LH:0
BRDA:33,0,0,0
BRDA:35,1,0,0
BRDA:36,2,0,0
BRDA:37,3,0,0
BRDA:38,4,0,0
BRDA:39,5,0,0
BRDA:57,6,0,0
BRDA:57,6,1,0
BRDA:62,7,0,0
BRDA:62,7,1,0
BRDA:69,8,0,0
BRDA:69,8,1,0
BRDA:124,9,0,0
BRDA:124,9,1,0
BRDA:126,10,0,0
BRDA:126,10,1,0
BRF:16
BRH:0
end_of_record
TN:
SF:src/api-gateway/routes/index.ts
FN:9,registerAllRoutes
FN:25,(anonymous_1)
FN:26,(anonymous_2)
FN:27,(anonymous_3)
FNF:4
FNH:0
FNDA:0,registerAllRoutes
FNDA:0,(anonymous_1)
FNDA:0,(anonymous_2)
FNDA:0,(anonymous_3)
DA:1,0
DA:2,0
DA:3,0
DA:4,0
DA:9,0
DA:11,0
DA:14,0
DA:17,0
DA:19,0
DA:25,0
DA:26,0
DA:27,0
LF:12
LH:0
BRF:0
BRH:0
end_of_record
TN:
SF:src/components/AuthModal.tsx
FN:31,(anonymous_9)
FN:41,(anonymous_10)
FN:47,(anonymous_11)
FN:56,(anonymous_12)
FN:61,(anonymous_13)
FN:92,(anonymous_14)
FNF:6
FNH:0
FNDA:0,(anonymous_9)
FNDA:0,(anonymous_10)
FNDA:0,(anonymous_11)
FNDA:0,(anonymous_12)
FNDA:0,(anonymous_13)
FNDA:0,(anonymous_14)
DA:1,0
DA:2,0
DA:3,0
DA:10,0
DA:19,0
DA:20,0
DA:21,0
DA:22,0
DA:23,0
DA:31,0
DA:36,0
DA:37,0
DA:38,0
DA:41,0
DA:42,0
DA:43,0
DA:47,0
DA:48,0
DA:52,0
DA:56,0
DA:61,0
DA:68,0
DA:69,0
DA:92,0
DA:101,0
LF:25
LH:0
BRDA:34,0,0,0
BRDA:42,1,0,0
BRDA:42,1,1,0
BRDA:53,2,0,0
BRDA:53,2,1,0
BRDA:68,3,0,0
BRDA:68,3,1,0
BRDA:74,4,0,0
BRDA:74,4,1,0
BRDA:82,5,0,0
BRDA:82,5,1,0
BRDA:106,6,0,0
BRDA:106,6,1,0
BRDA:109,7,0,0
BRDA:109,7,1,0
BRF:15
BRH:0
end_of_record
TN:
SF:src/components/AuthTest.tsx
FN:10,(anonymous_1)
FN:52,(anonymous_2)
FN:66,(anonymous_3)
FNF:3
FNH:0
FNDA:0,(anonymous_1)
FNDA:0,(anonymous_2)
FNDA:0,(anonymous_3)
DA:1,0
DA:2,0
DA:3,0
DA:4,0
DA:5,0
DA:10,0
DA:11,0
DA:12,0
DA:14,0
DA:15,0
DA:22,0
DA:52,0
DA:66,0
LF:13
LH:0
BRDA:14,0,0,0
BRDA:14,0,1,0
BRDA:38,1,0,0
BRDA:38,1,1,0
BRDA:43,2,0,0
BRDA:43,2,1,0
BRDA:43,3,0,0
BRDA:43,3,1,0
BRDA:44,4,0,0
BRDA:44,4,1,0
BRDA:44,5,0,0
BRDA:44,5,1,0
BRDA:45,6,0,0
BRDA:45,6,1,0
BRDA:45,7,0,0
BRDA:45,7,1,0
BRF:16
BRH:0
end_of_record
TN:
SF:src/components/ConnectionStatus.tsx
FN:14,(anonymous_9)
FN:22,(anonymous_10)
FN:73,(anonymous_11)
FN:74,(anonymous_12)
FN:148,(anonymous_13)
FN:154,(anonymous_14)
FN:165,(anonymous_15)
FN:170,(anonymous_16)
FN:173,(anonymous_17)
FN:179,(anonymous_18)
FN:187,(anonymous_19)
FN:198,(anonymous_20)
FN:203,(anonymous_21)
FN:208,(anonymous_22)
FNF:14
FNH:0
FNDA:0,(anonymous_9)
FNDA:0,(anonymous_10)
FNDA:0,(anonymous_11)
FNDA:0,(anonymous_12)
FNDA:0,(anonymous_13)
FNDA:0,(anonymous_14)
FNDA:0,(anonymous_15)
FNDA:0,(anonymous_16)
FNDA:0,(anonymous_17)
FNDA:0,(anonymous_18)
FNDA:0,(anonymous_19)
FNDA:0,(anonymous_20)
FNDA:0,(anonymous_21)
FNDA:0,(anonymous_22)
DA:1,0
DA:2,0
DA:3,0
DA:14,0
DA:20,0
DA:22,0
DA:23,0
DA:25,0
DA:34,0
DA:43,0
DA:53,0
DA:64,0
DA:65,0
DA:67,0
DA:73,0
DA:74,0
DA:148,0
DA:149,0
DA:150,0
DA:151,0
DA:152,0
DA:154,0
DA:155,0
DA:157,0
DA:159,0
DA:160,0
DA:161,0
DA:163,0
DA:165,0
DA:166,0
DA:167,0
DA:170,0
DA:171,0
DA:173,0
DA:174,0
DA:175,0
DA:179,0
DA:180,0
DA:183,0
DA:187,0
DA:188,0
DA:189,0
DA:190,0
DA:192,0
DA:193,0
DA:195,0
DA:198,0
DA:199,0
DA:200,0
DA:203,0
DA:204,0
DA:205,0
DA:208,0
DA:209,0
DA:213,0
LF:55
LH:0
BRDA:23,0,0,0
BRDA:23,0,1,0
BRDA:23,0,2,0
BRDA:23,0,3,0
BRDA:23,0,4,0
BRDA:86,1,0,0
BRDA:86,1,1,0
BRDA:93,2,0,0
BRDA:93,2,1,0
BRDA:100,3,0,0
BRDA:100,3,1,0
BRDA:100,4,0,0
BRDA:100,4,1,0
BRDA:106,5,0,0
BRDA:106,5,1,0
BRDA:106,5,2,0
BRDA:106,5,3,0
BRDA:121,6,0,0
BRDA:121,6,1,0
BRDA:121,6,2,0
BRDA:121,6,3,0
BRDA:155,7,0,0
BRDA:155,7,1,0
BRDA:188,8,0,0
BRDA:188,8,1,0
BRDA:192,9,0,0
BRDA:192,9,1,0
BRDA:204,10,0,0
BRDA:204,10,1,0
BRF:29
BRH:0
end_of_record
TN:
SF:src/components/ErrorBoundary.tsx
FN:18,(anonymous_9)
FN:39,(anonymous_10)
FN:27,(anonymous_11)
FN:31,(anonymous_12)
FN:52,(anonymous_13)
FN:120,(anonymous_14)
FN:123,(anonymous_15)
FNF:7
FNH:0
FNDA:0,(anonymous_9)
FNDA:0,(anonymous_10)
FNDA:0,(anonymous_11)
FNDA:0,(anonymous_12)
FNDA:0,(anonymous_13)
FNDA:0,(anonymous_14)
FNDA:0,(anonymous_15)
DA:1,0
DA:2,0
DA:3,0
DA:17,0
DA:19,0
DA:20,0
DA:28,0
DA:32,0
DA:33,0
DA:39,0
DA:40,0
DA:47,0
DA:48,0
DA:53,0
DA:55,0
DA:56,0
DA:60,0
DA:115,0
DA:120,0
DA:121,0
DA:123,0
DA:124,0
DA:125,0
DA:129,0
LF:24
LH:0
BRDA:47,0,0,0
BRDA:47,0,1,0
BRDA:53,1,0,0
BRDA:53,1,1,0
BRDA:55,2,0,0
BRDA:55,2,1,0
BRDA:78,3,0,0
BRDA:78,3,1,0
BRDA:78,3,2,0
BRDA:83,4,0,0
BRDA:83,4,1,0
BRDA:124,5,0,0
BRDA:124,5,1,0
BRF:13
BRH:0
end_of_record
TN:
SF:src/components/FilterBar.tsx
FN:46,(anonymous_9)
FN:51,(anonymous_10)
FN:52,(anonymous_11)
FN:54,(anonymous_12)
FN:57,(anonymous_13)
FN:63,(anonymous_14)
FN:84,(anonymous_15)
FN:89,(anonymous_16)
FN:107,(anonymous_17)
FN:127,(anonymous_18)
FN:210,(anonymous_19)
FN:214,(anonymous_20)
FN:227,(anonymous_21)
FN:253,(anonymous_22)
FNF:14
FNH:0
FNDA:0,(anonymous_9)
FNDA:0,(anonymous_10)
FNDA:0,(anonymous_11)
FNDA:0,(anonymous_12)
FNDA:0,(anonymous_13)
FNDA:0,(anonymous_14)
FNDA:0,(anonymous_15)
FNDA:0,(anonymous_16)
FNDA:0,(anonymous_17)
FNDA:0,(anonymous_18)
FNDA:0,(anonymous_19)
FNDA:0,(anonymous_20)
FNDA:0,(anonymous_21)
FNDA:0,(anonymous_22)
DA:1,0
DA:2,0
DA:3,0
DA:4,0
DA:5,0
DA:6,0
DA:11,0
DA:12,0
DA:13,0
DA:14,0
DA:20,0
DA:46,0
DA:59,0
DA:60,0
DA:61,0
DA:63,0
DA:64,0
DA:68,0
DA:84,0
DA:90,0
DA:107,0
DA:127,0
DA:210,0
DA:215,0
DA:227,0
DA:253,0
LF:26
LH:0
BRDA:49,0,0,0
BRDA:50,1,0,0
BRDA:51,2,0,0
BRDA:52,3,0,0
BRDA:53,4,0,0
BRDA:54,5,0,0
BRDA:55,6,0,0
BRDA:56,7,0,0
BRDA:57,8,0,0
BRDA:64,9,0,0
BRDA:64,9,1,0
BRDA:72,10,0,0
BRDA:72,10,1,0
BRDA:76,11,0,0
BRDA:76,11,1,0
BRDA:88,12,0,0
BRDA:88,12,1,0
BRDA:108,13,0,0
BRDA:108,13,1,0
BRDA:123,14,0,0
BRDA:123,14,1,0
BRDA:142,15,0,0
BRDA:142,15,1,0
BRDA:161,16,0,0
BRDA:161,16,1,0
BRDA:180,17,0,0
BRDA:180,17,1,0
BRDA:198,18,0,0
BRDA:198,18,1,0
BRF:29
BRH:0
end_of_record
TN:
SF:src/components/Header.tsx
FN:14,(anonymous_9)
FN:20,(anonymous_10)
FN:24,(anonymous_11)
FN:32,(anonymous_12)
FN:58,(anonymous_13)
FN:69,(anonymous_14)
FN:80,(anonymous_15)
FN:171,(anonymous_16)
FN:182,(anonymous_17)
FN:193,(anonymous_18)
FNF:10
FNH:0
FNDA:0,(anonymous_9)
FNDA:0,(anonymous_10)
FNDA:0,(anonymous_11)
FNDA:0,(anonymous_12)
FNDA:0,(anonymous_13)
FNDA:0,(anonymous_14)
FNDA:0,(anonymous_15)
FNDA:0,(anonymous_16)
FNDA:0,(anonymous_17)
FNDA:0,(anonymous_18)
DA:1,0
DA:2,0
DA:3,0
DA:4,0
DA:5,0
DA:6,0
DA:14,0
DA:15,0
DA:16,0
DA:17,0
DA:18,0
DA:20,0
DA:21,0
DA:24,0
DA:25,0
DA:26,0
DA:28,0
DA:32,0
DA:33,0
DA:36,0
DA:58,0
DA:69,0
DA:80,0
DA:172,0
DA:173,0
DA:183,0
DA:184,0
DA:194,0
DA:195,0
LF:29
LH:0
BRDA:25,0,0,0
BRDA:25,0,1,0
BRDA:53,1,0,0
BRDA:53,1,1,0
BRDA:60,2,0,0
BRDA:60,2,1,0
BRDA:71,3,0,0
BRDA:71,3,1,0
BRDA:82,4,0,0
BRDA:82,4,1,0
BRDA:108,5,0,0
BRDA:108,5,1,0
BRDA:110,6,0,0
BRDA:110,6,1,0
BRDA:127,7,0,0
BRDA:127,7,1,0
BRDA:144,8,0,0
BRDA:144,8,1,0
BRDA:146,9,0,0
BRDA:146,9,1,0
BRDA:158,10,0,0
BRDA:158,10,1,0
BRDA:167,11,0,0
BRDA:167,11,1,0
BRDA:167,11,2,0
BRDA:176,12,0,0
BRDA:176,12,1,0
BRDA:187,13,0,0
BRDA:187,13,1,0
BRDA:198,14,0,0
BRDA:198,14,1,0
BRF:31
BRH:0
end_of_record
TN:
SF:src/components/LeaderboardRow.tsx
FN:21,(anonymous_0)
FN:28,(anonymous_1)
FN:32,(anonymous_2)
FN:36,(anonymous_3)
FNF:4
FNH:0
FNDA:0,(anonymous_0)
FNDA:0,(anonymous_1)
FNDA:0,(anonymous_2)
FNDA:0,(anonymous_3)
DA:2,0
DA:4,0
DA:21,0
DA:22,0
DA:23,0
DA:24,0
DA:25,0
DA:28,0
DA:29,0
DA:32,0
DA:33,0
DA:36,0
DA:50,0
DA:51,0
DA:54,0
LF:15
LH:0
BRDA:22,0,0,0
BRDA:22,0,1,0
BRDA:23,1,0,0
BRDA:23,1,1,0
BRDA:24,2,0,0
BRDA:24,2,1,0
BRDA:45,3,0,0
BRDA:46,4,0,0
BRDA:47,5,0,0
BRDA:48,6,0,0
BRDA:51,7,0,0
BRDA:51,7,1,0
BRDA:52,8,0,0
BRDA:52,8,1,0
BRDA:56,9,0,0
BRDA:56,9,1,0
BRDA:57,10,0,0
BRDA:57,10,1,0
BRDA:62,11,0,0
BRDA:62,11,1,0
BRDA:73,12,0,0
BRDA:73,12,1,0
BRDA:85,13,0,0
BRDA:85,13,1,0
BRDA:85,13,2,0
BRDA:99,14,0,0
BRDA:99,14,1,0
BRDA:117,15,0,0
BRDA:117,15,1,0
BRDA:126,16,0,0
BRDA:126,16,1,0
BRDA:132,17,0,0
BRDA:132,17,1,0
BRDA:147,18,0,0
BRDA:147,18,1,0
BRDA:152,19,0,0
BRDA:152,19,1,0
BRF:37
BRH:0
end_of_record
TN:
SF:src/components/LeaderboardTable.tsx
FN:28,(anonymous_9)
FN:39,(anonymous_10)
FN:43,(anonymous_11)
FN:67,(anonymous_12)
FN:152,(anonymous_13)
FN:155,(anonymous_14)
FNF:6
FNH:0
FNDA:0,(anonymous_9)
FNDA:0,(anonymous_10)
FNDA:0,(anonymous_11)
FNDA:0,(anonymous_12)
FNDA:0,(anonymous_13)
FNDA:0,(anonymous_14)
DA:1,0
DA:2,0
DA:3,0
DA:28,0
DA:35,0
DA:36,0
DA:39,0
DA:40,0
DA:43,0
DA:44,0
DA:48,0
DA:49,0
DA:68,0
DA:87,0
DA:88,0
DA:114,0
DA:115,0
DA:134,0
DA:153,0
DA:155,0
LF:20
LH:0
BRDA:31,0,0,0
BRDA:32,1,0,0
BRDA:48,2,0,0
BRDA:48,2,1,0
BRDA:52,3,0,0
BRDA:52,3,1,0
BRDA:54,4,0,0
BRDA:54,4,1,0
BRDA:56,5,0,0
BRDA:56,5,1,0
BRDA:68,6,0,0
BRDA:68,6,1,0
BRDA:70,7,0,0
BRDA:70,7,1,0
BRDA:72,8,0,0
BRDA:72,8,1,0
BRDA:87,9,0,0
BRDA:87,9,1,0
BRDA:100,10,0,0
BRDA:100,10,1,0
BRDA:114,11,0,0
BRDA:114,11,1,0
BRDA:137,12,0,0
BRDA:137,12,1,0
BRDA:139,13,0,0
BRDA:139,13,1,0
BRDA:141,14,0,0
BRDA:141,14,1,0
BRDA:158,15,0,0
BRDA:158,15,1,0
BRF:30
BRH:0
end_of_record
TN:
SF:src/components/LoginForm.tsx
FN:15,(anonymous_7)
FN:24,(anonymous_8)
FN:24,(anonymous_9)
FN:62,(anonymous_10)
FN:78,(anonymous_11)
FN:91,(anonymous_12)
FNF:6
FNH:0
FNDA:0,(anonymous_7)
FNDA:0,(anonymous_8)
FNDA:0,(anonymous_9)
FNDA:0,(anonymous_10)
FNDA:0,(anonymous_11)
FNDA:0,(anonymous_12)
DA:1,0
DA:2,0
DA:3,0
DA:4,0
DA:5,0
DA:6,0
DA:7,0
DA:8,0
DA:15,0
DA:19,0
DA:21,0
DA:22,0
DA:24,0
DA:25,0
DA:27,0
DA:28,0
DA:31,0
DA:33,0
DA:34,0
DA:38,0
DA:63,0
DA:64,0
DA:79,0
DA:81,0
DA:92,0
DA:93,0
LF:26
LH:0
BRDA:27,0,0,0
BRDA:27,0,1,0
BRDA:27,1,0,0
BRDA:27,1,1,0
BRDA:33,2,0,0
BRDA:33,2,1,0
BRDA:33,3,0,0
BRDA:33,3,1,0
BRDA:49,4,0,0
BRDA:49,4,1,0
BRDA:106,5,0,0
BRDA:106,5,1,0
BRF:12
BRH:0
end_of_record
TN:
SF:src/components/MyStatsModal.tsx
FN:69,(anonymous_9)
FN:73,(anonymous_10)
FN:77,(anonymous_11)
FN:95,(anonymous_12)
FN:104,(anonymous_13)
FN:117,(anonymous_14)
FN:437,(anonymous_15)
FNF:7
FNH:0
FNDA:0,(anonymous_9)
FNDA:0,(anonymous_10)
FNDA:0,(anonymous_11)
FNDA:0,(anonymous_12)
FNDA:0,(anonymous_13)
FNDA:0,(anonymous_14)
FNDA:0,(anonymous_15)
DA:1,0
DA:2,0
DA:3,0
DA:4,0
DA:11,0
DA:20,0
DA:21,0
DA:22,0
DA:23,0
DA:24,0
DA:69,0
DA:70,0
DA:73,0
DA:74,0
DA:77,0
DA:78,0
DA:79,0
DA:80,0
DA:81,0
DA:84,0
DA:86,0
DA:96,0
DA:104,0
DA:113,0
DA:114,0
DA:118,0
DA:119,0
DA:120,0
DA:128,0
DA:129,0
DA:150,0
DA:165,0
DA:167,0
DA:168,0
DA:171,0
DA:419,0
DA:420,0
DA:437,0
DA:446,0
LF:39
LH:0
BRDA:84,0,0,0
BRDA:84,0,1,0
BRDA:113,1,0,0
BRDA:113,1,1,0
BRDA:116,2,0,0
BRDA:116,2,1,0
BRDA:118,3,0,0
BRDA:118,3,1,0
BRDA:128,4,0,0
BRDA:128,4,1,0
BRDA:165,5,0,0
BRDA:165,5,1,0
BRDA:168,6,0,0
BRDA:168,6,1,0
BRDA:181,7,0,0
BRDA:181,7,1,0
BRDA:183,8,0,0
BRDA:183,8,1,0
BRDA:185,9,0,0
BRDA:185,9,1,0
BRDA:189,10,0,0
BRDA:189,10,1,0
BRDA:190,11,0,0
BRDA:190,11,1,0
BRDA:191,12,0,0
BRDA:191,12,1,0
BRDA:196,13,0,0
BRDA:196,13,1,0
BRDA:215,14,0,0
BRDA:215,14,1,0
BRDA:220,15,0,0
BRDA:220,15,1,0
BRDA:254,16,0,0
BRDA:254,16,1,0
BRDA:267,17,0,0
BRDA:267,17,1,0
BRDA:280,18,0,0
BRDA:280,18,1,0
BRDA:290,19,0,0
BRDA:290,19,1,0
BRDA:303,20,0,0
BRDA:303,20,1,0
BRDA:405,21,0,0
BRDA:405,21,1,0
BRDA:419,22,0,0
BRDA:419,22,1,0
BRF:46
BRH:0
end_of_record
TN:
SF:src/components/ProtectedRoute.tsx
FN:14,(anonymous_0)
FN:47,(anonymous_1)
FNF:2
FNH:0
FNDA:0,(anonymous_0)
FNDA:0,(anonymous_1)
DA:2,0
DA:3,0
DA:14,0
DA:18,0
DA:19,0
DA:22,0
DA:23,0
DA:31,0
DA:32,0
DA:36,0
DA:47,0
DA:51,0
DA:53,0
DA:54,0
DA:57,0
LF:15
LH:0
BRDA:16,0,0,0
BRDA:22,1,0,0
BRDA:22,1,1,0
BRDA:31,2,0,0
BRDA:31,2,1,0
BRDA:53,3,0,0
BRDA:53,3,1,0
BRDA:54,4,0,0
BRDA:54,4,1,0
BRF:9
BRH:0
end_of_record
TN:
SF:src/components/RegisterForm.tsx
FN:35,(anonymous_7)
FN:48,(anonymous_8)
FN:85,(anonymous_9)
FN:85,(anonymous_10)
FN:127,(anonymous_11)
FN:144,(anonymous_12)
FN:159,(anonymous_13)
FN:170,(anonymous_14)
FN:185,(anonymous_15)
FN:201,(anonymous_16)
FNF:10
FNH:0
FNDA:0,(anonymous_7)
FNDA:0,(anonymous_8)
FNDA:0,(anonymous_9)
FNDA:0,(anonymous_10)
FNDA:0,(anonymous_11)
FNDA:0,(anonymous_12)
FNDA:0,(anonymous_13)
FNDA:0,(anonymous_14)
FNDA:0,(anonymous_15)
FNDA:0,(anonymous_16)
DA:1,0
DA:2,0
DA:3,0
DA:4,0
DA:5,0
DA:6,0
DA:7,0
DA:8,0
DA:9,0
DA:12,0
DA:35,0
DA:39,0
DA:41,0
DA:42,0
DA:43,0
DA:44,0
DA:45,0
DA:46,0
DA:48,0
DA:50,0
DA:53,0
DA:54,0
DA:55,0
DA:59,0
DA:60,0
DA:61,0
DA:65,0
DA:66,0
DA:67,0
DA:71,0
DA:72,0
DA:73,0
DA:77,0
DA:78,0
DA:79,0
DA:82,0
DA:85,0
DA:86,0
DA:88,0
DA:89,0
DA:92,0
DA:99,0
DA:100,0
DA:104,0
DA:128,0
DA:129,0
DA:130,0
DA:145,0
DA:146,0
DA:147,0
DA:160,0
DA:161,0
DA:162,0
DA:171,0
DA:186,0
DA:187,0
DA:188,0
DA:202,0
DA:203,0
DA:204,0
LF:60
LH:0
BRDA:53,0,0,0
BRDA:53,0,1,0
BRDA:53,1,0,0
BRDA:53,1,1,0
BRDA:53,1,2,0
BRDA:53,1,3,0
BRDA:53,1,4,0
BRDA:59,2,0,0
BRDA:59,2,1,0
BRDA:65,3,0,0
BRDA:65,3,1,0
BRDA:71,4,0,0
BRDA:71,4,1,0
BRDA:77,5,0,0
BRDA:77,5,1,0
BRDA:88,6,0,0
BRDA:88,6,1,0
BRDA:99,7,0,0
BRDA:99,7,1,0
BRDA:99,8,0,0
BRDA:99,8,1,0
BRDA:115,9,0,0
BRDA:115,9,1,0
BRDA:115,9,2,0
BRDA:117,10,0,0
BRDA:117,10,1,0
BRDA:216,11,0,0
BRDA:216,11,1,0
BRF:28
BRH:0
end_of_record
TN:
SF:src/config/queryKeys.ts
FN:12,(anonymous_0)
FN:13,(anonymous_1)
FN:21,(anonymous_2)
FN:22,(anonymous_3)
FN:28,(anonymous_4)
FN:29,(anonymous_5)
FN:30,(anonymous_6)
FN:36,(anonymous_7)
FN:37,(anonymous_8)
FN:38,(anonymous_9)
FN:44,(anonymous_10)
FN:45,(anonymous_11)
FNF:12
FNH:0
FNDA:0,(anonymous_0)
FNDA:0,(anonymous_1)
FNDA:0,(anonymous_2)
FNDA:0,(anonymous_3)
FNDA:0,(anonymous_4)
FNDA:0,(anonymous_5)
FNDA:0,(anonymous_6)
FNDA:0,(anonymous_7)
FNDA:0,(anonymous_8)
FNDA:0,(anonymous_9)
FNDA:0,(anonymous_10)
FNDA:0,(anonymous_11)
DA:8,0
DA:12,0
DA:20,0
DA:21,0
DA:22,0
DA:28,0
DA:29,0
DA:30,0
DA:36,0
DA:37,0
DA:38,0
DA:44,0
DA:46,0
LF:13
LH:0
BRF:0
BRH:0
end_of_record
TN:
SF:src/contexts/WebSocketContext.tsx
FN:8,(anonymous_0)
FN:80,(anonymous_1)
FN:81,(anonymous_2)
FN:82,(anonymous_3)
FN:83,(anonymous_4)
FN:84,(anonymous_5)
FN:85,(anonymous_6)
FN:88,(anonymous_7)
FN:100,(anonymous_8)
FN:118,(anonymous_9)
FN:125,(anonymous_10)
FN:140,(anonymous_11)
FN:146,(anonymous_12)
FN:151,(anonymous_13)
FN:157,(anonymous_14)
FN:162,(anonymous_15)
FN:168,(anonymous_16)
FN:180,(anonymous_17)
FN:212,(anonymous_18)
FN:231,(anonymous_19)
FN:244,(anonymous_20)
FN:256,(anonymous_21)
FN:270,(anonymous_22)
FN:283,(anonymous_23)
FN:292,(anonymous_24)
FN:293,(anonymous_25)
FNF:26
FNH:0
FNDA:0,(anonymous_0)
FNDA:0,(anonymous_1)
FNDA:0,(anonymous_2)
FNDA:0,(anonymous_3)
FNDA:0,(anonymous_4)
FNDA:0,(anonymous_5)
FNDA:0,(anonymous_6)
FNDA:0,(anonymous_7)
FNDA:0,(anonymous_8)
FNDA:0,(anonymous_9)
FNDA:0,(anonymous_10)
FNDA:0,(anonymous_11)
FNDA:0,(anonymous_12)
FNDA:0,(anonymous_13)
FNDA:0,(anonymous_14)
FNDA:0,(anonymous_15)
FNDA:0,(anonymous_16)
FNDA:0,(anonymous_17)
FNDA:0,(anonymous_18)
FNDA:0,(anonymous_19)
FNDA:0,(anonymous_20)
FNDA:0,(anonymous_21)
FNDA:0,(anonymous_22)
FNDA:0,(anonymous_23)
FNDA:0,(anonymous_24)
FNDA:0,(anonymous_25)
DA:1,0
DA:2,0
DA:3,0
DA:8,0
DA:9,0
DA:10,0
DA:11,0
DA:12,0
DA:13,0
DA:72,0
DA:88,0
DA:100,0
DA:105,0
DA:106,0
DA:107,0
DA:110,0
DA:111,0
DA:112,0
DA:113,0
DA:118,0
DA:119,0
DA:125,0
DA:126,0
DA:128,0
DA:140,0
DA:141,0
DA:142,0
DA:143,0
DA:146,0
DA:147,0
DA:148,0
DA:151,0
DA:152,0
DA:153,0
DA:154,0
DA:157,0
DA:158,0
DA:159,0
DA:162,0
DA:163,0
DA:164,0
DA:165,0
DA:168,0
DA:169,0
DA:170,0
DA:171,0
DA:174,0
DA:180,0
DA:181,0
DA:182,0
DA:183,0
DA:186,0
DA:187,0
DA:189,0
DA:191,0
DA:192,0
DA:193,0
DA:194,0
DA:196,0
DA:197,0
DA:198,0
DA:199,0
DA:201,0
DA:203,0
DA:204,0
DA:205,0
DA:212,0
DA:213,0
DA:215,0
DA:216,0
DA:217,0
DA:218,0
DA:220,0
DA:221,0
DA:222,0
DA:223,0
DA:225,0
DA:231,0
DA:232,0
DA:233,0
DA:234,0
DA:237,0
DA:238,0
DA:244,0
DA:245,0
DA:246,0
DA:249,0
DA:250,0
DA:256,0
DA:257,0
DA:258,0
DA:259,0
DA:262,0
DA:263,0
DA:264,0
DA:270,0
DA:271,0
DA:272,0
DA:275,0
DA:276,0
DA:277,0
DA:283,0
DA:284,0
DA:285,0
DA:292,0
DA:293,0
DA:294,0
DA:298,0
DA:314,0
LF:109
LH:0
BRDA:8,0,0,0
BRDA:8,0,1,0
BRDA:102,1,0,0
BRDA:102,2,0,0
BRDA:102,2,1,0
BRDA:103,3,0,0
BRDA:125,4,0,0
BRDA:130,5,0,0
BRDA:130,5,1,0
BRDA:181,6,0,0
BRDA:181,6,1,0
BRDA:205,7,0,0
BRDA:205,7,1,0
BRDA:215,8,0,0
BRDA:215,8,1,0
BRDA:215,9,0,0
BRDA:215,9,1,0
BRDA:216,10,0,0
BRDA:216,10,1,0
BRDA:216,11,0,0
BRDA:216,11,1,0
BRDA:217,12,0,0
BRDA:217,12,1,0
BRDA:217,13,0,0
BRDA:217,13,1,0
BRDA:218,14,0,0
BRDA:218,14,1,0
BRDA:218,15,0,0
BRDA:218,15,1,0
BRDA:232,16,0,0
BRDA:232,16,1,0
BRDA:232,17,0,0
BRDA:232,17,1,0
BRDA:232,18,0,0
BRDA:232,18,1,0
BRDA:245,19,0,0
BRDA:245,19,1,0
BRDA:245,20,0,0
BRDA:245,20,1,0
BRDA:245,21,0,0
BRDA:245,21,1,0
BRDA:257,22,0,0
BRDA:257,22,1,0
BRDA:257,23,0,0
BRDA:257,23,1,0
BRDA:257,24,0,0
BRDA:257,24,1,0
BRDA:262,25,0,0
BRDA:262,25,1,0
BRDA:271,26,0,0
BRDA:271,26,1,0
BRDA:271,27,0,0
BRDA:271,27,1,0
BRDA:271,28,0,0
BRDA:271,28,1,0
BRDA:275,29,0,0
BRDA:275,29,1,0
BRDA:284,30,0,0
BRDA:284,30,1,0
BRDA:284,31,0,0
BRDA:284,31,1,0
BRDA:284,31,2,0
BRF:62
BRH:0
end_of_record
TN:
SF:src/hooks/use-mobile.tsx
FN:5,useIsMobile
FN:8,(anonymous_10)
FN:10,(anonymous_11)
FN:15,(anonymous_12)
FNF:4
FNH:0
FNDA:0,useIsMobile
FNDA:0,(anonymous_10)
FNDA:0,(anonymous_11)
FNDA:0,(anonymous_12)
DA:1,0
DA:3,0
DA:5,0
DA:6,0
DA:8,0
DA:9,0
DA:10,0
DA:11,0
DA:13,0
DA:14,0
DA:15,0
DA:18,0
LF:12
LH:0
BRF:0
BRH:0
end_of_record
TN:
SF:src/hooks/use-toast.ts
FN:24,genId
FN:55,(anonymous_11)
FN:60,(anonymous_12)
FN:71,(anonymous_13)
FN:82,(anonymous_14)
FN:93,(anonymous_15)
FN:100,(anonymous_16)
FN:119,(anonymous_17)
FN:128,dispatch
FN:130,(anonymous_19)
FN:137,toast
FN:140,(anonymous_21)
FN:145,(anonymous_22)
FN:153,(anonymous_23)
FN:166,useToast
FN:169,(anonymous_25)
FN:171,(anonymous_26)
FN:182,(anonymous_27)
FNF:18
FNH:0
FNDA:0,genId
FNDA:0,(anonymous_11)
FNDA:0,(anonymous_12)
FNDA:0,(anonymous_13)
FNDA:0,(anonymous_14)
FNDA:0,(anonymous_15)
FNDA:0,(anonymous_16)
FNDA:0,(anonymous_17)
FNDA:0,dispatch
FNDA:0,(anonymous_19)
FNDA:0,toast
FNDA:0,(anonymous_21)
FNDA:0,(anonymous_22)
FNDA:0,(anonymous_23)
FNDA:0,useToast
FNDA:0,(anonymous_25)
FNDA:0,(anonymous_26)
FNDA:0,(anonymous_27)
DA:1,0
DA:5,0
DA:6,0
DA:15,0
DA:22,0
DA:25,0
DA:26,0
DA:53,0
DA:55,0
DA:56,0
DA:57,0
DA:60,0
DA:61,0
DA:62,0
DA:68,0
DA:71,0
DA:72,0
DA:74,0
DA:80,0
DA:82,0
DA:86,0
DA:90,0
DA:91,0
DA:93,0
DA:94,0
DA:98,0
DA:101,0
DA:111,0
DA:112,0
DA:117,0
DA:119,0
DA:124,0
DA:126,0
DA:129,0
DA:130,0
DA:131,0
DA:137,0
DA:138,0
DA:140,0
DA:141,0
DA:145,0
DA:147,0
DA:154,0
DA:159,0
DA:167,0
DA:169,0
DA:170,0
DA:171,0
DA:172,0
DA:173,0
DA:174,0
DA:179,0
DA:182,0
DA:186,0
LF:54
LH:0
BRDA:56,0,0,0
BRDA:56,0,1,0
BRDA:72,1,0,0
BRDA:72,1,1,0
BRDA:72,1,2,0
BRDA:72,1,3,0
BRDA:82,2,0,0
BRDA:82,2,1,0
BRDA:90,3,0,0
BRDA:90,3,1,0
BRDA:101,4,0,0
BRDA:101,4,1,0
BRDA:101,5,0,0
BRDA:101,5,1,0
BRDA:111,6,0,0
BRDA:111,6,1,0
BRDA:154,7,0,0
BRDA:154,7,1,0
BRDA:173,8,0,0
BRDA:173,8,1,0
BRF:20
BRH:0
end_of_record
TN:
SF:src/hooks/useAuth.ts
FN:63,(anonymous_7)
FN:63,(anonymous_8)
FN:81,(anonymous_9)
FN:81,(anonymous_10)
FN:99,(anonymous_11)
FN:99,(anonymous_12)
FN:117,(anonymous_13)
FN:117,(anonymous_14)
FN:154,(anonymous_15)
FN:169,(anonymous_16)
FN:178,(anonymous_17)
FN:187,(anonymous_18)
FNF:12
FNH:0
FNDA:0,(anonymous_7)
FNDA:0,(anonymous_8)
FNDA:0,(anonymous_9)
FNDA:0,(anonymous_10)
FNDA:0,(anonymous_11)
FNDA:0,(anonymous_12)
FNDA:0,(anonymous_13)
FNDA:0,(anonymous_14)
FNDA:0,(anonymous_15)
FNDA:0,(anonymous_16)
FNDA:0,(anonymous_17)
FNDA:0,(anonymous_18)
DA:14,0
DA:15,0
DA:63,0
DA:64,0
DA:65,0
DA:68,0
DA:69,0
DA:70,0
DA:73,0
DA:74,0
DA:81,0
DA:82,0
DA:83,0
DA:84,0
DA:87,0
DA:88,0
DA:90,0
DA:92,0
DA:99,0
DA:100,0
DA:101,0
DA:102,0
DA:105,0
DA:106,0
DA:108,0
DA:110,0
DA:117,0
DA:118,0
DA:119,0
DA:122,0
DA:125,0
DA:154,0
DA:155,0
DA:158,0
DA:167,0
DA:171,0
DA:176,0
DA:180,0
DA:185,0
DA:189,0
DA:190,0
DA:194,0
DA:229,0
LF:43
LH:0
BRDA:64,0,0,0
BRDA:64,0,1,0
BRDA:200,1,0,0
BRDA:200,1,1,0
BRF:4
BRH:0
end_of_record
TN:
SF:src/hooks/useLeaderboard.ts
FN:81,(anonymous_7)
FN:83,(anonymous_8)
FN:133,(anonymous_9)
FN:149,(anonymous_10)
FN:161,(anonymous_11)
FN:178,(anonymous_12)
FNF:6
FNH:0
FNDA:0,(anonymous_7)
FNDA:0,(anonymous_8)
FNDA:0,(anonymous_9)
FNDA:0,(anonymous_10)
FNDA:0,(anonymous_11)
FNDA:0,(anonymous_12)
DA:14,0
DA:15,0
DA:81,0
DA:83,0
DA:91,0
DA:93,0
DA:100,0
DA:101,0
DA:104,0
DA:105,0
DA:108,0
DA:109,0
DA:112,0
DA:114,0
DA:133,0
DA:145,0
DA:147,0
DA:149,0
DA:161,0
DA:162,0
DA:164,0
DA:166,0
DA:168,0
DA:170,0
DA:178,0
DA:179,0
DA:181,0
DA:183,0
DA:185,0
DA:187,0
DA:191,0
LF:31
LH:0
BRDA:86,0,0,0
BRDA:89,1,0,0
BRDA:90,2,0,0
BRDA:100,3,0,0
BRDA:100,3,1,0
BRDA:104,4,0,0
BRDA:104,4,1,0
BRDA:138,5,0,0
BRDA:141,6,0,0
BRDA:142,7,0,0
BRDA:143,8,0,0
BRDA:144,9,0,0
BRDA:162,10,0,0
BRDA:162,10,1,0
BRDA:162,10,2,0
BRDA:162,10,3,0
BRDA:179,11,0,0
BRDA:179,11,1,0
BRDA:179,11,2,0
BRDA:179,11,3,0
BRF:20
BRH:0
end_of_record
TN:
SF:src/hooks/useLeaderboardMutations.ts
FN:32,(anonymous_7)
FN:36,(anonymous_8)
FN:36,(anonymous_9)
FN:46,(anonymous_10)
FN:49,(anonymous_11)
FN:49,(anonymous_12)
FN:61,(anonymous_13)
FN:65,(anonymous_14)
FN:76,(anonymous_15)
FN:79,(anonymous_16)
FN:84,(anonymous_17)
FN:94,(anonymous_18)
FN:98,(anonymous_19)
FN:98,(anonymous_20)
FN:100,(anonymous_21)
FN:103,(anonymous_22)
FN:113,(anonymous_23)
FN:117,(anonymous_24)
FN:117,(anonymous_25)
FN:119,(anonymous_26)
FN:122,(anonymous_27)
FN:122,(anonymous_28)
FN:126,(anonymous_29)
FN:130,(anonymous_30)
FN:139,(anonymous_31)
FN:148,(anonymous_32)
FN:152,(anonymous_33)
FN:152,(anonymous_34)
FN:166,(anonymous_35)
FN:168,(anonymous_36)
FN:168,(anonymous_37)
FN:170,(anonymous_38)
FNF:32
FNH:0
FNDA:0,(anonymous_7)
FNDA:0,(anonymous_8)
FNDA:0,(anonymous_9)
FNDA:0,(anonymous_10)
FNDA:0,(anonymous_11)
FNDA:0,(anonymous_12)
FNDA:0,(anonymous_13)
FNDA:0,(anonymous_14)
FNDA:0,(anonymous_15)
FNDA:0,(anonymous_16)
FNDA:0,(anonymous_17)
FNDA:0,(anonymous_18)
FNDA:0,(anonymous_19)
FNDA:0,(anonymous_20)
FNDA:0,(anonymous_21)
FNDA:0,(anonymous_22)
FNDA:0,(anonymous_23)
FNDA:0,(anonymous_24)
FNDA:0,(anonymous_25)
FNDA:0,(anonymous_26)
FNDA:0,(anonymous_27)
FNDA:0,(anonymous_28)
FNDA:0,(anonymous_29)
FNDA:0,(anonymous_30)
FNDA:0,(anonymous_31)
FNDA:0,(anonymous_32)
FNDA:0,(anonymous_33)
FNDA:0,(anonymous_34)
FNDA:0,(anonymous_35)
FNDA:0,(anonymous_36)
FNDA:0,(anonymous_37)
FNDA:0,(anonymous_38)
DA:1,0
DA:2,0
DA:32,0
DA:33,0
DA:35,0
DA:36,0
DA:46,0
DA:47,0
DA:49,0
DA:51,0
DA:54,0
DA:59,0
DA:62,0
DA:63,0
DA:66,0
DA:74,0
DA:78,0
DA:79,0
DA:80,0
DA:86,0
DA:94,0
DA:95,0
DA:97,0
DA:98,0
DA:100,0
DA:101,0
DA:105,0
DA:113,0
DA:114,0
DA:116,0
DA:117,0
DA:119,0
DA:120,0
DA:122,0
DA:124,0
DA:127,0
DA:128,0
DA:131,0
DA:140,0
DA:148,0
DA:149,0
DA:151,0
DA:152,0
DA:154,0
DA:158,0
DA:166,0
DA:167,0
DA:168,0
DA:170,0
DA:171,0
LF:50
LH:0
BRDA:62,0,0,0
BRDA:62,0,1,0
BRDA:62,1,0,0
BRDA:62,1,1,0
BRDA:62,2,0,0
BRDA:62,2,1,0
BRDA:66,3,0,0
BRDA:66,3,1,0
BRDA:78,4,0,0
BRDA:78,4,1,0
BRDA:78,5,0,0
BRDA:78,5,1,0
BRDA:78,6,0,0
BRDA:78,6,1,0
BRDA:127,7,0,0
BRDA:127,7,1,0
BRDA:127,8,0,0
BRDA:127,8,1,0
BRDA:127,9,0,0
BRDA:127,9,1,0
BRDA:131,10,0,0
BRDA:131,10,1,0
BRF:22
BRH:0
end_of_record
TN:
SF:src/hooks/useLiveMatchEvents.ts
FN:19,(anonymous_0)
FN:44,(anonymous_1)
FN:47,(anonymous_2)
FN:78,(anonymous_3)
FN:92,(anonymous_4)
FN:110,(anonymous_5)
FN:116,(anonymous_6)
FN:125,(anonymous_7)
FNF:8
FNH:0
FNDA:0,(anonymous_0)
FNDA:0,(anonymous_1)
FNDA:0,(anonymous_2)
FNDA:0,(anonymous_3)
FNDA:0,(anonymous_4)
FNDA:0,(anonymous_5)
FNDA:0,(anonymous_6)
FNDA:0,(anonymous_7)
DA:1,0
DA:2,0
DA:19,0
DA:34,0
DA:36,0
DA:37,0
DA:38,0
DA:39,0
DA:44,0
DA:45,0
DA:46,0
DA:47,0
DA:50,0
DA:53,0
DA:55,0
DA:56,0
DA:57,0
DA:58,0
DA:60,0
DA:61,0
DA:62,0
DA:64,0
DA:65,0
DA:67,0
DA:68,0
DA:70,0
DA:71,0
DA:78,0
DA:79,0
DA:80,0
DA:84,0
DA:87,0
DA:89,0
DA:92,0
DA:93,0
DA:94,0
DA:95,0
DA:110,0
DA:111,0
DA:112,0
DA:116,0
DA:117,0
DA:118,0
DA:125,0
DA:126,0
DA:127,0
DA:128,0
DA:129,0
DA:132,0
LF:49
LH:0
BRDA:19,0,0,0
BRDA:21,1,0,0
BRDA:50,2,0,0
BRDA:50,2,1,0
BRDA:50,3,0,0
BRDA:50,3,1,0
BRDA:53,4,0,0
BRDA:53,4,1,0
BRDA:53,4,2,0
BRDA:53,4,3,0
BRDA:53,4,4,0
BRDA:57,5,0,0
BRDA:57,5,1,0
BRDA:57,6,0,0
BRDA:57,6,1,0
BRDA:61,7,0,0
BRDA:61,7,1,0
BRDA:61,8,0,0
BRDA:61,8,1,0
BRDA:64,9,0,0
BRDA:64,9,1,0
BRDA:64,10,0,0
BRDA:64,10,1,0
BRDA:67,11,0,0
BRDA:67,11,1,0
BRDA:67,12,0,0
BRDA:67,12,1,0
BRDA:70,13,0,0
BRDA:70,13,1,0
BRDA:70,14,0,0
BRDA:70,14,1,0
BRDA:79,15,0,0
BRDA:79,15,1,0
BRDA:79,16,0,0
BRDA:79,16,1,0
BRDA:79,16,2,0
BRDA:89,17,0,0
BRDA:89,17,1,0
BRDA:95,18,0,0
BRDA:95,18,1,0
BRDA:111,19,0,0
BRDA:111,19,1,0
BRDA:117,20,0,0
BRDA:117,20,1,0
BRF:44
BRH:0
end_of_record
TN:
SF:src/hooks/usePlayerStats.ts
FN:9,(anonymous_7)
FN:9,(anonymous_8)
FN:10,(anonymous_9)
FN:39,(anonymous_10)
FN:46,(anonymous_11)
FN:52,(anonymous_12)
FN:60,(anonymous_13)
FN:65,(anonymous_14)
FNF:8
FNH:0
FNDA:0,(anonymous_7)
FNDA:0,(anonymous_8)
FNDA:0,(anonymous_9)
FNDA:0,(anonymous_10)
FNDA:0,(anonymous_11)
FNDA:0,(anonymous_12)
FNDA:0,(anonymous_13)
FNDA:0,(anonymous_14)
DA:1,0
DA:2,0
DA:9,0
DA:10,0
DA:12,0
DA:39,0
DA:40,0
DA:42,0
DA:46,0
DA:52,0
DA:53,0
DA:60,0
DA:61,0
DA:65,0
DA:66,0
DA:67,0
DA:71,0
LF:17
LH:0
BRDA:39,0,0,0
BRDA:43,1,0,0
BRDA:43,1,1,0
BRDA:54,2,0,0
BRDA:54,2,1,0
BRDA:61,3,0,0
BRDA:61,3,1,0
BRDA:66,4,0,0
BRDA:66,4,1,0
BRF:9
BRH:0
end_of_record
TN:
SF:src/hooks/useRealtimeLeaderboard.ts
FN:15,(anonymous_0)
FN:34,(anonymous_1)
FN:37,(anonymous_2)
FN:44,(anonymous_3)
FN:47,(anonymous_4)
FN:54,(anonymous_5)
FN:69,(anonymous_6)
FN:89,(anonymous_7)
FN:95,(anonymous_8)
FNF:9
FNH:0
FNDA:0,(anonymous_0)
FNDA:0,(anonymous_1)
FNDA:0,(anonymous_2)
FNDA:0,(anonymous_3)
FNDA:0,(anonymous_4)
FNDA:0,(anonymous_5)
FNDA:0,(anonymous_6)
FNDA:0,(anonymous_7)
FNDA:0,(anonymous_8)
DA:1,0
DA:2,0
DA:15,0
DA:26,0
DA:28,0
DA:29,0
DA:34,0
DA:35,0
DA:36,0
DA:37,0
DA:38,0
DA:44,0
DA:45,0
DA:46,0
DA:47,0
DA:48,0
DA:54,0
DA:55,0
DA:56,0
DA:60,0
DA:63,0
DA:64,0
DA:66,0
DA:69,0
DA:70,0
DA:71,0
DA:72,0
DA:73,0
DA:89,0
DA:90,0
DA:91,0
DA:95,0
DA:96,0
DA:97,0
DA:101,0
LF:35
LH:0
BRDA:17,0,0,0
BRDA:38,1,0,0
BRDA:38,1,1,0
BRDA:38,2,0,0
BRDA:38,2,1,0
BRDA:48,3,0,0
BRDA:48,3,1,0
BRDA:48,4,0,0
BRDA:48,4,1,0
BRDA:55,5,0,0
BRDA:55,5,1,0
BRDA:55,6,0,0
BRDA:55,6,1,0
BRDA:55,6,2,0
BRDA:90,7,0,0
BRDA:90,7,1,0
BRDA:96,8,0,0
BRDA:96,8,1,0
BRF:18
BRH:0
end_of_record
TN:
SF:src/hooks/useWebSocket.ts
FN:8,(anonymous_0)
FN:21,(anonymous_1)
FNF:2
FNH:0
FNDA:0,(anonymous_0)
FNDA:0,(anonymous_1)
DA:1,0
DA:2,0
DA:8,0
DA:16,0
DA:21,0
DA:22,0
DA:23,0
DA:27,0
LF:8
LH:0
BRDA:22,0,0,0
BRDA:22,0,1,0
BRDA:22,1,0,0
BRDA:22,1,1,0
BRF:4
BRH:0
end_of_record
TN:
SF:src/hooks/useWebSocketSync.ts
FN:42,(anonymous_0)
FN:47,(anonymous_1)
FN:50,(anonymous_2)
FN:56,(anonymous_3)
FN:62,(anonymous_4)
FN:71,(anonymous_5)
FN:75,(anonymous_6)
FN:80,(anonymous_7)
FN:91,(anonymous_8)
FN:123,(anonymous_9)
FN:127,(anonymous_10)
FN:132,(anonymous_11)
FN:145,(anonymous_12)
FN:149,(anonymous_13)
FN:154,(anonymous_14)
FN:169,(anonymous_15)
FN:172,(anonymous_16)
FN:176,(anonymous_17)
FN:190,(anonymous_18)
FN:195,(anonymous_19)
FN:204,(anonymous_20)
FN:214,(anonymous_21)
FN:225,(anonymous_22)
FN:238,(anonymous_23)
FNF:24
FNH:0
FNDA:0,(anonymous_0)
FNDA:0,(anonymous_1)
FNDA:0,(anonymous_2)
FNDA:0,(anonymous_3)
FNDA:0,(anonymous_4)
FNDA:0,(anonymous_5)
FNDA:0,(anonymous_6)
FNDA:0,(anonymous_7)
FNDA:0,(anonymous_8)
FNDA:0,(anonymous_9)
FNDA:0,(anonymous_10)
FNDA:0,(anonymous_11)
FNDA:0,(anonymous_12)
FNDA:0,(anonymous_13)
FNDA:0,(anonymous_14)
FNDA:0,(anonymous_15)
FNDA:0,(anonymous_16)
FNDA:0,(anonymous_17)
FNDA:0,(anonymous_18)
FNDA:0,(anonymous_19)
FNDA:0,(anonymous_20)
FNDA:0,(anonymous_21)
FNDA:0,(anonymous_22)
FNDA:0,(anonymous_23)
DA:1,0
DA:2,0
DA:3,0
DA:42,0
DA:43,0
DA:44,0
DA:45,0
DA:47,0
DA:48,0
DA:50,0
DA:51,0
DA:53,0
DA:54,0
DA:56,0
DA:57,0
DA:59,0
DA:62,0
DA:63,0
DA:64,0
DA:65,0
DA:67,0
DA:71,0
DA:72,0
DA:75,0
DA:76,0
DA:77,0
DA:80,0
DA:81,0
DA:85,0
DA:87,0
DA:91,0
DA:92,0
DA:94,0
DA:96,0
DA:97,0
DA:100,0
DA:101,0
DA:104,0
DA:105,0
DA:108,0
DA:109,0
DA:112,0
DA:113,0
DA:116,0
DA:123,0
DA:125,0
DA:128,0
DA:130,0
DA:133,0
DA:145,0
DA:147,0
DA:150,0
DA:152,0
DA:155,0
DA:169,0
DA:170,0
DA:173,0
DA:174,0
DA:177,0
DA:190,0
DA:191,0
DA:195,0
DA:196,0
DA:197,0
DA:204,0
DA:206,0
DA:207,0
DA:208,0
DA:214,0
DA:215,0
DA:222,0
DA:225,0
DA:226,0
DA:227,0
DA:229,0
DA:230,0
DA:231,0
DA:236,0
DA:238,0
LF:79
LH:0
BRDA:42,0,0,0
BRDA:48,1,0,0
BRDA:48,1,1,0
BRDA:53,2,0,0
BRDA:53,2,1,0
BRDA:94,3,0,0
BRDA:94,3,1,0
BRDA:94,3,2,0
BRDA:94,3,3,0
BRDA:94,3,4,0
BRDA:94,3,5,0
BRDA:128,4,0,0
BRDA:128,4,1,0
BRDA:128,5,0,0
BRDA:128,5,1,0
BRDA:128,6,0,0
BRDA:128,6,1,0
BRDA:133,7,0,0
BRDA:133,7,1,0
BRDA:150,8,0,0
BRDA:150,8,1,0
BRDA:150,9,0,0
BRDA:150,9,1,0
BRDA:150,10,0,0
BRDA:150,10,1,0
BRDA:155,11,0,0
BRDA:155,11,1,0
BRDA:173,12,0,0
BRDA:173,12,1,0
BRDA:173,13,0,0
BRDA:173,13,1,0
BRDA:173,14,0,0
BRDA:173,14,1,0
BRDA:177,15,0,0
BRDA:177,15,1,0
BRDA:191,16,0,0
BRDA:191,16,1,0
BRDA:196,17,0,0
BRDA:196,17,1,0
BRDA:226,18,0,0
BRDA:226,18,1,0
BRDA:229,19,0,0
BRDA:229,19,1,0
BRDA:237,20,0,0
BRDA:237,20,1,0
BRDA:237,21,0,0
BRDA:237,21,1,0
BRDA:238,22,0,0
BRDA:238,22,1,0
BRDA:238,23,0,0
BRDA:238,23,1,0
BRF:51
BRH:0
end_of_record
TN:
SF:src/middleware/errorHandler.ts
FN:23,(anonymous_0)
FN:37,(anonymous_1)
FN:46,(anonymous_2)
FN:55,(anonymous_3)
FN:64,(anonymous_4)
FN:73,(anonymous_5)
FN:82,(anonymous_6)
FN:96,(anonymous_7)
FN:118,(anonymous_8)
FN:139,(anonymous_9)
FN:187,(anonymous_10)
FN:204,(anonymous_11)
FN:216,(anonymous_12)
FN:219,(anonymous_13)
FN:227,(anonymous_14)
FNF:15
FNH:0
FNDA:0,(anonymous_0)
FNDA:0,(anonymous_1)
FNDA:0,(anonymous_2)
FNDA:0,(anonymous_3)
FNDA:0,(anonymous_4)
FNDA:0,(anonymous_5)
FNDA:0,(anonymous_6)
FNDA:0,(anonymous_7)
FNDA:0,(anonymous_8)
FNDA:0,(anonymous_9)
FNDA:0,(anonymous_10)
FNDA:0,(anonymous_11)
FNDA:0,(anonymous_12)
FNDA:0,(anonymous_13)
FNDA:0,(anonymous_14)
DA:2,0
DA:18,0
DA:24,0
DA:25,0
DA:26,0
DA:27,0
DA:29,0
DA:36,0
DA:38,0
DA:45,0
DA:47,0
DA:54,0
DA:56,0
DA:63,0
DA:65,0
DA:72,0
DA:74,0
DA:81,0
DA:83,0
DA:90,0
DA:91,0
DA:96,0
DA:97,0
DA:112,0
DA:118,0
DA:124,0
DA:125,0
DA:126,0
DA:127,0
DA:130,0
DA:131,0
DA:132,0
DA:133,0
DA:134,0
DA:135,0
DA:136,0
DA:137,0
DA:138,0
DA:139,0
DA:143,0
DA:144,0
DA:145,0
DA:146,0
DA:147,0
DA:148,0
DA:149,0
DA:150,0
DA:151,0
DA:153,0
DA:155,0
DA:156,0
DA:157,0
DA:158,0
DA:159,0
DA:160,0
DA:161,0
DA:162,0
DA:163,0
DA:168,0
DA:176,0
DA:177,0
DA:180,0
DA:187,0
DA:194,0
DA:197,0
DA:204,0
DA:209,0
DA:210,0
DA:216,0
DA:219,0
DA:220,0
DA:227,0
DA:228,0
DA:229,0
LF:74
LH:0
BRDA:23,0,0,0
BRDA:37,1,0,0
BRDA:46,2,0,0
BRDA:55,3,0,0
BRDA:64,4,0,0
BRDA:73,5,0,0
BRDA:82,6,0,0
BRDA:90,7,0,0
BRDA:90,7,1,0
BRDA:103,8,0,0
BRDA:103,8,1,0
BRDA:103,9,0,0
BRDA:103,9,1,0
BRDA:130,10,0,0
BRDA:130,10,1,0
BRDA:135,11,0,0
BRDA:135,11,1,0
BRDA:143,12,0,0
BRDA:143,12,1,0
BRDA:147,13,0,0
BRDA:147,13,1,0
BRDA:151,14,0,0
BRDA:151,14,1,0
BRDA:155,15,0,0
BRDA:155,15,1,0
BRDA:159,16,0,0
BRDA:159,16,1,0
BRDA:159,17,0,0
BRDA:159,17,1,0
BRDA:160,18,0,0
BRDA:160,18,1,0
BRDA:172,19,0,0
BRDA:172,19,1,0
BRDA:176,20,0,0
BRDA:176,20,1,0
BRDA:176,21,0,0
BRDA:176,21,1,0
BRDA:227,22,0,0
BRDA:228,23,0,0
BRDA:228,23,1,0
BRF:40
BRH:0
end_of_record
TN:
SF:src/middleware/logger.ts
FN:37,(anonymous_1)
FN:45,(anonymous_2)
FN:53,(anonymous_3)
FN:86,(anonymous_4)
FN:97,(anonymous_5)
FN:108,(anonymous_6)
FN:118,(anonymous_7)
FN:132,(anonymous_8)
FN:157,(anonymous_9)
FN:161,(anonymous_10)
FN:165,(anonymous_11)
FN:169,(anonymous_12)
FN:179,log
FN:218,generateRequestId
FN:225,serializeError
FNF:15
FNH:0
FNDA:0,(anonymous_1)
FNDA:0,(anonymous_2)
FNDA:0,(anonymous_3)
FNDA:0,(anonymous_4)
FNDA:0,(anonymous_5)
FNDA:0,(anonymous_6)
FNDA:0,(anonymous_7)
FNDA:0,(anonymous_8)
FNDA:0,(anonymous_9)
FNDA:0,(anonymous_10)
FNDA:0,(anonymous_11)
FNDA:0,(anonymous_12)
FNDA:0,log
FNDA:0,generateRequestId
FNDA:0,serializeError
DA:2,0
DA:3,0
DA:4,0
DA:9,0
DA:10,0
DA:11,0
DA:16,0
DA:17,0
DA:18,0
DA:24,0
DA:29,0
DA:37,0
DA:38,0
DA:39,0
DA:45,0
DA:46,0
DA:47,0
DA:53,0
DA:54,0
DA:60,0
DA:65,0
DA:80,0
DA:85,0
DA:88,0
DA:95,0
DA:99,0
DA:106,0
DA:110,0
DA:118,0
DA:119,0
DA:122,0
DA:123,0
DA:127,0
DA:128,0
DA:132,0
DA:133,0
DA:134,0
DA:137,0
DA:138,0
DA:143,0
DA:150,0
DA:156,0
DA:158,0
DA:162,0
DA:166,0
DA:170,0
DA:171,0
DA:180,0
DA:187,0
DA:189,0
DA:191,0
DA:192,0
DA:194,0
DA:199,0
DA:206,0
DA:207,0
DA:209,0
DA:219,0
DA:226,0
DA:228,0
DA:229,0
DA:236,0
DA:242,0
LF:63
LH:0
BRDA:9,0,0,0
BRDA:9,0,1,0
BRDA:17,1,0,0
BRDA:17,1,1,0
BRDA:39,2,0,0
BRDA:39,2,1,0
BRDA:47,3,0,0
BRDA:47,3,1,0
BRDA:47,4,0,0
BRDA:47,4,1,0
BRDA:47,5,0,0
BRDA:47,5,1,0
BRDA:54,6,0,0
BRDA:54,6,1,0
BRDA:88,7,0,0
BRDA:88,7,1,0
BRDA:99,8,0,0
BRDA:99,8,1,0
BRDA:122,9,0,0
BRDA:122,9,1,0
BRDA:127,10,0,0
BRDA:127,10,1,0
BRDA:137,11,0,0
BRDA:137,11,1,0
BRDA:138,12,0,0
BRDA:138,12,1,0
BRDA:139,13,0,0
BRDA:139,13,1,0
BRDA:140,14,0,0
BRDA:140,14,1,0
BRDA:170,15,0,0
BRDA:170,15,1,0
BRDA:187,16,0,0
BRDA:187,16,1,0
BRDA:191,17,0,0
BRDA:191,17,1,0
BRDA:206,18,0,0
BRDA:206,18,1,0
BRDA:211,19,0,0
BRDA:211,19,1,0
BRDA:226,20,0,0
BRDA:226,20,1,0
BRDA:228,21,0,0
BRDA:228,21,1,0
BRDA:242,22,0,0
BRDA:242,22,1,0
BRF:46
BRH:0
end_of_record
TN:
SF:src/middleware/security.ts
FN:77,(anonymous_1)
FN:101,(anonymous_2)
FN:131,(anonymous_3)
FN:133,(anonymous_4)
FN:177,(anonymous_5)
FN:181,(anonymous_6)
FNF:6
FNH:0
FNDA:0,(anonymous_1)
FNDA:0,(anonymous_2)
FNDA:0,(anonymous_3)
FNDA:0,(anonymous_4)
FNDA:0,(anonymous_5)
FNDA:0,(anonymous_6)
DA:1,0
DA:2,0
DA:8,0
DA:9,0
DA:10,0
DA:16,0
DA:76,0
DA:79,0
DA:80,0
DA:84,0
DA:85,0
DA:87,0
DA:101,0
DA:103,0
DA:104,0
DA:108,0
DA:109,0
DA:113,0
DA:114,0
DA:116,0
DA:117,0
DA:124,0
DA:131,0
DA:133,0
DA:134,0
DA:135,0
DA:143,0
DA:144,0
DA:147,0
DA:148,0
DA:149,0
DA:150,0
DA:152,0
DA:155,0
DA:159,0
DA:160,0
DA:163,0
DA:164,0
DA:167,0
DA:168,0
DA:171,0
DA:177,0
DA:179,0
DA:181,0
DA:182,0
DA:184,0
DA:185,0
DA:186,0
DA:189,0
DA:190,0
DA:194,0
DA:197,0
DA:198,0
DA:206,0
DA:207,0
DA:209,0
DA:213,0
DA:219,0
LF:58
LH:0
BRDA:8,0,0,0
BRDA:8,0,1,0
BRDA:9,1,0,0
BRDA:9,1,1,0
BRDA:10,2,0,0
BRDA:10,2,1,0
BRDA:10,3,0,0
BRDA:10,3,1,0
BRDA:10,4,0,0
BRDA:10,4,1,0
BRDA:28,5,0,0
BRDA:28,5,1,0
BRDA:79,6,0,0
BRDA:79,6,1,0
BRDA:84,7,0,0
BRDA:84,7,1,0
BRDA:84,8,0,0
BRDA:84,8,1,0
BRDA:103,9,0,0
BRDA:103,9,1,0
BRDA:108,10,0,0
BRDA:108,10,1,0
BRDA:113,11,0,0
BRDA:113,11,1,0
BRDA:113,12,0,0
BRDA:113,12,1,0
BRDA:113,13,0,0
BRDA:113,13,1,0
BRDA:114,14,0,0
BRDA:114,14,1,0
BRDA:114,15,0,0
BRDA:114,15,1,0
BRDA:116,16,0,0
BRDA:116,16,1,0
BRDA:116,17,0,0
BRDA:116,17,1,0
BRDA:134,18,0,0
BRDA:134,18,1,0
BRDA:143,19,0,0
BRDA:143,19,1,0
BRDA:147,20,0,0
BRDA:147,20,1,0
BRDA:147,21,0,0
BRDA:147,21,1,0
BRDA:159,22,0,0
BRDA:159,22,1,0
BRDA:163,23,0,0
BRDA:163,23,1,0
BRDA:167,24,0,0
BRDA:167,24,1,0
BRDA:182,25,0,0
BRDA:182,25,1,0
BRDA:182,26,0,0
BRDA:182,26,1,0
BRDA:185,27,0,0
BRDA:185,27,1,0
BRDA:189,28,0,0
BRDA:189,28,1,0
BRDA:189,29,0,0
BRDA:189,29,1,0
BRDA:197,30,0,0
BRDA:197,30,1,0
BRDA:197,31,0,0
BRDA:197,31,1,0
BRDA:197,31,2,0
BRDA:207,32,0,0
BRDA:207,32,1,0
BRDA:207,33,0,0
BRDA:207,33,1,0
BRDA:207,33,2,0
BRF:70
BRH:0
end_of_record
TN:
SF:src/middleware/validation.ts
FN:23,(anonymous_7)
FN:24,(anonymous_8)
FN:35,(anonymous_9)
FN:139,(anonymous_10)
FN:145,(anonymous_11)
FN:165,(anonymous_12)
FN:175,(anonymous_13)
FN:183,(anonymous_14)
FN:191,(anonymous_15)
FN:223,(anonymous_16)
FN:226,(anonymous_17)
FN:226,(anonymous_18)
FNF:12
FNH:0
FNDA:0,(anonymous_7)
FNDA:0,(anonymous_8)
FNDA:0,(anonymous_9)
FNDA:0,(anonymous_10)
FNDA:0,(anonymous_11)
FNDA:0,(anonymous_12)
FNDA:0,(anonymous_13)
FNDA:0,(anonymous_14)
FNDA:0,(anonymous_15)
FNDA:0,(anonymous_16)
FNDA:0,(anonymous_17)
FNDA:0,(anonymous_18)
DA:2,0
DA:23,0
DA:24,0
DA:25,0
DA:26,0
DA:27,0
DA:30,0
DA:32,0
DA:34,0
DA:35,0
DA:40,0
DA:49,0
DA:59,0
DA:83,0
DA:93,0
DA:106,0
DA:115,0
DA:135,0
DA:139,0
DA:145,0
DA:151,0
DA:156,0
DA:165,0
DA:166,0
DA:175,0
DA:176,0
DA:177,0
DA:183,0
DA:184,0
DA:185,0
DA:191,0
DA:192,0
DA:194,0
DA:195,0
DA:198,0
DA:199,0
DA:202,0
DA:203,0
DA:206,0
DA:207,0
DA:210,0
DA:211,0
DA:214,0
DA:223,0
DA:226,0
DA:227,0
DA:228,0
DA:230,0
DA:231,0
DA:239,0
DA:241,0
LF:51
LH:0
BRDA:23,0,0,0
BRDA:34,1,0,0
BRDA:34,1,1,0
BRDA:145,2,0,0
BRDA:145,2,1,0
BRDA:194,3,0,0
BRDA:194,3,1,0
BRDA:198,4,0,0
BRDA:198,4,1,0
BRDA:202,5,0,0
BRDA:202,5,1,0
BRDA:206,6,0,0
BRDA:206,6,1,0
BRDA:210,7,0,0
BRDA:210,7,1,0
BRDA:216,8,0,0
BRDA:216,8,1,0
BRDA:230,9,0,0
BRDA:230,9,1,0
BRF:19
BRH:0
end_of_record
TN:
SF:src/models/Leaderboard.ts
FN:32,(anonymous_0)
FN:41,(anonymous_1)
FN:53,(anonymous_2)
FNF:3
FNH:0
FNDA:0,(anonymous_0)
FNDA:0,(anonymous_1)
FNDA:0,(anonymous_2)
DA:32,0
DA:33,0
DA:34,0
DA:35,0
DA:41,0
DA:42,0
DA:43,0
DA:44,0
DA:45,0
DA:46,0
DA:47,0
DA:53,0
DA:54,0
DA:55,0
DA:56,0
DA:57,0
DA:58,0
DA:59,0
DA:60,0
LF:19
LH:0
BRDA:32,0,0,0
BRDA:32,0,1,0
BRDA:41,1,0,0
BRDA:41,1,1,0
BRDA:53,2,0,0
BRDA:53,2,1,0
BRF:6
BRH:0
end_of_record
TN:
SF:src/models/Match.ts
FN:41,(anonymous_0)
FN:52,(anonymous_1)
FN:62,(anonymous_2)
FNF:3
FNH:0
FNDA:0,(anonymous_0)
FNDA:0,(anonymous_1)
FNDA:0,(anonymous_2)
DA:41,0
DA:42,0
DA:43,0
DA:44,0
DA:45,0
DA:46,0
DA:52,0
DA:53,0
DA:54,0
DA:55,0
DA:56,0
DA:62,0
DA:63,0
DA:64,0
DA:65,0
DA:66,0
LF:16
LH:0
BRDA:41,0,0,0
BRDA:41,0,1,0
BRDA:52,1,0,0
BRDA:52,1,1,0
BRDA:62,2,0,0
BRDA:62,2,1,0
BRF:6
BRH:0
end_of_record
TN:
SF:src/models/Player.ts
FN:47,(anonymous_0)
FNF:1
FNH:0
FNDA:0,(anonymous_0)
DA:47,0
DA:48,0
DA:49,0
DA:50,0
LF:4
LH:0
BRDA:47,0,0,0
BRDA:47,0,1,0
BRF:2
BRH:0
end_of_record
TN:
SF:src/models/index.ts
FNF:0
FNH:0
DA:2,0
DA:3,0
DA:4,0
DA:5,0
LF:4
LH:0
BRF:0
BRH:0
end_of_record
TN:
SF:src/pages/AuthTestPage.tsx
FN:9,(anonymous_1)
FN:18,(anonymous_2)
FNF:2
FNH:0
FNDA:0,(anonymous_1)
FNDA:0,(anonymous_2)
DA:1,0
DA:2,0
DA:3,0
DA:4,0
DA:9,0
DA:10,0
DA:11,0
DA:13,0
DA:18,0
DA:67,0
LF:10
LH:0
BRF:0
BRH:0
end_of_record
TN:
SF:src/pages/Index.tsx
FN:187,(anonymous_9)
FN:204,(anonymous_10)
FN:222,(anonymous_11)
FN:235,(anonymous_12)
FN:238,(anonymous_13)
FN:239,(anonymous_14)
FN:250,(anonymous_15)
FN:255,(anonymous_16)
FN:264,(anonymous_17)
FN:269,(anonymous_18)
FN:276,(anonymous_19)
FN:293,(anonymous_20)
FN:304,(anonymous_21)
FN:310,(anonymous_22)
FNF:14
FNH:0
FNDA:0,(anonymous_9)
FNDA:0,(anonymous_10)
FNDA:0,(anonymous_11)
FNDA:0,(anonymous_12)
FNDA:0,(anonymous_13)
FNDA:0,(anonymous_14)
FNDA:0,(anonymous_15)
FNDA:0,(anonymous_16)
FNDA:0,(anonymous_17)
FNDA:0,(anonymous_18)
FNDA:0,(anonymous_19)
FNDA:0,(anonymous_20)
FNDA:0,(anonymous_21)
FNDA:0,(anonymous_22)
DA:1,0
DA:2,0
DA:3,0
DA:4,0
DA:5,0
DA:6,0
DA:7,0
DA:8,0
DA:9,0
DA:10,0
DA:11,0
DA:15,0
DA:161,0
DA:187,0
DA:188,0
DA:189,0
DA:190,0
DA:191,0
DA:192,0
DA:193,0
DA:194,0
DA:195,0
DA:196,0
DA:197,0
DA:198,0
DA:201,0
DA:204,0
DA:205,0
DA:207,0
DA:209,0
DA:211,0
DA:213,0
DA:215,0
DA:217,0
DA:222,0
DA:223,0
DA:225,0
DA:227,0
DA:230,0
DA:235,0
DA:236,0
DA:237,0
DA:238,0
DA:239,0
DA:240,0
DA:241,0
DA:247,0
DA:250,0
DA:255,0
DA:256,0
DA:257,0
DA:258,0
DA:259,0
DA:264,0
DA:265,0
DA:266,0
DA:269,0
DA:270,0
DA:271,0
DA:276,0
DA:277,0
DA:278,0
DA:282,0
DA:290,0
DA:294,0
DA:298,0
DA:304,0
DA:310,0
DA:416,0
LF:69
LH:0
BRDA:205,0,0,0
BRDA:205,0,1,0
BRDA:207,1,0,0
BRDA:207,1,1,0
BRDA:207,1,2,0
BRDA:207,1,3,0
BRDA:207,1,4,0
BRDA:223,2,0,0
BRDA:223,2,1,0
BRDA:223,2,2,0
BRDA:223,2,3,0
BRDA:240,3,0,0
BRDA:240,3,1,0
BRDA:258,4,0,0
BRDA:258,4,1,0
BRDA:258,5,0,0
BRDA:258,5,1,0
BRDA:291,6,0,0
BRDA:291,6,1,0
BRDA:315,7,0,0
BRDA:315,7,1,0
BRDA:321,8,0,0
BRDA:321,8,1,0
BRDA:328,9,0,0
BRDA:328,9,1,0
BRDA:347,10,0,0
BRDA:347,10,1,0
BRDA:347,10,2,0
BRDA:400,11,0,0
BRDA:400,11,1,0
BRDA:400,12,0,0
BRDA:400,12,1,0
BRF:32
BRH:0
end_of_record
TN:
SF:src/pages/NotFound.tsx
FN:4,(anonymous_0)
FN:7,(anonymous_1)
FNF:2
FNH:0
FNDA:0,(anonymous_0)
FNDA:0,(anonymous_1)
DA:1,0
DA:2,0
DA:4,0
DA:5,0
DA:7,0
DA:8,0
DA:11,0
DA:24,0
LF:8
LH:0
BRF:0
BRH:0
end_of_record
TN:
SF:src/routes/health.routes.ts
FN:12,(anonymous_8)
FN:12,(anonymous_9)
FN:50,(anonymous_10)
FN:50,(anonymous_11)
FNF:4
FNH:0
FNDA:0,(anonymous_8)
FNDA:0,(anonymous_9)
FNDA:0,(anonymous_10)
FNDA:0,(anonymous_11)
DA:1,0
DA:2,0
DA:3,0
DA:5,0
DA:6,0
DA:12,0
DA:13,0
DA:24,0
DA:26,0
DA:27,0
DA:29,0
DA:30,0
DA:33,0
DA:35,0
DA:36,0
DA:37,0
DA:39,0
DA:43,0
DA:44,0
DA:50,0
DA:51,0
DA:54,0
LF:22
LH:0
BRDA:17,0,0,0
BRDA:17,0,1,0
BRDA:43,1,0,0
BRDA:43,1,1,0
BRF:4
BRH:0
end_of_record
TN:
SF:src/routes/index.ts
FNF:0
FNH:0
DA:1,0
DA:2,0
DA:3,0
DA:4,0
DA:5,0
DA:6,0
DA:8,0
DA:13,0
DA:14,0
DA:15,0
DA:16,0
DA:17,0
DA:19,0
LF:13
LH:0
BRF:0
BRH:0
end_of_record
TN:
SF:src/routes/leaderboard.routes.ts
FN:20,(anonymous_7)
FN:20,(anonymous_8)
FN:47,(anonymous_9)
FN:81,(anonymous_10)
FN:81,(anonymous_11)
FN:117,(anonymous_12)
FN:150,(anonymous_13)
FN:150,(anonymous_14)
FN:168,(anonymous_15)
FNF:9
FNH:0
FNDA:0,(anonymous_7)
FNDA:0,(anonymous_8)
FNDA:0,(anonymous_9)
FNDA:0,(anonymous_10)
FNDA:0,(anonymous_11)
FNDA:0,(anonymous_12)
FNDA:0,(anonymous_13)
FNDA:0,(anonymous_14)
FNDA:0,(anonymous_15)
DA:1,0
DA:2,0
DA:3,0
DA:4,0
DA:5,0
DA:6,0
DA:8,0
DA:9,0
DA:15,0
DA:20,0
DA:21,0
DA:22,0
DA:24,0
DA:45,0
DA:47,0
DA:75,0
DA:81,0
DA:82,0
DA:83,0
DA:84,0
DA:86,0
DA:115,0
DA:117,0
DA:146,0
DA:150,0
DA:151,0
DA:166,0
DA:168,0
DA:183,0
LF:29
LH:0
BRDA:59,0,0,0
BRDA:59,0,1,0
BRDA:129,1,0,0
BRDA:129,1,1,0
BRF:4
BRH:0
end_of_record
TN:
SF:src/routes/matches.routes.ts
FN:22,(anonymous_8)
FN:22,(anonymous_9)
FN:37,(anonymous_10)
FN:80,(anonymous_11)
FN:80,(anonymous_12)
FN:122,(anonymous_13)
FN:122,(anonymous_14)
FN:158,(anonymous_15)
FN:158,(anonymous_16)
FN:209,(anonymous_17)
FN:209,(anonymous_18)
FN:241,(anonymous_19)
FN:241,(anonymous_20)
FNF:13
FNH:0
FNDA:0,(anonymous_8)
FNDA:0,(anonymous_9)
FNDA:0,(anonymous_10)
FNDA:0,(anonymous_11)
FNDA:0,(anonymous_12)
FNDA:0,(anonymous_13)
FNDA:0,(anonymous_14)
FNDA:0,(anonymous_15)
FNDA:0,(anonymous_16)
FNDA:0,(anonymous_17)
FNDA:0,(anonymous_18)
FNDA:0,(anonymous_19)
FNDA:0,(anonymous_20)
DA:1,0
DA:2,0
DA:3,0
DA:4,0
DA:5,0
DA:6,0
DA:7,0
DA:9,0
DA:10,0
DA:11,0
DA:17,0
DA:22,0
DA:23,0
DA:24,0
DA:26,0
DA:35,0
DA:37,0
DA:75,0
DA:80,0
DA:81,0
DA:84,0
DA:85,0
DA:88,0
DA:89,0
DA:92,0
DA:98,0
DA:117,0
DA:122,0
DA:123,0
DA:125,0
DA:127,0
DA:128,0
DA:131,0
DA:153,0
DA:158,0
DA:159,0
DA:161,0
DA:163,0
DA:164,0
DA:168,0
DA:169,0
DA:173,0
DA:174,0
DA:177,0
DA:179,0
DA:192,0
DA:204,0
DA:209,0
DA:210,0
DA:212,0
DA:214,0
DA:215,0
DA:219,0
DA:220,0
DA:223,0
DA:225,0
DA:236,0
DA:241,0
DA:242,0
DA:243,0
DA:245,0
DA:247,0
DA:248,0
DA:252,0
DA:253,0
DA:256,0
DA:264,0
DA:283,0
LF:68
LH:0
BRDA:51,0,0,0
BRDA:51,0,1,0
BRDA:84,1,0,0
BRDA:84,1,1,0
BRDA:84,2,0,0
BRDA:84,2,1,0
BRDA:88,3,0,0
BRDA:88,3,1,0
BRDA:127,4,0,0
BRDA:127,4,1,0
BRDA:163,5,0,0
BRDA:163,5,1,0
BRDA:168,6,0,0
BRDA:168,6,1,0
BRDA:168,7,0,0
BRDA:168,7,1,0
BRDA:173,8,0,0
BRDA:173,8,1,0
BRDA:214,9,0,0
BRDA:214,9,1,0
BRDA:219,10,0,0
BRDA:219,10,1,0
BRDA:219,11,0,0
BRDA:219,11,1,0
BRDA:247,12,0,0
BRDA:247,12,1,0
BRDA:252,13,0,0
BRDA:252,13,1,0
BRDA:252,14,0,0
BRDA:252,14,1,0
BRF:30
BRH:0
end_of_record
TN:
SF:src/services/ApiGatewayAdapter.ts
FN:13,getAuthHeaders
FN:23,(anonymous_8)
FN:39,(anonymous_10)
FN:55,(anonymous_12)
FN:70,(anonymous_14)
FN:90,(anonymous_16)
FN:105,(anonymous_18)
FN:120,(anonymous_20)
FN:137,(anonymous_22)
FN:154,(anonymous_24)
FN:171,(anonymous_26)
FN:187,(anonymous_28)
FN:202,(anonymous_30)
FN:217,(anonymous_32)
FN:237,(anonymous_34)
FN:252,(anonymous_36)
FN:267,(anonymous_38)
FN:282,(anonymous_40)
FN:297,(anonymous_42)
FN:312,(anonymous_44)
FN:312,(anonymous_45)
FN:329,(anonymous_46)
FN:345,(anonymous_48)
FN:361,(anonymous_50)
FN:376,(anonymous_52)
FN:396,(anonymous_54)
FN:417,(anonymous_56)
FN:432,(anonymous_58)
FN:447,(anonymous_60)
FN:462,(anonymous_62)
FN:477,(anonymous_64)
FN:492,(anonymous_66)
FN:492,(anonymous_67)
FN:509,(anonymous_68)
FN:524,(anonymous_70)
FN:539,(anonymous_72)
FN:554,(anonymous_74)
FN:569,(anonymous_76)
FN:599,(anonymous_78)
FN:600,(anonymous_79)
FN:601,(anonymous_80)
FNF:41
FNH:0
FNDA:0,getAuthHeaders
FNDA:0,(anonymous_8)
FNDA:0,(anonymous_10)
FNDA:0,(anonymous_12)
FNDA:0,(anonymous_14)
FNDA:0,(anonymous_16)
FNDA:0,(anonymous_18)
FNDA:0,(anonymous_20)
FNDA:0,(anonymous_22)
FNDA:0,(anonymous_24)
FNDA:0,(anonymous_26)
FNDA:0,(anonymous_28)
FNDA:0,(anonymous_30)
FNDA:0,(anonymous_32)
FNDA:0,(anonymous_34)
FNDA:0,(anonymous_36)
FNDA:0,(anonymous_38)
FNDA:0,(anonymous_40)
FNDA:0,(anonymous_42)
FNDA:0,(anonymous_44)
FNDA:0,(anonymous_45)
FNDA:0,(anonymous_46)
FNDA:0,(anonymous_48)
FNDA:0,(anonymous_50)
FNDA:0,(anonymous_52)
FNDA:0,(anonymous_54)
FNDA:0,(anonymous_56)
FNDA:0,(anonymous_58)
FNDA:0,(anonymous_60)
FNDA:0,(anonymous_62)
FNDA:0,(anonymous_64)
FNDA:0,(anonymous_66)
FNDA:0,(anonymous_67)
FNDA:0,(anonymous_68)
FNDA:0,(anonymous_70)
FNDA:0,(anonymous_72)
FNDA:0,(anonymous_74)
FNDA:0,(anonymous_76)
FNDA:0,(anonymous_78)
FNDA:0,(anonymous_79)
FNDA:0,(anonymous_80)
DA:1,0
DA:14,0
DA:15,0
DA:21,0
DA:24,0
DA:32,0
DA:33,0
DA:36,0
DA:40,0
DA:48,0
DA:49,0
DA:52,0
DA:56,0
DA:63,0
DA:64,0
DA:67,0
DA:71,0
DA:72,0
DA:79,0
DA:80,0
DA:83,0
DA:85,0
DA:91,0
DA:98,0
DA:99,0
DA:102,0
DA:106,0
DA:113,0
DA:114,0
DA:117,0
DA:121,0
DA:130,0
DA:131,0
DA:134,0
DA:138,0
DA:147,0
DA:148,0
DA:151,0
DA:155,0
DA:163,0
DA:164,0
DA:167,0
DA:172,0
DA:179,0
DA:180,0
DA:183,0
DA:188,0
DA:195,0
DA:196,0
DA:199,0
DA:203,0
DA:210,0
DA:211,0
DA:214,0
DA:218,0
DA:225,0
DA:226,0
DA:229,0
DA:236,0
DA:238,0
DA:245,0
DA:246,0
DA:249,0
DA:253,0
DA:260,0
DA:261,0
DA:264,0
DA:268,0
DA:275,0
DA:276,0
DA:279,0
DA:283,0
DA:290,0
DA:291,0
DA:294,0
DA:298,0
DA:305,0
DA:306,0
DA:309,0
DA:312,0
DA:313,0
DA:322,0
DA:323,0
DA:326,0
DA:330,0
DA:338,0
DA:339,0
DA:342,0
DA:346,0
DA:354,0
DA:355,0
DA:358,0
DA:362,0
DA:369,0
DA:370,0
DA:373,0
DA:381,0
DA:389,0
DA:390,0
DA:393,0
DA:397,0
DA:405,0
DA:406,0
DA:409,0
DA:416,0
DA:418,0
DA:425,0
DA:426,0
DA:429,0
DA:433,0
DA:440,0
DA:441,0
DA:444,0
DA:448,0
DA:455,0
DA:456,0
DA:459,0
DA:463,0
DA:470,0
DA:471,0
DA:474,0
DA:478,0
DA:485,0
DA:486,0
DA:489,0
DA:492,0
DA:493,0
DA:502,0
DA:503,0
DA:506,0
DA:510,0
DA:517,0
DA:518,0
DA:521,0
DA:525,0
DA:532,0
DA:533,0
DA:536,0
DA:540,0
DA:547,0
DA:548,0
DA:551,0
DA:555,0
DA:562,0
DA:563,0
DA:566,0
DA:580,0
DA:589,0
DA:590,0
DA:593,0
DA:598,0
DA:599,0
DA:600,0
DA:601,0
LF:154
LH:0
BRDA:15,0,0,0
BRDA:15,0,1,0
BRDA:32,1,0,0
BRDA:32,1,1,0
[...]
DA:184,0
DA:185,0
DA:187,0
DA:188,0
DA:197,0
DA:198,0
DA:199,0
DA:200,0
DA:208,0
DA:209,0
DA:210,0
DA:214,0
DA:215,0
DA:216,0
DA:219,0
DA:220,0
DA:221,0
DA:224,0
LF:75
LH:0
BRDA:45,0,0,0
BRDA:45,0,1,0
BRDA:46,1,0,0
BRDA:46,1,1,0
BRDA:48,2,0,0
BRDA:48,2,1,0
BRDA:62,3,0,0
BRDA:62,3,1,0
BRDA:62,4,0,0
BRDA:62,4,1,0
BRDA:70,5,0,0
BRDA:70,5,1,0
BRDA:79,6,0,0
BRDA:79,6,1,0
BRDA:123,7,0,0
BRDA:123,7,1,0
BRDA:134,8,0,0
BRDA:135,9,0,0
BRDA:135,9,1,0
BRDA:135,10,0,0
BRDA:135,10,1,0
BRDA:136,11,0,0
BRDA:136,11,1,0
BRDA:150,12,0,0
BRDA:150,12,1,0
BRDA:150,13,0,0
BRDA:150,13,1,0
BRDA:171,14,0,0
BRDA:171,14,1,0
BRDA:181,15,0,0
BRDA:181,15,1,0
BRDA:181,16,0,0
BRDA:181,16,1,0
BRF:33
BRH:0
end_of_record
TN:
SF:src/utils/statsUtils.ts
FN:9,calculateKdRatio
FN:20,calculateWinRate
FN:32,calculateHeadshotRatio
FN:43,calculateAverageScore
FN:54,calculateAverageKills
FN:65,calculateAverageDeaths
FN:76,calculatePerformanceTrend
FN:93,(anonymous_7)
FN:94,(anonymous_8)
FN:100,(anonymous_9)
FN:101,(anonymous_10)
FN:127,findFavoriteWeapon
FN:131,(anonymous_12)
FN:140,calculateOverallWeaponAccuracy
FN:143,(anonymous_14)
FN:152,calculateHighestKillStreak
FN:157,(anonymous_16)
FN:166,calculateTotalPlaytime
FN:169,(anonymous_18)
FN:185,calculatePlayerStats
FN:212,(anonymous_20)
FN:213,(anonymous_21)
FN:214,(anonymous_22)
FN:218,(anonymous_23)
FN:219,(anonymous_24)
FN:223,(anonymous_25)
FN:227,(anonymous_26)
FN:231,(anonymous_27)
FN:245,(anonymous_28)
FN:286,comparePlayerStats
FNF:30
FNH:0
FNDA:0,calculateKdRatio
FNDA:0,calculateWinRate
FNDA:0,calculateHeadshotRatio
FNDA:0,calculateAverageScore
FNDA:0,calculateAverageKills
FNDA:0,calculateAverageDeaths
FNDA:0,calculatePerformanceTrend
FNDA:0,(anonymous_7)
FNDA:0,(anonymous_8)
FNDA:0,(anonymous_9)
FNDA:0,(anonymous_10)
FNDA:0,findFavoriteWeapon
FNDA:0,(anonymous_12)
FNDA:0,calculateOverallWeaponAccuracy
FNDA:0,(anonymous_14)
FNDA:0,calculateHighestKillStreak
FNDA:0,(anonymous_16)
FNDA:0,calculateTotalPlaytime
FNDA:0,(anonymous_18)
FNDA:0,calculatePlayerStats
FNDA:0,(anonymous_20)
FNDA:0,(anonymous_21)
FNDA:0,(anonymous_22)
FNDA:0,(anonymous_23)
FNDA:0,(anonymous_24)
FNDA:0,(anonymous_25)
FNDA:0,(anonymous_26)
FNDA:0,(anonymous_27)
FNDA:0,(anonymous_28)
FNDA:0,comparePlayerStats
DA:9,0
DA:10,0
DA:11,0
DA:20,0
DA:21,0
DA:22,0
DA:23,0
DA:32,0
DA:33,0
DA:34,0
DA:43,0
DA:44,0
DA:45,0
DA:54,0
DA:55,0
DA:56,0
DA:65,0
DA:66,0
DA:67,0
DA:76,0
DA:80,0
DA:81,0
DA:85,0
DA:86,0
DA:88,0
DA:89,0
DA:93,0
DA:94,0
DA:96,0
DA:97,0
DA:100,0
DA:101,0
DA:103,0
DA:104,0
DA:107,0
DA:108,0
DA:111,0
DA:113,0
DA:114,0
DA:115,0
DA:116,0
DA:118,0
DA:127,0
DA:128,0
DA:131,0
DA:132,0
DA:140,0
DA:141,0
DA:143,0
DA:144,0
DA:152,0
DA:157,0
DA:158,0
DA:166,0
DA:167,0
DA:169,0
DA:170,0
DA:171,0
DA:172,0
DA:176,0
DA:185,0
DA:189,0
DA:190,0
DA:212,0
DA:213,0
DA:214,0
DA:215,0
DA:218,0
DA:219,0
DA:220,0
DA:223,0
DA:224,0
DA:227,0
DA:228,0
DA:231,0
DA:232,0
DA:235,0
DA:238,0
DA:241,0
DA:244,0
DA:245,0
DA:246,0
DA:247,0
DA:252,0
DA:255,0
DA:257,0
DA:286,0
DA:298,0
DA:299,0
DA:300,0
DA:303,0
DA:307,0
LF:92
LH:0
BRDA:10,0,0,0
BRDA:10,0,1,0
BRDA:22,1,0,0
BRDA:22,1,1,0
BRDA:33,2,0,0
BRDA:33,2,1,0
BRDA:44,3,0,0
BRDA:44,3,1,0
BRDA:55,4,0,0
BRDA:55,4,1,0
BRDA:66,5,0,0
BRDA:66,5,1,0
BRDA:78,6,0,0
BRDA:80,7,0,0
BRDA:80,7,1,0
BRDA:88,8,0,0
BRDA:88,8,1,0
BRDA:113,9,0,0
BRDA:113,9,1,0
BRDA:115,10,0,0
BRDA:115,10,1,0
BRDA:128,11,0,0
BRDA:128,11,1,0
BRDA:141,12,0,0
BRDA:141,12,1,0
BRDA:170,13,0,0
BRDA:170,13,1,0
BRDA:170,14,0,0
BRDA:170,14,1,0
BRDA:189,15,0,0
BRDA:189,15,1,0
BRDA:246,16,0,0
BRDA:246,16,1,0
BRF:33
BRH:0
end_of_record
TN:
SF:src/websocket/auth.ts
FN:32,extractToken
FN:67,verifySocketToken
FN:111,attachUserToSocket
FN:124,isSocketAuthenticated
FN:135,getSocketUser
FN:148,disconnectWithError
FN:164,refreshSocketToken
FN:214,hasRole
FN:229,hasAnyRole
FN:234,(anonymous_18)
FN:244,hasAllRoles
FN:249,(anonymous_20)
FNF:12
FNH:0
FNDA:0,extractToken
FNDA:0,verifySocketToken
FNDA:0,attachUserToSocket
FNDA:0,isSocketAuthenticated
FNDA:0,getSocketUser
FNDA:0,disconnectWithError
FNDA:0,refreshSocketToken
FNDA:0,hasRole
FNDA:0,hasAnyRole
FNDA:0,(anonymous_18)
FNDA:0,hasAllRoles
FNDA:0,(anonymous_20)
DA:2,0
DA:32,0
DA:34,0
DA:35,0
DA:36,0
DA:40,0
DA:41,0
DA:43,0
DA:44,0
DA:45,0
DA:48,0
DA:52,0
DA:53,0
DA:54,0
DA:57,0
DA:67,0
DA:69,0
DA:71,0
DA:72,0
DA:76,0
DA:78,0
DA:79,0
DA:83,0
DA:85,0
DA:86,0
DA:89,0
DA:90,0
DA:94,0
DA:102,0
DA:111,0
DA:112,0
DA:124,0
DA:125,0
DA:126,0
DA:135,0
DA:136,0
DA:137,0
DA:139,0
DA:148,0
DA:149,0
DA:153,0
DA:164,0
DA:165,0
DA:167,0
DA:169,0
DA:170,0
DA:174,0
DA:176,0
DA:177,0
DA:181,0
DA:189,0
DA:192,0
DA:198,0
DA:202,0
DA:214,0
DA:215,0
DA:216,0
DA:217,0
DA:219,0
DA:229,0
DA:230,0
DA:231,0
DA:232,0
DA:234,0
DA:244,0
DA:245,0
DA:246,0
DA:247,0
DA:249,0
LF:69
LH:0
BRDA:35,0,0,0
BRDA:35,0,1,0
BRDA:35,1,0,0
BRDA:35,1,1,0
BRDA:41,2,0,0
BRDA:41,2,1,0
BRDA:41,3,0,0
BRDA:41,3,1,0
BRDA:44,4,0,0
BRDA:44,4,1,0
BRDA:44,5,0,0
BRDA:44,5,1,0
BRDA:52,6,0,0
BRDA:52,6,1,0
BRDA:52,7,0,0
BRDA:52,7,1,0
BRDA:53,8,0,0
BRDA:53,8,1,0
BRDA:53,9,0,0
BRDA:53,9,1,0
BRDA:71,10,0,0
BRDA:71,10,1,0
BRDA:78,11,0,0
BRDA:78,11,1,0
BRDA:78,12,0,0
BRDA:78,12,1,0
BRDA:78,12,2,0
BRDA:78,12,3,0
BRDA:79,13,0,0
BRDA:79,13,1,0
BRDA:85,14,0,0
BRDA:85,14,1,0
BRDA:89,15,0,0
BRDA:89,15,1,0
BRDA:126,16,0,0
BRDA:126,16,1,0
BRDA:126,17,0,0
BRDA:126,17,1,0
BRDA:126,18,0,0
BRDA:126,18,1,0
BRDA:126,19,0,0
BRDA:126,19,1,0
BRDA:126,20,0,0
BRDA:126,20,1,0
BRDA:136,21,0,0
BRDA:136,21,1,0
BRDA:139,22,0,0
BRDA:139,22,1,0
BRDA:169,23,0,0
BRDA:169,23,1,0
BRDA:169,24,0,0
BRDA:169,24,1,0
BRDA:169,24,2,0
BRDA:169,24,3,0
BRDA:170,25,0,0
BRDA:170,25,1,0
BRDA:176,26,0,0
BRDA:176,26,1,0
BRDA:176,27,0,0
BRDA:176,27,1,0
BRDA:186,28,0,0
BRDA:186,28,1,0
BRDA:186,29,0,0
BRDA:186,29,1,0
BRDA:186,30,0,0
BRDA:186,30,1,0
BRDA:200,31,0,0
BRDA:200,31,1,0
BRDA:216,32,0,0
BRDA:216,32,1,0
BRDA:216,33,0,0
BRDA:216,33,1,0
BRDA:231,34,0,0
BRDA:231,34,1,0
BRDA:231,35,0,0
BRDA:231,35,1,0
BRDA:246,36,0,0
BRDA:246,36,1,0
BRDA:246,37,0,0
BRDA:246,37,1,0
BRF:80
BRH:0
end_of_record
TN:
SF:src/websocket/connectionManager.ts
FN:30,(anonymous_7)
FN:37,(anonymous_8)
FN:79,(anonymous_9)
FN:84,(anonymous_10)
FN:105,(anonymous_11)
FN:119,(anonymous_12)
FN:145,(anonymous_14)
FN:152,(anonymous_16)
FN:170,(anonymous_17)
FN:180,(anonymous_18)
FN:190,(anonymous_19)
FN:198,(anonymous_20)
FN:205,(anonymous_21)
FN:206,(anonymous_22)
FN:214,(anonymous_23)
FN:225,(anonymous_24)
FN:229,(anonymous_25)
FN:244,(anonymous_26)
FN:246,(anonymous_27)
FN:252,(anonymous_28)
FN:252,(anonymous_29)
FN:257,(anonymous_30)
FN:257,(anonymous_31)
FN:263,(anonymous_32)
FN:269,(anonymous_33)
FN:277,(anonymous_34)
FN:287,(anonymous_35)
FN:289,(anonymous_36)
FN:290,(anonymous_37)
FN:298,(anonymous_38)
FN:305,(anonymous_39)
FN:319,(anonymous_40)
FN:321,(anonymous_41)
FN:326,(anonymous_42)
FN:334,(anonymous_43)
FNF:35
FNH:0
FNDA:0,(anonymous_7)
FNDA:0,(anonymous_8)
FNDA:0,(anonymous_9)
FNDA:0,(anonymous_10)
FNDA:0,(anonymous_11)
FNDA:0,(anonymous_12)
FNDA:0,(anonymous_14)
FNDA:0,(anonymous_16)
FNDA:0,(anonymous_17)
FNDA:0,(anonymous_18)
FNDA:0,(anonymous_19)
FNDA:0,(anonymous_20)
FNDA:0,(anonymous_21)
FNDA:0,(anonymous_22)
FNDA:0,(anonymous_23)
FNDA:0,(anonymous_24)
FNDA:0,(anonymous_25)
FNDA:0,(anonymous_26)
FNDA:0,(anonymous_27)
FNDA:0,(anonymous_28)
FNDA:0,(anonymous_29)
FNDA:0,(anonymous_30)
FNDA:0,(anonymous_31)
FNDA:0,(anonymous_32)
FNDA:0,(anonymous_33)
FNDA:0,(anonymous_34)
FNDA:0,(anonymous_35)
FNDA:0,(anonymous_36)
FNDA:0,(anonymous_37)
FNDA:0,(anonymous_38)
FNDA:0,(anonymous_39)
FNDA:0,(anonymous_40)
FNDA:0,(anonymous_41)
FNDA:0,(anonymous_42)
FNDA:0,(anonymous_43)
DA:17,0
DA:18,0
DA:19,0
DA:30,0
DA:31,0
DA:38,0
DA:39,0
DA:49,0
DA:50,0
DA:51,0
DA:52,0
DA:55,0
DA:56,0
DA:59,0
DA:68,0
DA:70,0
DA:73,0
DA:80,0
DA:82,0
DA:84,0
DA:85,0
DA:89,0
DA:90,0
DA:92,0
DA:93,0
DA:97,0
DA:98,0
DA:106,0
DA:108,0
DA:111,0
DA:120,0
DA:121,0
DA:124,0
DA:125,0
DA:126,0
DA:130,0
DA:132,0
DA:135,0
DA:137,0
DA:138,0
DA:146,0
DA:147,0
DA:150,0
DA:151,0
DA:152,0
DA:156,0
DA:158,0
DA:161,0
DA:163,0
DA:171,0
DA:172,0
DA:174,0
DA:181,0
DA:182,0
DA:184,0
DA:191,0
DA:192,0
DA:199,0
DA:206,0
DA:207,0
DA:215,0
DA:226,0
DA:227,0
DA:229,0
DA:230,0
DA:231,0
DA:232,0
DA:236,0
DA:237,0
DA:246,0
DA:247,0
DA:248,0
DA:252,0
DA:253,0
DA:254,0
DA:257,0
DA:258,0
DA:259,0
DA:263,0
DA:264,0
DA:265,0
DA:269,0
DA:270,0
DA:278,0
DA:279,0
DA:280,0
DA:288,0
DA:289,0
DA:290,0
DA:292,0
DA:299,0
DA:306,0
DA:312,0
DA:313,0
DA:321,0
DA:322,0
DA:326,0
DA:327,0
DA:335,0
DA:338,0
DA:345,0
DA:346,0
DA:347,0
DA:350,0
DA:351,0
LF:105
LH:0
BRDA:37,0,0,0
BRDA:82,1,0,0
BRDA:82,1,1,0
BRDA:97,2,0,0
BRDA:97,2,1,0
BRDA:108,3,0,0
BRDA:108,3,1,0
BRDA:111,4,0,0
BRDA:111,4,1,0
BRDA:125,5,0,0
BRDA:125,5,1,0
BRDA:132,6,0,0
BRDA:132,6,1,0
BRDA:151,7,0,0
BRDA:151,7,1,0
BRDA:225,8,0,0
BRDA:230,9,0,0
BRDA:230,9,1,0
BRDA:236,10,0,0
BRDA:236,10,1,0
BRDA:279,11,0,0
BRDA:279,11,1,0
BRF:22
BRH:0
end_of_record
TN:
SF:src/websocket/index.ts
FN:7,(anonymous_0)
FN:8,(anonymous_1)
FN:9,(anonymous_2)
FN:10,(anonymous_3)
FN:13,(anonymous_4)
FN:37,(anonymous_5)
FN:38,(anonymous_6)
FNF:7
FNH:0
FNDA:0,(anonymous_0)
FNDA:0,(anonymous_1)
FNDA:0,(anonymous_2)
FNDA:0,(anonymous_3)
FNDA:0,(anonymous_4)
FNDA:0,(anonymous_5)
FNDA:0,(anonymous_6)
DA:6,0
DA:7,0
DA:8,0
DA:9,0
DA:10,0
DA:13,0
DA:15,0
DA:37,0
DA:38,0
LF:9
LH:0
BRF:0
BRH:0
end_of_record
TN:
SF:src/websocket/server.ts
FN:39,(anonymous_7)
FN:46,(anonymous_8)
FN:92,(anonymous_9)
FN:93,(anonymous_10)
FN:106,(anonymous_11)
FN:109,(anonymous_12)
FN:113,(anonymous_13)
FN:113,(anonymous_14)
FN:119,(anonymous_15)
FN:119,(anonymous_16)
FN:128,(anonymous_17)
FN:132,(anonymous_18)
FN:132,(anonymous_19)
FN:138,(anonymous_20)
FN:138,(anonymous_21)
FN:147,(anonymous_22)
FN:151,(anonymous_23)
FN:151,(anonymous_24)
FN:157,(anonymous_25)
FN:157,(anonymous_26)
FN:170,(anonymous_27)
FN:172,(anonymous_28)
FN:177,(anonymous_29)
FN:186,(anonymous_30)
FN:193,(anonymous_31)
FN:200,(anonymous_32)
FN:207,(anonymous_33)
FN:214,(anonymous_34)
FN:221,(anonymous_35)
FN:228,(anonymous_36)
FN:249,initializeWebSocketServer
FN:256,getWebSocketServer
FNF:32
FNH:0
FNDA:0,(anonymous_7)
FNDA:0,(anonymous_8)
FNDA:0,(anonymous_9)
FNDA:0,(anonymous_10)
FNDA:0,(anonymous_11)
FNDA:0,(anonymous_12)
FNDA:0,(anonymous_13)
FNDA:0,(anonymous_14)
FNDA:0,(anonymous_15)
FNDA:0,(anonymous_16)
FNDA:0,(anonymous_17)
FNDA:0,(anonymous_18)
FNDA:0,(anonymous_19)
FNDA:0,(anonymous_20)
FNDA:0,(anonymous_21)
FNDA:0,(anonymous_22)
FNDA:0,(anonymous_23)
FNDA:0,(anonymous_24)
FNDA:0,(anonymous_25)
FNDA:0,(anonymous_26)
FNDA:0,(anonymous_27)
FNDA:0,(anonymous_28)
FNDA:0,(anonymous_29)
FNDA:0,(anonymous_30)
FNDA:0,(anonymous_31)
FNDA:0,(anonymous_32)
FNDA:0,(anonymous_33)
FNDA:0,(anonymous_34)
FNDA:0,(anonymous_35)
FNDA:0,(anonymous_36)
FNDA:0,initializeWebSocketServer
FNDA:0,getWebSocketServer
DA:6,0
DA:8,0
DA:9,0
DA:22,0
DA:33,0
DA:40,0
DA:47,0
DA:50,0
DA:68,0
DA:71,0
DA:72,0
DA:73,0
DA:75,0
DA:76,0
DA:77,0
DA:78,0
DA:79,0
DA:81,0
DA:82,0
DA:83,0
DA:84,0
DA:86,0
DA:93,0
DA:94,0
DA:97,0
DA:98,0
DA:99,0
DA:108,0
DA:109,0
DA:110,0
DA:113,0
DA:114,0
DA:115,0
DA:116,0
DA:119,0
DA:120,0
DA:121,0
DA:122,0
DA:127,0
DA:128,0
DA:129,0
DA:132,0
DA:133,0
DA:134,0
DA:135,0
DA:138,0
DA:139,0
DA:140,0
DA:141,0
DA:146,0
DA:147,0
DA:148,0
DA:151,0
DA:152,0
DA:153,0
DA:154,0
DA:157,0
DA:158,0
DA:159,0
DA:160,0
DA:164,0
DA:172,0
DA:173,0
DA:177,0
DA:178,0
DA:179,0
DA:187,0
DA:194,0
DA:201,0
DA:208,0
DA:215,0
DA:222,0
DA:229,0
DA:231,0
DA:233,0
DA:234,0
DA:237,0
DA:244,0
DA:249,0
DA:250,0
DA:256,0
DA:257,0
DA:260,0
LF:83
LH:0
BRDA:23,0,0,0
BRDA:23,0,1,0
BRDA:24,1,0,0
BRDA:24,1,1,0
BRDA:24,2,0,0
BRDA:24,2,1,0
BRDA:24,3,0,0
BRDA:24,3,1,0
BRDA:39,4,0,0
BRDA:51,5,0,0
BRDA:51,5,1,0
BRDA:78,6,0,0
BRDA:78,6,1,0
BRDA:114,7,0,0
BRDA:114,7,1,0
BRDA:116,8,0,0
BRDA:116,8,1,0
BRDA:120,9,0,0
BRDA:120,9,1,0
BRDA:122,10,0,0
BRDA:122,10,1,0
BRDA:233,11,0,0
BRDA:233,11,1,0
BRF:23
BRH:0
end_of_record
TN:
SF:src/websocket/types.ts
FN:185,(anonymous_0)
FN:192,(anonymous_1)
FNF:2
FNH:0
FNDA:0,(anonymous_0)
FNDA:0,(anonymous_1)
DA:185,0
DA:186,0
DA:187,0
DA:188,0
DA:189,0
DA:192,0
DA:193,0
DA:194,0
DA:195,0
DA:196,0
LF:10
LH:0
BRDA:185,0,0,0
BRDA:185,0,1,0
BRDA:192,1,0,0
BRDA:192,1,1,0
BRF:4
BRH:0
end_of_record
TN:
SF:src/websocket/events/index.ts
FN:12,(anonymous_7)
FN:12,(anonymous_8)
FN:12,(anonymous_9)
FN:17,(anonymous_10)
FN:31,(anonymous_11)
FN:39,(anonymous_12)
FN:58,(anonymous_14)
FN:59,(anonymous_15)
FN:64,(anonymous_16)
FN:70,(anonymous_17)
FN:76,(anonymous_18)
FN:83,(anonymous_19)
FN:90,(anonymous_20)
FN:97,(anonymous_21)
FN:106,(anonymous_22)
FN:108,(anonymous_23)
FN:111,(anonymous_24)
FN:122,(anonymous_25)
FN:129,(anonymous_26)
FN:136,(anonymous_27)
FN:155,(anonymous_28)
FN:163,(anonymous_29)
FN:178,(anonymous_31)
FN:190,(anonymous_33)
FN:204,(anonymous_35)
FN:218,(anonymous_37)
FN:232,(anonymous_39)
FN:255,(anonymous_41)
FN:283,(anonymous_43)
FN:298,(anonymous_45)
FN:319,createEventSystem
FNF:31
FNH:0
FNDA:0,(anonymous_7)
FNDA:0,(anonymous_8)
FNDA:0,(anonymous_9)
FNDA:0,(anonymous_10)
FNDA:0,(anonymous_11)
FNDA:0,(anonymous_12)
FNDA:0,(anonymous_14)
FNDA:0,(anonymous_15)
FNDA:0,(anonymous_16)
FNDA:0,(anonymous_17)
FNDA:0,(anonymous_18)
FNDA:0,(anonymous_19)
FNDA:0,(anonymous_20)
FNDA:0,(anonymous_21)
FNDA:0,(anonymous_22)
FNDA:0,(anonymous_23)
FNDA:0,(anonymous_24)
FNDA:0,(anonymous_25)
FNDA:0,(anonymous_26)
FNDA:0,(anonymous_27)
FNDA:0,(anonymous_28)
FNDA:0,(anonymous_29)
FNDA:0,(anonymous_31)
FNDA:0,(anonymous_33)
FNDA:0,(anonymous_35)
FNDA:0,(anonymous_37)
FNDA:0,(anonymous_39)
FNDA:0,(anonymous_41)
FNDA:0,(anonymous_43)
FNDA:0,(anonymous_45)
FNDA:0,createEventSystem
DA:2,0
DA:6,0
DA:12,0
DA:17,0
DA:18,0
DA:19,0
DA:20,0
DA:26,0
DA:29,0
DA:32,0
DA:33,0
DA:41,0
DA:42,0
DA:45,0
DA:48,0
DA:51,0
DA:52,0
DA:59,0
DA:61,0
DA:64,0
DA:65,0
DA:66,0
DA:70,0
DA:71,0
DA:72,0
DA:76,0
DA:77,0
DA:78,0
DA:79,0
DA:83,0
DA:84,0
DA:85,0
DA:86,0
DA:90,0
DA:91,0
DA:92,0
DA:93,0
DA:97,0
DA:108,0
DA:109,0
DA:112,0
DA:116,0
DA:123,0
DA:130,0
DA:138,0
DA:139,0
DA:141,0
DA:144,0
DA:151,0
DA:156,0
DA:157,0
DA:170,0
DA:182,0
DA:196,0
DA:210,0
DA:224,0
DA:247,0
DA:265,0
DA:290,0
DA:310,0
DA:319,0
DA:323,0
DA:324,0
DA:326,0
DA:328,0
LF:65
LH:0
BRDA:17,0,0,0
BRDA:17,0,1,0
BRF:2
BRH:0
end_of_record
TN:
SF:src/websocket/examples/advanced-auth.ts
FN:40,(anonymous_8)
FN:49,(anonymous_9)
FN:62,(anonymous_10)
FN:76,(anonymous_11)
FN:101,(anonymous_12)
FN:120,(anonymous_13)
FN:120,(anonymous_14)
FN:129,(anonymous_15)
FN:142,(anonymous_16)
FN:154,(anonymous_17)
FN:154,(anonymous_18)
FN:168,(anonymous_19)
FN:168,(anonymous_20)
FN:181,(anonymous_21)
FN:181,(anonymous_22)
FN:208,(anonymous_23)
FN:220,(anonymous_24)
FN:220,(anonymous_25)
FN:236,(anonymous_26)
FN:236,(anonymous_27)
FN:258,(anonymous_28)
FNF:21
FNH:0
FNDA:0,(anonymous_8)
FNDA:0,(anonymous_9)
FNDA:0,(anonymous_10)
FNDA:0,(anonymous_11)
FNDA:0,(anonymous_12)
FNDA:0,(anonymous_13)
FNDA:0,(anonymous_14)
FNDA:0,(anonymous_15)
FNDA:0,(anonymous_16)
FNDA:0,(anonymous_17)
FNDA:0,(anonymous_18)
FNDA:0,(anonymous_19)
FNDA:0,(anonymous_20)
FNDA:0,(anonymous_21)
FNDA:0,(anonymous_22)
FNDA:0,(anonymous_23)
FNDA:0,(anonymous_24)
FNDA:0,(anonymous_25)
FNDA:0,(anonymous_26)
FNDA:0,(anonymous_27)
FNDA:0,(anonymous_28)
DA:11,0
DA:12,0
DA:13,0
DA:14,0
DA:22,0
DA:25,0
DA:26,0
DA:29,0
DA:37,0
DA:38,0
DA:40,0
DA:41,0
DA:43,0
DA:44,0
DA:46,0
DA:49,0
DA:50,0
DA:59,0
DA:60,0
DA:62,0
DA:63,0
DA:65,0
DA:66,0
DA:67,0
DA:70,0
DA:73,0
DA:76,0
DA:77,0
DA:78,0
DA:79,0
DA:83,0
DA:92,0
DA:101,0
DA:102,0
DA:105,0
DA:106,0
DA:107,0
DA:110,0
DA:120,0
DA:121,0
DA:122,0
DA:123,0
DA:125,0
DA:129,0
DA:130,0
DA:135,0
DA:136,0
DA:142,0
DA:143,0
DA:145,0
DA:146,0
DA:147,0
DA:150,0
DA:153,0
DA:154,0
DA:155,0
DA:156,0
DA:159,0
DA:168,0
DA:169,0
DA:176,0
DA:180,0
DA:181,0
DA:182,0
DA:183,0
DA:186,0
DA:187,0
DA:188,0
DA:189,0
DA:190,0
DA:193,0
DA:201,0
DA:202,0
DA:208,0
DA:209,0
DA:211,0
DA:212,0
DA:213,0
DA:216,0
DA:219,0
DA:220,0
DA:221,0
DA:222,0
DA:225,0
DA:235,0
DA:236,0
DA:237,0
DA:238,0
DA:241,0
DA:242,0
DA:243,0
DA:244,0
DA:245,0
DA:246,0
DA:257,0
DA:258,0
DA:259,0
DA:260,0
DA:263,0
LF:99
LH:0
BRDA:31,0,0,0
BRDA:31,0,1,0
BRDA:43,1,0,0
BRDA:43,1,1,0
BRDA:51,2,0,0
BRDA:51,2,1,0
BRDA:51,3,0,0
BRDA:51,3,1,0
BRDA:51,4,0,0
BRDA:51,4,1,0
BRDA:65,5,0,0
BRDA:65,5,1,0
BRDA:105,6,0,0
BRDA:105,6,1,0
BRDA:145,7,0,0
BRDA:145,7,1,0
BRDA:156,8,0,0
BRDA:156,8,1,0
BRDA:156,9,0,0
BRDA:156,9,1,0
BRDA:183,10,0,0
BRDA:183,10,1,0
BRDA:183,11,0,0
BRDA:183,11,1,0
BRDA:189,12,0,0
BRDA:189,12,1,0
BRDA:189,13,0,0
BRDA:189,13,1,0
BRDA:189,14,0,0
BRDA:189,14,1,0
BRDA:191,15,0,0
BRDA:191,15,1,0
BRDA:211,16,0,0
BRDA:211,16,1,0
BRDA:222,17,0,0
BRDA:222,17,1,0
BRDA:222,18,0,0
BRDA:222,18,1,0
BRDA:227,19,0,0
BRDA:227,19,1,0
BRDA:227,20,0,0
BRDA:227,20,1,0
BRDA:238,21,0,0
BRDA:238,21,1,0
BRDA:238,22,0,0
BRDA:238,22,1,0
BRDA:244,23,0,0
BRDA:244,23,1,0
BRDA:244,24,0,0
BRDA:244,24,1,0
BRDA:244,25,0,0
BRDA:244,25,1,0
BRDA:248,26,0,0
BRDA:248,26,1,0
BRDA:248,27,0,0
BRDA:248,27,1,0
BRDA:257,28,0,0
BRDA:257,28,1,0
BRF:58
BRH:0
end_of_record
TN:
SF:src/websocket/examples/basic-auth.ts
FN:29,(anonymous_1)
FN:44,(anonymous_2)
FN:57,(anonymous_3)
FN:64,(anonymous_4)
FNF:4
FNH:0
FNDA:0,(anonymous_1)
FNDA:0,(anonymous_2)
FNDA:0,(anonymous_3)
FNDA:0,(anonymous_4)
DA:7,0
DA:8,0
DA:9,0
DA:10,0
DA:11,0
DA:14,0
DA:15,0
DA:18,0
DA:26,0
DA:29,0
DA:30,0
DA:32,0
DA:33,0
DA:34,0
DA:35,0
DA:38,0
DA:41,0
DA:44,0
DA:45,0
DA:48,0
DA:57,0
DA:58,0
DA:63,0
DA:64,0
DA:65,0
DA:68,0
LF:26
LH:0
BRDA:20,0,0,0
BRDA:20,0,1,0
BRDA:32,1,0,0
BRDA:32,1,1,0
BRDA:63,2,0,0
BRDA:63,2,1,0
BRF:6
BRH:0
end_of_record
TN:
SF:src/websocket/redis/channels.ts
FN:132,getChannelPattern
FN:139,extractServerId
FN:146,createServerId
FN:153,isValidEventPayload
FNF:4
FNH:0
FNDA:0,getChannelPattern
FNDA:0,extractServerId
FNDA:0,createServerId
FNDA:0,isValidEventPayload
DA:13,0
DA:132,0
DA:133,0
DA:139,0
DA:140,0
DA:146,0
DA:147,0
DA:153,0
DA:154,0
LF:9
LH:0
BRDA:155,0,0,0
BRDA:155,0,1,0
BRDA:155,0,2,0
BRDA:155,0,3,0
BRDA:155,0,4,0
BRDA:155,0,5,0
BRF:6
BRH:0
end_of_record
TN:
SF:src/websocket/redis/index.ts
FN:8,(anonymous_0)
FN:9,(anonymous_1)
FN:10,(anonymous_2)
FN:14,(anonymous_3)
FN:22,(anonymous_4)
FN:23,(anonymous_5)
FN:24,(anonymous_6)
FN:25,(anonymous_7)
FNF:8
FNH:0
FNDA:0,(anonymous_0)
FNDA:0,(anonymous_1)
FNDA:0,(anonymous_2)
FNDA:0,(anonymous_3)
FNDA:0,(anonymous_4)
FNDA:0,(anonymous_5)
FNDA:0,(anonymous_6)
FNDA:0,(anonymous_7)
DA:7,0
DA:8,0
DA:9,0
DA:10,0
DA:13,0
DA:14,0
DA:22,0
DA:23,0
DA:24,0
DA:25,0
LF:10
LH:0
BRF:0
BRH:0
end_of_record
TN:
SF:src/websocket/redis/examples/integration-example.ts
FN:17,(anonymous_7)
FN:21,(anonymous_9)
FN:48,(anonymous_11)
FN:63,(anonymous_13)
FN:67,(anonymous_14)
FN:85,(anonymous_16)
FN:96,(anonymous_18)
FN:121,(anonymous_20)
FN:122,(anonymous_21)
FN:127,(anonymous_22)
FN:134,(anonymous_23)
FN:146,(anonymous_25)
FN:150,(anonymous_27)
FN:169,(anonymous_29)
FN:197,setupServerWithPubSub
FN:217,(anonymous_33)
FN:217,(anonymous_34)
FN:226,monitorPubSubStats
FN:251,(anonymous_37)
FNF:19
FNH:0
FNDA:0,(anonymous_7)
FNDA:0,(anonymous_9)
FNDA:0,(anonymous_11)
FNDA:0,(anonymous_13)
FNDA:0,(anonymous_14)
FNDA:0,(anonymous_16)
FNDA:0,(anonymous_18)
FNDA:0,(anonymous_20)
FNDA:0,(anonymous_21)
FNDA:0,(anonymous_22)
FNDA:0,(anonymous_23)
FNDA:0,(anonymous_25)
FNDA:0,(anonymous_27)
FNDA:0,(anonymous_29)
FNDA:0,setupServerWithPubSub
FNDA:0,(anonymous_33)
FNDA:0,(anonymous_34)
FNDA:0,monitorPubSubStats
FNDA:0,(anonymous_37)
DA:7,0
DA:8,0
DA:14,0
DA:18,0
DA:26,0
DA:36,0
DA:45,0
DA:50,0
DA:63,0
DA:65,0
DA:68,0
DA:71,0
DA:77,0
DA:82,0
DA:86,0
DA:89,0
DA:97,0
DA:99,0
DA:101,0
DA:110,0
DA:122,0
DA:123,0
DA:128,0
DA:129,0
DA:130,0
DA:135,0
DA:143,0
DA:147,0
DA:151,0
DA:157,0
DA:166,0
DA:174,0
DA:175,0
DA:178,0
DA:197,0
DA:199,0
DA:202,0
DA:203,0
DA:205,0
DA:206,0
DA:209,0
DA:210,0
DA:213,0
DA:214,0
DA:217,0
DA:218,0
DA:219,0
DA:226,0
DA:227,0
DA:230,0
DA:231,0
DA:240,0
DA:241,0
DA:250,0
DA:251,0
DA:252,0
LF:56
LH:0
BRDA:99,0,0,0
BRDA:99,0,1,0
BRDA:105,1,0,0
BRDA:105,1,1,0
BRDA:114,2,0,0
BRDA:114,2,1,0
BRDA:129,3,0,0
BRDA:129,3,1,0
BRF:8
BRH:0
end_of_record
